2018-03-12 07:35:47,753:INFO: Loading the datasets...
2018-03-12 07:35:51,268:INFO: - done.
2018-03-12 07:35:54,839:INFO: Experiment: model version: cnn_distill
2018-03-12 07:35:54,839:INFO: Starting training for 30 epoch(s)
2018-03-12 07:35:54,839:INFO: First, loading the teacher model and computing its outputs...
2018-03-12 07:37:37,870:INFO: - Finished computing teacher outputs after 104 secs..
2018-03-12 07:37:37,870:INFO: Epoch 1/30
2018-03-12 07:38:01,544:INFO: - Train metrics: accuracy: 0.424 ; loss: 1.161
2018-03-12 07:38:03,076:INFO: - Eval metrics : accuracy: 0.639 ; loss: 0.000
2018-03-12 07:38:03,077:INFO: - Found new best accuracy
2018-03-12 07:38:03,078:INFO: Epoch 2/30
2018-03-12 07:38:26,799:INFO: - Train metrics: accuracy: 0.643 ; loss: 1.180
2018-03-12 07:38:28,285:INFO: - Eval metrics : accuracy: 0.714 ; loss: 0.000
2018-03-12 07:38:28,285:INFO: - Found new best accuracy
2018-03-12 07:38:28,286:INFO: Epoch 3/30
2018-03-12 07:38:51,907:INFO: - Train metrics: accuracy: 0.684 ; loss: 1.186
2018-03-12 07:38:53,406:INFO: - Eval metrics : accuracy: 0.739 ; loss: 0.000
2018-03-12 07:38:53,406:INFO: - Found new best accuracy
2018-03-12 07:38:53,407:INFO: Epoch 4/30
2018-03-12 07:39:17,095:INFO: - Train metrics: accuracy: 0.727 ; loss: 1.191
2018-03-12 07:39:18,593:INFO: - Eval metrics : accuracy: 0.760 ; loss: 0.000
2018-03-12 07:39:18,593:INFO: - Found new best accuracy
2018-03-12 07:39:18,594:INFO: Epoch 5/30
2018-03-12 07:39:42,146:INFO: - Train metrics: accuracy: 0.756 ; loss: 1.192
2018-03-12 07:39:43,604:INFO: - Eval metrics : accuracy: 0.776 ; loss: 0.000
2018-03-12 07:39:43,604:INFO: - Found new best accuracy
2018-03-12 07:39:43,606:INFO: Epoch 6/30
2018-03-12 07:40:07,356:INFO: - Train metrics: accuracy: 0.785 ; loss: 1.246
2018-03-12 07:40:08,861:INFO: - Eval metrics : accuracy: 0.780 ; loss: 0.000
2018-03-12 07:40:08,862:INFO: - Found new best accuracy
2018-03-12 07:40:08,863:INFO: Epoch 7/30
2018-03-12 07:40:32,549:INFO: - Train metrics: accuracy: 0.775 ; loss: 1.209
2018-03-12 07:40:34,021:INFO: - Eval metrics : accuracy: 0.795 ; loss: 0.000
2018-03-12 07:40:34,021:INFO: - Found new best accuracy
2018-03-12 07:40:34,022:INFO: Epoch 8/30
2018-03-12 07:40:57,720:INFO: - Train metrics: accuracy: 0.795 ; loss: 1.213
2018-03-12 07:40:59,209:INFO: - Eval metrics : accuracy: 0.799 ; loss: 0.000
2018-03-12 07:40:59,210:INFO: - Found new best accuracy
2018-03-12 07:40:59,211:INFO: Epoch 9/30
2018-03-12 07:41:22,981:INFO: - Train metrics: accuracy: 0.811 ; loss: 1.209
2018-03-12 07:41:24,524:INFO: - Eval metrics : accuracy: 0.796 ; loss: 0.000
2018-03-12 07:41:24,525:INFO: Epoch 10/30
2018-03-12 07:41:48,206:INFO: - Train metrics: accuracy: 0.820 ; loss: 1.226
2018-03-12 07:41:49,730:INFO: - Eval metrics : accuracy: 0.810 ; loss: 0.000
2018-03-12 07:41:49,730:INFO: - Found new best accuracy
2018-03-12 07:41:49,731:INFO: Epoch 11/30
2018-03-12 07:42:13,510:INFO: - Train metrics: accuracy: 0.840 ; loss: 1.247
2018-03-12 07:42:15,027:INFO: - Eval metrics : accuracy: 0.813 ; loss: 0.000
2018-03-12 07:42:15,028:INFO: - Found new best accuracy
2018-03-12 07:42:15,029:INFO: Epoch 12/30
2018-03-12 07:42:38,642:INFO: - Train metrics: accuracy: 0.812 ; loss: 1.212
2018-03-12 07:42:40,172:INFO: - Eval metrics : accuracy: 0.815 ; loss: 0.000
2018-03-12 07:42:40,173:INFO: - Found new best accuracy
2018-03-12 07:42:40,173:INFO: Epoch 13/30
2018-03-12 07:43:01,579:INFO: - Train metrics: accuracy: 0.834 ; loss: 1.235
2018-03-12 07:43:03,213:INFO: - Eval metrics : accuracy: 0.826 ; loss: 0.000
2018-03-12 07:43:03,213:INFO: - Found new best accuracy
2018-03-12 07:43:03,214:INFO: Epoch 14/30
2018-03-12 07:43:27,019:INFO: - Train metrics: accuracy: 0.850 ; loss: 1.216
2018-03-12 07:43:28,493:INFO: - Eval metrics : accuracy: 0.822 ; loss: 0.000
2018-03-12 07:43:28,494:INFO: Epoch 15/30
2018-03-12 07:43:52,180:INFO: - Train metrics: accuracy: 0.834 ; loss: 1.211
2018-03-12 07:43:53,703:INFO: - Eval metrics : accuracy: 0.827 ; loss: 0.000
2018-03-12 07:43:53,704:INFO: - Found new best accuracy
2018-03-12 07:43:53,704:INFO: Epoch 16/30
2018-03-12 07:44:17,374:INFO: - Train metrics: accuracy: 0.842 ; loss: 1.238
2018-03-12 07:44:18,899:INFO: - Eval metrics : accuracy: 0.833 ; loss: 0.000
2018-03-12 07:44:18,900:INFO: - Found new best accuracy
2018-03-12 07:44:18,900:INFO: Epoch 17/30
2018-03-12 07:44:42,694:INFO: - Train metrics: accuracy: 0.834 ; loss: 1.216
2018-03-12 07:44:44,191:INFO: - Eval metrics : accuracy: 0.829 ; loss: 0.000
2018-03-12 07:44:44,191:INFO: Epoch 18/30
2018-03-12 07:45:07,872:INFO: - Train metrics: accuracy: 0.842 ; loss: 1.199
2018-03-12 07:45:09,322:INFO: - Eval metrics : accuracy: 0.826 ; loss: 0.000
2018-03-12 07:45:09,323:INFO: Epoch 19/30
2018-03-12 07:45:32,860:INFO: - Train metrics: accuracy: 0.850 ; loss: 1.197
2018-03-12 07:45:34,414:INFO: - Eval metrics : accuracy: 0.837 ; loss: 0.000
2018-03-12 07:45:34,415:INFO: - Found new best accuracy
2018-03-12 07:45:34,416:INFO: Epoch 20/30
2018-03-12 07:45:58,084:INFO: - Train metrics: accuracy: 0.840 ; loss: 1.244
2018-03-12 07:45:59,630:INFO: - Eval metrics : accuracy: 0.840 ; loss: 0.000
2018-03-12 07:45:59,631:INFO: - Found new best accuracy
2018-03-12 07:45:59,632:INFO: Epoch 21/30
2018-03-12 07:46:23,259:INFO: - Train metrics: accuracy: 0.842 ; loss: 1.225
2018-03-12 07:46:24,778:INFO: - Eval metrics : accuracy: 0.841 ; loss: 0.000
2018-03-12 07:46:24,779:INFO: - Found new best accuracy
2018-03-12 07:46:24,780:INFO: Epoch 22/30
2018-03-12 07:46:48,535:INFO: - Train metrics: accuracy: 0.881 ; loss: 1.230
2018-03-12 07:46:50,104:INFO: - Eval metrics : accuracy: 0.834 ; loss: 0.000
2018-03-12 07:46:50,105:INFO: Epoch 23/30
2018-03-12 07:47:13,815:INFO: - Train metrics: accuracy: 0.852 ; loss: 1.225
2018-03-12 07:47:15,316:INFO: - Eval metrics : accuracy: 0.840 ; loss: 0.000
2018-03-12 07:47:15,317:INFO: Epoch 24/30
2018-03-12 07:47:39,071:INFO: - Train metrics: accuracy: 0.857 ; loss: 1.224
2018-03-12 07:47:40,587:INFO: - Eval metrics : accuracy: 0.850 ; loss: 0.000
2018-03-12 07:47:40,587:INFO: - Found new best accuracy
2018-03-12 07:47:40,588:INFO: Epoch 25/30
2018-03-12 07:48:04,236:INFO: - Train metrics: accuracy: 0.863 ; loss: 1.220
2018-03-12 07:48:05,731:INFO: - Eval metrics : accuracy: 0.846 ; loss: 0.000
2018-03-12 07:48:05,732:INFO: Epoch 26/30
2018-03-12 07:48:29,510:INFO: - Train metrics: accuracy: 0.873 ; loss: 1.220
2018-03-12 07:48:31,018:INFO: - Eval metrics : accuracy: 0.845 ; loss: 0.000
2018-03-12 07:48:31,019:INFO: Epoch 27/30
2018-03-12 07:48:54,502:INFO: - Train metrics: accuracy: 0.871 ; loss: 1.209
2018-03-12 07:48:55,984:INFO: - Eval metrics : accuracy: 0.848 ; loss: 0.000
2018-03-12 07:48:55,985:INFO: Epoch 28/30
2018-03-12 07:49:17,169:INFO: - Train metrics: accuracy: 0.887 ; loss: 1.217
2018-03-12 07:49:18,665:INFO: - Eval metrics : accuracy: 0.848 ; loss: 0.000
2018-03-12 07:49:18,666:INFO: Epoch 29/30
2018-03-12 07:49:42,373:INFO: - Train metrics: accuracy: 0.879 ; loss: 1.217
2018-03-12 07:49:43,893:INFO: - Eval metrics : accuracy: 0.852 ; loss: 0.000
2018-03-12 07:49:43,894:INFO: - Found new best accuracy
2018-03-12 07:49:43,894:INFO: Epoch 30/30
2018-03-12 07:50:07,640:INFO: - Train metrics: accuracy: 0.902 ; loss: 1.249
2018-03-12 07:50:09,155:INFO: - Eval metrics : accuracy: 0.847 ; loss: 0.000
