2018-03-12 13:07:51,987:INFO: Loading the datasets...
2018-03-12 13:07:55,506:INFO: - done.
2018-03-12 13:07:59,049:INFO: Experiment: model version: cnn_distill
2018-03-12 13:07:59,049:INFO: Starting training for 30 epoch(s)
2018-03-12 13:07:59,050:INFO: First, loading the teacher model and computing its outputs...
2018-03-12 13:09:42,171:INFO: - Finished computing teacher outputs after 104 secs..
2018-03-12 13:09:42,171:INFO: Epoch 1/30
2018-03-12 13:10:05,912:INFO: - Train metrics: accuracy: 0.414 ; loss: 1.476
2018-03-12 13:10:07,383:INFO: - Eval metrics : accuracy: 0.647 ; loss: 0.000
2018-03-12 13:10:07,383:INFO: - Found new best accuracy
2018-03-12 13:10:07,384:INFO: Epoch 2/30
2018-03-12 13:10:31,067:INFO: - Train metrics: accuracy: 0.646 ; loss: 1.046
2018-03-12 13:10:32,575:INFO: - Eval metrics : accuracy: 0.703 ; loss: 0.000
2018-03-12 13:10:32,575:INFO: - Found new best accuracy
2018-03-12 13:10:32,576:INFO: Epoch 3/30
2018-03-12 13:10:56,212:INFO: - Train metrics: accuracy: 0.688 ; loss: 0.913
2018-03-12 13:10:57,717:INFO: - Eval metrics : accuracy: 0.746 ; loss: 0.000
2018-03-12 13:10:57,718:INFO: - Found new best accuracy
2018-03-12 13:10:57,718:INFO: Epoch 4/30
2018-03-12 13:11:21,440:INFO: - Train metrics: accuracy: 0.729 ; loss: 0.832
2018-03-12 13:11:22,949:INFO: - Eval metrics : accuracy: 0.755 ; loss: 0.000
2018-03-12 13:11:22,949:INFO: - Found new best accuracy
2018-03-12 13:11:22,950:INFO: Epoch 5/30
2018-03-12 13:11:46,725:INFO: - Train metrics: accuracy: 0.732 ; loss: 0.845
2018-03-12 13:11:48,251:INFO: - Eval metrics : accuracy: 0.762 ; loss: 0.000
2018-03-12 13:11:48,252:INFO: - Found new best accuracy
2018-03-12 13:11:48,253:INFO: Epoch 6/30
2018-03-12 13:12:12,025:INFO: - Train metrics: accuracy: 0.779 ; loss: 0.715
2018-03-12 13:12:13,556:INFO: - Eval metrics : accuracy: 0.777 ; loss: 0.000
2018-03-12 13:12:13,557:INFO: - Found new best accuracy
2018-03-12 13:12:13,567:INFO: Epoch 7/30
2018-03-12 13:12:37,316:INFO: - Train metrics: accuracy: 0.793 ; loss: 0.692
2018-03-12 13:12:38,821:INFO: - Eval metrics : accuracy: 0.796 ; loss: 0.000
2018-03-12 13:12:38,821:INFO: - Found new best accuracy
2018-03-12 13:12:38,822:INFO: Epoch 8/30
2018-03-12 13:13:02,739:INFO: - Train metrics: accuracy: 0.801 ; loss: 0.667
2018-03-12 13:13:04,290:INFO: - Eval metrics : accuracy: 0.802 ; loss: 0.000
2018-03-12 13:13:04,291:INFO: - Found new best accuracy
2018-03-12 13:13:04,292:INFO: Epoch 9/30
2018-03-12 13:13:28,122:INFO: - Train metrics: accuracy: 0.791 ; loss: 0.676
2018-03-12 13:13:29,649:INFO: - Eval metrics : accuracy: 0.804 ; loss: 0.000
2018-03-12 13:13:29,650:INFO: - Found new best accuracy
2018-03-12 13:13:29,650:INFO: Epoch 10/30
2018-03-12 13:13:53,377:INFO: - Train metrics: accuracy: 0.807 ; loss: 0.680
2018-03-12 13:13:54,895:INFO: - Eval metrics : accuracy: 0.806 ; loss: 0.000
2018-03-12 13:13:54,895:INFO: - Found new best accuracy
2018-03-12 13:13:54,896:INFO: Epoch 11/30
2018-03-12 13:14:18,508:INFO: - Train metrics: accuracy: 0.855 ; loss: 0.557
2018-03-12 13:14:20,015:INFO: - Eval metrics : accuracy: 0.806 ; loss: 0.000
2018-03-12 13:14:20,015:INFO: - Found new best accuracy
2018-03-12 13:14:20,016:INFO: Epoch 12/30
2018-03-12 13:14:43,700:INFO: - Train metrics: accuracy: 0.852 ; loss: 0.600
2018-03-12 13:14:45,199:INFO: - Eval metrics : accuracy: 0.820 ; loss: 0.000
2018-03-12 13:14:45,200:INFO: - Found new best accuracy
2018-03-12 13:14:45,201:INFO: Epoch 13/30
2018-03-12 13:15:08,132:INFO: - Train metrics: accuracy: 0.836 ; loss: 0.619
2018-03-12 13:15:09,629:INFO: - Eval metrics : accuracy: 0.829 ; loss: 0.000
2018-03-12 13:15:09,630:INFO: - Found new best accuracy
2018-03-12 13:15:09,630:INFO: Epoch 14/30
2018-03-12 13:15:30,536:INFO: - Train metrics: accuracy: 0.855 ; loss: 0.547
2018-03-12 13:15:32,080:INFO: - Eval metrics : accuracy: 0.827 ; loss: 0.000
2018-03-12 13:15:32,081:INFO: Epoch 15/30
2018-03-12 13:15:55,834:INFO: - Train metrics: accuracy: 0.840 ; loss: 0.590
2018-03-12 13:15:57,394:INFO: - Eval metrics : accuracy: 0.827 ; loss: 0.000
2018-03-12 13:15:57,395:INFO: Epoch 16/30
2018-03-12 13:16:21,216:INFO: - Train metrics: accuracy: 0.869 ; loss: 0.530
2018-03-12 13:16:22,704:INFO: - Eval metrics : accuracy: 0.829 ; loss: 0.000
2018-03-12 13:16:22,704:INFO: - Found new best accuracy
2018-03-12 13:16:22,705:INFO: Epoch 17/30
2018-03-12 13:16:46,492:INFO: - Train metrics: accuracy: 0.852 ; loss: 0.550
2018-03-12 13:16:48,009:INFO: - Eval metrics : accuracy: 0.832 ; loss: 0.000
2018-03-12 13:16:48,009:INFO: - Found new best accuracy
2018-03-12 13:16:48,010:INFO: Epoch 18/30
2018-03-12 13:17:11,711:INFO: - Train metrics: accuracy: 0.844 ; loss: 0.596
2018-03-12 13:17:13,263:INFO: - Eval metrics : accuracy: 0.833 ; loss: 0.000
2018-03-12 13:17:13,264:INFO: - Found new best accuracy
2018-03-12 13:17:13,264:INFO: Epoch 19/30
2018-03-12 13:17:37,105:INFO: - Train metrics: accuracy: 0.877 ; loss: 0.529
2018-03-12 13:17:38,670:INFO: - Eval metrics : accuracy: 0.839 ; loss: 0.000
2018-03-12 13:17:38,670:INFO: - Found new best accuracy
2018-03-12 13:17:38,671:INFO: Epoch 20/30
2018-03-12 13:18:02,334:INFO: - Train metrics: accuracy: 0.855 ; loss: 0.593
2018-03-12 13:18:03,864:INFO: - Eval metrics : accuracy: 0.835 ; loss: 0.000
2018-03-12 13:18:03,865:INFO: Epoch 21/30
2018-03-12 13:18:27,530:INFO: - Train metrics: accuracy: 0.834 ; loss: 0.593
2018-03-12 13:18:29,018:INFO: - Eval metrics : accuracy: 0.839 ; loss: 0.000
2018-03-12 13:18:29,019:INFO: Epoch 22/30
2018-03-12 13:18:52,722:INFO: - Train metrics: accuracy: 0.877 ; loss: 0.534
2018-03-12 13:18:54,242:INFO: - Eval metrics : accuracy: 0.829 ; loss: 0.000
2018-03-12 13:18:54,243:INFO: Epoch 23/30
2018-03-12 13:19:18,146:INFO: - Train metrics: accuracy: 0.854 ; loss: 0.546
2018-03-12 13:19:19,713:INFO: - Eval metrics : accuracy: 0.843 ; loss: 0.000
2018-03-12 13:19:19,714:INFO: - Found new best accuracy
2018-03-12 13:19:19,714:INFO: Epoch 24/30
2018-03-12 13:19:43,577:INFO: - Train metrics: accuracy: 0.844 ; loss: 0.543
2018-03-12 13:19:45,089:INFO: - Eval metrics : accuracy: 0.841 ; loss: 0.000
2018-03-12 13:19:45,090:INFO: Epoch 25/30
2018-03-12 13:20:09,085:INFO: - Train metrics: accuracy: 0.889 ; loss: 0.482
2018-03-12 13:20:10,608:INFO: - Eval metrics : accuracy: 0.838 ; loss: 0.000
2018-03-12 13:20:10,609:INFO: Epoch 26/30
2018-03-12 13:20:34,401:INFO: - Train metrics: accuracy: 0.885 ; loss: 0.490
2018-03-12 13:20:35,933:INFO: - Eval metrics : accuracy: 0.845 ; loss: 0.000
2018-03-12 13:20:35,934:INFO: - Found new best accuracy
2018-03-12 13:20:35,934:INFO: Epoch 27/30
2018-03-12 13:20:59,640:INFO: - Train metrics: accuracy: 0.877 ; loss: 0.526
2018-03-12 13:21:01,214:INFO: - Eval metrics : accuracy: 0.842 ; loss: 0.000
2018-03-12 13:21:01,215:INFO: Epoch 28/30
2018-03-12 13:21:22,749:INFO: - Train metrics: accuracy: 0.885 ; loss: 0.546
2018-03-12 13:21:23,691:INFO: - Eval metrics : accuracy: 0.838 ; loss: 0.000
2018-03-12 13:21:23,692:INFO: Epoch 29/30
2018-03-12 13:21:47,339:INFO: - Train metrics: accuracy: 0.871 ; loss: 0.512
2018-03-12 13:21:48,889:INFO: - Eval metrics : accuracy: 0.844 ; loss: 0.000
2018-03-12 13:21:48,890:INFO: Epoch 30/30
2018-03-12 13:22:12,588:INFO: - Train metrics: accuracy: 0.908 ; loss: 0.462
2018-03-12 13:22:14,146:INFO: - Eval metrics : accuracy: 0.852 ; loss: 0.000
2018-03-12 13:22:14,147:INFO: - Found new best accuracy
