2018-03-10 17:53:24,050:INFO: Loading the datasets...
2018-03-10 17:53:27,666:INFO: - done.
2018-03-10 17:53:30,225:INFO: Starting training for 30 epoch(s)
2018-03-10 17:53:30,225:INFO: Epoch 1/30
2018-03-10 17:54:28,887:INFO: - Train metrics: accuracy: 0.355 ; loss: 1.121
2018-03-10 17:54:29,739:INFO: - Eval metrics : accuracy: 0.637 ; loss: 0.000
2018-03-10 17:54:29,764:INFO: - Found new best accuracy
2018-03-10 17:54:29,765:INFO: Epoch 2/30
2018-03-10 17:55:27,648:INFO: - Train metrics: accuracy: 0.598 ; loss: 0.761
2018-03-10 17:55:28,477:INFO: - Eval metrics : accuracy: 0.683 ; loss: 0.000
2018-03-10 17:55:28,511:INFO: - Found new best accuracy
2018-03-10 17:55:28,512:INFO: Epoch 3/30
2018-03-10 17:56:26,548:INFO: - Train metrics: accuracy: 0.652 ; loss: 0.683
2018-03-10 17:56:27,399:INFO: - Eval metrics : accuracy: 0.720 ; loss: 0.000
2018-03-10 17:56:27,426:INFO: - Found new best accuracy
2018-03-10 17:56:27,427:INFO: Epoch 4/30
2018-03-10 17:57:25,547:INFO: - Train metrics: accuracy: 0.668 ; loss: 0.659
2018-03-10 17:57:26,429:INFO: - Eval metrics : accuracy: 0.746 ; loss: 0.000
2018-03-10 17:57:26,459:INFO: - Found new best accuracy
2018-03-10 17:57:26,460:INFO: Epoch 5/30
2018-03-10 17:58:24,545:INFO: - Train metrics: accuracy: 0.730 ; loss: 0.573
2018-03-10 17:58:25,398:INFO: - Eval metrics : accuracy: 0.758 ; loss: 0.000
2018-03-10 17:58:25,427:INFO: - Found new best accuracy
2018-03-10 17:58:25,427:INFO: Epoch 6/30
2018-03-10 17:59:23,594:INFO: - Train metrics: accuracy: 0.684 ; loss: 0.593
2018-03-10 17:59:24,438:INFO: - Eval metrics : accuracy: 0.754 ; loss: 0.000
2018-03-10 17:59:24,459:INFO: Epoch 7/30
2018-03-10 18:00:22,609:INFO: - Train metrics: accuracy: 0.730 ; loss: 0.528
2018-03-10 18:00:23,467:INFO: - Eval metrics : accuracy: 0.772 ; loss: 0.000
2018-03-10 18:00:23,494:INFO: - Found new best accuracy
2018-03-10 18:00:23,495:INFO: Epoch 8/30
2018-03-10 18:01:21,695:INFO: - Train metrics: accuracy: 0.748 ; loss: 0.484
2018-03-10 18:01:22,518:INFO: - Eval metrics : accuracy: 0.783 ; loss: 0.000
2018-03-10 18:01:22,552:INFO: - Found new best accuracy
2018-03-10 18:01:22,552:INFO: Epoch 9/30
2018-03-10 18:02:20,649:INFO: - Train metrics: accuracy: 0.756 ; loss: 0.493
2018-03-10 18:02:21,499:INFO: - Eval metrics : accuracy: 0.789 ; loss: 0.000
2018-03-10 18:02:21,527:INFO: - Found new best accuracy
2018-03-10 18:02:21,528:INFO: Epoch 10/30
2018-03-10 18:03:19,626:INFO: - Train metrics: accuracy: 0.762 ; loss: 0.482
2018-03-10 18:03:20,474:INFO: - Eval metrics : accuracy: 0.789 ; loss: 0.000
2018-03-10 18:03:20,490:INFO: Epoch 11/30
2018-03-10 18:04:18,616:INFO: - Train metrics: accuracy: 0.771 ; loss: 0.436
2018-03-10 18:04:19,467:INFO: - Eval metrics : accuracy: 0.803 ; loss: 0.000
2018-03-10 18:04:19,494:INFO: - Found new best accuracy
2018-03-10 18:04:19,494:INFO: Epoch 12/30
2018-03-10 18:05:17,650:INFO: - Train metrics: accuracy: 0.805 ; loss: 0.396
2018-03-10 18:05:18,500:INFO: - Eval metrics : accuracy: 0.795 ; loss: 0.000
2018-03-10 18:05:18,515:INFO: Epoch 13/30
2018-03-10 18:06:16,598:INFO: - Train metrics: accuracy: 0.779 ; loss: 0.439
2018-03-10 18:06:17,481:INFO: - Eval metrics : accuracy: 0.805 ; loss: 0.000
2018-03-10 18:06:17,510:INFO: - Found new best accuracy
2018-03-10 18:06:17,511:INFO: Epoch 14/30
2018-03-10 18:07:15,645:INFO: - Train metrics: accuracy: 0.799 ; loss: 0.427
2018-03-10 18:07:16,505:INFO: - Eval metrics : accuracy: 0.799 ; loss: 0.000
2018-03-10 18:07:16,528:INFO: Epoch 15/30
2018-03-10 18:08:14,668:INFO: - Train metrics: accuracy: 0.822 ; loss: 0.380
2018-03-10 18:08:15,527:INFO: - Eval metrics : accuracy: 0.814 ; loss: 0.000
2018-03-10 18:08:15,556:INFO: - Found new best accuracy
2018-03-10 18:08:15,557:INFO: Epoch 16/30
2018-03-10 18:09:13,694:INFO: - Train metrics: accuracy: 0.777 ; loss: 0.402
2018-03-10 18:09:14,565:INFO: - Eval metrics : accuracy: 0.811 ; loss: 0.000
2018-03-10 18:09:14,587:INFO: Epoch 17/30
2018-03-10 18:10:12,717:INFO: - Train metrics: accuracy: 0.816 ; loss: 0.351
2018-03-10 18:10:13,563:INFO: - Eval metrics : accuracy: 0.795 ; loss: 0.000
2018-03-10 18:10:13,579:INFO: Epoch 18/30
2018-03-10 18:11:11,687:INFO: - Train metrics: accuracy: 0.830 ; loss: 0.357
2018-03-10 18:11:12,535:INFO: - Eval metrics : accuracy: 0.808 ; loss: 0.000
2018-03-10 18:11:12,551:INFO: Epoch 19/30
2018-03-10 18:12:10,661:INFO: - Train metrics: accuracy: 0.789 ; loss: 0.367
2018-03-10 18:12:11,519:INFO: - Eval metrics : accuracy: 0.819 ; loss: 0.000
2018-03-10 18:12:11,546:INFO: - Found new best accuracy
2018-03-10 18:12:11,546:INFO: Epoch 20/30
2018-03-10 18:13:09,678:INFO: - Train metrics: accuracy: 0.830 ; loss: 0.338
2018-03-10 18:13:10,516:INFO: - Eval metrics : accuracy: 0.821 ; loss: 0.000
2018-03-10 18:13:10,553:INFO: - Found new best accuracy
2018-03-10 18:13:10,553:INFO: Epoch 21/30
2018-03-10 18:14:08,639:INFO: - Train metrics: accuracy: 0.789 ; loss: 0.384
2018-03-10 18:14:09,499:INFO: - Eval metrics : accuracy: 0.828 ; loss: 0.000
2018-03-10 18:14:09,527:INFO: - Found new best accuracy
2018-03-10 18:14:09,528:INFO: Epoch 22/30
2018-03-10 18:15:07,557:INFO: - Train metrics: accuracy: 0.812 ; loss: 0.382
2018-03-10 18:15:08,392:INFO: - Eval metrics : accuracy: 0.823 ; loss: 0.000
2018-03-10 18:15:08,411:INFO: Epoch 23/30
2018-03-10 18:16:06,536:INFO: - Train metrics: accuracy: 0.805 ; loss: 0.361
2018-03-10 18:16:07,377:INFO: - Eval metrics : accuracy: 0.819 ; loss: 0.000
2018-03-10 18:16:07,403:INFO: Epoch 24/30
2018-03-10 18:17:05,395:INFO: - Train metrics: accuracy: 0.818 ; loss: 0.362
2018-03-10 18:17:06,269:INFO: - Eval metrics : accuracy: 0.829 ; loss: 0.000
2018-03-10 18:17:06,306:INFO: - Found new best accuracy
2018-03-10 18:17:06,307:INFO: Epoch 25/30
2018-03-10 18:18:04,216:INFO: - Train metrics: accuracy: 0.812 ; loss: 0.354
2018-03-10 18:18:05,080:INFO: - Eval metrics : accuracy: 0.827 ; loss: 0.000
2018-03-10 18:18:05,107:INFO: Epoch 26/30
2018-03-10 18:19:03,078:INFO: - Train metrics: accuracy: 0.836 ; loss: 0.335
2018-03-10 18:19:03,919:INFO: - Eval metrics : accuracy: 0.829 ; loss: 0.000
2018-03-10 18:19:03,945:INFO: - Found new best accuracy
2018-03-10 18:19:03,946:INFO: Epoch 27/30
2018-03-10 18:20:01,902:INFO: - Train metrics: accuracy: 0.826 ; loss: 0.312
2018-03-10 18:20:02,762:INFO: - Eval metrics : accuracy: 0.829 ; loss: 0.000
2018-03-10 18:20:02,778:INFO: Epoch 28/30
2018-03-10 18:21:00,812:INFO: - Train metrics: accuracy: 0.834 ; loss: 0.319
2018-03-10 18:21:01,690:INFO: - Eval metrics : accuracy: 0.840 ; loss: 0.000
2018-03-10 18:21:01,719:INFO: - Found new best accuracy
2018-03-10 18:21:01,720:INFO: Epoch 29/30
2018-03-10 18:21:59,766:INFO: - Train metrics: accuracy: 0.826 ; loss: 0.353
2018-03-10 18:22:00,604:INFO: - Eval metrics : accuracy: 0.833 ; loss: 0.000
2018-03-10 18:22:00,631:INFO: Epoch 30/30
2018-03-10 18:22:58,767:INFO: - Train metrics: accuracy: 0.830 ; loss: 0.338
2018-03-10 18:22:59,645:INFO: - Eval metrics : accuracy: 0.829 ; loss: 0.000
