2018-03-14 18:55:15,162:INFO: Loading the datasets...
2018-03-14 18:55:18,770:INFO: - done.
2018-03-14 18:55:21,314:INFO: Experiment - model version: cnn_distill
2018-03-14 18:55:21,314:INFO: Starting training for 30 epoch(s)
2018-03-14 18:55:21,314:INFO: First, loading the teacher model and computing its outputs...
2018-03-14 18:56:10,573:INFO: - Finished computing teacher outputs after 50 secs..
2018-03-14 18:56:10,574:INFO: Epoch 1/30
2018-03-14 18:56:18,284:INFO: - Train metrics: accuracy: 0.488 ; loss: 1.550
2018-03-14 18:56:19,449:INFO: - Eval metrics : accuracy: 0.685 ; loss: 0.000
2018-03-14 18:56:19,483:INFO: - Found new best accuracy
2018-03-14 18:56:19,484:INFO: Epoch 2/30
2018-03-14 18:56:27,167:INFO: - Train metrics: accuracy: 0.725 ; loss: 1.339
2018-03-14 18:56:28,018:INFO: - Eval metrics : accuracy: 0.739 ; loss: 0.000
2018-03-14 18:56:28,054:INFO: - Found new best accuracy
2018-03-14 18:56:28,055:INFO: Epoch 3/30
2018-03-14 18:56:35,745:INFO: - Train metrics: accuracy: 0.766 ; loss: 1.284
2018-03-14 18:56:36,584:INFO: - Eval metrics : accuracy: 0.753 ; loss: 0.000
2018-03-14 18:56:36,632:INFO: - Found new best accuracy
2018-03-14 18:56:36,633:INFO: Epoch 4/30
2018-03-14 18:56:44,328:INFO: - Train metrics: accuracy: 0.826 ; loss: 1.222
2018-03-14 18:56:45,179:INFO: - Eval metrics : accuracy: 0.752 ; loss: 0.000
2018-03-14 18:56:45,205:INFO: Epoch 5/30
2018-03-14 18:56:52,909:INFO: - Train metrics: accuracy: 0.842 ; loss: 1.210
2018-03-14 18:56:53,741:INFO: - Eval metrics : accuracy: 0.772 ; loss: 0.000
2018-03-14 18:56:53,767:INFO: - Found new best accuracy
2018-03-14 18:56:53,768:INFO: Epoch 6/30
2018-03-14 18:57:01,465:INFO: - Train metrics: accuracy: 0.900 ; loss: 1.238
2018-03-14 18:57:02,319:INFO: - Eval metrics : accuracy: 0.768 ; loss: 0.000
2018-03-14 18:57:02,345:INFO: Epoch 7/30
2018-03-14 18:57:10,049:INFO: - Train metrics: accuracy: 0.926 ; loss: 1.173
2018-03-14 18:57:10,893:INFO: - Eval metrics : accuracy: 0.768 ; loss: 0.000
2018-03-14 18:57:10,908:INFO: Epoch 8/30
2018-03-14 18:57:18,598:INFO: - Train metrics: accuracy: 0.938 ; loss: 1.189
2018-03-14 18:57:19,434:INFO: - Eval metrics : accuracy: 0.775 ; loss: 0.000
2018-03-14 18:57:19,468:INFO: - Found new best accuracy
2018-03-14 18:57:19,468:INFO: Epoch 9/30
2018-03-14 18:57:27,167:INFO: - Train metrics: accuracy: 0.953 ; loss: 1.162
2018-03-14 18:57:28,023:INFO: - Eval metrics : accuracy: 0.771 ; loss: 0.000
2018-03-14 18:57:28,049:INFO: Epoch 10/30
2018-03-14 18:57:35,762:INFO: - Train metrics: accuracy: 0.975 ; loss: 1.199
2018-03-14 18:57:36,606:INFO: - Eval metrics : accuracy: 0.765 ; loss: 0.000
2018-03-14 18:57:36,633:INFO: Epoch 11/30
2018-03-14 18:57:44,326:INFO: - Train metrics: accuracy: 0.986 ; loss: 1.195
2018-03-14 18:57:45,162:INFO: - Eval metrics : accuracy: 0.769 ; loss: 0.000
2018-03-14 18:57:45,181:INFO: Epoch 12/30
2018-03-14 18:57:52,865:INFO: - Train metrics: accuracy: 0.984 ; loss: 1.153
2018-03-14 18:57:53,704:INFO: - Eval metrics : accuracy: 0.773 ; loss: 0.000
2018-03-14 18:57:53,720:INFO: Epoch 13/30
2018-03-14 18:58:01,413:INFO: - Train metrics: accuracy: 0.988 ; loss: 1.140
2018-03-14 18:58:02,266:INFO: - Eval metrics : accuracy: 0.773 ; loss: 0.000
2018-03-14 18:58:02,285:INFO: Epoch 14/30
2018-03-14 18:58:09,997:INFO: - Train metrics: accuracy: 0.998 ; loss: 1.130
2018-03-14 18:58:10,842:INFO: - Eval metrics : accuracy: 0.771 ; loss: 0.000
2018-03-14 18:58:10,857:INFO: Epoch 15/30
2018-03-14 18:58:18,559:INFO: - Train metrics: accuracy: 0.998 ; loss: 1.101
2018-03-14 18:58:19,410:INFO: - Eval metrics : accuracy: 0.768 ; loss: 0.000
2018-03-14 18:58:19,437:INFO: Epoch 16/30
2018-03-14 18:58:27,127:INFO: - Train metrics: accuracy: 1.000 ; loss: 1.131
2018-03-14 18:58:27,970:INFO: - Eval metrics : accuracy: 0.774 ; loss: 0.000
2018-03-14 18:58:27,988:INFO: Epoch 17/30
2018-03-14 18:58:35,692:INFO: - Train metrics: accuracy: 0.994 ; loss: 1.104
2018-03-14 18:58:36,539:INFO: - Eval metrics : accuracy: 0.773 ; loss: 0.000
2018-03-14 18:58:36,562:INFO: Epoch 18/30
2018-03-14 18:58:44,254:INFO: - Train metrics: accuracy: 1.000 ; loss: 1.089
2018-03-14 18:58:45,095:INFO: - Eval metrics : accuracy: 0.768 ; loss: 0.000
2018-03-14 18:58:45,113:INFO: Epoch 19/30
2018-03-14 18:58:52,811:INFO: - Train metrics: accuracy: 0.996 ; loss: 1.067
2018-03-14 18:58:53,637:INFO: - Eval metrics : accuracy: 0.770 ; loss: 0.000
2018-03-14 18:58:53,653:INFO: Epoch 20/30
2018-03-14 18:59:01,354:INFO: - Train metrics: accuracy: 0.996 ; loss: 1.107
2018-03-14 18:59:02,202:INFO: - Eval metrics : accuracy: 0.774 ; loss: 0.000
2018-03-14 18:59:02,221:INFO: Epoch 21/30
2018-03-14 18:59:09,944:INFO: - Train metrics: accuracy: 0.994 ; loss: 1.114
2018-03-14 18:59:10,791:INFO: - Eval metrics : accuracy: 0.764 ; loss: 0.000
2018-03-14 18:59:10,809:INFO: Epoch 22/30
2018-03-14 18:59:18,508:INFO: - Train metrics: accuracy: 0.998 ; loss: 1.092
2018-03-14 18:59:19,340:INFO: - Eval metrics : accuracy: 0.769 ; loss: 0.000
2018-03-14 18:59:19,352:INFO: Epoch 23/30
2018-03-14 18:59:27,042:INFO: - Train metrics: accuracy: 1.000 ; loss: 1.100
2018-03-14 18:59:27,862:INFO: - Eval metrics : accuracy: 0.772 ; loss: 0.000
2018-03-14 18:59:27,878:INFO: Epoch 24/30
2018-03-14 18:59:35,902:INFO: - Train metrics: accuracy: 0.998 ; loss: 1.074
2018-03-14 18:59:36,751:INFO: - Eval metrics : accuracy: 0.773 ; loss: 0.000
2018-03-14 18:59:36,773:INFO: Epoch 25/30
2018-03-14 18:59:44,859:INFO: - Train metrics: accuracy: 1.000 ; loss: 1.058
2018-03-14 18:59:45,676:INFO: - Eval metrics : accuracy: 0.771 ; loss: 0.000
2018-03-14 18:59:45,691:INFO: Epoch 26/30
2018-03-14 18:59:53,387:INFO: - Train metrics: accuracy: 0.998 ; loss: 1.062
2018-03-14 18:59:54,217:INFO: - Eval metrics : accuracy: 0.773 ; loss: 0.000
2018-03-14 18:59:54,232:INFO: Epoch 27/30
2018-03-14 19:00:01,934:INFO: - Train metrics: accuracy: 1.000 ; loss: 1.046
2018-03-14 19:00:02,816:INFO: - Eval metrics : accuracy: 0.772 ; loss: 0.000
2018-03-14 19:00:02,833:INFO: Epoch 28/30
2018-03-14 19:00:10,553:INFO: - Train metrics: accuracy: 1.000 ; loss: 1.053
2018-03-14 19:00:11,419:INFO: - Eval metrics : accuracy: 0.769 ; loss: 0.000
2018-03-14 19:00:11,437:INFO: Epoch 29/30
2018-03-14 19:00:19,125:INFO: - Train metrics: accuracy: 0.996 ; loss: 1.066
2018-03-14 19:00:19,962:INFO: - Eval metrics : accuracy: 0.752 ; loss: 0.000
2018-03-14 19:00:19,981:INFO: Epoch 30/30
2018-03-14 19:00:27,682:INFO: - Train metrics: accuracy: 0.994 ; loss: 1.127
2018-03-14 19:00:28,539:INFO: - Eval metrics : accuracy: 0.771 ; loss: 0.000
