2018-03-11 00:16:52,670:INFO: Loading the datasets...
2018-03-11 00:16:56,299:INFO: - done.
2018-03-11 00:18:57,800:INFO: Loading the datasets...
2018-03-11 00:19:01,396:INFO: - done.
2018-03-11 00:32:50,048:INFO: Loading the datasets...
2018-03-11 00:32:53,648:INFO: - done.
2018-03-11 00:41:10,491:INFO: Loading the datasets...
2018-03-11 00:41:14,084:INFO: - done.
2018-03-11 00:50:55,715:INFO: Loading the datasets...
2018-03-11 00:50:59,316:INFO: - done.
2018-03-11 00:53:41,248:INFO: Loading the datasets...
2018-03-11 00:53:44,854:INFO: - done.
2018-03-11 00:55:40,532:INFO: Loading the datasets...
2018-03-11 00:55:44,133:INFO: - done.
2018-03-11 00:58:28,734:INFO: Loading the datasets...
2018-03-11 00:58:32,377:INFO: - done.
2018-03-11 00:58:37,940:INFO: Starting training for 30 epoch(s)
2018-03-11 00:58:37,941:INFO: Epoch 1/30
2018-03-11 01:06:38,707:INFO: - Train metrics: accuracy: 0.426 ; loss: 0.795
2018-03-11 01:06:39,596:INFO: - Eval metrics : accuracy: 0.625 ; loss: 0.000
2018-03-11 01:06:39,613:INFO: - Found new best accuracy
2018-03-11 01:06:39,613:INFO: Epoch 2/30
2018-03-11 01:14:44,609:INFO: - Train metrics: accuracy: 0.602 ; loss: 0.619
2018-03-11 01:14:45,484:INFO: - Eval metrics : accuracy: 0.686 ; loss: 0.000
2018-03-11 01:14:45,510:INFO: - Found new best accuracy
2018-03-11 01:14:45,512:INFO: Epoch 3/30
2018-03-11 01:22:50,380:INFO: - Train metrics: accuracy: 0.680 ; loss: 0.547
2018-03-11 01:22:51,276:INFO: - Eval metrics : accuracy: 0.725 ; loss: 0.000
2018-03-11 01:22:51,306:INFO: - Found new best accuracy
2018-03-11 01:22:51,307:INFO: Epoch 4/30
2018-03-11 01:25:51,634:INFO: Loading the datasets...
2018-03-11 01:25:55,248:INFO: - done.
2018-03-11 01:26:00,735:INFO: Starting training for 30 epoch(s)
2018-03-11 01:29:20,387:INFO: Loading the datasets...
2018-03-11 01:29:23,973:INFO: - done.
2018-03-11 01:29:29,418:INFO: Starting training for 30 epoch(s)
2018-03-11 01:37:22,406:INFO: Epoch 1/30
2018-03-11 01:37:30,770:INFO: - Train metrics: accuracy: 0.393 ; loss: 1.085
2018-03-11 01:37:31,600:INFO: - Eval metrics : accuracy: 0.640 ; loss: 0.000
2018-03-11 01:37:31,634:INFO: - Found new best accuracy
2018-03-11 01:37:31,635:INFO: Epoch 2/30
2018-03-11 01:37:40,001:INFO: - Train metrics: accuracy: 0.584 ; loss: 1.114
2018-03-11 01:37:40,863:INFO: - Eval metrics : accuracy: 0.695 ; loss: 0.000
2018-03-11 01:37:40,889:INFO: - Found new best accuracy
2018-03-11 01:37:40,889:INFO: Epoch 3/30
2018-03-11 01:37:49,196:INFO: - Train metrics: accuracy: 0.713 ; loss: 1.121
2018-03-11 01:37:50,026:INFO: - Eval metrics : accuracy: 0.734 ; loss: 0.000
2018-03-11 01:37:50,055:INFO: - Found new best accuracy
2018-03-11 01:37:50,055:INFO: Epoch 4/30
2018-03-11 01:37:58,292:INFO: - Train metrics: accuracy: 0.676 ; loss: 1.140
2018-03-11 01:37:59,132:INFO: - Eval metrics : accuracy: 0.742 ; loss: 0.000
2018-03-11 01:37:59,169:INFO: - Found new best accuracy
2018-03-11 01:37:59,169:INFO: Epoch 5/30
2018-03-11 01:38:07,489:INFO: - Train metrics: accuracy: 0.764 ; loss: 1.123
2018-03-11 01:38:08,328:INFO: - Eval metrics : accuracy: 0.760 ; loss: 0.000
2018-03-11 01:38:08,358:INFO: - Found new best accuracy
2018-03-11 01:38:08,358:INFO: Epoch 6/30
2018-03-11 01:38:16,702:INFO: - Train metrics: accuracy: 0.713 ; loss: 1.134
2018-03-11 01:38:17,539:INFO: - Eval metrics : accuracy: 0.770 ; loss: 0.000
2018-03-11 01:38:17,566:INFO: - Found new best accuracy
2018-03-11 01:38:17,567:INFO: Epoch 7/30
2018-03-11 01:38:25,876:INFO: - Train metrics: accuracy: 0.756 ; loss: 1.142
2018-03-11 01:38:26,745:INFO: - Eval metrics : accuracy: 0.781 ; loss: 0.000
2018-03-11 01:38:26,774:INFO: - Found new best accuracy
2018-03-11 01:38:26,775:INFO: Epoch 8/30
2018-03-11 01:38:35,129:INFO: - Train metrics: accuracy: 0.729 ; loss: 1.119
2018-03-11 01:38:35,955:INFO: - Eval metrics : accuracy: 0.788 ; loss: 0.000
2018-03-11 01:38:35,983:INFO: - Found new best accuracy
2018-03-11 01:38:35,984:INFO: Epoch 9/30
2018-03-11 01:38:44,340:INFO: - Train metrics: accuracy: 0.766 ; loss: 1.116
2018-03-11 01:38:45,157:INFO: - Eval metrics : accuracy: 0.797 ; loss: 0.000
2018-03-11 01:38:45,190:INFO: - Found new best accuracy
2018-03-11 01:38:45,191:INFO: Epoch 10/30
2018-03-11 01:38:53,529:INFO: - Train metrics: accuracy: 0.793 ; loss: 1.156
2018-03-11 01:38:54,370:INFO: - Eval metrics : accuracy: 0.799 ; loss: 0.000
2018-03-11 01:38:54,401:INFO: - Found new best accuracy
2018-03-11 01:38:54,402:INFO: Epoch 11/30
2018-03-11 01:39:02,782:INFO: - Train metrics: accuracy: 0.775 ; loss: 1.158
2018-03-11 01:39:03,636:INFO: - Eval metrics : accuracy: 0.798 ; loss: 0.000
2018-03-11 01:39:03,655:INFO: Epoch 12/30
2018-03-11 01:39:12,040:INFO: - Train metrics: accuracy: 0.740 ; loss: 1.149
2018-03-11 01:39:12,886:INFO: - Eval metrics : accuracy: 0.803 ; loss: 0.000
2018-03-11 01:39:12,925:INFO: - Found new best accuracy
2018-03-11 01:39:12,927:INFO: Epoch 13/30
2018-03-11 01:39:21,233:INFO: - Train metrics: accuracy: 0.781 ; loss: 1.162
2018-03-11 01:39:22,074:INFO: - Eval metrics : accuracy: 0.807 ; loss: 0.000
2018-03-11 01:39:22,103:INFO: - Found new best accuracy
2018-03-11 01:39:22,104:INFO: Epoch 14/30
2018-03-11 01:39:30,492:INFO: - Train metrics: accuracy: 0.787 ; loss: 1.137
2018-03-11 01:39:31,354:INFO: - Eval metrics : accuracy: 0.814 ; loss: 0.000
2018-03-11 01:39:31,387:INFO: - Found new best accuracy
2018-03-11 01:39:31,387:INFO: Epoch 15/30
2018-03-11 01:39:39,797:INFO: - Train metrics: accuracy: 0.773 ; loss: 1.180
2018-03-11 01:39:40,636:INFO: - Eval metrics : accuracy: 0.816 ; loss: 0.000
2018-03-11 01:39:40,663:INFO: - Found new best accuracy
2018-03-11 01:39:40,664:INFO: Epoch 16/30
2018-03-11 01:39:49,023:INFO: - Train metrics: accuracy: 0.783 ; loss: 1.151
2018-03-11 01:39:49,878:INFO: - Eval metrics : accuracy: 0.812 ; loss: 0.000
2018-03-11 01:39:49,894:INFO: Epoch 17/30
2018-03-11 01:39:58,192:INFO: - Train metrics: accuracy: 0.816 ; loss: 1.112
2018-03-11 01:39:59,034:INFO: - Eval metrics : accuracy: 0.817 ; loss: 0.000
2018-03-11 01:39:59,061:INFO: - Found new best accuracy
2018-03-11 01:39:59,064:INFO: Epoch 18/30
2018-03-11 01:40:07,387:INFO: - Train metrics: accuracy: 0.818 ; loss: 1.142
2018-03-11 01:40:08,249:INFO: - Eval metrics : accuracy: 0.828 ; loss: 0.000
2018-03-11 01:40:08,283:INFO: - Found new best accuracy
2018-03-11 01:40:08,283:INFO: Epoch 19/30
2018-03-11 01:40:16,637:INFO: - Train metrics: accuracy: 0.848 ; loss: 1.129
2018-03-11 01:40:17,494:INFO: - Eval metrics : accuracy: 0.824 ; loss: 0.000
2018-03-11 01:40:17,509:INFO: Epoch 20/30
2018-03-11 01:40:25,869:INFO: - Train metrics: accuracy: 0.820 ; loss: 1.119
2018-03-11 01:40:26,704:INFO: - Eval metrics : accuracy: 0.818 ; loss: 0.000
2018-03-11 01:40:26,738:INFO: Epoch 21/30
2018-03-11 01:40:35,115:INFO: - Train metrics: accuracy: 0.816 ; loss: 1.156
2018-03-11 01:40:35,962:INFO: - Eval metrics : accuracy: 0.830 ; loss: 0.000
2018-03-11 01:40:35,995:INFO: - Found new best accuracy
2018-03-11 01:40:35,995:INFO: Epoch 22/30
2018-03-11 01:40:44,284:INFO: - Train metrics: accuracy: 0.816 ; loss: 1.139
2018-03-11 01:40:45,120:INFO: - Eval metrics : accuracy: 0.825 ; loss: 0.000
2018-03-11 01:40:45,135:INFO: Epoch 23/30
2018-03-11 01:40:53,479:INFO: - Train metrics: accuracy: 0.807 ; loss: 1.140
2018-03-11 01:40:54,318:INFO: - Eval metrics : accuracy: 0.828 ; loss: 0.000
2018-03-11 01:40:54,333:INFO: Epoch 24/30
2018-03-11 01:41:02,672:INFO: - Train metrics: accuracy: 0.840 ; loss: 1.144
2018-03-11 01:41:03,535:INFO: - Eval metrics : accuracy: 0.832 ; loss: 0.000
2018-03-11 01:41:03,560:INFO: - Found new best accuracy
2018-03-11 01:41:03,561:INFO: Epoch 25/30
2018-03-11 01:41:11,891:INFO: - Train metrics: accuracy: 0.820 ; loss: 1.155
2018-03-11 01:41:12,744:INFO: - Eval metrics : accuracy: 0.833 ; loss: 0.000
2018-03-11 01:41:12,772:INFO: - Found new best accuracy
2018-03-11 01:41:12,773:INFO: Epoch 26/30
2018-03-11 01:41:21,134:INFO: - Train metrics: accuracy: 0.883 ; loss: 1.145
2018-03-11 01:41:21,973:INFO: - Eval metrics : accuracy: 0.831 ; loss: 0.000
2018-03-11 01:41:21,991:INFO: Epoch 27/30
2018-03-11 01:41:30,349:INFO: - Train metrics: accuracy: 0.840 ; loss: 1.154
2018-03-11 01:41:31,200:INFO: - Eval metrics : accuracy: 0.834 ; loss: 0.000
2018-03-11 01:41:31,231:INFO: - Found new best accuracy
2018-03-11 01:41:31,232:INFO: Epoch 28/30
2018-03-11 01:41:39,519:INFO: - Train metrics: accuracy: 0.852 ; loss: 1.164
2018-03-11 01:41:40,404:INFO: - Eval metrics : accuracy: 0.830 ; loss: 0.000
2018-03-11 01:41:40,423:INFO: Epoch 29/30
2018-03-11 01:41:48,817:INFO: - Train metrics: accuracy: 0.836 ; loss: 1.155
2018-03-11 01:41:49,662:INFO: - Eval metrics : accuracy: 0.830 ; loss: 0.000
2018-03-11 01:41:49,678:INFO: Epoch 30/30
2018-03-11 01:41:57,991:INFO: - Train metrics: accuracy: 0.846 ; loss: 1.141
2018-03-11 01:41:58,855:INFO: - Eval metrics : accuracy: 0.835 ; loss: 0.000
2018-03-11 01:41:58,889:INFO: - Found new best accuracy
