2018-03-14 19:53:02,149:INFO: Loading the datasets...
2018-03-14 19:53:05,771:INFO: - done.
2018-03-14 19:53:08,292:INFO: Experiment - model version: cnn_distill
2018-03-14 19:53:08,292:INFO: Starting training for 30 epoch(s)
2018-03-14 19:53:08,292:INFO: First, loading the teacher model and computing its outputs...
2018-03-14 19:53:57,567:INFO: - Finished computing teacher outputs after 50 secs..
2018-03-14 19:53:57,569:INFO: Epoch 1/30
2018-03-14 19:54:05,625:INFO: - Train metrics: accuracy: 0.498 ; loss: 1.314
2018-03-14 19:54:06,487:INFO: - Eval metrics : accuracy: 0.687 ; loss: 0.000
2018-03-14 19:54:06,504:INFO: - Found new best accuracy
2018-03-14 19:54:06,505:INFO: Epoch 2/30
2018-03-14 19:54:14,211:INFO: - Train metrics: accuracy: 0.729 ; loss: 0.841
2018-03-14 19:54:15,058:INFO: - Eval metrics : accuracy: 0.736 ; loss: 0.000
2018-03-14 19:54:15,092:INFO: - Found new best accuracy
2018-03-14 19:54:15,093:INFO: Epoch 3/30
2018-03-14 19:54:22,789:INFO: - Train metrics: accuracy: 0.793 ; loss: 0.675
2018-03-14 19:54:23,646:INFO: - Eval metrics : accuracy: 0.759 ; loss: 0.000
2018-03-14 19:54:23,680:INFO: - Found new best accuracy
2018-03-14 19:54:23,681:INFO: Epoch 4/30
2018-03-14 19:54:31,374:INFO: - Train metrics: accuracy: 0.838 ; loss: 0.533
2018-03-14 19:54:32,234:INFO: - Eval metrics : accuracy: 0.764 ; loss: 0.000
2018-03-14 19:54:32,271:INFO: - Found new best accuracy
2018-03-14 19:54:32,271:INFO: Epoch 5/30
2018-03-14 19:54:39,975:INFO: - Train metrics: accuracy: 0.852 ; loss: 0.499
2018-03-14 19:54:40,837:INFO: - Eval metrics : accuracy: 0.772 ; loss: 0.000
2018-03-14 19:54:40,866:INFO: - Found new best accuracy
2018-03-14 19:54:40,867:INFO: Epoch 6/30
2018-03-14 19:54:48,564:INFO: - Train metrics: accuracy: 0.906 ; loss: 0.411
2018-03-14 19:54:49,418:INFO: - Eval metrics : accuracy: 0.774 ; loss: 0.000
2018-03-14 19:54:49,451:INFO: - Found new best accuracy
2018-03-14 19:54:49,452:INFO: Epoch 7/30
2018-03-14 19:54:57,149:INFO: - Train metrics: accuracy: 0.943 ; loss: 0.339
2018-03-14 19:54:58,006:INFO: - Eval metrics : accuracy: 0.766 ; loss: 0.000
2018-03-14 19:54:58,025:INFO: Epoch 8/30
2018-03-14 19:55:05,735:INFO: - Train metrics: accuracy: 0.941 ; loss: 0.322
2018-03-14 19:55:06,580:INFO: - Eval metrics : accuracy: 0.777 ; loss: 0.000
2018-03-14 19:55:06,611:INFO: - Found new best accuracy
2018-03-14 19:55:06,612:INFO: Epoch 9/30
2018-03-14 19:55:14,317:INFO: - Train metrics: accuracy: 0.949 ; loss: 0.294
2018-03-14 19:55:15,168:INFO: - Eval metrics : accuracy: 0.774 ; loss: 0.000
2018-03-14 19:55:15,184:INFO: Epoch 10/30
2018-03-14 19:55:22,880:INFO: - Train metrics: accuracy: 0.971 ; loss: 0.261
2018-03-14 19:55:23,734:INFO: - Eval metrics : accuracy: 0.778 ; loss: 0.000
2018-03-14 19:55:23,768:INFO: - Found new best accuracy
2018-03-14 19:55:23,768:INFO: Epoch 11/30
2018-03-14 19:55:31,478:INFO: - Train metrics: accuracy: 0.986 ; loss: 0.203
2018-03-14 19:55:32,337:INFO: - Eval metrics : accuracy: 0.772 ; loss: 0.000
2018-03-14 19:55:32,353:INFO: Epoch 12/30
2018-03-14 19:55:40,063:INFO: - Train metrics: accuracy: 0.986 ; loss: 0.215
2018-03-14 19:55:40,896:INFO: - Eval metrics : accuracy: 0.772 ; loss: 0.000
2018-03-14 19:55:40,912:INFO: Epoch 13/30
2018-03-14 19:55:48,613:INFO: - Train metrics: accuracy: 0.992 ; loss: 0.199
2018-03-14 19:55:49,465:INFO: - Eval metrics : accuracy: 0.774 ; loss: 0.000
2018-03-14 19:55:49,480:INFO: Epoch 14/30
2018-03-14 19:55:57,174:INFO: - Train metrics: accuracy: 0.996 ; loss: 0.180
2018-03-14 19:55:58,016:INFO: - Eval metrics : accuracy: 0.774 ; loss: 0.000
2018-03-14 19:55:58,032:INFO: Epoch 15/30
2018-03-14 19:56:05,748:INFO: - Train metrics: accuracy: 0.994 ; loss: 0.186
2018-03-14 19:56:06,594:INFO: - Eval metrics : accuracy: 0.772 ; loss: 0.000
2018-03-14 19:56:06,607:INFO: Epoch 16/30
2018-03-14 20:58:18,025:INFO: Loading the datasets...
2018-03-14 20:58:21,644:INFO: - done.
2018-03-14 20:58:24,219:INFO: Experiment - model version: cnn_distill
2018-03-14 20:58:24,219:INFO: Starting training for 30 epoch(s)
2018-03-14 20:58:24,219:INFO: First, loading the teacher model and computing its outputs...
2018-03-14 20:59:13,488:INFO: - Finished computing teacher outputs after 50 secs..
2018-03-14 20:59:13,493:INFO: Epoch 1/30
2018-03-14 20:59:21,220:INFO: - Train metrics: accuracy: 0.506 ; loss: 1.310
2018-03-14 20:59:22,058:INFO: - Eval metrics : accuracy: 0.685 ; loss: 0.000
2018-03-14 20:59:22,094:INFO: - Found new best accuracy
2018-03-14 20:59:22,095:INFO: Epoch 2/30
2018-03-14 20:59:29,797:INFO: - Train metrics: accuracy: 0.715 ; loss: 0.840
2018-03-14 20:59:30,647:INFO: - Eval metrics : accuracy: 0.734 ; loss: 0.000
2018-03-14 20:59:30,679:INFO: - Found new best accuracy
2018-03-14 20:59:30,680:INFO: Epoch 3/30
2018-03-14 20:59:38,396:INFO: - Train metrics: accuracy: 0.773 ; loss: 0.675
2018-03-14 20:59:39,229:INFO: - Eval metrics : accuracy: 0.750 ; loss: 0.000
2018-03-14 20:59:39,264:INFO: - Found new best accuracy
2018-03-14 20:59:39,265:INFO: Epoch 4/30
2018-03-14 20:59:46,978:INFO: - Train metrics: accuracy: 0.818 ; loss: 0.556
2018-03-14 20:59:47,820:INFO: - Eval metrics : accuracy: 0.773 ; loss: 0.000
2018-03-14 20:59:47,848:INFO: - Found new best accuracy
2018-03-14 20:59:47,849:INFO: Epoch 5/30
2018-03-14 20:59:55,540:INFO: - Train metrics: accuracy: 0.873 ; loss: 0.483
2018-03-14 20:59:56,356:INFO: - Eval metrics : accuracy: 0.769 ; loss: 0.000
2018-03-14 20:59:56,371:INFO: Epoch 6/30
2018-03-14 21:00:04,087:INFO: - Train metrics: accuracy: 0.914 ; loss: 0.427
2018-03-14 21:00:04,939:INFO: - Eval metrics : accuracy: 0.773 ; loss: 0.000
2018-03-14 21:00:04,973:INFO: - Found new best accuracy
2018-03-14 21:00:04,973:INFO: Epoch 7/30
2018-03-14 21:00:12,675:INFO: - Train metrics: accuracy: 0.928 ; loss: 0.349
2018-03-14 21:00:13,536:INFO: - Eval metrics : accuracy: 0.774 ; loss: 0.000
2018-03-14 21:00:13,565:INFO: - Found new best accuracy
2018-03-14 21:00:13,566:INFO: Epoch 8/30
2018-03-14 21:00:21,280:INFO: - Train metrics: accuracy: 0.939 ; loss: 0.320
2018-03-14 21:00:22,139:INFO: - Eval metrics : accuracy: 0.779 ; loss: 0.000
2018-03-14 21:00:22,175:INFO: - Found new best accuracy
2018-03-14 21:00:22,175:INFO: Epoch 9/30
2018-03-14 21:00:29,887:INFO: - Train metrics: accuracy: 0.961 ; loss: 0.300
2018-03-14 21:00:30,741:INFO: - Eval metrics : accuracy: 0.776 ; loss: 0.000
2018-03-14 21:00:30,761:INFO: Epoch 10/30
2018-03-14 21:00:38,462:INFO: - Train metrics: accuracy: 0.975 ; loss: 0.253
2018-03-14 21:00:39,306:INFO: - Eval metrics : accuracy: 0.757 ; loss: 0.000
2018-03-14 21:00:39,333:INFO: Epoch 11/30
2018-03-14 21:00:47,034:INFO: - Train metrics: accuracy: 0.988 ; loss: 0.210
2018-03-14 21:00:47,881:INFO: - Eval metrics : accuracy: 0.777 ; loss: 0.000
2018-03-14 21:00:47,913:INFO: Epoch 12/30
2018-03-14 21:00:55,615:INFO: - Train metrics: accuracy: 0.986 ; loss: 0.213
2018-03-14 21:00:56,475:INFO: - Eval metrics : accuracy: 0.775 ; loss: 0.000
2018-03-14 21:00:56,501:INFO: Epoch 13/30
2018-03-14 21:01:04,212:INFO: - Train metrics: accuracy: 0.986 ; loss: 0.202
2018-03-14 21:01:05,049:INFO: - Eval metrics : accuracy: 0.777 ; loss: 0.000
2018-03-14 21:01:05,065:INFO: Epoch 14/30
2018-03-14 21:01:12,779:INFO: - Train metrics: accuracy: 0.996 ; loss: 0.181
2018-03-14 21:01:13,623:INFO: - Eval metrics : accuracy: 0.773 ; loss: 0.000
2018-03-14 21:01:13,640:INFO: Epoch 15/30
2018-03-14 21:01:21,360:INFO: - Train metrics: accuracy: 0.996 ; loss: 0.189
2018-03-14 21:01:22,205:INFO: - Eval metrics : accuracy: 0.766 ; loss: 0.000
2018-03-14 21:01:22,220:INFO: Epoch 16/30
2018-03-14 21:01:29,929:INFO: - Train metrics: accuracy: 0.998 ; loss: 0.175
2018-03-14 21:01:30,787:INFO: - Eval metrics : accuracy: 0.769 ; loss: 0.000
2018-03-14 21:01:30,803:INFO: Epoch 17/30
2018-03-14 21:01:38,506:INFO: - Train metrics: accuracy: 1.000 ; loss: 0.163
2018-03-14 21:01:39,359:INFO: - Eval metrics : accuracy: 0.775 ; loss: 0.000
2018-03-14 21:01:39,385:INFO: Epoch 18/30
2018-03-14 21:01:47,105:INFO: - Train metrics: accuracy: 0.998 ; loss: 0.176
2018-03-14 21:01:47,951:INFO: - Eval metrics : accuracy: 0.771 ; loss: 0.000
2018-03-14 21:01:47,968:INFO: Epoch 19/30
2018-03-14 21:01:55,680:INFO: - Train metrics: accuracy: 0.998 ; loss: 0.162
2018-03-14 21:01:56,555:INFO: - Eval metrics : accuracy: 0.771 ; loss: 0.000
2018-03-14 21:01:56,577:INFO: Epoch 20/30
2018-03-14 21:02:04,286:INFO: - Train metrics: accuracy: 1.000 ; loss: 0.172
2018-03-14 21:02:05,123:INFO: - Eval metrics : accuracy: 0.775 ; loss: 0.000
2018-03-14 21:02:05,145:INFO: Epoch 21/30
2018-03-14 21:02:12,857:INFO: - Train metrics: accuracy: 0.996 ; loss: 0.160
2018-03-14 21:02:13,707:INFO: - Eval metrics : accuracy: 0.774 ; loss: 0.000
2018-03-14 21:02:13,723:INFO: Epoch 22/30
2018-03-14 21:02:21,435:INFO: - Train metrics: accuracy: 1.000 ; loss: 0.164
2018-03-14 21:02:22,285:INFO: - Eval metrics : accuracy: 0.774 ; loss: 0.000
2018-03-14 21:02:22,305:INFO: Epoch 23/30
2018-03-14 21:02:30,014:INFO: - Train metrics: accuracy: 1.000 ; loss: 0.156
2018-03-14 21:02:30,845:INFO: - Eval metrics : accuracy: 0.779 ; loss: 0.000
2018-03-14 21:02:30,875:INFO: - Found new best accuracy
2018-03-14 21:02:30,876:INFO: Epoch 24/30
2018-03-14 21:02:38,572:INFO: - Train metrics: accuracy: 1.000 ; loss: 0.161
2018-03-14 21:02:39,397:INFO: - Eval metrics : accuracy: 0.773 ; loss: 0.000
2018-03-14 21:02:39,413:INFO: Epoch 25/30
2018-03-14 21:02:47,125:INFO: - Train metrics: accuracy: 1.000 ; loss: 0.155
2018-03-14 21:02:47,968:INFO: - Eval metrics : accuracy: 0.777 ; loss: 0.000
2018-03-14 21:02:48,000:INFO: Epoch 26/30
2018-03-14 21:02:55,702:INFO: - Train metrics: accuracy: 0.998 ; loss: 0.155
2018-03-14 21:02:56,531:INFO: - Eval metrics : accuracy: 0.773 ; loss: 0.000
2018-03-14 21:02:56,557:INFO: Epoch 27/30
2018-03-14 21:03:04,248:INFO: - Train metrics: accuracy: 0.998 ; loss: 0.149
2018-03-14 21:03:05,098:INFO: - Eval metrics : accuracy: 0.775 ; loss: 0.000
2018-03-14 21:03:05,117:INFO: Epoch 28/30
2018-03-14 21:03:12,831:INFO: - Train metrics: accuracy: 1.000 ; loss: 0.149
2018-03-14 21:03:13,685:INFO: - Eval metrics : accuracy: 0.773 ; loss: 0.000
2018-03-14 21:03:13,698:INFO: Epoch 29/30
2018-03-14 21:03:21,415:INFO: - Train metrics: accuracy: 1.000 ; loss: 0.151
2018-03-14 21:03:22,249:INFO: - Eval metrics : accuracy: 0.773 ; loss: 0.000
2018-03-14 21:03:22,267:INFO: Epoch 30/30
2018-03-14 21:03:29,971:INFO: - Train metrics: accuracy: 0.998 ; loss: 0.153
2018-03-14 21:03:30,814:INFO: - Eval metrics : accuracy: 0.777 ; loss: 0.000
