2018-03-10 16:24:36,646:INFO: Loading the datasets...
2018-03-10 16:24:40,250:INFO: - done.
2018-03-10 16:24:42,778:INFO: Starting training for 30 epoch(s)
2018-03-10 16:24:42,778:INFO: Epoch 1/30
2018-03-10 16:25:41,359:INFO: - Train metrics: accuracy: 0.418 ; loss: 1.163
2018-03-10 16:25:42,236:INFO: - Eval metrics : accuracy: 0.628 ; loss: 0.000
2018-03-10 16:25:42,257:INFO: - Found new best accuracy
2018-03-10 16:25:42,258:INFO: Epoch 2/30
2018-03-10 16:26:40,081:INFO: - Train metrics: accuracy: 0.594 ; loss: 0.828
2018-03-10 16:26:40,918:INFO: - Eval metrics : accuracy: 0.708 ; loss: 0.000
2018-03-10 16:26:40,953:INFO: - Found new best accuracy
2018-03-10 16:26:40,954:INFO: Epoch 3/30
2018-03-10 16:27:38,930:INFO: - Train metrics: accuracy: 0.633 ; loss: 0.748
2018-03-10 16:27:39,772:INFO: - Eval metrics : accuracy: 0.724 ; loss: 0.000
2018-03-10 16:27:39,800:INFO: - Found new best accuracy
2018-03-10 16:27:39,802:INFO: Epoch 4/30
2018-03-10 16:28:37,826:INFO: - Train metrics: accuracy: 0.672 ; loss: 0.713
2018-03-10 16:28:38,697:INFO: - Eval metrics : accuracy: 0.739 ; loss: 0.000
2018-03-10 16:28:38,731:INFO: - Found new best accuracy
2018-03-10 16:28:38,732:INFO: Epoch 5/30
2018-03-10 16:29:36,786:INFO: - Train metrics: accuracy: 0.697 ; loss: 0.669
2018-03-10 16:29:37,635:INFO: - Eval metrics : accuracy: 0.759 ; loss: 0.000
2018-03-10 16:29:37,661:INFO: - Found new best accuracy
2018-03-10 16:29:37,662:INFO: Epoch 6/30
2018-03-10 16:30:35,708:INFO: - Train metrics: accuracy: 0.697 ; loss: 0.657
2018-03-10 16:30:36,584:INFO: - Eval metrics : accuracy: 0.763 ; loss: 0.000
2018-03-10 16:30:36,610:INFO: - Found new best accuracy
2018-03-10 16:30:36,611:INFO: Epoch 7/30
2018-03-10 16:31:34,657:INFO: - Train metrics: accuracy: 0.762 ; loss: 0.590
2018-03-10 16:31:35,525:INFO: - Eval metrics : accuracy: 0.766 ; loss: 0.000
2018-03-10 16:31:35,557:INFO: - Found new best accuracy
2018-03-10 16:31:35,558:INFO: Epoch 8/30
2018-03-10 16:32:33,562:INFO: - Train metrics: accuracy: 0.760 ; loss: 0.578
2018-03-10 16:32:34,425:INFO: - Eval metrics : accuracy: 0.782 ; loss: 0.000
2018-03-10 16:32:34,458:INFO: - Found new best accuracy
2018-03-10 16:32:34,458:INFO: Epoch 9/30
2018-03-10 16:33:32,398:INFO: - Train metrics: accuracy: 0.758 ; loss: 0.570
2018-03-10 16:33:33,248:INFO: - Eval metrics : accuracy: 0.786 ; loss: 0.000
2018-03-10 16:33:33,283:INFO: - Found new best accuracy
2018-03-10 16:33:33,284:INFO: Epoch 10/30
2018-03-10 16:34:31,260:INFO: - Train metrics: accuracy: 0.750 ; loss: 0.598
2018-03-10 16:34:32,124:INFO: - Eval metrics : accuracy: 0.792 ; loss: 0.000
2018-03-10 16:34:32,160:INFO: - Found new best accuracy
2018-03-10 16:34:32,161:INFO: Epoch 11/30
2018-03-10 16:35:30,154:INFO: - Train metrics: accuracy: 0.783 ; loss: 0.545
2018-03-10 16:35:31,010:INFO: - Eval metrics : accuracy: 0.792 ; loss: 0.000
2018-03-10 16:35:31,036:INFO: - Found new best accuracy
2018-03-10 16:35:31,039:INFO: Epoch 12/30
2018-03-10 16:36:29,204:INFO: - Train metrics: accuracy: 0.818 ; loss: 0.525
2018-03-10 16:36:30,067:INFO: - Eval metrics : accuracy: 0.796 ; loss: 0.000
2018-03-10 16:36:30,095:INFO: - Found new best accuracy
2018-03-10 16:36:30,096:INFO: Epoch 13/30
2018-03-10 16:37:28,160:INFO: - Train metrics: accuracy: 0.799 ; loss: 0.559
2018-03-10 16:37:29,014:INFO: - Eval metrics : accuracy: 0.803 ; loss: 0.000
2018-03-10 16:37:29,041:INFO: - Found new best accuracy
2018-03-10 16:37:29,042:INFO: Epoch 14/30
2018-03-10 16:38:27,091:INFO: - Train metrics: accuracy: 0.773 ; loss: 0.552
2018-03-10 16:38:27,977:INFO: - Eval metrics : accuracy: 0.813 ; loss: 0.000
2018-03-10 16:38:28,014:INFO: - Found new best accuracy
2018-03-10 16:38:28,015:INFO: Epoch 15/30
2018-03-10 16:39:25,971:INFO: - Train metrics: accuracy: 0.789 ; loss: 0.535
2018-03-10 16:39:26,853:INFO: - Eval metrics : accuracy: 0.807 ; loss: 0.000
2018-03-10 16:39:26,871:INFO: Epoch 16/30
2018-03-10 16:40:24,837:INFO: - Train metrics: accuracy: 0.797 ; loss: 0.540
2018-03-10 16:40:25,707:INFO: - Eval metrics : accuracy: 0.816 ; loss: 0.000
2018-03-10 16:40:25,734:INFO: - Found new best accuracy
2018-03-10 16:40:25,735:INFO: Epoch 17/30
2018-03-10 16:41:23,695:INFO: - Train metrics: accuracy: 0.830 ; loss: 0.477
2018-03-10 16:41:24,558:INFO: - Eval metrics : accuracy: 0.814 ; loss: 0.000
2018-03-10 16:41:24,575:INFO: Epoch 18/30
2018-03-10 16:42:22,553:INFO: - Train metrics: accuracy: 0.820 ; loss: 0.504
2018-03-10 16:42:23,394:INFO: - Eval metrics : accuracy: 0.823 ; loss: 0.000
2018-03-10 16:42:23,428:INFO: - Found new best accuracy
2018-03-10 16:42:23,429:INFO: Epoch 19/30
2018-03-10 16:43:21,305:INFO: - Train metrics: accuracy: 0.805 ; loss: 0.538
2018-03-10 16:43:22,197:INFO: - Eval metrics : accuracy: 0.809 ; loss: 0.000
2018-03-10 16:43:22,209:INFO: Epoch 20/30
2018-03-10 16:44:20,102:INFO: - Train metrics: accuracy: 0.830 ; loss: 0.525
2018-03-10 16:44:20,976:INFO: - Eval metrics : accuracy: 0.826 ; loss: 0.000
2018-03-10 16:44:21,007:INFO: - Found new best accuracy
2018-03-10 16:44:21,008:INFO: Epoch 21/30
2018-03-10 16:45:18,858:INFO: - Train metrics: accuracy: 0.803 ; loss: 0.529
2018-03-10 16:45:19,731:INFO: - Eval metrics : accuracy: 0.818 ; loss: 0.000
2018-03-10 16:45:19,746:INFO: Epoch 22/30
2018-03-10 16:46:17,698:INFO: - Train metrics: accuracy: 0.832 ; loss: 0.524
2018-03-10 16:46:18,594:INFO: - Eval metrics : accuracy: 0.826 ; loss: 0.000
2018-03-10 16:46:18,621:INFO: - Found new best accuracy
2018-03-10 16:46:18,622:INFO: Epoch 23/30
2018-03-10 16:47:16,607:INFO: - Train metrics: accuracy: 0.826 ; loss: 0.509
2018-03-10 16:47:17,495:INFO: - Eval metrics : accuracy: 0.815 ; loss: 0.000
2018-03-10 16:47:17,511:INFO: Epoch 24/30
2018-03-10 16:48:15,417:INFO: - Train metrics: accuracy: 0.812 ; loss: 0.510
2018-03-10 16:48:16,296:INFO: - Eval metrics : accuracy: 0.822 ; loss: 0.000
2018-03-10 16:48:16,320:INFO: Epoch 25/30
2018-03-10 16:49:14,258:INFO: - Train metrics: accuracy: 0.812 ; loss: 0.543
2018-03-10 16:49:15,136:INFO: - Eval metrics : accuracy: 0.821 ; loss: 0.000
2018-03-10 16:49:15,163:INFO: Epoch 26/30
2018-03-10 16:50:13,270:INFO: - Train metrics: accuracy: 0.811 ; loss: 0.515
2018-03-10 16:50:14,135:INFO: - Eval metrics : accuracy: 0.832 ; loss: 0.000
2018-03-10 16:50:14,164:INFO: - Found new best accuracy
2018-03-10 16:50:14,165:INFO: Epoch 27/30
2018-03-10 16:51:12,367:INFO: - Train metrics: accuracy: 0.854 ; loss: 0.465
2018-03-10 16:51:13,247:INFO: - Eval metrics : accuracy: 0.826 ; loss: 0.000
2018-03-10 16:51:13,271:INFO: Epoch 28/30
2018-03-10 16:52:11,372:INFO: - Train metrics: accuracy: 0.828 ; loss: 0.520
2018-03-10 16:52:12,206:INFO: - Eval metrics : accuracy: 0.832 ; loss: 0.000
2018-03-10 16:52:12,221:INFO: Epoch 29/30
2018-03-10 16:53:10,365:INFO: - Train metrics: accuracy: 0.834 ; loss: 0.517
2018-03-10 16:53:11,225:INFO: - Eval metrics : accuracy: 0.828 ; loss: 0.000
2018-03-10 16:53:11,252:INFO: Epoch 30/30
2018-03-10 16:54:09,232:INFO: - Train metrics: accuracy: 0.818 ; loss: 0.534
2018-03-10 16:54:10,101:INFO: - Eval metrics : accuracy: 0.824 ; loss: 0.000
