2018-03-14 21:29:51,046:INFO: Loading the datasets...
2018-03-14 21:29:54,673:INFO: - done.
2018-03-14 21:29:57,228:INFO: Experiment - model version: cnn_distill
2018-03-14 21:29:57,228:INFO: Starting training for 30 epoch(s)
2018-03-14 21:29:57,228:INFO: First, loading the teacher model and computing its outputs...
2018-03-14 21:30:46,485:INFO: - Finished computing teacher outputs after 50 secs..
2018-03-14 21:30:46,486:INFO: Epoch 1/30
2018-03-14 21:30:54,243:INFO: - Train metrics: accuracy: 0.490 ; loss: 1.386
2018-03-14 21:30:55,088:INFO: - Eval metrics : accuracy: 0.674 ; loss: 0.000
2018-03-14 21:30:55,106:INFO: - Found new best accuracy
2018-03-14 21:30:55,106:INFO: Epoch 2/30
2018-03-14 21:31:02,826:INFO: - Train metrics: accuracy: 0.713 ; loss: 0.878
2018-03-14 21:31:03,692:INFO: - Eval metrics : accuracy: 0.740 ; loss: 0.000
2018-03-14 21:31:03,721:INFO: - Found new best accuracy
2018-03-14 21:31:03,721:INFO: Epoch 3/30
2018-03-14 21:31:11,432:INFO: - Train metrics: accuracy: 0.773 ; loss: 0.710
2018-03-14 21:31:12,290:INFO: - Eval metrics : accuracy: 0.758 ; loss: 0.000
2018-03-14 21:31:12,327:INFO: - Found new best accuracy
2018-03-14 21:31:12,327:INFO: Epoch 4/30
2018-03-14 21:31:20,028:INFO: - Train metrics: accuracy: 0.830 ; loss: 0.544
2018-03-14 21:31:20,882:INFO: - Eval metrics : accuracy: 0.764 ; loss: 0.000
2018-03-14 21:31:20,912:INFO: - Found new best accuracy
2018-03-14 21:31:20,913:INFO: Epoch 5/30
2018-03-14 21:31:28,652:INFO: - Train metrics: accuracy: 0.859 ; loss: 0.471
2018-03-14 21:31:29,518:INFO: - Eval metrics : accuracy: 0.778 ; loss: 0.000
2018-03-14 21:31:29,559:INFO: - Found new best accuracy
2018-03-14 21:31:29,559:INFO: Epoch 6/30
2018-03-14 21:31:37,305:INFO: - Train metrics: accuracy: 0.904 ; loss: 0.409
2018-03-14 21:31:38,177:INFO: - Eval metrics : accuracy: 0.768 ; loss: 0.000
2018-03-14 21:31:38,201:INFO: Epoch 7/30
2018-03-14 21:31:45,905:INFO: - Train metrics: accuracy: 0.941 ; loss: 0.330
2018-03-14 21:31:46,759:INFO: - Eval metrics : accuracy: 0.784 ; loss: 0.000
2018-03-14 21:31:46,788:INFO: - Found new best accuracy
2018-03-14 21:31:46,789:INFO: Epoch 8/30
2018-03-14 21:31:54,479:INFO: - Train metrics: accuracy: 0.928 ; loss: 0.321
2018-03-14 21:31:55,338:INFO: - Eval metrics : accuracy: 0.779 ; loss: 0.000
2018-03-14 21:31:55,357:INFO: Epoch 9/30
2018-03-14 21:32:03,067:INFO: - Train metrics: accuracy: 0.947 ; loss: 0.288
2018-03-14 21:32:03,939:INFO: - Eval metrics : accuracy: 0.773 ; loss: 0.000
2018-03-14 21:32:03,965:INFO: Epoch 10/30
2018-03-14 21:32:11,671:INFO: - Train metrics: accuracy: 0.971 ; loss: 0.234
2018-03-14 21:32:12,509:INFO: - Eval metrics : accuracy: 0.768 ; loss: 0.000
2018-03-14 21:32:12,537:INFO: Epoch 11/30
2018-03-14 21:32:20,240:INFO: - Train metrics: accuracy: 0.992 ; loss: 0.179
2018-03-14 21:32:21,092:INFO: - Eval metrics : accuracy: 0.761 ; loss: 0.000
2018-03-14 21:32:21,109:INFO: Epoch 12/30
2018-03-14 21:32:28,820:INFO: - Train metrics: accuracy: 0.990 ; loss: 0.177
2018-03-14 21:32:29,653:INFO: - Eval metrics : accuracy: 0.777 ; loss: 0.000
2018-03-14 21:32:29,670:INFO: Epoch 13/30
2018-03-14 21:32:37,374:INFO: - Train metrics: accuracy: 0.990 ; loss: 0.165
2018-03-14 21:32:38,227:INFO: - Eval metrics : accuracy: 0.771 ; loss: 0.000
2018-03-14 21:32:38,243:INFO: Epoch 14/30
2018-03-14 21:32:45,960:INFO: - Train metrics: accuracy: 0.990 ; loss: 0.154
2018-03-14 21:32:46,815:INFO: - Eval metrics : accuracy: 0.778 ; loss: 0.000
2018-03-14 21:32:46,828:INFO: Epoch 15/30
2018-03-14 21:32:54,543:INFO: - Train metrics: accuracy: 0.996 ; loss: 0.164
2018-03-14 21:32:55,392:INFO: - Eval metrics : accuracy: 0.763 ; loss: 0.000
2018-03-14 21:32:55,417:INFO: Epoch 16/30
2018-03-14 21:33:03,125:INFO: - Train metrics: accuracy: 0.994 ; loss: 0.149
2018-03-14 21:33:03,981:INFO: - Eval metrics : accuracy: 0.770 ; loss: 0.000
2018-03-14 21:33:03,996:INFO: Epoch 17/30
2018-03-14 21:33:11,729:INFO: - Train metrics: accuracy: 1.000 ; loss: 0.141
2018-03-14 21:33:12,589:INFO: - Eval metrics : accuracy: 0.774 ; loss: 0.000
2018-03-14 21:33:12,617:INFO: Epoch 18/30
2018-03-14 21:33:20,387:INFO: - Train metrics: accuracy: 1.000 ; loss: 0.137
2018-03-14 21:33:21,282:INFO: - Eval metrics : accuracy: 0.766 ; loss: 0.000
2018-03-14 21:33:21,306:INFO: Epoch 19/30
2018-03-14 21:33:29,168:INFO: - Train metrics: accuracy: 0.996 ; loss: 0.137
2018-03-14 21:33:30,030:INFO: - Eval metrics : accuracy: 0.766 ; loss: 0.000
2018-03-14 21:33:30,057:INFO: Epoch 20/30
2018-03-14 21:33:37,801:INFO: - Train metrics: accuracy: 1.000 ; loss: 0.137
2018-03-14 21:33:38,658:INFO: - Eval metrics : accuracy: 0.761 ; loss: 0.000
2018-03-14 21:33:38,681:INFO: Epoch 21/30
2018-03-14 21:33:46,426:INFO: - Train metrics: accuracy: 0.998 ; loss: 0.135
2018-03-14 21:33:47,280:INFO: - Eval metrics : accuracy: 0.768 ; loss: 0.000
2018-03-14 21:33:47,300:INFO: Epoch 22/30
2018-03-14 21:33:55,050:INFO: - Train metrics: accuracy: 0.998 ; loss: 0.129
2018-03-14 21:33:55,896:INFO: - Eval metrics : accuracy: 0.769 ; loss: 0.000
2018-03-14 21:33:55,921:INFO: Epoch 23/30
2018-03-14 21:34:03,667:INFO: - Train metrics: accuracy: 1.000 ; loss: 0.130
2018-03-14 21:34:04,534:INFO: - Eval metrics : accuracy: 0.777 ; loss: 0.000
2018-03-14 21:34:04,549:INFO: Epoch 24/30
2018-03-14 21:34:12,293:INFO: - Train metrics: accuracy: 0.994 ; loss: 0.131
2018-03-14 21:34:13,155:INFO: - Eval metrics : accuracy: 0.766 ; loss: 0.000
2018-03-14 21:34:13,181:INFO: Epoch 25/30
2018-03-14 21:34:20,931:INFO: - Train metrics: accuracy: 1.000 ; loss: 0.129
2018-03-14 21:34:21,777:INFO: - Eval metrics : accuracy: 0.770 ; loss: 0.000
2018-03-14 21:34:21,792:INFO: Epoch 26/30
2018-03-14 21:34:29,541:INFO: - Train metrics: accuracy: 0.998 ; loss: 0.124
2018-03-14 21:34:30,378:INFO: - Eval metrics : accuracy: 0.769 ; loss: 0.000
2018-03-14 21:34:30,393:INFO: Epoch 27/30
2018-03-14 21:34:38,128:INFO: - Train metrics: accuracy: 1.000 ; loss: 0.123
2018-03-14 21:34:38,986:INFO: - Eval metrics : accuracy: 0.766 ; loss: 0.000
2018-03-14 21:34:38,998:INFO: Epoch 28/30
2018-03-14 21:34:46,726:INFO: - Train metrics: accuracy: 1.000 ; loss: 0.119
2018-03-14 21:34:47,561:INFO: - Eval metrics : accuracy: 0.773 ; loss: 0.000
2018-03-14 21:34:47,576:INFO: Epoch 29/30
2018-03-14 21:34:55,323:INFO: - Train metrics: accuracy: 1.000 ; loss: 0.120
2018-03-14 21:34:56,182:INFO: - Eval metrics : accuracy: 0.763 ; loss: 0.000
2018-03-14 21:34:56,198:INFO: Epoch 30/30
2018-03-14 21:35:03,931:INFO: - Train metrics: accuracy: 0.994 ; loss: 0.133
2018-03-14 21:35:04,786:INFO: - Eval metrics : accuracy: 0.772 ; loss: 0.000
