2018-03-14 18:13:13,760:INFO: Loading the datasets...
2018-03-14 18:13:17,384:INFO: - done.
2018-03-14 18:13:19,946:INFO: Experiment - model version: cnn_distill
2018-03-14 18:13:19,947:INFO: Starting training for 30 epoch(s)
2018-03-14 18:13:19,947:INFO: First, loading the teacher model and computing its outputs...
2018-03-14 18:14:09,451:INFO: - Finished computing teacher outputs after 50 secs..
2018-03-14 18:14:09,452:INFO: Epoch 1/30
2018-03-14 18:14:17,220:INFO: - Train metrics: accuracy: 0.498 ; loss: 1.654
2018-03-14 18:14:18,081:INFO: - Eval metrics : accuracy: 0.686 ; loss: 0.000
2018-03-14 18:14:18,099:INFO: - Found new best accuracy
2018-03-14 18:14:18,100:INFO: Epoch 2/30
2018-03-14 18:14:25,874:INFO: - Train metrics: accuracy: 0.723 ; loss: 1.659
2018-03-14 18:14:26,711:INFO: - Eval metrics : accuracy: 0.728 ; loss: 0.000
2018-03-14 18:14:26,737:INFO: - Found new best accuracy
2018-03-14 18:14:26,738:INFO: Epoch 3/30
2018-03-14 18:14:34,499:INFO: - Train metrics: accuracy: 0.771 ; loss: 1.653
2018-03-14 18:14:35,340:INFO: - Eval metrics : accuracy: 0.759 ; loss: 0.000
2018-03-14 18:14:35,372:INFO: - Found new best accuracy
2018-03-14 18:14:35,372:INFO: Epoch 4/30
2018-03-14 18:14:43,143:INFO: - Train metrics: accuracy: 0.820 ; loss: 1.661
2018-03-14 18:14:43,999:INFO: - Eval metrics : accuracy: 0.769 ; loss: 0.000
2018-03-14 18:14:44,029:INFO: - Found new best accuracy
2018-03-14 18:14:44,030:INFO: Epoch 5/30
2018-03-14 18:14:51,789:INFO: - Train metrics: accuracy: 0.867 ; loss: 1.670
2018-03-14 18:14:52,633:INFO: - Eval metrics : accuracy: 0.769 ; loss: 0.000
2018-03-14 18:14:52,648:INFO: Epoch 6/30
2018-03-14 18:15:00,434:INFO: - Train metrics: accuracy: 0.889 ; loss: 1.719
2018-03-14 18:15:01,275:INFO: - Eval metrics : accuracy: 0.774 ; loss: 0.000
2018-03-14 18:15:01,308:INFO: - Found new best accuracy
2018-03-14 18:15:01,309:INFO: Epoch 7/30
2018-03-14 18:15:09,082:INFO: - Train metrics: accuracy: 0.914 ; loss: 1.676
2018-03-14 18:15:09,943:INFO: - Eval metrics : accuracy: 0.775 ; loss: 0.000
2018-03-14 18:15:09,972:INFO: - Found new best accuracy
2018-03-14 18:15:09,973:INFO: Epoch 8/30
2018-03-14 18:15:17,772:INFO: - Train metrics: accuracy: 0.938 ; loss: 1.681
2018-03-14 18:15:18,606:INFO: - Eval metrics : accuracy: 0.775 ; loss: 0.000
2018-03-14 18:15:18,633:INFO: Epoch 9/30
2018-03-14 18:15:26,400:INFO: - Train metrics: accuracy: 0.947 ; loss: 1.688
2018-03-14 18:15:27,278:INFO: - Eval metrics : accuracy: 0.776 ; loss: 0.000
2018-03-14 18:15:27,313:INFO: - Found new best accuracy
2018-03-14 18:15:27,314:INFO: Epoch 10/30
2018-03-14 18:15:35,074:INFO: - Train metrics: accuracy: 0.963 ; loss: 1.696
2018-03-14 18:15:35,942:INFO: - Eval metrics : accuracy: 0.771 ; loss: 0.000
2018-03-14 18:15:35,969:INFO: Epoch 11/30
2018-03-14 18:15:43,745:INFO: - Train metrics: accuracy: 0.973 ; loss: 1.724
2018-03-14 18:15:44,569:INFO: - Eval metrics : accuracy: 0.777 ; loss: 0.000
2018-03-14 18:15:44,597:INFO: - Found new best accuracy
2018-03-14 18:15:44,599:INFO: Epoch 12/30
2018-03-14 18:15:52,339:INFO: - Train metrics: accuracy: 0.967 ; loss: 1.690
2018-03-14 18:15:53,190:INFO: - Eval metrics : accuracy: 0.773 ; loss: 0.000
2018-03-14 18:15:53,209:INFO: Epoch 13/30
2018-03-14 18:16:00,990:INFO: - Train metrics: accuracy: 0.988 ; loss: 1.693
2018-03-14 18:16:01,853:INFO: - Eval metrics : accuracy: 0.773 ; loss: 0.000
2018-03-14 18:16:01,881:INFO: Epoch 14/30
2018-03-14 18:16:09,648:INFO: - Train metrics: accuracy: 0.977 ; loss: 1.686
2018-03-14 18:16:10,504:INFO: - Eval metrics : accuracy: 0.775 ; loss: 0.000
2018-03-14 18:16:10,516:INFO: Epoch 15/30
2018-03-14 18:16:18,295:INFO: - Train metrics: accuracy: 0.979 ; loss: 1.676
2018-03-14 18:16:19,133:INFO: - Eval metrics : accuracy: 0.773 ; loss: 0.000
2018-03-14 18:16:19,167:INFO: Epoch 16/30
2018-03-14 18:16:26,929:INFO: - Train metrics: accuracy: 0.992 ; loss: 1.712
2018-03-14 18:16:27,769:INFO: - Eval metrics : accuracy: 0.776 ; loss: 0.000
2018-03-14 18:16:27,785:INFO: Epoch 17/30
2018-03-14 18:16:35,561:INFO: - Train metrics: accuracy: 0.996 ; loss: 1.664
2018-03-14 18:16:36,407:INFO: - Eval metrics : accuracy: 0.774 ; loss: 0.000
2018-03-14 18:16:36,433:INFO: Epoch 18/30
2018-03-14 18:16:44,199:INFO: - Train metrics: accuracy: 0.990 ; loss: 1.676
2018-03-14 18:16:45,049:INFO: - Eval metrics : accuracy: 0.775 ; loss: 0.000
2018-03-14 18:16:45,064:INFO: Epoch 19/30
2018-03-14 18:16:52,843:INFO: - Train metrics: accuracy: 0.994 ; loss: 1.659
2018-03-14 18:16:53,717:INFO: - Eval metrics : accuracy: 0.773 ; loss: 0.000
2018-03-14 18:16:53,735:INFO: Epoch 20/30
2018-03-14 18:17:01,529:INFO: - Train metrics: accuracy: 0.998 ; loss: 1.692
2018-03-14 18:17:02,417:INFO: - Eval metrics : accuracy: 0.772 ; loss: 0.000
2018-03-14 18:17:02,445:INFO: Epoch 21/30
2018-03-14 18:17:10,255:INFO: - Train metrics: accuracy: 0.992 ; loss: 1.690
2018-03-14 18:17:11,110:INFO: - Eval metrics : accuracy: 0.768 ; loss: 0.000
2018-03-14 18:17:11,123:INFO: Epoch 22/30
2018-03-14 18:17:18,917:INFO: - Train metrics: accuracy: 0.992 ; loss: 1.690
2018-03-14 18:17:19,789:INFO: - Eval metrics : accuracy: 0.774 ; loss: 0.000
2018-03-14 18:17:19,824:INFO: Epoch 23/30
2018-03-14 18:17:27,606:INFO: - Train metrics: accuracy: 0.996 ; loss: 1.700
2018-03-14 18:17:28,446:INFO: - Eval metrics : accuracy: 0.770 ; loss: 0.000
2018-03-14 18:17:28,465:INFO: Epoch 24/30
2018-03-14 18:17:36,231:INFO: - Train metrics: accuracy: 0.996 ; loss: 1.691
2018-03-14 18:17:37,082:INFO: - Eval metrics : accuracy: 0.774 ; loss: 0.000
2018-03-14 18:17:37,098:INFO: Epoch 25/30
2018-03-14 18:17:44,885:INFO: - Train metrics: accuracy: 1.000 ; loss: 1.679
2018-03-14 18:17:45,735:INFO: - Eval metrics : accuracy: 0.775 ; loss: 0.000
2018-03-14 18:17:45,751:INFO: Epoch 26/30
2018-03-14 18:17:53,526:INFO: - Train metrics: accuracy: 0.996 ; loss: 1.681
2018-03-14 18:17:54,355:INFO: - Eval metrics : accuracy: 0.773 ; loss: 0.000
2018-03-14 18:17:54,370:INFO: Epoch 27/30
2018-03-14 18:18:02,143:INFO: - Train metrics: accuracy: 0.998 ; loss: 1.661
2018-03-14 18:18:02,973:INFO: - Eval metrics : accuracy: 0.768 ; loss: 0.000
2018-03-14 18:18:02,988:INFO: Epoch 28/30
2018-03-14 18:18:10,768:INFO: - Train metrics: accuracy: 0.996 ; loss: 1.662
2018-03-14 18:18:11,611:INFO: - Eval metrics : accuracy: 0.771 ; loss: 0.000
2018-03-14 18:18:11,637:INFO: Epoch 29/30
2018-03-14 18:18:19,418:INFO: - Train metrics: accuracy: 1.000 ; loss: 1.670
2018-03-14 18:18:20,265:INFO: - Eval metrics : accuracy: 0.772 ; loss: 0.000
2018-03-14 18:18:20,285:INFO: Epoch 30/30
2018-03-14 18:18:28,038:INFO: - Train metrics: accuracy: 1.000 ; loss: 1.701
2018-03-14 18:18:28,880:INFO: - Eval metrics : accuracy: 0.773 ; loss: 0.000
