2018-03-10 07:44:53,146:INFO: Loading the datasets...
2018-03-10 07:44:56,737:INFO: - done.
2018-03-10 07:44:59,039:INFO: Starting training for 30 epoch(s)
2018-03-10 07:44:59,040:INFO: Epoch 1/30
2018-03-10 07:45:07,874:INFO: - Train metrics: accuracy: 0.408 ; loss: 1.608
2018-03-10 07:45:08,696:INFO: - Eval metrics : accuracy: 0.558 ; loss: 1.251
2018-03-10 07:45:08,714:INFO: - Found new best accuracy
2018-03-10 07:45:08,715:INFO: Epoch 2/30
2018-03-10 07:45:16,775:INFO: - Train metrics: accuracy: 0.547 ; loss: 1.233
2018-03-10 07:45:17,600:INFO: - Eval metrics : accuracy: 0.645 ; loss: 1.004
2018-03-10 07:45:17,633:INFO: - Found new best accuracy
2018-03-10 07:45:17,634:INFO: Epoch 3/30
2018-03-10 07:45:25,763:INFO: - Train metrics: accuracy: 0.623 ; loss: 1.070
2018-03-10 07:45:26,607:INFO: - Eval metrics : accuracy: 0.678 ; loss: 0.906
2018-03-10 07:45:26,634:INFO: - Found new best accuracy
2018-03-10 07:45:26,635:INFO: Epoch 4/30
2018-03-10 07:45:34,716:INFO: - Train metrics: accuracy: 0.645 ; loss: 1.028
2018-03-10 07:45:35,534:INFO: - Eval metrics : accuracy: 0.721 ; loss: 0.800
2018-03-10 07:45:35,560:INFO: - Found new best accuracy
2018-03-10 07:45:35,562:INFO: Epoch 5/30
2018-03-10 07:45:43,637:INFO: - Train metrics: accuracy: 0.689 ; loss: 0.881
2018-03-10 07:45:44,478:INFO: - Eval metrics : accuracy: 0.731 ; loss: 0.770
2018-03-10 07:45:44,505:INFO: - Found new best accuracy
2018-03-10 07:45:44,506:INFO: Epoch 6/30
2018-03-10 07:45:52,667:INFO: - Train metrics: accuracy: 0.705 ; loss: 0.871
2018-03-10 07:45:53,483:INFO: - Eval metrics : accuracy: 0.725 ; loss: 0.802
2018-03-10 07:45:53,498:INFO: Epoch 7/30
2018-03-10 07:46:01,662:INFO: - Train metrics: accuracy: 0.695 ; loss: 0.850
2018-03-10 07:46:02,470:INFO: - Eval metrics : accuracy: 0.741 ; loss: 0.757
2018-03-10 07:46:02,496:INFO: - Found new best accuracy
2018-03-10 07:46:02,497:INFO: Epoch 8/30
2018-03-10 07:46:10,642:INFO: - Train metrics: accuracy: 0.742 ; loss: 0.774
2018-03-10 07:46:11,445:INFO: - Eval metrics : accuracy: 0.759 ; loss: 0.709
2018-03-10 07:46:11,471:INFO: - Found new best accuracy
2018-03-10 07:46:11,471:INFO: Epoch 9/30
2018-03-10 07:46:19,592:INFO: - Train metrics: accuracy: 0.756 ; loss: 0.713
2018-03-10 07:46:20,400:INFO: - Eval metrics : accuracy: 0.750 ; loss: 0.741
2018-03-10 07:46:20,419:INFO: Epoch 10/30
2018-03-10 07:46:28,505:INFO: - Train metrics: accuracy: 0.760 ; loss: 0.658
2018-03-10 07:46:29,310:INFO: - Eval metrics : accuracy: 0.776 ; loss: 0.640
2018-03-10 07:46:29,337:INFO: - Found new best accuracy
2018-03-10 07:46:29,338:INFO: Epoch 11/30
2018-03-10 07:46:37,466:INFO: - Train metrics: accuracy: 0.789 ; loss: 0.682
2018-03-10 07:46:38,278:INFO: - Eval metrics : accuracy: 0.788 ; loss: 0.619
2018-03-10 07:46:38,305:INFO: - Found new best accuracy
2018-03-10 07:46:38,306:INFO: Epoch 12/30
2018-03-10 07:46:46,445:INFO: - Train metrics: accuracy: 0.768 ; loss: 0.688
2018-03-10 07:46:47,253:INFO: - Eval metrics : accuracy: 0.772 ; loss: 0.658
2018-03-10 07:46:47,276:INFO: Epoch 13/30
2018-03-10 07:46:55,313:INFO: - Train metrics: accuracy: 0.762 ; loss: 0.663
2018-03-10 07:46:56,127:INFO: - Eval metrics : accuracy: 0.791 ; loss: 0.621
2018-03-10 07:46:56,155:INFO: - Found new best accuracy
2018-03-10 07:46:56,156:INFO: Epoch 14/30
2018-03-10 07:47:04,247:INFO: - Train metrics: accuracy: 0.754 ; loss: 0.683
2018-03-10 07:47:05,047:INFO: - Eval metrics : accuracy: 0.781 ; loss: 0.639
2018-03-10 07:47:05,063:INFO: Epoch 15/30
2018-03-10 07:47:13,096:INFO: - Train metrics: accuracy: 0.760 ; loss: 0.673
2018-03-10 07:47:13,912:INFO: - Eval metrics : accuracy: 0.774 ; loss: 0.661
2018-03-10 07:47:13,927:INFO: Epoch 16/30
2018-03-10 07:47:21,983:INFO: - Train metrics: accuracy: 0.762 ; loss: 0.659
2018-03-10 07:47:22,786:INFO: - Eval metrics : accuracy: 0.797 ; loss: 0.599
2018-03-10 07:47:22,813:INFO: - Found new best accuracy
2018-03-10 07:47:22,814:INFO: Epoch 17/30
2018-03-10 07:47:30,893:INFO: - Train metrics: accuracy: 0.775 ; loss: 0.627
2018-03-10 07:47:31,704:INFO: - Eval metrics : accuracy: 0.788 ; loss: 0.630
2018-03-10 07:47:31,718:INFO: Epoch 18/30
2018-03-10 07:47:39,744:INFO: - Train metrics: accuracy: 0.803 ; loss: 0.568
2018-03-10 07:47:40,545:INFO: - Eval metrics : accuracy: 0.797 ; loss: 0.600
2018-03-10 07:47:40,576:INFO: - Found new best accuracy
2018-03-10 07:47:40,577:INFO: Epoch 19/30
2018-03-10 07:47:48,657:INFO: - Train metrics: accuracy: 0.807 ; loss: 0.572
2018-03-10 07:47:49,496:INFO: - Eval metrics : accuracy: 0.809 ; loss: 0.552
2018-03-10 07:47:49,522:INFO: - Found new best accuracy
2018-03-10 07:47:49,523:INFO: Epoch 20/30
2018-03-10 07:47:57,659:INFO: - Train metrics: accuracy: 0.793 ; loss: 0.633
2018-03-10 07:47:58,501:INFO: - Eval metrics : accuracy: 0.799 ; loss: 0.594
2018-03-10 07:47:58,523:INFO: Epoch 21/30
2018-03-10 07:48:06,617:INFO: - Train metrics: accuracy: 0.781 ; loss: 0.642
2018-03-10 07:48:07,433:INFO: - Eval metrics : accuracy: 0.808 ; loss: 0.568
2018-03-10 07:48:07,449:INFO: Epoch 22/30
2018-03-10 07:48:15,582:INFO: - Train metrics: accuracy: 0.777 ; loss: 0.636
2018-03-10 07:48:16,392:INFO: - Eval metrics : accuracy: 0.810 ; loss: 0.560
2018-03-10 07:48:16,418:INFO: - Found new best accuracy
2018-03-10 07:48:16,419:INFO: Epoch 23/30
2018-03-10 07:48:24,521:INFO: - Train metrics: accuracy: 0.766 ; loss: 0.650
2018-03-10 07:48:25,335:INFO: - Eval metrics : accuracy: 0.815 ; loss: 0.554
2018-03-10 07:48:25,364:INFO: - Found new best accuracy
2018-03-10 07:48:25,365:INFO: Epoch 24/30
2018-03-10 07:48:33,459:INFO: - Train metrics: accuracy: 0.793 ; loss: 0.607
2018-03-10 07:48:34,281:INFO: - Eval metrics : accuracy: 0.806 ; loss: 0.568
2018-03-10 07:48:34,296:INFO: Epoch 25/30
2018-03-10 07:48:42,370:INFO: - Train metrics: accuracy: 0.816 ; loss: 0.583
2018-03-10 07:48:43,236:INFO: - Eval metrics : accuracy: 0.799 ; loss: 0.605
2018-03-10 07:48:43,252:INFO: Epoch 26/30
2018-03-10 07:48:51,369:INFO: - Train metrics: accuracy: 0.822 ; loss: 0.501
2018-03-10 07:48:52,164:INFO: - Eval metrics : accuracy: 0.818 ; loss: 0.536
2018-03-10 07:48:52,192:INFO: - Found new best accuracy
2018-03-10 07:48:52,192:INFO: Epoch 27/30
2018-03-10 07:49:00,303:INFO: - Train metrics: accuracy: 0.846 ; loss: 0.506
2018-03-10 07:49:01,093:INFO: - Eval metrics : accuracy: 0.825 ; loss: 0.519
2018-03-10 07:49:01,117:INFO: - Found new best accuracy
2018-03-10 07:49:01,118:INFO: Epoch 28/30
2018-03-10 07:49:09,219:INFO: - Train metrics: accuracy: 0.816 ; loss: 0.490
2018-03-10 07:49:10,039:INFO: - Eval metrics : accuracy: 0.815 ; loss: 0.546
2018-03-10 07:49:10,055:INFO: Epoch 29/30
2018-03-10 07:49:18,196:INFO: - Train metrics: accuracy: 0.811 ; loss: 0.557
2018-03-10 07:49:18,990:INFO: - Eval metrics : accuracy: 0.812 ; loss: 0.561
2018-03-10 07:49:19,005:INFO: Epoch 30/30
2018-03-10 07:49:27,028:INFO: - Train metrics: accuracy: 0.832 ; loss: 0.486
2018-03-10 07:49:27,841:INFO: - Eval metrics : accuracy: 0.813 ; loss: 0.545
