2018-03-14 17:06:04,602:INFO: Loading the datasets...
2018-03-14 17:06:09,128:INFO: - done.
2018-03-14 17:06:13,643:INFO: Experiment - model version: cnn_distill
2018-03-14 17:06:13,643:INFO: Starting training for 30 epoch(s)
2018-03-14 17:06:13,643:INFO: First, loading the teacher model and computing its outputs...
2018-03-14 17:07:03,833:INFO: - Finished computing teacher outputs after 51 secs..
2018-03-14 17:07:03,834:INFO: Epoch 1/30
2018-03-14 17:07:11,500:INFO: - Train metrics: accuracy: 0.496 ; loss: 1.132
2018-03-14 17:07:12,299:INFO: - Eval metrics : accuracy: 0.685 ; loss: 0.000
2018-03-14 17:07:12,317:INFO: - Found new best accuracy
2018-03-14 17:07:12,318:INFO: Epoch 2/30
2018-03-14 17:07:19,939:INFO: - Train metrics: accuracy: 0.711 ; loss: 1.196
2018-03-14 17:07:20,755:INFO: - Eval metrics : accuracy: 0.732 ; loss: 0.000
2018-03-14 17:07:20,783:INFO: - Found new best accuracy
2018-03-14 17:07:20,783:INFO: Epoch 3/30
2018-03-14 17:07:28,428:INFO: - Train metrics: accuracy: 0.764 ; loss: 1.233
2018-03-14 17:07:29,216:INFO: - Eval metrics : accuracy: 0.749 ; loss: 0.000
2018-03-14 17:07:29,248:INFO: - Found new best accuracy
2018-03-14 17:07:29,249:INFO: Epoch 4/30
2018-03-14 17:07:36,870:INFO: - Train metrics: accuracy: 0.809 ; loss: 1.259
2018-03-14 17:07:37,682:INFO: - Eval metrics : accuracy: 0.753 ; loss: 0.000
2018-03-14 17:07:37,711:INFO: - Found new best accuracy
2018-03-14 17:07:37,713:INFO: Epoch 5/30
2018-03-14 17:07:45,420:INFO: - Train metrics: accuracy: 0.885 ; loss: 1.274
2018-03-14 17:07:46,234:INFO: - Eval metrics : accuracy: 0.767 ; loss: 0.000
2018-03-14 17:07:46,264:INFO: - Found new best accuracy
2018-03-14 17:07:46,266:INFO: Epoch 6/30
2018-03-14 17:07:53,974:INFO: - Train metrics: accuracy: 0.898 ; loss: 1.366
2018-03-14 17:07:54,805:INFO: - Eval metrics : accuracy: 0.781 ; loss: 0.000
2018-03-14 17:07:54,842:INFO: - Found new best accuracy
2018-03-14 17:07:54,842:INFO: Epoch 7/30
2018-03-14 17:08:02,528:INFO: - Train metrics: accuracy: 0.932 ; loss: 1.329
2018-03-14 17:08:03,326:INFO: - Eval metrics : accuracy: 0.775 ; loss: 0.000
2018-03-14 17:08:03,346:INFO: Epoch 8/30
2018-03-14 17:08:11,065:INFO: - Train metrics: accuracy: 0.930 ; loss: 1.347
2018-03-14 17:08:11,868:INFO: - Eval metrics : accuracy: 0.768 ; loss: 0.000
2018-03-14 17:08:11,884:INFO: Epoch 9/30
2018-03-14 17:08:19,555:INFO: - Train metrics: accuracy: 0.961 ; loss: 1.350
2018-03-14 17:08:20,330:INFO: - Eval metrics : accuracy: 0.779 ; loss: 0.000
2018-03-14 17:08:20,350:INFO: Epoch 10/30
2018-03-14 17:08:28,318:INFO: - Train metrics: accuracy: 0.969 ; loss: 1.387
2018-03-14 17:08:29,125:INFO: - Eval metrics : accuracy: 0.762 ; loss: 0.000
2018-03-14 17:08:29,142:INFO: Epoch 11/30
2018-03-14 17:08:36,768:INFO: - Train metrics: accuracy: 0.990 ; loss: 1.406
2018-03-14 17:08:37,549:INFO: - Eval metrics : accuracy: 0.771 ; loss: 0.000
2018-03-14 17:08:37,565:INFO: Epoch 12/30
2018-03-14 17:08:45,225:INFO: - Train metrics: accuracy: 0.994 ; loss: 1.361
2018-03-14 17:08:46,015:INFO: - Eval metrics : accuracy: 0.774 ; loss: 0.000
2018-03-14 17:08:46,033:INFO: Epoch 13/30
2018-03-14 17:08:53,693:INFO: - Train metrics: accuracy: 0.988 ; loss: 1.375
2018-03-14 17:08:54,482:INFO: - Eval metrics : accuracy: 0.772 ; loss: 0.000
2018-03-14 17:08:54,499:INFO: Epoch 14/30
2018-03-14 17:09:02,164:INFO: - Train metrics: accuracy: 0.996 ; loss: 1.369
2018-03-14 17:09:02,963:INFO: - Eval metrics : accuracy: 0.774 ; loss: 0.000
2018-03-14 17:09:02,981:INFO: Epoch 15/30
2018-03-14 17:09:10,635:INFO: - Train metrics: accuracy: 0.994 ; loss: 1.339
2018-03-14 17:09:11,426:INFO: - Eval metrics : accuracy: 0.776 ; loss: 0.000
2018-03-14 17:09:11,442:INFO: Epoch 16/30
2018-03-14 17:09:19,172:INFO: - Train metrics: accuracy: 1.000 ; loss: 1.376
2018-03-14 17:09:19,984:INFO: - Eval metrics : accuracy: 0.774 ; loss: 0.000
2018-03-14 17:09:20,000:INFO: Epoch 17/30
2018-03-14 17:09:28,092:INFO: - Train metrics: accuracy: 0.998 ; loss: 1.330
2018-03-14 17:09:28,913:INFO: - Eval metrics : accuracy: 0.774 ; loss: 0.000
2018-03-14 17:09:28,931:INFO: Epoch 18/30
2018-03-14 17:09:36,656:INFO: - Train metrics: accuracy: 1.000 ; loss: 1.319
2018-03-14 17:09:37,462:INFO: - Eval metrics : accuracy: 0.770 ; loss: 0.000
2018-03-14 17:09:37,479:INFO: Epoch 19/30
2018-03-14 17:09:45,201:INFO: - Train metrics: accuracy: 1.000 ; loss: 1.301
2018-03-14 17:09:46,055:INFO: - Eval metrics : accuracy: 0.769 ; loss: 0.000
2018-03-14 17:09:46,072:INFO: Epoch 20/30
2018-03-14 17:09:53,786:INFO: - Train metrics: accuracy: 0.998 ; loss: 1.332
2018-03-14 17:09:54,564:INFO: - Eval metrics : accuracy: 0.764 ; loss: 0.000
2018-03-14 17:09:54,581:INFO: Epoch 21/30
2018-03-14 17:10:02,263:INFO: - Train metrics: accuracy: 0.996 ; loss: 1.333
2018-03-14 17:10:03,069:INFO: - Eval metrics : accuracy: 0.766 ; loss: 0.000
2018-03-14 17:10:03,085:INFO: Epoch 22/30
2018-03-14 17:10:11,145:INFO: - Train metrics: accuracy: 1.000 ; loss: 1.336
2018-03-14 17:10:11,947:INFO: - Eval metrics : accuracy: 0.779 ; loss: 0.000
2018-03-14 17:10:11,963:INFO: Epoch 23/30
2018-03-14 17:10:19,673:INFO: - Train metrics: accuracy: 1.000 ; loss: 1.327
2018-03-14 17:10:20,481:INFO: - Eval metrics : accuracy: 0.779 ; loss: 0.000
2018-03-14 17:10:20,498:INFO: Epoch 24/30
2018-03-14 17:10:28,192:INFO: - Train metrics: accuracy: 0.996 ; loss: 1.312
2018-03-14 17:10:29,000:INFO: - Eval metrics : accuracy: 0.775 ; loss: 0.000
2018-03-14 17:10:29,013:INFO: Epoch 25/30
2018-03-14 17:10:36,684:INFO: - Train metrics: accuracy: 1.000 ; loss: 1.310
2018-03-14 17:10:37,494:INFO: - Eval metrics : accuracy: 0.770 ; loss: 0.000
2018-03-14 17:10:37,510:INFO: Epoch 26/30
2018-03-14 17:10:45,235:INFO: - Train metrics: accuracy: 1.000 ; loss: 1.312
2018-03-14 17:10:46,050:INFO: - Eval metrics : accuracy: 0.775 ; loss: 0.000
2018-03-14 17:10:46,073:INFO: Epoch 27/30
2018-03-14 17:10:53,815:INFO: - Train metrics: accuracy: 1.000 ; loss: 1.296
2018-03-14 17:10:54,616:INFO: - Eval metrics : accuracy: 0.772 ; loss: 0.000
2018-03-14 17:10:54,632:INFO: Epoch 28/30
2018-03-14 17:11:02,348:INFO: - Train metrics: accuracy: 1.000 ; loss: 1.291
2018-03-14 17:11:03,171:INFO: - Eval metrics : accuracy: 0.772 ; loss: 0.000
2018-03-14 17:11:03,191:INFO: Epoch 29/30
2018-03-14 17:11:10,967:INFO: - Train metrics: accuracy: 1.000 ; loss: 1.290
2018-03-14 17:11:11,785:INFO: - Eval metrics : accuracy: 0.777 ; loss: 0.000
2018-03-14 17:11:11,803:INFO: Epoch 30/30
2018-03-14 17:11:19,532:INFO: - Train metrics: accuracy: 1.000 ; loss: 1.323
2018-03-14 17:11:20,355:INFO: - Eval metrics : accuracy: 0.760 ; loss: 0.000
