2018-03-11 05:13:24,985:INFO: Loading the datasets...
2018-03-11 05:14:27,082:INFO: Loading the datasets...
2018-03-11 05:14:30,701:INFO: - done.
2018-03-11 05:14:33,243:INFO: Starting training for 30 epoch(s)
2018-03-11 05:14:33,243:INFO: First, loading the teacher model and computing its outputs...
2018-03-11 05:14:48,685:INFO: - Finished computing teacher outputs after 16 secs..
2018-03-11 05:14:48,685:INFO: Epoch 1/30
2018-03-11 05:14:51,299:INFO: - Train metrics: accuracy: 0.254 ; loss: 1.456
2018-03-11 05:14:52,152:INFO: - Eval metrics : accuracy: 0.470 ; loss: 0.000
2018-03-11 05:14:52,167:INFO: - Found new best accuracy
2018-03-11 05:14:52,168:INFO: Epoch 2/30
2018-03-11 05:14:54,759:INFO: - Train metrics: accuracy: 0.480 ; loss: 1.481
2018-03-11 05:14:55,622:INFO: - Eval metrics : accuracy: 0.577 ; loss: 0.000
2018-03-11 05:14:55,653:INFO: - Found new best accuracy
2018-03-11 05:14:55,654:INFO: Epoch 3/30
2018-03-11 05:14:58,241:INFO: - Train metrics: accuracy: 0.570 ; loss: 1.503
2018-03-11 05:14:59,128:INFO: - Eval metrics : accuracy: 0.610 ; loss: 0.000
2018-03-11 05:14:59,157:INFO: - Found new best accuracy
2018-03-11 05:14:59,158:INFO: Epoch 4/30
2018-03-11 05:15:01,740:INFO: - Train metrics: accuracy: 0.566 ; loss: 1.515
2018-03-11 05:15:02,614:INFO: - Eval metrics : accuracy: 0.641 ; loss: 0.000
2018-03-11 05:15:02,646:INFO: - Found new best accuracy
2018-03-11 05:15:02,646:INFO: Epoch 5/30
2018-03-11 05:15:05,232:INFO: - Train metrics: accuracy: 0.672 ; loss: 1.507
2018-03-11 05:15:06,125:INFO: - Eval metrics : accuracy: 0.650 ; loss: 0.000
2018-03-11 05:15:06,160:INFO: - Found new best accuracy
2018-03-11 05:15:06,161:INFO: Epoch 6/30
2018-03-11 05:15:08,718:INFO: - Train metrics: accuracy: 0.574 ; loss: 1.500
2018-03-11 05:15:09,578:INFO: - Eval metrics : accuracy: 0.682 ; loss: 0.000
2018-03-11 05:15:09,613:INFO: - Found new best accuracy
2018-03-11 05:15:09,614:INFO: Epoch 7/30
2018-03-11 05:15:12,260:INFO: - Train metrics: accuracy: 0.637 ; loss: 1.527
2018-03-11 05:15:13,120:INFO: - Eval metrics : accuracy: 0.697 ; loss: 0.000
2018-03-11 05:15:13,147:INFO: - Found new best accuracy
2018-03-11 05:15:13,148:INFO: Epoch 8/30
2018-03-11 05:15:15,735:INFO: - Train metrics: accuracy: 0.660 ; loss: 1.486
2018-03-11 05:15:16,612:INFO: - Eval metrics : accuracy: 0.697 ; loss: 0.000
2018-03-11 05:15:16,639:INFO: Epoch 9/30
2018-03-11 05:15:19,258:INFO: - Train metrics: accuracy: 0.711 ; loss: 1.506
2018-03-11 05:15:20,117:INFO: - Eval metrics : accuracy: 0.720 ; loss: 0.000
2018-03-11 05:15:20,144:INFO: - Found new best accuracy
2018-03-11 05:15:20,145:INFO: Epoch 10/30
2018-03-11 05:15:22,739:INFO: - Train metrics: accuracy: 0.676 ; loss: 1.499
2018-03-11 05:15:23,615:INFO: - Eval metrics : accuracy: 0.719 ; loss: 0.000
2018-03-11 05:15:23,629:INFO: Epoch 11/30
2018-03-11 05:15:26,214:INFO: - Train metrics: accuracy: 0.656 ; loss: 1.570
2018-03-11 05:15:27,073:INFO: - Eval metrics : accuracy: 0.730 ; loss: 0.000
2018-03-11 05:15:27,099:INFO: - Found new best accuracy
2018-03-11 05:15:27,100:INFO: Epoch 12/30
2018-03-11 05:15:29,706:INFO: - Train metrics: accuracy: 0.691 ; loss: 1.478
2018-03-11 05:15:30,549:INFO: - Eval metrics : accuracy: 0.730 ; loss: 0.000
2018-03-11 05:15:30,579:INFO: - Found new best accuracy
2018-03-11 05:15:30,580:INFO: Epoch 13/30
2018-03-11 05:15:33,202:INFO: - Train metrics: accuracy: 0.730 ; loss: 1.533
2018-03-11 05:15:34,078:INFO: - Eval metrics : accuracy: 0.741 ; loss: 0.000
2018-03-11 05:15:34,106:INFO: - Found new best accuracy
2018-03-11 05:15:34,107:INFO: Epoch 14/30
2018-03-11 05:15:36,710:INFO: - Train metrics: accuracy: 0.711 ; loss: 1.461
2018-03-11 05:15:37,576:INFO: - Eval metrics : accuracy: 0.741 ; loss: 0.000
2018-03-11 05:15:37,607:INFO: - Found new best accuracy
2018-03-11 05:15:37,607:INFO: Epoch 15/30
2018-03-11 05:15:40,202:INFO: - Train metrics: accuracy: 0.707 ; loss: 1.509
2018-03-11 05:15:41,072:INFO: - Eval metrics : accuracy: 0.744 ; loss: 0.000
2018-03-11 05:15:41,108:INFO: - Found new best accuracy
2018-03-11 05:15:41,109:INFO: Epoch 16/30
2018-03-11 05:15:43,756:INFO: - Train metrics: accuracy: 0.766 ; loss: 1.494
2018-03-11 05:35:55,871:INFO: Loading the datasets...
2018-03-11 05:35:59,470:INFO: - done.
2018-03-11 05:36:02,002:INFO: Starting training for 50 epoch(s)
2018-03-11 05:36:02,003:INFO: First, loading the teacher model and computing its outputs...
2018-03-11 05:36:05,329:INFO: - Finished computing teacher outputs after 4 secs..
2018-03-11 05:36:05,330:INFO: Epoch 1/50
2018-03-11 05:36:05,913:INFO: - Train metrics: accuracy: 0.086 ; loss: 1.421
2018-03-11 05:36:06,777:INFO: - Eval metrics : accuracy: 0.118 ; loss: 0.000
2018-03-11 05:36:06,807:INFO: - Found new best accuracy
2018-03-11 05:36:06,808:INFO: Epoch 2/50
2018-03-11 05:36:07,388:INFO: - Train metrics: accuracy: 0.266 ; loss: 1.416
2018-03-11 05:36:08,236:INFO: - Eval metrics : accuracy: 0.313 ; loss: 0.000
2018-03-11 05:36:08,269:INFO: - Found new best accuracy
2018-03-11 05:36:08,270:INFO: Epoch 3/50
2018-03-11 05:36:08,831:INFO: - Train metrics: accuracy: 0.352 ; loss: 1.435
2018-03-11 05:36:09,691:INFO: - Eval metrics : accuracy: 0.438 ; loss: 0.000
2018-03-11 05:36:09,726:INFO: - Found new best accuracy
2018-03-11 05:36:09,727:INFO: Epoch 4/50
2018-03-11 05:36:10,272:INFO: - Train metrics: accuracy: 0.430 ; loss: 1.442
2018-03-11 05:36:11,130:INFO: - Eval metrics : accuracy: 0.461 ; loss: 0.000
2018-03-11 05:36:11,163:INFO: - Found new best accuracy
2018-03-11 05:36:11,164:INFO: Epoch 5/50
2018-03-11 05:36:11,736:INFO: - Train metrics: accuracy: 0.531 ; loss: 1.449
2018-03-11 05:36:12,584:INFO: - Eval metrics : accuracy: 0.466 ; loss: 0.000
2018-03-11 05:36:12,611:INFO: - Found new best accuracy
2018-03-11 05:36:12,612:INFO: Epoch 6/50
2018-03-11 05:36:13,193:INFO: - Train metrics: accuracy: 0.523 ; loss: 1.440
2018-03-11 05:36:14,065:INFO: - Eval metrics : accuracy: 0.514 ; loss: 0.000
2018-03-11 05:36:14,094:INFO: - Found new best accuracy
2018-03-11 05:36:14,095:INFO: Epoch 7/50
2018-03-11 05:36:14,666:INFO: - Train metrics: accuracy: 0.523 ; loss: 1.435
2018-03-11 05:36:15,560:INFO: - Eval metrics : accuracy: 0.531 ; loss: 0.000
2018-03-11 05:36:15,590:INFO: - Found new best accuracy
2018-03-11 05:36:15,591:INFO: Epoch 8/50
2018-03-11 05:36:16,159:INFO: - Train metrics: accuracy: 0.586 ; loss: 1.483
2018-03-11 05:36:16,997:INFO: - Eval metrics : accuracy: 0.488 ; loss: 0.000
2018-03-11 05:36:17,024:INFO: Epoch 9/50
2018-03-11 05:36:17,586:INFO: - Train metrics: accuracy: 0.695 ; loss: 1.444
2018-03-11 05:36:18,417:INFO: - Eval metrics : accuracy: 0.558 ; loss: 0.000
2018-03-11 05:36:18,449:INFO: - Found new best accuracy
2018-03-11 05:36:18,450:INFO: Epoch 10/50
2018-03-11 05:36:19,014:INFO: - Train metrics: accuracy: 0.617 ; loss: 1.431
2018-03-11 05:36:19,863:INFO: - Eval metrics : accuracy: 0.560 ; loss: 0.000
2018-03-11 05:36:19,891:INFO: - Found new best accuracy
2018-03-11 05:36:19,892:INFO: Epoch 11/50
2018-03-11 05:36:20,451:INFO: - Train metrics: accuracy: 0.602 ; loss: 1.493
2018-03-11 05:36:21,294:INFO: - Eval metrics : accuracy: 0.586 ; loss: 0.000
2018-03-11 05:36:21,324:INFO: - Found new best accuracy
2018-03-11 05:36:21,325:INFO: Epoch 12/50
2018-03-11 05:36:21,893:INFO: - Train metrics: accuracy: 0.625 ; loss: 1.416
2018-03-11 05:36:22,734:INFO: - Eval metrics : accuracy: 0.573 ; loss: 0.000
2018-03-11 05:36:22,756:INFO: Epoch 13/50
2018-03-11 05:36:23,303:INFO: - Train metrics: accuracy: 0.672 ; loss: 1.468
2018-03-11 05:36:24,167:INFO: - Eval metrics : accuracy: 0.572 ; loss: 0.000
2018-03-11 05:36:24,183:INFO: Epoch 14/50
2018-03-11 05:36:24,756:INFO: - Train metrics: accuracy: 0.672 ; loss: 1.466
2018-03-11 05:36:25,627:INFO: - Eval metrics : accuracy: 0.589 ; loss: 0.000
2018-03-11 05:36:25,654:INFO: - Found new best accuracy
2018-03-11 05:36:25,655:INFO: Epoch 15/50
2018-03-11 05:36:26,230:INFO: - Train metrics: accuracy: 0.688 ; loss: 1.472
2018-03-11 05:36:27,077:INFO: - Eval metrics : accuracy: 0.599 ; loss: 0.000
2018-03-11 05:36:27,124:INFO: - Found new best accuracy
2018-03-11 05:36:27,125:INFO: Epoch 16/50
2018-03-11 05:36:27,697:INFO: - Train metrics: accuracy: 0.648 ; loss: 1.472
2018-03-11 05:36:28,576:INFO: - Eval metrics : accuracy: 0.599 ; loss: 0.000
2018-03-11 05:36:28,618:INFO: - Found new best accuracy
2018-03-11 05:36:28,619:INFO: Epoch 17/50
2018-03-11 05:36:29,189:INFO: - Train metrics: accuracy: 0.688 ; loss: 1.371
2018-03-11 05:36:30,036:INFO: - Eval metrics : accuracy: 0.609 ; loss: 0.000
2018-03-11 05:36:30,072:INFO: - Found new best accuracy
2018-03-11 05:36:30,073:INFO: Epoch 18/50
2018-03-11 05:36:30,627:INFO: - Train metrics: accuracy: 0.672 ; loss: 1.507
2018-03-11 05:36:31,505:INFO: - Eval metrics : accuracy: 0.600 ; loss: 0.000
2018-03-11 05:36:31,521:INFO: Epoch 19/50
2018-03-11 05:36:32,091:INFO: - Train metrics: accuracy: 0.703 ; loss: 1.429
2018-03-11 05:36:32,950:INFO: - Eval metrics : accuracy: 0.616 ; loss: 0.000
2018-03-11 05:36:32,981:INFO: - Found new best accuracy
2018-03-11 05:36:32,981:INFO: Epoch 20/50
2018-03-11 05:36:33,553:INFO: - Train metrics: accuracy: 0.781 ; loss: 1.503
2018-03-11 05:36:34,394:INFO: - Eval metrics : accuracy: 0.616 ; loss: 0.000
2018-03-11 05:36:34,419:INFO: Epoch 21/50
2018-03-11 05:36:34,998:INFO: - Train metrics: accuracy: 0.797 ; loss: 1.456
2018-03-11 05:36:35,842:INFO: - Eval metrics : accuracy: 0.617 ; loss: 0.000
2018-03-11 05:36:35,870:INFO: - Found new best accuracy
2018-03-11 05:36:35,871:INFO: Epoch 22/50
2018-03-11 05:36:36,435:INFO: - Train metrics: accuracy: 0.781 ; loss: 1.462
2018-03-11 05:36:37,300:INFO: - Eval metrics : accuracy: 0.619 ; loss: 0.000
2018-03-11 05:36:37,325:INFO: - Found new best accuracy
2018-03-11 05:36:37,327:INFO: Epoch 23/50
2018-03-11 05:36:37,882:INFO: - Train metrics: accuracy: 0.742 ; loss: 1.466
2018-03-11 05:36:38,745:INFO: - Eval metrics : accuracy: 0.626 ; loss: 0.000
2018-03-11 05:36:38,781:INFO: - Found new best accuracy
2018-03-11 05:36:38,781:INFO: Epoch 24/50
2018-03-11 05:36:39,350:INFO: - Train metrics: accuracy: 0.789 ; loss: 1.465
2018-03-11 05:36:40,198:INFO: - Eval metrics : accuracy: 0.631 ; loss: 0.000
2018-03-11 05:36:40,234:INFO: - Found new best accuracy
2018-03-11 05:36:40,235:INFO: Epoch 25/50
2018-03-11 05:36:40,763:INFO: - Train metrics: accuracy: 0.805 ; loss: 1.452
2018-03-11 05:36:41,609:INFO: - Eval metrics : accuracy: 0.626 ; loss: 0.000
2018-03-11 05:36:41,624:INFO: Epoch 26/50
2018-03-11 05:36:42,194:INFO: - Train metrics: accuracy: 0.820 ; loss: 1.489
2018-03-11 05:36:43,071:INFO: - Eval metrics : accuracy: 0.639 ; loss: 0.000
2018-03-11 05:36:43,098:INFO: - Found new best accuracy
2018-03-11 05:36:43,098:INFO: Epoch 27/50
2018-03-11 05:36:43,662:INFO: - Train metrics: accuracy: 0.812 ; loss: 1.454
2018-03-11 05:36:44,491:INFO: - Eval metrics : accuracy: 0.625 ; loss: 0.000
2018-03-11 05:36:44,507:INFO: Epoch 28/50
2018-03-11 05:36:45,067:INFO: - Train metrics: accuracy: 0.750 ; loss: 1.482
2018-03-11 05:36:45,924:INFO: - Eval metrics : accuracy: 0.628 ; loss: 0.000
2018-03-11 05:36:45,939:INFO: Epoch 29/50
2018-03-11 05:36:46,487:INFO: - Train metrics: accuracy: 0.781 ; loss: 1.457
2018-03-11 05:36:47,327:INFO: - Eval metrics : accuracy: 0.639 ; loss: 0.000
2018-03-11 05:36:47,341:INFO: Epoch 30/50
2018-03-11 05:36:47,896:INFO: - Train metrics: accuracy: 0.781 ; loss: 1.478
2018-03-11 05:36:48,745:INFO: - Eval metrics : accuracy: 0.630 ; loss: 0.000
2018-03-11 05:36:48,771:INFO: Epoch 31/50
2018-03-11 05:36:49,332:INFO: - Train metrics: accuracy: 0.805 ; loss: 1.487
2018-03-11 05:36:50,200:INFO: - Eval metrics : accuracy: 0.626 ; loss: 0.000
2018-03-11 05:36:50,215:INFO: Epoch 32/50
2018-03-11 05:36:50,800:INFO: - Train metrics: accuracy: 0.820 ; loss: 1.495
2018-03-11 05:36:51,652:INFO: - Eval metrics : accuracy: 0.631 ; loss: 0.000
2018-03-11 05:36:51,666:INFO: Epoch 33/50
2018-03-11 05:36:52,206:INFO: - Train metrics: accuracy: 0.844 ; loss: 1.462
2018-03-11 05:36:53,045:INFO: - Eval metrics : accuracy: 0.632 ; loss: 0.000
2018-03-11 05:36:53,072:INFO: Epoch 34/50
2018-03-11 05:36:53,639:INFO: - Train metrics: accuracy: 0.859 ; loss: 1.439
2018-03-11 05:36:54,504:INFO: - Eval metrics : accuracy: 0.638 ; loss: 0.000
2018-03-11 05:36:54,516:INFO: Epoch 35/50
2018-03-11 05:36:55,079:INFO: - Train metrics: accuracy: 0.727 ; loss: 1.484
2018-03-11 05:36:55,900:INFO: - Eval metrics : accuracy: 0.646 ; loss: 0.000
2018-03-11 05:36:55,929:INFO: - Found new best accuracy
2018-03-11 05:36:55,930:INFO: Epoch 36/50
2018-03-11 05:36:56,477:INFO: - Train metrics: accuracy: 0.812 ; loss: 1.467
2018-03-11 05:36:57,313:INFO: - Eval metrics : accuracy: 0.641 ; loss: 0.000
2018-03-11 05:36:57,339:INFO: Epoch 37/50
2018-03-11 05:36:57,903:INFO: - Train metrics: accuracy: 0.859 ; loss: 1.507
2018-03-11 05:36:58,750:INFO: - Eval metrics : accuracy: 0.650 ; loss: 0.000
2018-03-11 05:36:58,779:INFO: - Found new best accuracy
2018-03-11 05:36:58,780:INFO: Epoch 38/50
2018-03-11 05:36:59,344:INFO: - Train metrics: accuracy: 0.875 ; loss: 1.472
2018-03-11 05:37:00,187:INFO: - Eval metrics : accuracy: 0.643 ; loss: 0.000
2018-03-11 05:37:00,202:INFO: Epoch 39/50
2018-03-11 05:37:00,783:INFO: - Train metrics: accuracy: 0.859 ; loss: 1.465
2018-03-11 05:37:01,649:INFO: - Eval metrics : accuracy: 0.650 ; loss: 0.000
2018-03-11 05:37:01,678:INFO: - Found new best accuracy
2018-03-11 05:37:01,679:INFO: Epoch 40/50
2018-03-11 05:37:02,241:INFO: - Train metrics: accuracy: 0.906 ; loss: 1.477
2018-03-11 05:37:03,119:INFO: - Eval metrics : accuracy: 0.633 ; loss: 0.000
2018-03-11 05:37:03,134:INFO: Epoch 41/50
2018-03-11 05:37:03,704:INFO: - Train metrics: accuracy: 0.812 ; loss: 1.538
2018-03-11 05:37:04,559:INFO: - Eval metrics : accuracy: 0.639 ; loss: 0.000
2018-03-11 05:37:04,574:INFO: Epoch 42/50
2018-03-11 05:37:05,147:INFO: - Train metrics: accuracy: 0.891 ; loss: 1.487
2018-03-11 05:37:06,012:INFO: - Eval metrics : accuracy: 0.628 ; loss: 0.000
2018-03-11 05:37:06,038:INFO: Epoch 43/50
2018-03-11 05:37:06,616:INFO: - Train metrics: accuracy: 0.875 ; loss: 1.478
2018-03-11 05:37:07,464:INFO: - Eval metrics : accuracy: 0.655 ; loss: 0.000
2018-03-11 05:37:07,502:INFO: - Found new best accuracy
2018-03-11 05:37:07,502:INFO: Epoch 44/50
2018-03-11 05:37:08,072:INFO: - Train metrics: accuracy: 0.906 ; loss: 1.542
2018-03-11 05:37:08,922:INFO: - Eval metrics : accuracy: 0.646 ; loss: 0.000
2018-03-11 05:37:08,937:INFO: Epoch 45/50
2018-03-11 05:37:09,516:INFO: - Train metrics: accuracy: 0.875 ; loss: 1.561
2018-03-11 05:37:10,365:INFO: - Eval metrics : accuracy: 0.648 ; loss: 0.000
2018-03-11 05:37:10,383:INFO: Epoch 46/50
2018-03-11 05:37:10,966:INFO: - Train metrics: accuracy: 0.898 ; loss: 1.469
2018-03-11 05:37:11,818:INFO: - Eval metrics : accuracy: 0.659 ; loss: 0.000
2018-03-11 05:37:11,845:INFO: - Found new best accuracy
2018-03-11 05:37:11,846:INFO: Epoch 47/50
2018-03-11 05:37:12,386:INFO: - Train metrics: accuracy: 0.852 ; loss: 1.491
2018-03-11 05:37:13,234:INFO: - Eval metrics : accuracy: 0.629 ; loss: 0.000
2018-03-11 05:37:13,251:INFO: Epoch 48/50
2018-03-11 05:37:13,839:INFO: - Train metrics: accuracy: 0.828 ; loss: 1.529
2018-03-11 05:37:14,696:INFO: - Eval metrics : accuracy: 0.646 ; loss: 0.000
2018-03-11 05:37:14,711:INFO: Epoch 49/50
2018-03-11 05:37:15,270:INFO: - Train metrics: accuracy: 0.875 ; loss: 1.532
2018-03-11 05:37:16,113:INFO: - Eval metrics : accuracy: 0.660 ; loss: 0.000
2018-03-11 05:37:16,140:INFO: - Found new best accuracy
2018-03-11 05:37:16,141:INFO: Epoch 50/50
2018-03-11 05:37:16,717:INFO: - Train metrics: accuracy: 0.898 ; loss: 1.513
2018-03-11 05:37:17,580:INFO: - Eval metrics : accuracy: 0.651 ; loss: 0.000
2018-03-11 05:37:17,962:INFO: - Eval metrics : accuracy: 0.894 ; loss: 0.000
2018-03-11 05:39:14,143:INFO: Loading the datasets...
2018-03-11 05:39:17,743:INFO: - done.
2018-03-11 05:39:20,226:INFO: Starting training for 50 epoch(s)
2018-03-11 05:39:20,226:INFO: First, loading the teacher model and computing its outputs...
2018-03-11 05:39:23,594:INFO: - Finished computing teacher outputs after 4 secs..
2018-03-11 05:39:23,595:INFO: Epoch 1/50
2018-03-11 05:39:24,203:INFO: - Train metrics: accuracy: 0.141 ; loss: 1.104
2018-03-11 05:39:25,043:INFO: - Eval metrics : accuracy: 0.132 ; loss: 0.000
2018-03-11 05:39:25,078:INFO: - Found new best accuracy
2018-03-11 05:39:25,080:INFO: Epoch 2/50
2018-03-11 05:39:25,619:INFO: - Train metrics: accuracy: 0.320 ; loss: 1.111
2018-03-11 05:39:26,448:INFO: - Eval metrics : accuracy: 0.314 ; loss: 0.000
2018-03-11 05:39:26,488:INFO: - Found new best accuracy
2018-03-11 05:39:26,488:INFO: Epoch 3/50
2018-03-11 05:39:27,039:INFO: - Train metrics: accuracy: 0.344 ; loss: 1.150
2018-03-11 05:39:27,881:INFO: - Eval metrics : accuracy: 0.426 ; loss: 0.000
2018-03-11 05:39:27,908:INFO: - Found new best accuracy
2018-03-11 05:39:27,909:INFO: Epoch 4/50
2018-03-11 05:39:28,468:INFO: - Train metrics: accuracy: 0.555 ; loss: 1.148
2018-03-11 05:39:29,301:INFO: - Eval metrics : accuracy: 0.479 ; loss: 0.000
2018-03-11 05:39:29,330:INFO: - Found new best accuracy
2018-03-11 05:39:29,331:INFO: Epoch 5/50
2018-03-11 05:39:29,903:INFO: - Train metrics: accuracy: 0.508 ; loss: 1.168
2018-03-11 05:39:30,735:INFO: - Eval metrics : accuracy: 0.504 ; loss: 0.000
2018-03-11 05:39:30,781:INFO: - Found new best accuracy
2018-03-11 05:39:30,781:INFO: Epoch 6/50
2018-03-11 05:39:31,340:INFO: - Train metrics: accuracy: 0.484 ; loss: 1.164
2018-03-11 05:39:32,177:INFO: - Eval metrics : accuracy: 0.528 ; loss: 0.000
2018-03-11 05:39:32,205:INFO: - Found new best accuracy
2018-03-11 05:39:32,205:INFO: Epoch 7/50
2018-03-11 05:39:32,789:INFO: - Train metrics: accuracy: 0.617 ; loss: 1.166
2018-03-11 05:39:33,605:INFO: - Eval metrics : accuracy: 0.518 ; loss: 0.000
2018-03-11 05:39:33,635:INFO: Epoch 8/50
2018-03-11 05:39:34,218:INFO: - Train metrics: accuracy: 0.523 ; loss: 1.201
2018-03-11 05:39:35,065:INFO: - Eval metrics : accuracy: 0.482 ; loss: 0.000
2018-03-11 05:39:35,094:INFO: Epoch 9/50
2018-03-11 05:39:35,656:INFO: - Train metrics: accuracy: 0.656 ; loss: 1.190
2018-03-11 05:39:36,516:INFO: - Eval metrics : accuracy: 0.556 ; loss: 0.000
2018-03-11 05:39:36,553:INFO: - Found new best accuracy
2018-03-11 05:39:36,553:INFO: Epoch 10/50
2018-03-11 05:39:37,115:INFO: - Train metrics: accuracy: 0.586 ; loss: 1.146
2018-03-11 05:39:37,936:INFO: - Eval metrics : accuracy: 0.568 ; loss: 0.000
2018-03-11 05:39:37,963:INFO: - Found new best accuracy
2018-03-11 05:39:37,964:INFO: Epoch 11/50
2018-03-11 05:39:38,507:INFO: - Train metrics: accuracy: 0.617 ; loss: 1.216
2018-03-11 05:39:39,357:INFO: - Eval metrics : accuracy: 0.563 ; loss: 0.000
2018-03-11 05:39:39,383:INFO: Epoch 12/50
2018-03-11 05:39:39,930:INFO: - Train metrics: accuracy: 0.625 ; loss: 1.152
2018-03-11 05:39:40,781:INFO: - Eval metrics : accuracy: 0.560 ; loss: 0.000
2018-03-11 05:39:40,798:INFO: Epoch 13/50
2018-03-11 05:39:41,371:INFO: - Train metrics: accuracy: 0.750 ; loss: 1.193
2018-03-11 05:39:42,195:INFO: - Eval metrics : accuracy: 0.576 ; loss: 0.000
2018-03-11 05:39:42,225:INFO: - Found new best accuracy
2018-03-11 05:39:42,226:INFO: Epoch 14/50
2018-03-11 05:39:42,795:INFO: - Train metrics: accuracy: 0.656 ; loss: 1.193
2018-03-11 05:39:43,620:INFO: - Eval metrics : accuracy: 0.610 ; loss: 0.000
2018-03-11 05:39:43,649:INFO: - Found new best accuracy
2018-03-11 05:39:43,649:INFO: Epoch 15/50
2018-03-11 05:39:44,228:INFO: - Train metrics: accuracy: 0.750 ; loss: 1.208
2018-03-11 05:39:45,077:INFO: - Eval metrics : accuracy: 0.593 ; loss: 0.000
2018-03-11 05:39:45,095:INFO: Epoch 16/50
2018-03-11 05:39:45,634:INFO: - Train metrics: accuracy: 0.695 ; loss: 1.194
2018-03-11 05:39:46,469:INFO: - Eval metrics : accuracy: 0.603 ; loss: 0.000
2018-03-11 05:39:46,486:INFO: Epoch 17/50
2018-03-11 05:39:47,068:INFO: - Train metrics: accuracy: 0.680 ; loss: 1.112
2018-03-11 05:39:47,896:INFO: - Eval metrics : accuracy: 0.610 ; loss: 0.000
2018-03-11 05:39:47,927:INFO: - Found new best accuracy
2018-03-11 05:39:47,928:INFO: Epoch 18/50
2018-03-11 05:39:48,495:INFO: - Train metrics: accuracy: 0.773 ; loss: 1.223
2018-03-11 05:39:49,342:INFO: - Eval metrics : accuracy: 0.608 ; loss: 0.000
2018-03-11 05:39:49,357:INFO: Epoch 19/50
2018-03-11 05:39:49,930:INFO: - Train metrics: accuracy: 0.812 ; loss: 1.163
2018-03-11 05:39:50,785:INFO: - Eval metrics : accuracy: 0.613 ; loss: 0.000
2018-03-11 05:39:50,816:INFO: - Found new best accuracy
2018-03-11 05:39:50,816:INFO: Epoch 20/50
2018-03-11 05:39:51,369:INFO: - Train metrics: accuracy: 0.797 ; loss: 1.271
2018-03-11 05:39:52,183:INFO: - Eval metrics : accuracy: 0.627 ; loss: 0.000
2018-03-11 05:39:52,212:INFO: - Found new best accuracy
2018-03-11 05:39:52,213:INFO: Epoch 21/50
2018-03-11 05:39:52,786:INFO: - Train metrics: accuracy: 0.773 ; loss: 1.183
2018-03-11 05:39:53,648:INFO: - Eval metrics : accuracy: 0.616 ; loss: 0.000
2018-03-11 05:39:53,668:INFO: Epoch 22/50
2018-03-11 05:39:54,249:INFO: - Train metrics: accuracy: 0.781 ; loss: 1.194
2018-03-11 05:39:55,088:INFO: - Eval metrics : accuracy: 0.623 ; loss: 0.000
2018-03-11 05:39:55,103:INFO: Epoch 23/50
2018-03-11 05:39:55,673:INFO: - Train metrics: accuracy: 0.758 ; loss: 1.202
2018-03-11 05:39:56,531:INFO: - Eval metrics : accuracy: 0.622 ; loss: 0.000
2018-03-11 05:39:56,546:INFO: Epoch 24/50
2018-03-11 05:39:57,117:INFO: - Train metrics: accuracy: 0.820 ; loss: 1.203
2018-03-11 05:39:57,962:INFO: - Eval metrics : accuracy: 0.619 ; loss: 0.000
2018-03-11 05:39:57,981:INFO: Epoch 25/50
2018-03-11 05:39:58,542:INFO: - Train metrics: accuracy: 0.820 ; loss: 1.196
2018-03-11 05:39:59,364:INFO: - Eval metrics : accuracy: 0.619 ; loss: 0.000
2018-03-11 05:39:59,392:INFO: Epoch 26/50
2018-03-11 05:39:59,942:INFO: - Train metrics: accuracy: 0.859 ; loss: 1.222
2018-03-11 05:40:00,780:INFO: - Eval metrics : accuracy: 0.636 ; loss: 0.000
2018-03-11 05:40:00,810:INFO: - Found new best accuracy
2018-03-11 05:40:00,811:INFO: Epoch 27/50
2018-03-11 05:40:01,370:INFO: - Train metrics: accuracy: 0.828 ; loss: 1.196
2018-03-11 05:40:02,218:INFO: - Eval metrics : accuracy: 0.608 ; loss: 0.000
2018-03-11 05:40:02,234:INFO: Epoch 28/50
2018-03-11 05:40:02,811:INFO: - Train metrics: accuracy: 0.875 ; loss: 1.191
2018-03-11 05:40:03,649:INFO: - Eval metrics : accuracy: 0.635 ; loss: 0.000
2018-03-11 05:40:03,671:INFO: Epoch 29/50
2018-03-11 05:40:04,240:INFO: - Train metrics: accuracy: 0.852 ; loss: 1.210
2018-03-11 05:40:05,097:INFO: - Eval metrics : accuracy: 0.619 ; loss: 0.000
2018-03-11 05:40:05,129:INFO: Epoch 30/50
2018-03-11 05:40:05,687:INFO: - Train metrics: accuracy: 0.805 ; loss: 1.244
2018-03-11 05:40:06,526:INFO: - Eval metrics : accuracy: 0.630 ; loss: 0.000
2018-03-11 05:40:06,544:INFO: Epoch 31/50
2018-03-11 05:40:07,099:INFO: - Train metrics: accuracy: 0.836 ; loss: 1.250
2018-03-11 05:40:07,932:INFO: - Eval metrics : accuracy: 0.619 ; loss: 0.000
2018-03-11 05:40:07,949:INFO: Epoch 32/50
2018-03-11 05:40:08,536:INFO: - Train metrics: accuracy: 0.820 ; loss: 1.213
2018-03-11 05:40:09,351:INFO: - Eval metrics : accuracy: 0.645 ; loss: 0.000
2018-03-11 05:40:09,378:INFO: - Found new best accuracy
2018-03-11 05:40:09,378:INFO: Epoch 33/50
2018-03-11 05:40:09,936:INFO: - Train metrics: accuracy: 0.914 ; loss: 1.203
2018-03-11 05:40:10,796:INFO: - Eval metrics : accuracy: 0.644 ; loss: 0.000
2018-03-11 05:40:10,824:INFO: Epoch 34/50
2018-03-11 05:40:11,396:INFO: - Train metrics: accuracy: 0.891 ; loss: 1.190
2018-03-11 05:40:12,265:INFO: - Eval metrics : accuracy: 0.639 ; loss: 0.000
2018-03-11 05:40:12,281:INFO: Epoch 35/50
2018-03-11 05:40:12,838:INFO: - Train metrics: accuracy: 0.766 ; loss: 1.180
2018-03-11 05:40:13,687:INFO: - Eval metrics : accuracy: 0.643 ; loss: 0.000
2018-03-11 05:40:13,703:INFO: Epoch 36/50
2018-03-11 05:40:14,278:INFO: - Train metrics: accuracy: 0.867 ; loss: 1.194
2018-03-11 05:40:15,100:INFO: - Eval metrics : accuracy: 0.623 ; loss: 0.000
2018-03-11 05:40:15,119:INFO: Epoch 37/50
2018-03-11 05:40:15,695:INFO: - Train metrics: accuracy: 0.875 ; loss: 1.247
2018-03-11 05:40:16,548:INFO: - Eval metrics : accuracy: 0.618 ; loss: 0.000
2018-03-11 05:40:16,575:INFO: Epoch 38/50
2018-03-11 05:40:17,138:INFO: - Train metrics: accuracy: 0.867 ; loss: 1.221
2018-03-11 05:40:17,954:INFO: - Eval metrics : accuracy: 0.653 ; loss: 0.000
2018-03-11 05:40:17,981:INFO: - Found new best accuracy
2018-03-11 05:40:17,982:INFO: Epoch 39/50
2018-03-11 05:40:18,539:INFO: - Train metrics: accuracy: 0.883 ; loss: 1.209
2018-03-11 05:40:19,371:INFO: - Eval metrics : accuracy: 0.647 ; loss: 0.000
2018-03-11 05:40:19,387:INFO: Epoch 40/50
2018-03-11 05:40:19,976:INFO: - Train metrics: accuracy: 0.906 ; loss: 1.234
2018-03-11 05:40:20,820:INFO: - Eval metrics : accuracy: 0.649 ; loss: 0.000
2018-03-11 05:40:20,844:INFO: Epoch 41/50
2018-03-11 05:40:21,412:INFO: - Train metrics: accuracy: 0.922 ; loss: 1.284
2018-03-11 05:40:22,261:INFO: - Eval metrics : accuracy: 0.627 ; loss: 0.000
2018-03-11 05:40:22,279:INFO: Epoch 42/50
2018-03-11 05:40:22,853:INFO: - Train metrics: accuracy: 0.938 ; loss: 1.192
2018-03-11 05:40:23,712:INFO: - Eval metrics : accuracy: 0.644 ; loss: 0.000
2018-03-11 05:40:23,731:INFO: Epoch 43/50
2018-03-11 05:40:24,327:INFO: - Train metrics: accuracy: 0.898 ; loss: 1.228
2018-03-11 05:40:25,153:INFO: - Eval metrics : accuracy: 0.640 ; loss: 0.000
2018-03-11 05:40:25,171:INFO: Epoch 44/50
2018-03-11 05:40:25,718:INFO: - Train metrics: accuracy: 0.930 ; loss: 1.276
2018-03-11 05:40:26,550:INFO: - Eval metrics : accuracy: 0.658 ; loss: 0.000
2018-03-11 05:40:26,595:INFO: - Found new best accuracy
2018-03-11 05:40:26,595:INFO: Epoch 45/50
2018-03-11 05:40:27,146:INFO: - Train metrics: accuracy: 0.891 ; loss: 1.267
2018-03-11 05:40:28,021:INFO: - Eval metrics : accuracy: 0.633 ; loss: 0.000
2018-03-11 05:40:28,047:INFO: Epoch 46/50
2018-03-11 05:40:28,627:INFO: - Train metrics: accuracy: 0.961 ; loss: 1.234
2018-03-11 05:40:29,465:INFO: - Eval metrics : accuracy: 0.641 ; loss: 0.000
2018-03-11 05:40:29,480:INFO: Epoch 47/50
2018-03-11 05:40:30,051:INFO: - Train metrics: accuracy: 0.875 ; loss: 1.209
2018-03-11 05:40:30,904:INFO: - Eval metrics : accuracy: 0.634 ; loss: 0.000
2018-03-11 05:40:30,932:INFO: Epoch 48/50
2018-03-11 05:40:31,482:INFO: - Train metrics: accuracy: 0.852 ; loss: 1.251
2018-03-11 05:40:32,346:INFO: - Eval metrics : accuracy: 0.644 ; loss: 0.000
2018-03-11 05:40:32,371:INFO: Epoch 49/50
2018-03-11 05:40:32,927:INFO: - Train metrics: accuracy: 0.945 ; loss: 1.266
2018-03-11 05:40:33,771:INFO: - Eval metrics : accuracy: 0.640 ; loss: 0.000
2018-03-11 05:40:33,786:INFO: Epoch 50/50
2018-03-11 05:40:34,354:INFO: - Train metrics: accuracy: 0.930 ; loss: 1.262
2018-03-11 05:40:35,182:INFO: - Eval metrics : accuracy: 0.658 ; loss: 0.000
2018-03-11 05:40:35,213:INFO: - Found new best accuracy
2018-03-11 05:40:35,571:INFO: - Eval metrics : accuracy: 0.935 ; loss: 0.000
2018-03-11 05:49:14,640:INFO: Loading the datasets...
2018-03-11 05:49:18,241:INFO: - done.
2018-03-11 05:51:54,925:INFO: Loading the datasets...
2018-03-11 05:51:58,542:INFO: - done.
2018-03-11 05:52:01,139:INFO: Starting training for 50 epoch(s)
2018-03-11 05:52:01,139:INFO: First, loading the teacher model and computing its outputs...
2018-03-11 05:52:04,549:INFO: - Finished computing teacher outputs after 4 secs..
2018-03-11 05:52:04,549:INFO: Epoch 1/50
2018-03-11 05:52:05,157:INFO: - Train metrics: accuracy: 0.102 ; loss: 1.558
2018-03-11 05:52:06,022:INFO: - Eval metrics : accuracy: 0.130 ; loss: 0.000
2018-03-11 05:52:06,052:INFO: - Found new best accuracy
2018-03-11 05:52:06,052:INFO: Epoch 2/50
2018-03-11 05:52:06,629:INFO: - Train metrics: accuracy: 0.258 ; loss: 1.363
2018-03-11 05:52:07,488:INFO: - Eval metrics : accuracy: 0.319 ; loss: 0.000
2018-03-11 05:52:07,516:INFO: - Found new best accuracy
2018-03-11 05:52:07,517:INFO: Epoch 3/50
2018-03-11 05:52:08,091:INFO: - Train metrics: accuracy: 0.336 ; loss: 1.305
2018-03-11 05:52:08,958:INFO: - Eval metrics : accuracy: 0.425 ; loss: 0.000
2018-03-11 05:52:08,985:INFO: - Found new best accuracy
2018-03-11 05:52:08,986:INFO: Epoch 4/50
2018-03-11 05:52:09,557:INFO: - Train metrics: accuracy: 0.453 ; loss: 1.201
2018-03-11 05:52:10,411:INFO: - Eval metrics : accuracy: 0.474 ; loss: 0.000
2018-03-11 05:52:10,446:INFO: - Found new best accuracy
2018-03-11 05:52:10,447:INFO: Epoch 5/50
2018-03-11 05:52:11,013:INFO: - Train metrics: accuracy: 0.523 ; loss: 1.151
2018-03-11 05:52:11,863:INFO: - Eval metrics : accuracy: 0.473 ; loss: 0.000
2018-03-11 05:52:11,887:INFO: Epoch 6/50
2018-03-11 05:52:12,470:INFO: - Train metrics: accuracy: 0.469 ; loss: 1.131
2018-03-11 05:52:13,309:INFO: - Eval metrics : accuracy: 0.518 ; loss: 0.000
2018-03-11 05:52:13,344:INFO: - Found new best accuracy
2018-03-11 05:52:13,344:INFO: Epoch 7/50
2018-03-11 05:52:13,905:INFO: - Train metrics: accuracy: 0.578 ; loss: 1.088
2018-03-11 05:52:14,751:INFO: - Eval metrics : accuracy: 0.532 ; loss: 0.000
2018-03-11 05:52:14,779:INFO: - Found new best accuracy
2018-03-11 05:52:14,780:INFO: Epoch 8/50
2018-03-11 05:52:15,356:INFO: - Train metrics: accuracy: 0.562 ; loss: 1.099
2018-03-11 05:52:16,212:INFO: - Eval metrics : accuracy: 0.509 ; loss: 0.000
2018-03-11 05:52:16,227:INFO: Epoch 9/50
2018-03-11 05:52:16,816:INFO: - Train metrics: accuracy: 0.648 ; loss: 1.016
2018-03-11 05:52:17,649:INFO: - Eval metrics : accuracy: 0.564 ; loss: 0.000
2018-03-11 05:52:17,677:INFO: - Found new best accuracy
2018-03-11 05:52:17,678:INFO: Epoch 10/50
2018-03-11 05:52:18,258:INFO: - Train metrics: accuracy: 0.672 ; loss: 0.985
2018-03-11 05:52:19,086:INFO: - Eval metrics : accuracy: 0.589 ; loss: 0.000
2018-03-11 05:52:19,115:INFO: - Found new best accuracy
2018-03-11 05:52:19,116:INFO: Epoch 11/50
2018-03-11 05:52:19,689:INFO: - Train metrics: accuracy: 0.609 ; loss: 1.032
2018-03-11 05:52:20,548:INFO: - Eval metrics : accuracy: 0.589 ; loss: 0.000
2018-03-11 05:52:20,583:INFO: - Found new best accuracy
2018-03-11 05:52:20,584:INFO: Epoch 12/50
2018-03-11 05:52:21,144:INFO: - Train metrics: accuracy: 0.688 ; loss: 0.944
2018-03-11 05:52:21,981:INFO: - Eval metrics : accuracy: 0.571 ; loss: 0.000
2018-03-11 05:52:21,993:INFO: Epoch 13/50
2018-03-11 05:52:22,560:INFO: - Train metrics: accuracy: 0.672 ; loss: 0.955
2018-03-11 05:52:23,415:INFO: - Eval metrics : accuracy: 0.589 ; loss: 0.000
2018-03-11 05:52:23,435:INFO: Epoch 14/50
2018-03-11 05:52:24,014:INFO: - Train metrics: accuracy: 0.688 ; loss: 0.930
2018-03-11 05:52:24,857:INFO: - Eval metrics : accuracy: 0.591 ; loss: 0.000
2018-03-11 05:52:24,887:INFO: - Found new best accuracy
2018-03-11 05:52:24,888:INFO: Epoch 15/50
2018-03-11 05:52:25,467:INFO: - Train metrics: accuracy: 0.734 ; loss: 0.870
2018-03-11 05:52:26,295:INFO: - Eval metrics : accuracy: 0.595 ; loss: 0.000
2018-03-11 05:52:26,322:INFO: - Found new best accuracy
2018-03-11 05:52:26,323:INFO: Epoch 16/50
2018-03-11 05:52:26,875:INFO: - Train metrics: accuracy: 0.703 ; loss: 0.966
2018-03-11 05:52:27,694:INFO: - Eval metrics : accuracy: 0.613 ; loss: 0.000
2018-03-11 05:52:27,725:INFO: - Found new best accuracy
2018-03-11 05:52:27,726:INFO: Epoch 17/50
2018-03-11 05:52:28,294:INFO: - Train metrics: accuracy: 0.688 ; loss: 0.898
2018-03-11 05:52:29,137:INFO: - Eval metrics : accuracy: 0.600 ; loss: 0.000
2018-03-11 05:52:29,155:INFO: Epoch 18/50
2018-03-11 05:52:29,741:INFO: - Train metrics: accuracy: 0.727 ; loss: 0.901
2018-03-11 05:52:30,596:INFO: - Eval metrics : accuracy: 0.604 ; loss: 0.000
2018-03-11 05:52:30,625:INFO: Epoch 19/50
2018-03-11 05:52:31,200:INFO: - Train metrics: accuracy: 0.773 ; loss: 0.795
2018-03-11 05:52:32,050:INFO: - Eval metrics : accuracy: 0.625 ; loss: 0.000
2018-03-11 05:52:32,078:INFO: - Found new best accuracy
2018-03-11 05:52:32,079:INFO: Epoch 20/50
2018-03-11 05:52:32,646:INFO: - Train metrics: accuracy: 0.820 ; loss: 0.842
2018-03-11 05:52:33,491:INFO: - Eval metrics : accuracy: 0.618 ; loss: 0.000
2018-03-11 05:52:33,511:INFO: Epoch 21/50
2018-03-11 05:52:34,093:INFO: - Train metrics: accuracy: 0.773 ; loss: 0.850
2018-03-11 05:52:34,933:INFO: - Eval metrics : accuracy: 0.614 ; loss: 0.000
2018-03-11 05:52:34,948:INFO: Epoch 22/50
2018-03-11 05:52:35,520:INFO: - Train metrics: accuracy: 0.805 ; loss: 0.823
2018-03-11 05:52:36,357:INFO: - Eval metrics : accuracy: 0.633 ; loss: 0.000
2018-03-11 05:52:36,391:INFO: - Found new best accuracy
2018-03-11 05:52:36,391:INFO: Epoch 23/50
2018-03-11 05:52:36,944:INFO: - Train metrics: accuracy: 0.734 ; loss: 0.873
2018-03-11 05:52:37,792:INFO: - Eval metrics : accuracy: 0.616 ; loss: 0.000
2018-03-11 05:52:37,807:INFO: Epoch 24/50
2018-03-11 05:52:38,379:INFO: - Train metrics: accuracy: 0.812 ; loss: 0.823
2018-03-11 05:52:39,216:INFO: - Eval metrics : accuracy: 0.632 ; loss: 0.000
2018-03-11 05:52:39,228:INFO: Epoch 25/50
2018-03-11 05:52:39,793:INFO: - Train metrics: accuracy: 0.844 ; loss: 0.776
2018-03-11 05:52:40,648:INFO: - Eval metrics : accuracy: 0.638 ; loss: 0.000
2018-03-11 05:52:40,676:INFO: - Found new best accuracy
2018-03-11 05:52:40,677:INFO: Epoch 26/50
2018-03-11 05:52:41,243:INFO: - Train metrics: accuracy: 0.867 ; loss: 0.774
2018-03-11 05:52:42,081:INFO: - Eval metrics : accuracy: 0.636 ; loss: 0.000
2018-03-11 05:52:42,096:INFO: Epoch 27/50
2018-03-11 05:52:42,659:INFO: - Train metrics: accuracy: 0.828 ; loss: 0.758
2018-03-11 05:52:43,487:INFO: - Eval metrics : accuracy: 0.646 ; loss: 0.000
2018-03-11 05:52:43,515:INFO: - Found new best accuracy
2018-03-11 05:52:43,517:INFO: Epoch 28/50
2018-03-11 05:52:44,087:INFO: - Train metrics: accuracy: 0.797 ; loss: 0.815
2018-03-11 05:52:44,926:INFO: - Eval metrics : accuracy: 0.617 ; loss: 0.000
2018-03-11 05:52:44,943:INFO: Epoch 29/50
2018-03-11 05:52:45,540:INFO: - Train metrics: accuracy: 0.828 ; loss: 0.812
2018-03-11 05:52:46,385:INFO: - Eval metrics : accuracy: 0.607 ; loss: 0.000
2018-03-11 05:52:46,401:INFO: Epoch 30/50
2018-03-11 05:52:46,979:INFO: - Train metrics: accuracy: 0.820 ; loss: 0.808
2018-03-11 05:52:47,820:INFO: - Eval metrics : accuracy: 0.648 ; loss: 0.000
2018-03-11 05:52:47,857:INFO: - Found new best accuracy
2018-03-11 05:52:47,857:INFO: Epoch 31/50
2018-03-11 05:52:48,448:INFO: - Train metrics: accuracy: 0.875 ; loss: 0.749
2018-03-11 05:52:49,284:INFO: - Eval metrics : accuracy: 0.619 ; loss: 0.000
2018-03-11 05:52:49,299:INFO: Epoch 32/50
2018-03-11 05:52:49,857:INFO: - Train metrics: accuracy: 0.820 ; loss: 0.767
2018-03-11 05:52:50,696:INFO: - Eval metrics : accuracy: 0.637 ; loss: 0.000
2018-03-11 05:52:50,723:INFO: Epoch 33/50
2018-03-11 05:52:51,278:INFO: - Train metrics: accuracy: 0.883 ; loss: 0.733
2018-03-11 05:52:52,128:INFO: - Eval metrics : accuracy: 0.639 ; loss: 0.000
2018-03-11 05:52:52,143:INFO: Epoch 34/50
2018-03-11 05:52:52,713:INFO: - Train metrics: accuracy: 0.867 ; loss: 0.704
2018-03-11 05:52:53,565:INFO: - Eval metrics : accuracy: 0.634 ; loss: 0.000
2018-03-11 05:52:53,582:INFO: Epoch 35/50
2018-03-11 05:52:54,164:INFO: - Train metrics: accuracy: 0.844 ; loss: 0.794
2018-03-11 05:52:54,985:INFO: - Eval metrics : accuracy: 0.637 ; loss: 0.000
2018-03-11 05:52:55,001:INFO: Epoch 36/50
2018-03-11 05:52:55,576:INFO: - Train metrics: accuracy: 0.852 ; loss: 0.774
2018-03-11 05:52:56,411:INFO: - Eval metrics : accuracy: 0.641 ; loss: 0.000
2018-03-11 05:52:56,440:INFO: Epoch 37/50
2018-03-11 05:52:57,001:INFO: - Train metrics: accuracy: 0.875 ; loss: 0.782
2018-03-11 05:52:57,841:INFO: - Eval metrics : accuracy: 0.647 ; loss: 0.000
2018-03-11 05:52:57,859:INFO: Epoch 38/50
2018-03-11 05:52:58,426:INFO: - Train metrics: accuracy: 0.898 ; loss: 0.754
2018-03-11 05:52:59,272:INFO: - Eval metrics : accuracy: 0.641 ; loss: 0.000
2018-03-11 05:52:59,285:INFO: Epoch 39/50
2018-03-11 05:52:59,868:INFO: - Train metrics: accuracy: 0.914 ; loss: 0.716
2018-03-11 05:53:00,710:INFO: - Eval metrics : accuracy: 0.648 ; loss: 0.000
2018-03-11 05:53:00,738:INFO: Epoch 40/50
2018-03-11 05:53:01,310:INFO: - Train metrics: accuracy: 0.922 ; loss: 0.693
2018-03-11 05:53:02,149:INFO: - Eval metrics : accuracy: 0.653 ; loss: 0.000
2018-03-11 05:53:02,182:INFO: - Found new best accuracy
2018-03-11 05:53:02,182:INFO: Epoch 41/50
2018-03-11 05:53:02,772:INFO: - Train metrics: accuracy: 0.891 ; loss: 0.756
2018-03-11 05:53:03,610:INFO: - Eval metrics : accuracy: 0.653 ; loss: 0.000
2018-03-11 05:53:03,638:INFO: - Found new best accuracy
2018-03-11 05:53:03,638:INFO: Epoch 42/50
2018-03-11 05:53:04,203:INFO: - Train metrics: accuracy: 0.922 ; loss: 0.684
2018-03-11 05:53:05,014:INFO: - Eval metrics : accuracy: 0.647 ; loss: 0.000
2018-03-11 05:53:05,030:INFO: Epoch 43/50
2018-03-11 05:53:05,573:INFO: - Train metrics: accuracy: 0.930 ; loss: 0.686
2018-03-11 05:53:06,411:INFO: - Eval metrics : accuracy: 0.640 ; loss: 0.000
2018-03-11 05:53:06,445:INFO: Epoch 44/50
2018-03-11 05:53:07,021:INFO: - Train metrics: accuracy: 0.938 ; loss: 0.705
2018-03-11 05:53:07,860:INFO: - Eval metrics : accuracy: 0.653 ; loss: 0.000
2018-03-11 05:53:07,879:INFO: Epoch 45/50
2018-03-11 05:53:08,477:INFO: - Train metrics: accuracy: 0.953 ; loss: 0.710
2018-03-11 05:53:09,324:INFO: - Eval metrics : accuracy: 0.637 ; loss: 0.000
2018-03-11 05:53:09,340:INFO: Epoch 46/50
2018-03-11 05:53:09,922:INFO: - Train metrics: accuracy: 0.969 ; loss: 0.657
2018-03-11 05:53:10,778:INFO: - Eval metrics : accuracy: 0.644 ; loss: 0.000
2018-03-11 05:53:10,803:INFO: Epoch 47/50
2018-03-11 05:53:11,380:INFO: - Train metrics: accuracy: 0.930 ; loss: 0.686
2018-03-11 05:53:12,216:INFO: - Eval metrics : accuracy: 0.652 ; loss: 0.000
2018-03-11 05:53:12,232:INFO: Epoch 48/50
2018-03-11 05:53:12,820:INFO: - Train metrics: accuracy: 0.906 ; loss: 0.747
2018-03-11 05:53:13,648:INFO: - Eval metrics : accuracy: 0.651 ; loss: 0.000
2018-03-11 05:53:13,663:INFO: Epoch 49/50
2018-03-11 05:53:14,235:INFO: - Train metrics: accuracy: 0.977 ; loss: 0.671
2018-03-11 05:53:15,090:INFO: - Eval metrics : accuracy: 0.658 ; loss: 0.000
2018-03-11 05:53:15,125:INFO: - Found new best accuracy
2018-03-11 05:53:15,126:INFO: Epoch 50/50
2018-03-11 05:53:15,711:INFO: - Train metrics: accuracy: 0.930 ; loss: 0.718
2018-03-11 05:53:16,535:INFO: - Eval metrics : accuracy: 0.648 ; loss: 0.000
2018-03-11 05:55:50,870:INFO: Loading the datasets...
2018-03-11 05:55:54,949:INFO: - done.
2018-03-11 05:55:58,680:INFO: Starting training for 50 epoch(s)
2018-03-11 05:55:58,680:INFO: First, loading the teacher model and computing its outputs...
2018-03-11 05:56:02,032:INFO: - Finished computing teacher outputs after 4 secs..
2018-03-11 05:56:02,032:INFO: Epoch 1/50
2018-03-11 05:56:02,659:INFO: - Train metrics: accuracy: 0.109 ; loss: 0.859
2018-03-11 05:56:04,136:INFO: - Eval metrics : accuracy: 0.115 ; loss: 0.000
2018-03-11 05:56:04,195:INFO: - Found new best accuracy
2018-03-11 05:56:04,196:INFO: Epoch 2/50
2018-03-11 05:56:04,836:INFO: - Train metrics: accuracy: 0.406 ; loss: 0.840
2018-03-11 05:56:06,401:INFO: - Eval metrics : accuracy: 0.168 ; loss: 0.000
2018-03-11 05:56:06,443:INFO: - Found new best accuracy
2018-03-11 05:56:06,444:INFO: Epoch 3/50
2018-03-11 05:56:07,020:INFO: - Train metrics: accuracy: 0.375 ; loss: 0.843
2018-03-11 05:56:08,463:INFO: - Eval metrics : accuracy: 0.252 ; loss: 0.000
2018-03-11 05:56:08,515:INFO: - Found new best accuracy
2018-03-11 05:56:08,516:INFO: Epoch 4/50
2018-03-11 05:56:09,076:INFO: - Train metrics: accuracy: 0.367 ; loss: 0.846
2018-03-11 05:56:10,485:INFO: - Eval metrics : accuracy: 0.376 ; loss: 0.000
2018-03-11 05:56:10,539:INFO: - Found new best accuracy
2018-03-11 05:56:10,540:INFO: Epoch 5/50
2018-03-11 05:56:11,128:INFO: - Train metrics: accuracy: 0.422 ; loss: 0.848
2018-03-11 05:56:12,660:INFO: - Eval metrics : accuracy: 0.405 ; loss: 0.000
2018-03-11 05:56:12,715:INFO: - Found new best accuracy
2018-03-11 05:56:12,716:INFO: Epoch 6/50
2018-03-11 05:56:13,293:INFO: - Train metrics: accuracy: 0.391 ; loss: 0.844
2018-03-11 05:56:14,767:INFO: - Eval metrics : accuracy: 0.452 ; loss: 0.000
2018-03-11 05:56:14,815:INFO: - Found new best accuracy
2018-03-11 05:56:14,816:INFO: Epoch 7/50
2018-03-11 05:56:15,372:INFO: - Train metrics: accuracy: 0.484 ; loss: 0.844
2018-03-11 05:56:16,891:INFO: - Eval metrics : accuracy: 0.454 ; loss: 0.000
2018-03-11 05:56:16,954:INFO: - Found new best accuracy
2018-03-11 05:56:16,955:INFO: Epoch 8/50
2018-03-11 05:56:17,452:INFO: - Train metrics: accuracy: 0.523 ; loss: 0.850
2018-03-11 05:56:18,968:INFO: - Eval metrics : accuracy: 0.473 ; loss: 0.000
2018-03-11 05:56:19,019:INFO: - Found new best accuracy
2018-03-11 05:56:19,020:INFO: Epoch 9/50
2018-03-11 05:56:19,680:INFO: - Train metrics: accuracy: 0.531 ; loss: 0.833
2018-03-11 05:56:21,195:INFO: - Eval metrics : accuracy: 0.468 ; loss: 0.000
2018-03-11 05:56:21,222:INFO: Epoch 10/50
2018-03-11 05:56:21,782:INFO: - Train metrics: accuracy: 0.516 ; loss: 0.854
2018-03-11 05:56:23,331:INFO: - Eval metrics : accuracy: 0.472 ; loss: 0.000
2018-03-11 05:56:23,347:INFO: Epoch 11/50
2018-03-11 05:56:23,909:INFO: - Train metrics: accuracy: 0.539 ; loss: 0.856
2018-03-11 05:56:25,463:INFO: - Eval metrics : accuracy: 0.480 ; loss: 0.000
2018-03-11 05:56:25,511:INFO: - Found new best accuracy
2018-03-11 05:56:25,512:INFO: Epoch 12/50
2018-03-11 05:56:26,125:INFO: - Train metrics: accuracy: 0.602 ; loss: 0.846
2018-03-11 05:56:27,529:INFO: - Eval metrics : accuracy: 0.509 ; loss: 0.000
2018-03-11 05:56:27,571:INFO: - Found new best accuracy
2018-03-11 05:56:27,572:INFO: Epoch 13/50
2018-03-11 05:56:28,183:INFO: - Train metrics: accuracy: 0.625 ; loss: 0.841
2018-03-11 05:56:29,641:INFO: - Eval metrics : accuracy: 0.519 ; loss: 0.000
2018-03-11 05:56:29,686:INFO: - Found new best accuracy
2018-03-11 05:56:29,686:INFO: Epoch 14/50
2018-03-11 05:56:30,251:INFO: - Train metrics: accuracy: 0.594 ; loss: 0.846
2018-03-11 05:56:31,835:INFO: - Eval metrics : accuracy: 0.524 ; loss: 0.000
2018-03-11 05:56:31,881:INFO: - Found new best accuracy
2018-03-11 05:56:31,882:INFO: Epoch 15/50
2018-03-11 05:56:32,469:INFO: - Train metrics: accuracy: 0.562 ; loss: 0.853
2018-03-11 05:56:33,943:INFO: - Eval metrics : accuracy: 0.523 ; loss: 0.000
2018-03-11 05:56:33,966:INFO: Epoch 16/50
2018-03-11 05:56:34,498:INFO: - Train metrics: accuracy: 0.547 ; loss: 0.866
2018-03-11 05:56:35,955:INFO: - Eval metrics : accuracy: 0.539 ; loss: 0.000
2018-03-11 05:56:35,997:INFO: - Found new best accuracy
2018-03-11 05:56:35,998:INFO: Epoch 17/50
2018-03-11 05:56:36,547:INFO: - Train metrics: accuracy: 0.562 ; loss: 0.853
2018-03-11 05:56:38,010:INFO: - Eval metrics : accuracy: 0.518 ; loss: 0.000
2018-03-11 05:56:38,086:INFO: Epoch 18/50
2018-03-11 05:56:38,691:INFO: - Train metrics: accuracy: 0.594 ; loss: 0.853
2018-03-11 05:56:40,411:INFO: - Eval metrics : accuracy: 0.514 ; loss: 0.000
2018-03-11 05:56:40,449:INFO: Epoch 19/50
2018-03-11 05:56:41,023:INFO: - Train metrics: accuracy: 0.602 ; loss: 0.846
2018-03-11 05:56:42,486:INFO: - Eval metrics : accuracy: 0.534 ; loss: 0.000
2018-03-11 05:56:42,527:INFO: Epoch 20/50
2018-03-11 05:56:43,108:INFO: - Train metrics: accuracy: 0.680 ; loss: 0.858
2018-03-11 05:56:44,755:INFO: - Eval metrics : accuracy: 0.533 ; loss: 0.000
2018-03-11 05:56:44,771:INFO: Epoch 21/50
2018-03-11 05:56:45,487:INFO: - Train metrics: accuracy: 0.680 ; loss: 0.848
2018-03-11 05:56:47,019:INFO: - Eval metrics : accuracy: 0.532 ; loss: 0.000
2018-03-11 05:56:47,039:INFO: Epoch 22/50
2018-03-11 05:56:47,769:INFO: - Train metrics: accuracy: 0.703 ; loss: 0.850
2018-03-11 05:56:49,340:INFO: - Eval metrics : accuracy: 0.551 ; loss: 0.000
2018-03-11 05:56:49,388:INFO: - Found new best accuracy
2018-03-11 05:56:49,389:INFO: Epoch 23/50
2018-03-11 05:56:50,127:INFO: - Train metrics: accuracy: 0.695 ; loss: 0.825
2018-03-11 05:56:51,671:INFO: - Eval metrics : accuracy: 0.527 ; loss: 0.000
2018-03-11 05:56:51,696:INFO: Epoch 24/50
2018-03-11 05:56:52,380:INFO: - Train metrics: accuracy: 0.672 ; loss: 0.830
2018-03-11 05:56:53,964:INFO: - Eval metrics : accuracy: 0.549 ; loss: 0.000
2018-03-11 05:56:53,991:INFO: Epoch 25/50
2018-03-11 05:56:54,595:INFO: - Train metrics: accuracy: 0.664 ; loss: 0.867
2018-03-11 05:56:56,069:INFO: - Eval metrics : accuracy: 0.552 ; loss: 0.000
2018-03-11 05:56:56,124:INFO: - Found new best accuracy
2018-03-11 05:56:56,125:INFO: Epoch 26/50
2018-03-11 05:56:56,744:INFO: - Train metrics: accuracy: 0.688 ; loss: 0.861
2018-03-11 05:56:58,195:INFO: - Eval metrics : accuracy: 0.570 ; loss: 0.000
2018-03-11 05:56:58,259:INFO: - Found new best accuracy
2018-03-11 05:56:58,260:INFO: Epoch 27/50
2018-03-11 05:56:58,791:INFO: - Train metrics: accuracy: 0.734 ; loss: 0.842
2018-03-11 05:57:00,293:INFO: - Eval metrics : accuracy: 0.540 ; loss: 0.000
2018-03-11 05:57:00,327:INFO: Epoch 28/50
2018-03-11 05:57:00,887:INFO: - Train metrics: accuracy: 0.625 ; loss: 0.855
2018-03-11 05:57:02,307:INFO: - Eval metrics : accuracy: 0.545 ; loss: 0.000
2018-03-11 05:57:02,327:INFO: Epoch 29/50
2018-03-11 05:57:02,901:INFO: - Train metrics: accuracy: 0.711 ; loss: 0.853
2018-03-11 05:57:04,476:INFO: - Eval metrics : accuracy: 0.573 ; loss: 0.000
2018-03-11 05:57:04,515:INFO: - Found new best accuracy
2018-03-11 05:57:04,520:INFO: Epoch 30/50
2018-03-11 05:57:05,105:INFO: - Train metrics: accuracy: 0.719 ; loss: 0.854
2018-03-11 05:57:06,511:INFO: - Eval metrics : accuracy: 0.552 ; loss: 0.000
2018-03-11 05:57:06,551:INFO: Epoch 31/50
2018-03-11 05:57:07,224:INFO: - Train metrics: accuracy: 0.734 ; loss: 0.858
2018-03-11 05:57:08,741:INFO: - Eval metrics : accuracy: 0.567 ; loss: 0.000
2018-03-11 05:57:08,767:INFO: Epoch 32/50
2018-03-11 05:57:09,356:INFO: - Train metrics: accuracy: 0.680 ; loss: 0.852
2018-03-11 05:57:10,809:INFO: - Eval metrics : accuracy: 0.545 ; loss: 0.000
2018-03-11 05:57:10,826:INFO: Epoch 33/50
2018-03-11 05:57:11,524:INFO: - Train metrics: accuracy: 0.711 ; loss: 0.826
2018-03-11 05:57:12,957:INFO: - Eval metrics : accuracy: 0.555 ; loss: 0.000
2018-03-11 05:57:12,990:INFO: Epoch 34/50
2018-03-11 05:57:13,678:INFO: - Train metrics: accuracy: 0.750 ; loss: 0.865
2018-03-11 05:57:15,219:INFO: - Eval metrics : accuracy: 0.569 ; loss: 0.000
2018-03-11 05:57:15,246:INFO: Epoch 35/50
2018-03-11 05:57:15,920:INFO: - Train metrics: accuracy: 0.719 ; loss: 0.859
2018-03-11 05:57:17,437:INFO: - Eval metrics : accuracy: 0.568 ; loss: 0.000
2018-03-11 05:57:17,475:INFO: Epoch 36/50
2018-03-11 05:57:18,129:INFO: - Train metrics: accuracy: 0.766 ; loss: 0.846
2018-03-11 05:57:19,503:INFO: - Eval metrics : accuracy: 0.569 ; loss: 0.000
2018-03-11 05:57:19,519:INFO: Epoch 37/50
2018-03-11 05:57:20,164:INFO: - Train metrics: accuracy: 0.688 ; loss: 0.843
2018-03-11 05:57:21,563:INFO: - Eval metrics : accuracy: 0.565 ; loss: 0.000
2018-03-11 05:57:21,591:INFO: Epoch 38/50
2018-03-11 05:57:22,262:INFO: - Train metrics: accuracy: 0.750 ; loss: 0.853
2018-03-11 05:57:23,643:INFO: - Eval metrics : accuracy: 0.593 ; loss: 0.000
2018-03-11 05:57:23,694:INFO: - Found new best accuracy
2018-03-11 05:57:23,696:INFO: Epoch 39/50
2018-03-11 05:57:24,432:INFO: - Train metrics: accuracy: 0.734 ; loss: 0.846
2018-03-11 05:57:25,831:INFO: - Eval metrics : accuracy: 0.573 ; loss: 0.000
2018-03-11 05:57:25,855:INFO: Epoch 40/50
2018-03-11 05:57:26,524:INFO: - Train metrics: accuracy: 0.812 ; loss: 0.816
2018-03-11 05:57:27,883:INFO: - Eval metrics : accuracy: 0.591 ; loss: 0.000
2018-03-11 05:57:27,911:INFO: Epoch 41/50
2018-03-11 05:57:28,518:INFO: - Train metrics: accuracy: 0.766 ; loss: 0.858
2018-03-11 05:57:29,888:INFO: - Eval metrics : accuracy: 0.573 ; loss: 0.000
2018-03-11 05:57:29,907:INFO: Epoch 42/50
2018-03-11 05:57:30,503:INFO: - Train metrics: accuracy: 0.789 ; loss: 0.829
2018-03-11 05:57:31,818:INFO: - Eval metrics : accuracy: 0.568 ; loss: 0.000
2018-03-11 05:57:31,855:INFO: Epoch 43/50
2018-03-11 05:57:32,472:INFO: - Train metrics: accuracy: 0.797 ; loss: 0.835
2018-03-11 05:57:33,998:INFO: - Eval metrics : accuracy: 0.582 ; loss: 0.000
2018-03-11 05:57:34,012:INFO: Epoch 44/50
2018-03-11 05:57:34,691:INFO: - Train metrics: accuracy: 0.766 ; loss: 0.845
2018-03-11 05:57:36,216:INFO: - Eval metrics : accuracy: 0.587 ; loss: 0.000
2018-03-11 05:57:36,247:INFO: Epoch 45/50
2018-03-11 05:57:36,868:INFO: - Train metrics: accuracy: 0.820 ; loss: 0.853
2018-03-11 05:57:38,352:INFO: - Eval metrics : accuracy: 0.565 ; loss: 0.000
2018-03-11 05:57:38,375:INFO: Epoch 46/50
2018-03-11 05:57:38,766:INFO: - Train metrics: accuracy: 0.773 ; loss: 0.838
2018-03-11 05:57:39,593:INFO: - Eval metrics : accuracy: 0.580 ; loss: 0.000
2018-03-11 05:57:39,609:INFO: Epoch 47/50
2018-03-11 05:57:39,998:INFO: - Train metrics: accuracy: 0.812 ; loss: 0.847
2018-03-11 05:57:40,819:INFO: - Eval metrics : accuracy: 0.586 ; loss: 0.000
2018-03-11 05:57:40,839:INFO: Epoch 48/50
2018-03-11 05:57:41,225:INFO: - Train metrics: accuracy: 0.836 ; loss: 0.862
2018-03-11 05:57:42,044:INFO: - Eval metrics : accuracy: 0.582 ; loss: 0.000
2018-03-11 05:57:42,069:INFO: Epoch 49/50
2018-03-11 05:57:42,462:INFO: - Train metrics: accuracy: 0.805 ; loss: 0.853
2018-03-11 05:57:43,281:INFO: - Eval metrics : accuracy: 0.562 ; loss: 0.000
2018-03-11 05:57:43,298:INFO: Epoch 50/50
2018-03-11 05:57:43,691:INFO: - Train metrics: accuracy: 0.828 ; loss: 0.855
2018-03-11 05:57:44,485:INFO: - Eval metrics : accuracy: 0.572 ; loss: 0.000
2018-03-11 05:58:47,538:INFO: Loading the datasets...
2018-03-11 05:58:51,086:INFO: - done.
2018-03-11 05:58:56,604:INFO: Starting training for 100 epoch(s)
2018-03-11 05:58:56,604:INFO: First, loading the teacher model and computing its outputs...
2018-03-11 05:59:11,229:INFO: - Finished computing teacher outputs after 15 secs..
2018-03-11 05:59:11,229:INFO: Epoch 1/100
2018-03-11 05:59:11,661:INFO: - Train metrics: accuracy: 0.094 ; loss: 0.850
2018-03-11 05:59:12,499:INFO: - Eval metrics : accuracy: 0.099 ; loss: 0.000
2018-03-11 05:59:12,536:INFO: - Found new best accuracy
2018-03-11 05:59:12,537:INFO: Epoch 2/100
2018-03-11 05:59:12,964:INFO: - Train metrics: accuracy: 0.281 ; loss: 0.836
2018-03-11 05:59:13,804:INFO: - Eval metrics : accuracy: 0.158 ; loss: 0.000
2018-03-11 05:59:13,842:INFO: - Found new best accuracy
2018-03-11 05:59:13,842:INFO: Epoch 3/100
2018-03-11 05:59:14,250:INFO: - Train metrics: accuracy: 0.289 ; loss: 0.833
2018-03-11 05:59:15,091:INFO: - Eval metrics : accuracy: 0.281 ; loss: 0.000
2018-03-11 05:59:15,128:INFO: - Found new best accuracy
2018-03-11 05:59:15,129:INFO: Epoch 4/100
2018-03-11 05:59:15,545:INFO: - Train metrics: accuracy: 0.375 ; loss: 0.834
2018-03-11 05:59:16,356:INFO: - Eval metrics : accuracy: 0.368 ; loss: 0.000
2018-03-11 05:59:16,392:INFO: - Found new best accuracy
2018-03-11 05:59:16,392:INFO: Epoch 5/100
2018-03-11 05:59:16,806:INFO: - Train metrics: accuracy: 0.422 ; loss: 0.864
2018-03-11 05:59:17,651:INFO: - Eval metrics : accuracy: 0.397 ; loss: 0.000
2018-03-11 05:59:17,679:INFO: - Found new best accuracy
2018-03-11 05:59:17,680:INFO: Epoch 6/100
2018-03-11 05:59:18,079:INFO: - Train metrics: accuracy: 0.398 ; loss: 0.820
2018-03-11 05:59:18,917:INFO: - Eval metrics : accuracy: 0.423 ; loss: 0.000
2018-03-11 05:59:18,949:INFO: - Found new best accuracy
2018-03-11 05:59:18,950:INFO: Epoch 7/100
2018-03-11 05:59:19,369:INFO: - Train metrics: accuracy: 0.422 ; loss: 0.842
2018-03-11 05:59:20,228:INFO: - Eval metrics : accuracy: 0.446 ; loss: 0.000
2018-03-11 05:59:20,256:INFO: - Found new best accuracy
2018-03-11 05:59:20,257:INFO: Epoch 8/100
2018-03-11 05:59:20,665:INFO: - Train metrics: accuracy: 0.562 ; loss: 0.832
2018-03-11 05:59:21,513:INFO: - Eval metrics : accuracy: 0.428 ; loss: 0.000
2018-03-11 05:59:21,539:INFO: Epoch 9/100
2018-03-11 05:59:21,960:INFO: - Train metrics: accuracy: 0.500 ; loss: 0.844
2018-03-11 05:59:22,791:INFO: - Eval metrics : accuracy: 0.467 ; loss: 0.000
2018-03-11 05:59:22,820:INFO: - Found new best accuracy
2018-03-11 05:59:22,821:INFO: Epoch 10/100
2018-03-11 05:59:23,216:INFO: - Train metrics: accuracy: 0.477 ; loss: 0.867
2018-03-11 05:59:24,042:INFO: - Eval metrics : accuracy: 0.474 ; loss: 0.000
2018-03-11 05:59:24,070:INFO: - Found new best accuracy
2018-03-11 05:59:24,071:INFO: Epoch 11/100
2018-03-11 05:59:24,492:INFO: - Train metrics: accuracy: 0.531 ; loss: 0.819
2018-03-11 05:59:25,335:INFO: - Eval metrics : accuracy: 0.433 ; loss: 0.000
2018-03-11 05:59:25,357:INFO: Epoch 12/100
2018-03-11 05:59:25,780:INFO: - Train metrics: accuracy: 0.461 ; loss: 0.829
2018-03-11 05:59:26,640:INFO: - Eval metrics : accuracy: 0.517 ; loss: 0.000
2018-03-11 05:59:26,676:INFO: - Found new best accuracy
2018-03-11 05:59:26,677:INFO: Epoch 13/100
2018-03-11 05:59:27,089:INFO: - Train metrics: accuracy: 0.578 ; loss: 0.819
2018-03-11 05:59:27,941:INFO: - Eval metrics : accuracy: 0.496 ; loss: 0.000
2018-03-11 05:59:27,967:INFO: Epoch 14/100
2018-03-11 05:59:28,376:INFO: - Train metrics: accuracy: 0.594 ; loss: 0.828
2018-03-11 05:59:29,221:INFO: - Eval metrics : accuracy: 0.494 ; loss: 0.000
2018-03-11 05:59:29,237:INFO: Epoch 15/100
2018-03-11 05:59:29,661:INFO: - Train metrics: accuracy: 0.555 ; loss: 0.832
2018-03-11 05:59:30,513:INFO: - Eval metrics : accuracy: 0.529 ; loss: 0.000
2018-03-11 05:59:30,546:INFO: - Found new best accuracy
2018-03-11 05:59:30,546:INFO: Epoch 16/100
2018-03-11 05:59:30,956:INFO: - Train metrics: accuracy: 0.523 ; loss: 0.845
2018-03-11 05:59:31,816:INFO: - Eval metrics : accuracy: 0.530 ; loss: 0.000
2018-03-11 05:59:31,845:INFO: - Found new best accuracy
2018-03-11 05:59:31,845:INFO: Epoch 17/100
2018-03-11 05:59:32,244:INFO: - Train metrics: accuracy: 0.602 ; loss: 0.830
2018-03-11 05:59:33,086:INFO: - Eval metrics : accuracy: 0.497 ; loss: 0.000
2018-03-11 05:59:33,107:INFO: Epoch 18/100
2018-03-11 05:59:33,538:INFO: - Train metrics: accuracy: 0.648 ; loss: 0.831
2018-03-11 05:59:34,384:INFO: - Eval metrics : accuracy: 0.511 ; loss: 0.000
2018-03-11 05:59:34,399:INFO: Epoch 19/100
2018-03-11 05:59:34,810:INFO: - Train metrics: accuracy: 0.641 ; loss: 0.826
2018-03-11 05:59:35,636:INFO: - Eval metrics : accuracy: 0.524 ; loss: 0.000
2018-03-11 05:59:35,663:INFO: Epoch 20/100
2018-03-11 05:59:36,080:INFO: - Train metrics: accuracy: 0.703 ; loss: 0.812
2018-03-11 05:59:36,912:INFO: - Eval metrics : accuracy: 0.511 ; loss: 0.000
2018-03-11 05:59:36,926:INFO: Epoch 21/100
2018-03-11 05:59:37,343:INFO: - Train metrics: accuracy: 0.703 ; loss: 0.815
2018-03-11 05:59:38,175:INFO: - Eval metrics : accuracy: 0.535 ; loss: 0.000
2018-03-11 05:59:38,202:INFO: - Found new best accuracy
2018-03-11 05:59:38,203:INFO: Epoch 22/100
2018-03-11 05:59:38,609:INFO: - Train metrics: accuracy: 0.680 ; loss: 0.840
2018-03-11 05:59:39,462:INFO: - Eval metrics : accuracy: 0.540 ; loss: 0.000
2018-03-11 05:59:39,488:INFO: - Found new best accuracy
2018-03-11 05:59:39,489:INFO: Epoch 23/100
2018-03-11 05:59:39,901:INFO: - Train metrics: accuracy: 0.742 ; loss: 0.849
2018-03-11 05:59:40,727:INFO: - Eval metrics : accuracy: 0.526 ; loss: 0.000
2018-03-11 05:59:40,750:INFO: Epoch 24/100
2018-03-11 05:59:41,159:INFO: - Train metrics: accuracy: 0.656 ; loss: 0.841
2018-03-11 05:59:41,993:INFO: - Eval metrics : accuracy: 0.559 ; loss: 0.000
2018-03-11 05:59:42,026:INFO: - Found new best accuracy
2018-03-11 05:59:42,026:INFO: Epoch 25/100
2018-03-11 05:59:42,424:INFO: - Train metrics: accuracy: 0.688 ; loss: 0.835
2018-03-11 05:59:43,245:INFO: - Eval metrics : accuracy: 0.541 ; loss: 0.000
2018-03-11 05:59:43,274:INFO: Epoch 26/100
2018-03-11 05:59:43,668:INFO: - Train metrics: accuracy: 0.688 ; loss: 0.807
2018-03-11 05:59:44,500:INFO: - Eval metrics : accuracy: 0.549 ; loss: 0.000
2018-03-11 05:59:44,516:INFO: Epoch 27/100
2018-03-11 05:59:44,935:INFO: - Train metrics: accuracy: 0.656 ; loss: 0.827
2018-03-11 05:59:45,787:INFO: - Eval metrics : accuracy: 0.573 ; loss: 0.000
2018-03-11 05:59:45,819:INFO: - Found new best accuracy
2018-03-11 05:59:45,820:INFO: Epoch 28/100
2018-03-11 05:59:46,221:INFO: - Train metrics: accuracy: 0.711 ; loss: 0.829
2018-03-11 05:59:47,064:INFO: - Eval metrics : accuracy: 0.578 ; loss: 0.000
2018-03-11 05:59:47,092:INFO: - Found new best accuracy
2018-03-11 05:59:47,092:INFO: Epoch 29/100
2018-03-11 05:59:47,498:INFO: - Train metrics: accuracy: 0.695 ; loss: 0.854
2018-03-11 05:59:48,319:INFO: - Eval metrics : accuracy: 0.539 ; loss: 0.000
2018-03-11 05:59:48,334:INFO: Epoch 30/100
2018-03-11 05:59:48,743:INFO: - Train metrics: accuracy: 0.711 ; loss: 0.806
2018-03-11 05:59:49,570:INFO: - Eval metrics : accuracy: 0.558 ; loss: 0.000
2018-03-11 05:59:49,595:INFO: Epoch 31/100
2018-03-11 05:59:49,998:INFO: - Train metrics: accuracy: 0.680 ; loss: 0.848
2018-03-11 05:59:50,846:INFO: - Eval metrics : accuracy: 0.541 ; loss: 0.000
2018-03-11 05:59:50,863:INFO: Epoch 32/100
2018-03-11 05:59:51,296:INFO: - Train metrics: accuracy: 0.711 ; loss: 0.833
2018-03-11 05:59:52,160:INFO: - Eval metrics : accuracy: 0.546 ; loss: 0.000
2018-03-11 05:59:52,185:INFO: Epoch 33/100
2018-03-11 05:59:52,607:INFO: - Train metrics: accuracy: 0.703 ; loss: 0.835
2018-03-11 05:59:53,440:INFO: - Eval metrics : accuracy: 0.546 ; loss: 0.000
2018-03-11 05:59:53,455:INFO: Epoch 34/100
2018-03-11 05:59:53,865:INFO: - Train metrics: accuracy: 0.711 ; loss: 0.824
2018-03-11 05:59:54,693:INFO: - Eval metrics : accuracy: 0.570 ; loss: 0.000
2018-03-11 05:59:54,710:INFO: Epoch 35/100
2018-03-11 05:59:55,138:INFO: - Train metrics: accuracy: 0.750 ; loss: 0.813
2018-03-11 05:59:56,005:INFO: - Eval metrics : accuracy: 0.559 ; loss: 0.000
2018-03-11 05:59:56,031:INFO: Epoch 36/100
2018-03-11 05:59:56,426:INFO: - Train metrics: accuracy: 0.812 ; loss: 0.840
2018-03-11 05:59:57,265:INFO: - Eval metrics : accuracy: 0.570 ; loss: 0.000
2018-03-11 05:59:57,288:INFO: Epoch 37/100
2018-03-11 05:59:57,707:INFO: - Train metrics: accuracy: 0.820 ; loss: 0.821
2018-03-11 05:59:58,538:INFO: - Eval metrics : accuracy: 0.566 ; loss: 0.000
2018-03-11 05:59:58,556:INFO: Epoch 38/100
2018-03-11 05:59:58,949:INFO: - Train metrics: accuracy: 0.781 ; loss: 0.804
2018-03-11 05:59:59,755:INFO: - Eval metrics : accuracy: 0.576 ; loss: 0.000
2018-03-11 05:59:59,770:INFO: Epoch 39/100
2018-03-11 06:00:00,164:INFO: - Train metrics: accuracy: 0.789 ; loss: 0.843
2018-03-11 06:00:01,010:INFO: - Eval metrics : accuracy: 0.578 ; loss: 0.000
2018-03-11 06:00:01,027:INFO: Epoch 40/100
2018-03-11 06:00:01,444:INFO: - Train metrics: accuracy: 0.727 ; loss: 0.827
2018-03-11 06:00:02,327:INFO: - Eval metrics : accuracy: 0.575 ; loss: 0.000
2018-03-11 06:00:02,360:INFO: Epoch 41/100
2018-03-11 06:00:02,776:INFO: - Train metrics: accuracy: 0.828 ; loss: 0.842
2018-03-11 06:00:03,632:INFO: - Eval metrics : accuracy: 0.573 ; loss: 0.000
2018-03-11 06:00:03,648:INFO: Epoch 42/100
2018-03-11 06:00:04,038:INFO: - Train metrics: accuracy: 0.812 ; loss: 0.810
2018-03-11 06:00:04,904:INFO: - Eval metrics : accuracy: 0.591 ; loss: 0.000
2018-03-11 06:00:04,941:INFO: - Found new best accuracy
2018-03-11 06:00:04,941:INFO: Epoch 43/100
2018-03-11 06:00:05,353:INFO: - Train metrics: accuracy: 0.773 ; loss: 0.823
2018-03-11 06:00:06,200:INFO: - Eval metrics : accuracy: 0.591 ; loss: 0.000
2018-03-11 06:00:06,215:INFO: Epoch 44/100
2018-03-11 06:00:06,645:INFO: - Train metrics: accuracy: 0.820 ; loss: 0.832
2018-03-11 06:00:07,497:INFO: - Eval metrics : accuracy: 0.584 ; loss: 0.000
2018-03-11 06:00:07,515:INFO: Epoch 45/100
2018-03-11 06:00:07,942:INFO: - Train metrics: accuracy: 0.781 ; loss: 0.805
2018-03-11 06:00:08,793:INFO: - Eval metrics : accuracy: 0.563 ; loss: 0.000
2018-03-11 06:00:08,811:INFO: Epoch 46/100
2018-03-11 06:00:09,236:INFO: - Train metrics: accuracy: 0.883 ; loss: 0.821
2018-03-11 06:00:10,096:INFO: - Eval metrics : accuracy: 0.571 ; loss: 0.000
2018-03-11 06:00:10,123:INFO: Epoch 47/100
2018-03-11 06:00:10,544:INFO: - Train metrics: accuracy: 0.797 ; loss: 0.823
2018-03-11 06:00:11,400:INFO: - Eval metrics : accuracy: 0.557 ; loss: 0.000
2018-03-11 06:00:11,427:INFO: Epoch 48/100
2018-03-11 06:00:11,836:INFO: - Train metrics: accuracy: 0.812 ; loss: 0.854
2018-03-11 06:00:12,677:INFO: - Eval metrics : accuracy: 0.585 ; loss: 0.000
2018-03-11 06:00:12,693:INFO: Epoch 49/100
2018-03-11 06:00:13,090:INFO: - Train metrics: accuracy: 0.836 ; loss: 0.821
2018-03-11 06:00:13,891:INFO: - Eval metrics : accuracy: 0.576 ; loss: 0.000
2018-03-11 06:00:13,907:INFO: Epoch 50/100
2018-03-11 06:00:14,328:INFO: - Train metrics: accuracy: 0.781 ; loss: 0.847
2018-03-11 06:00:15,173:INFO: - Eval metrics : accuracy: 0.584 ; loss: 0.000
2018-03-11 06:00:15,188:INFO: Epoch 51/100
2018-03-11 06:00:15,595:INFO: - Train metrics: accuracy: 0.805 ; loss: 0.833
2018-03-11 06:00:16,424:INFO: - Eval metrics : accuracy: 0.578 ; loss: 0.000
2018-03-11 06:00:16,439:INFO: Epoch 52/100
2018-03-11 06:00:16,871:INFO: - Train metrics: accuracy: 0.805 ; loss: 0.838
2018-03-11 06:00:17,719:INFO: - Eval metrics : accuracy: 0.579 ; loss: 0.000
2018-03-11 06:00:17,734:INFO: Epoch 53/100
2018-03-11 06:00:18,143:INFO: - Train metrics: accuracy: 0.859 ; loss: 0.821
2018-03-11 06:00:18,961:INFO: - Eval metrics : accuracy: 0.588 ; loss: 0.000
2018-03-11 06:00:18,987:INFO: Epoch 54/100
2018-03-11 06:00:19,412:INFO: - Train metrics: accuracy: 0.820 ; loss: 0.814
2018-03-11 06:00:20,246:INFO: - Eval metrics : accuracy: 0.580 ; loss: 0.000
2018-03-11 06:00:20,264:INFO: Epoch 55/100
2018-03-11 06:00:20,680:INFO: - Train metrics: accuracy: 0.859 ; loss: 0.811
2018-03-11 06:00:21,520:INFO: - Eval metrics : accuracy: 0.581 ; loss: 0.000
2018-03-11 06:00:21,536:INFO: Epoch 56/100
2018-03-11 06:00:21,937:INFO: - Train metrics: accuracy: 0.773 ; loss: 0.862
2018-03-11 06:00:22,788:INFO: - Eval metrics : accuracy: 0.561 ; loss: 0.000
2018-03-11 06:00:22,803:INFO: Epoch 57/100
2018-03-11 06:00:23,224:INFO: - Train metrics: accuracy: 0.844 ; loss: 0.813
2018-03-11 06:00:24,077:INFO: - Eval metrics : accuracy: 0.588 ; loss: 0.000
2018-03-11 06:00:24,098:INFO: Epoch 58/100
2018-03-11 06:00:24,516:INFO: - Train metrics: accuracy: 0.828 ; loss: 0.813
2018-03-11 06:00:25,369:INFO: - Eval metrics : accuracy: 0.602 ; loss: 0.000
2018-03-11 06:00:25,401:INFO: - Found new best accuracy
2018-03-11 06:00:25,403:INFO: Epoch 59/100
2018-03-11 06:00:25,815:INFO: - Train metrics: accuracy: 0.828 ; loss: 0.821
2018-03-11 06:00:26,663:INFO: - Eval metrics : accuracy: 0.602 ; loss: 0.000
2018-03-11 06:00:26,689:INFO: - Found new best accuracy
2018-03-11 06:00:26,690:INFO: Epoch 60/100
2018-03-11 06:00:27,103:INFO: - Train metrics: accuracy: 0.844 ; loss: 0.849
2018-03-11 06:00:27,948:INFO: - Eval metrics : accuracy: 0.603 ; loss: 0.000
2018-03-11 06:00:27,975:INFO: - Found new best accuracy
2018-03-11 06:00:27,976:INFO: Epoch 61/100
2018-03-11 06:00:28,389:INFO: - Train metrics: accuracy: 0.836 ; loss: 0.825
2018-03-11 06:00:29,246:INFO: - Eval metrics : accuracy: 0.595 ; loss: 0.000
2018-03-11 06:00:29,271:INFO: Epoch 62/100
2018-03-11 06:00:29,679:INFO: - Train metrics: accuracy: 0.898 ; loss: 0.841
2018-03-11 06:00:30,529:INFO: - Eval metrics : accuracy: 0.587 ; loss: 0.000
2018-03-11 06:00:30,551:INFO: Epoch 63/100
2018-03-11 06:00:30,986:INFO: - Train metrics: accuracy: 0.859 ; loss: 0.806
2018-03-11 06:00:31,840:INFO: - Eval metrics : accuracy: 0.600 ; loss: 0.000
2018-03-11 06:00:31,855:INFO: Epoch 64/100
2018-03-11 06:00:32,270:INFO: - Train metrics: accuracy: 0.867 ; loss: 0.816
2018-03-11 06:00:33,139:INFO: - Eval metrics : accuracy: 0.592 ; loss: 0.000
2018-03-11 06:00:33,156:INFO: Epoch 65/100
2018-03-11 06:00:33,591:INFO: - Train metrics: accuracy: 0.828 ; loss: 0.822
2018-03-11 06:00:34,449:INFO: - Eval metrics : accuracy: 0.590 ; loss: 0.000
2018-03-11 06:00:34,475:INFO: Epoch 66/100
2018-03-11 06:00:34,887:INFO: - Train metrics: accuracy: 0.883 ; loss: 0.817
2018-03-11 06:00:35,747:INFO: - Eval metrics : accuracy: 0.589 ; loss: 0.000
2018-03-11 06:00:35,763:INFO: Epoch 67/100
2018-03-11 06:00:36,192:INFO: - Train metrics: accuracy: 0.883 ; loss: 0.845
2018-03-11 06:00:37,076:INFO: - Eval metrics : accuracy: 0.585 ; loss: 0.000
2018-03-11 06:00:37,095:INFO: Epoch 68/100
2018-03-11 06:00:37,537:INFO: - Train metrics: accuracy: 0.852 ; loss: 0.814
2018-03-11 06:00:38,421:INFO: - Eval metrics : accuracy: 0.587 ; loss: 0.000
2018-03-11 06:00:38,448:INFO: Epoch 69/100
2018-03-11 06:00:38,857:INFO: - Train metrics: accuracy: 0.883 ; loss: 0.808
2018-03-11 06:00:39,715:INFO: - Eval metrics : accuracy: 0.595 ; loss: 0.000
2018-03-11 06:00:39,731:INFO: Epoch 70/100
2018-03-11 06:00:40,149:INFO: - Train metrics: accuracy: 0.844 ; loss: 0.837
2018-03-11 06:00:41,012:INFO: - Eval metrics : accuracy: 0.585 ; loss: 0.000
2018-03-11 06:00:41,028:INFO: Epoch 71/100
2018-03-11 06:00:41,456:INFO: - Train metrics: accuracy: 0.891 ; loss: 0.864
2018-03-11 06:00:42,335:INFO: - Eval metrics : accuracy: 0.587 ; loss: 0.000
2018-03-11 06:00:42,351:INFO: Epoch 72/100
2018-03-11 06:00:42,769:INFO: - Train metrics: accuracy: 0.883 ; loss: 0.836
2018-03-11 06:00:43,612:INFO: - Eval metrics : accuracy: 0.595 ; loss: 0.000
2018-03-11 06:00:43,639:INFO: Epoch 73/100
2018-03-11 06:00:44,050:INFO: - Train metrics: accuracy: 0.867 ; loss: 0.843
2018-03-11 06:00:44,909:INFO: - Eval metrics : accuracy: 0.586 ; loss: 0.000
2018-03-11 06:00:44,935:INFO: Epoch 74/100
2018-03-11 06:00:45,357:INFO: - Train metrics: accuracy: 0.922 ; loss: 0.804
2018-03-11 06:00:46,217:INFO: - Eval metrics : accuracy: 0.599 ; loss: 0.000
2018-03-11 06:00:46,244:INFO: Epoch 75/100
2018-03-11 06:00:46,649:INFO: - Train metrics: accuracy: 0.914 ; loss: 0.825
2018-03-11 06:00:47,486:INFO: - Eval metrics : accuracy: 0.612 ; loss: 0.000
2018-03-11 06:00:47,514:INFO: - Found new best accuracy
2018-03-11 06:00:47,515:INFO: Epoch 76/100
2018-03-11 06:00:47,942:INFO: - Train metrics: accuracy: 0.953 ; loss: 0.831
2018-03-11 06:00:48,811:INFO: - Eval metrics : accuracy: 0.601 ; loss: 0.000
2018-03-11 06:00:48,827:INFO: Epoch 77/100
2018-03-11 06:00:49,237:INFO: - Train metrics: accuracy: 0.906 ; loss: 0.814
2018-03-11 06:00:50,114:INFO: - Eval metrics : accuracy: 0.581 ; loss: 0.000
2018-03-11 06:00:50,130:INFO: Epoch 78/100
2018-03-11 06:00:50,550:INFO: - Train metrics: accuracy: 0.891 ; loss: 0.823
2018-03-11 06:00:51,420:INFO: - Eval metrics : accuracy: 0.601 ; loss: 0.000
2018-03-11 06:00:51,443:INFO: Epoch 79/100
2018-03-11 06:00:51,879:INFO: - Train metrics: accuracy: 0.859 ; loss: 0.828
2018-03-11 06:00:52,725:INFO: - Eval metrics : accuracy: 0.609 ; loss: 0.000
2018-03-11 06:00:52,751:INFO: Epoch 80/100
2018-03-11 06:00:53,167:INFO: - Train metrics: accuracy: 0.898 ; loss: 0.771
2018-03-11 06:00:54,026:INFO: - Eval metrics : accuracy: 0.587 ; loss: 0.000
2018-03-11 06:00:54,043:INFO: Epoch 81/100
2018-03-11 06:00:54,462:INFO: - Train metrics: accuracy: 0.891 ; loss: 0.836
2018-03-11 06:00:55,300:INFO: - Eval metrics : accuracy: 0.592 ; loss: 0.000
2018-03-11 06:00:55,315:INFO: Epoch 82/100
2018-03-11 06:00:55,742:INFO: - Train metrics: accuracy: 0.945 ; loss: 0.818
2018-03-11 06:00:56,596:INFO: - Eval metrics : accuracy: 0.586 ; loss: 0.000
2018-03-11 06:00:56,624:INFO: Epoch 83/100
2018-03-11 06:00:57,032:INFO: - Train metrics: accuracy: 0.906 ; loss: 0.861
2018-03-11 06:00:57,876:INFO: - Eval metrics : accuracy: 0.594 ; loss: 0.000
2018-03-11 06:00:57,891:INFO: Epoch 84/100
2018-03-11 06:00:58,324:INFO: - Train metrics: accuracy: 0.875 ; loss: 0.826
2018-03-11 06:00:59,166:INFO: - Eval metrics : accuracy: 0.579 ; loss: 0.000
2018-03-11 06:00:59,182:INFO: Epoch 85/100
2018-03-11 06:00:59,599:INFO: - Train metrics: accuracy: 0.938 ; loss: 0.871
2018-03-11 06:01:00,456:INFO: - Eval metrics : accuracy: 0.575 ; loss: 0.000
2018-03-11 06:01:00,471:INFO: Epoch 86/100
2018-03-11 06:01:00,895:INFO: - Train metrics: accuracy: 0.914 ; loss: 0.843
2018-03-11 06:01:01,727:INFO: - Eval metrics : accuracy: 0.588 ; loss: 0.000
2018-03-11 06:01:01,743:INFO: Epoch 87/100
2018-03-11 06:01:02,175:INFO: - Train metrics: accuracy: 0.906 ; loss: 0.838
2018-03-11 06:01:03,002:INFO: - Eval metrics : accuracy: 0.578 ; loss: 0.000
2018-03-11 06:01:03,035:INFO: Epoch 88/100
2018-03-11 06:01:03,436:INFO: - Train metrics: accuracy: 0.945 ; loss: 0.772
2018-03-11 06:01:04,293:INFO: - Eval metrics : accuracy: 0.600 ; loss: 0.000
2018-03-11 06:01:04,305:INFO: Epoch 89/100
2018-03-11 06:01:04,732:INFO: - Train metrics: accuracy: 0.930 ; loss: 0.821
2018-03-11 06:01:05,560:INFO: - Eval metrics : accuracy: 0.590 ; loss: 0.000
2018-03-11 06:01:05,575:INFO: Epoch 90/100
2018-03-11 06:01:05,988:INFO: - Train metrics: accuracy: 0.898 ; loss: 0.826
2018-03-11 06:01:06,862:INFO: - Eval metrics : accuracy: 0.604 ; loss: 0.000
2018-03-11 06:01:06,878:INFO: Epoch 91/100
2018-03-11 06:01:07,310:INFO: - Train metrics: accuracy: 0.938 ; loss: 0.832
2018-03-11 06:01:08,167:INFO: - Eval metrics : accuracy: 0.605 ; loss: 0.000
2018-03-11 06:01:08,196:INFO: Epoch 92/100
2018-03-11 06:01:08,598:INFO: - Train metrics: accuracy: 0.922 ; loss: 0.827
2018-03-11 06:01:09,466:INFO: - Eval metrics : accuracy: 0.573 ; loss: 0.000
2018-03-11 06:01:09,482:INFO: Epoch 93/100
2018-03-11 06:01:09,913:INFO: - Train metrics: accuracy: 0.906 ; loss: 0.838
2018-03-11 06:01:10,740:INFO: - Eval metrics : accuracy: 0.598 ; loss: 0.000
2018-03-11 06:01:10,755:INFO: Epoch 94/100
2018-03-11 06:01:11,184:INFO: - Train metrics: accuracy: 0.930 ; loss: 0.824
2018-03-11 06:01:12,032:INFO: - Eval metrics : accuracy: 0.594 ; loss: 0.000
2018-03-11 06:01:12,047:INFO: Epoch 95/100
2018-03-11 06:01:12,462:INFO: - Train metrics: accuracy: 0.898 ; loss: 0.815
2018-03-11 06:01:13,316:INFO: - Eval metrics : accuracy: 0.590 ; loss: 0.000
2018-03-11 06:01:13,338:INFO: Epoch 96/100
2018-03-11 06:01:13,763:INFO: - Train metrics: accuracy: 0.969 ; loss: 0.847
2018-03-11 06:01:14,624:INFO: - Eval metrics : accuracy: 0.592 ; loss: 0.000
2018-03-11 06:01:14,639:INFO: Epoch 97/100
2018-03-11 06:01:15,056:INFO: - Train metrics: accuracy: 0.945 ; loss: 0.835
2018-03-11 06:01:15,928:INFO: - Eval metrics : accuracy: 0.598 ; loss: 0.000
2018-03-11 06:01:15,943:INFO: Epoch 98/100
2018-03-11 06:01:16,360:INFO: - Train metrics: accuracy: 0.930 ; loss: 0.818
2018-03-11 06:01:17,202:INFO: - Eval metrics : accuracy: 0.592 ; loss: 0.000
2018-03-11 06:01:17,218:INFO: Epoch 99/100
2018-03-11 06:01:17,640:INFO: - Train metrics: accuracy: 0.953 ; loss: 0.847
2018-03-11 06:01:18,498:INFO: - Eval metrics : accuracy: 0.583 ; loss: 0.000
2018-03-11 06:01:18,533:INFO: Epoch 100/100
2018-03-11 06:01:18,956:INFO: - Train metrics: accuracy: 0.883 ; loss: 0.834
2018-03-11 06:01:19,790:INFO: - Eval metrics : accuracy: 0.596 ; loss: 0.000
