2018-03-10 07:35:45,987:INFO: Loading the datasets...
2018-03-10 07:35:49,582:INFO: - done.
2018-03-10 07:35:51,883:INFO: Starting training for 30 epoch(s)
2018-03-10 07:35:51,883:INFO: Epoch 1/30
2018-03-10 07:36:00,394:INFO: - Train metrics: accuracy: 0.322 ; loss: 1.933
2018-03-10 07:36:01,203:INFO: - Eval metrics : accuracy: 0.496 ; loss: 1.548
2018-03-10 07:36:01,221:INFO: - Found new best accuracy
2018-03-10 07:36:01,222:INFO: Epoch 2/30
2018-03-10 07:36:08,927:INFO: - Train metrics: accuracy: 0.439 ; loss: 1.588
2018-03-10 07:36:09,721:INFO: - Eval metrics : accuracy: 0.574 ; loss: 1.305
2018-03-10 07:36:09,759:INFO: - Found new best accuracy
2018-03-10 07:36:09,760:INFO: Epoch 3/30
2018-03-10 07:36:17,555:INFO: - Train metrics: accuracy: 0.551 ; loss: 1.362
2018-03-10 07:36:18,366:INFO: - Eval metrics : accuracy: 0.618 ; loss: 1.149
2018-03-10 07:36:18,398:INFO: - Found new best accuracy
2018-03-10 07:36:18,399:INFO: Epoch 4/30
2018-03-10 07:36:26,181:INFO: - Train metrics: accuracy: 0.562 ; loss: 1.277
2018-03-10 07:36:26,981:INFO: - Eval metrics : accuracy: 0.645 ; loss: 1.055
2018-03-10 07:36:27,008:INFO: - Found new best accuracy
2018-03-10 07:36:27,008:INFO: Epoch 5/30
2018-03-10 07:36:34,820:INFO: - Train metrics: accuracy: 0.549 ; loss: 1.230
2018-03-10 07:36:35,647:INFO: - Eval metrics : accuracy: 0.670 ; loss: 0.973
2018-03-10 07:36:35,674:INFO: - Found new best accuracy
2018-03-10 07:36:35,674:INFO: Epoch 6/30
2018-03-10 07:36:43,499:INFO: - Train metrics: accuracy: 0.611 ; loss: 1.164
2018-03-10 07:36:44,336:INFO: - Eval metrics : accuracy: 0.680 ; loss: 0.937
2018-03-10 07:36:44,365:INFO: - Found new best accuracy
2018-03-10 07:36:44,366:INFO: Epoch 7/30
2018-03-10 07:36:52,240:INFO: - Train metrics: accuracy: 0.619 ; loss: 1.092
2018-03-10 07:36:53,043:INFO: - Eval metrics : accuracy: 0.688 ; loss: 0.901
2018-03-10 07:36:53,067:INFO: - Found new best accuracy
2018-03-10 07:36:53,068:INFO: Epoch 8/30
2018-03-10 07:37:00,881:INFO: - Train metrics: accuracy: 0.631 ; loss: 1.027
2018-03-10 07:37:01,694:INFO: - Eval metrics : accuracy: 0.694 ; loss: 0.879
2018-03-10 07:37:01,721:INFO: - Found new best accuracy
2018-03-10 07:37:01,721:INFO: Epoch 9/30
2018-03-10 07:37:09,581:INFO: - Train metrics: accuracy: 0.670 ; loss: 0.980
2018-03-10 07:37:10,390:INFO: - Eval metrics : accuracy: 0.708 ; loss: 0.834
2018-03-10 07:37:10,417:INFO: - Found new best accuracy
2018-03-10 07:37:10,418:INFO: Epoch 10/30
2018-03-10 07:37:18,297:INFO: - Train metrics: accuracy: 0.664 ; loss: 0.938
2018-03-10 07:37:19,099:INFO: - Eval metrics : accuracy: 0.725 ; loss: 0.801
2018-03-10 07:37:19,127:INFO: - Found new best accuracy
2018-03-10 07:37:19,127:INFO: Epoch 11/30
2018-03-10 07:37:27,014:INFO: - Train metrics: accuracy: 0.666 ; loss: 0.958
2018-03-10 07:37:27,825:INFO: - Eval metrics : accuracy: 0.728 ; loss: 0.787
2018-03-10 07:37:27,853:INFO: - Found new best accuracy
2018-03-10 07:37:27,855:INFO: Epoch 12/30
2018-03-10 07:37:35,763:INFO: - Train metrics: accuracy: 0.686 ; loss: 0.961
2018-03-10 07:37:36,573:INFO: - Eval metrics : accuracy: 0.729 ; loss: 0.774
2018-03-10 07:37:36,600:INFO: - Found new best accuracy
2018-03-10 07:37:36,601:INFO: Epoch 13/30
2018-03-10 07:37:44,580:INFO: - Train metrics: accuracy: 0.715 ; loss: 0.869
2018-03-10 07:37:45,408:INFO: - Eval metrics : accuracy: 0.739 ; loss: 0.754
2018-03-10 07:37:45,436:INFO: - Found new best accuracy
2018-03-10 07:37:45,437:INFO: Epoch 14/30
2018-03-10 07:37:53,439:INFO: - Train metrics: accuracy: 0.725 ; loss: 0.894
2018-03-10 07:37:54,261:INFO: - Eval metrics : accuracy: 0.745 ; loss: 0.741
2018-03-10 07:37:54,289:INFO: - Found new best accuracy
2018-03-10 07:37:54,292:INFO: Epoch 15/30
2018-03-10 07:38:02,328:INFO: - Train metrics: accuracy: 0.688 ; loss: 0.885
2018-03-10 07:38:03,154:INFO: - Eval metrics : accuracy: 0.744 ; loss: 0.740
2018-03-10 07:38:03,170:INFO: Epoch 16/30
2018-03-10 07:38:11,199:INFO: - Train metrics: accuracy: 0.699 ; loss: 0.815
2018-03-10 07:38:12,037:INFO: - Eval metrics : accuracy: 0.747 ; loss: 0.722
2018-03-10 07:38:12,077:INFO: - Found new best accuracy
2018-03-10 07:38:12,077:INFO: Epoch 17/30
2018-03-10 07:38:20,123:INFO: - Train metrics: accuracy: 0.684 ; loss: 0.817
2018-03-10 07:38:20,921:INFO: - Eval metrics : accuracy: 0.750 ; loss: 0.710
2018-03-10 07:38:20,951:INFO: - Found new best accuracy
2018-03-10 07:38:20,952:INFO: Epoch 18/30
2018-03-10 07:38:28,983:INFO: - Train metrics: accuracy: 0.732 ; loss: 0.791
2018-03-10 07:38:29,792:INFO: - Eval metrics : accuracy: 0.756 ; loss: 0.700
2018-03-10 07:38:29,819:INFO: - Found new best accuracy
2018-03-10 07:38:29,821:INFO: Epoch 19/30
2018-03-10 07:38:37,833:INFO: - Train metrics: accuracy: 0.742 ; loss: 0.777
2018-03-10 07:38:38,662:INFO: - Eval metrics : accuracy: 0.760 ; loss: 0.685
2018-03-10 07:38:38,687:INFO: - Found new best accuracy
2018-03-10 07:38:38,689:INFO: Epoch 20/30
2018-03-10 07:38:46,762:INFO: - Train metrics: accuracy: 0.707 ; loss: 0.862
2018-03-10 07:38:47,575:INFO: - Eval metrics : accuracy: 0.761 ; loss: 0.683
2018-03-10 07:38:47,602:INFO: - Found new best accuracy
2018-03-10 07:38:47,603:INFO: Epoch 21/30
2018-03-10 07:38:55,677:INFO: - Train metrics: accuracy: 0.688 ; loss: 0.856
2018-03-10 07:38:56,490:INFO: - Eval metrics : accuracy: 0.762 ; loss: 0.678
2018-03-10 07:38:56,518:INFO: - Found new best accuracy
2018-03-10 07:38:56,519:INFO: Epoch 22/30
2018-03-10 07:39:04,679:INFO: - Train metrics: accuracy: 0.727 ; loss: 0.809
2018-03-10 07:39:05,525:INFO: - Eval metrics : accuracy: 0.763 ; loss: 0.669
2018-03-10 07:39:05,553:INFO: - Found new best accuracy
2018-03-10 07:39:05,554:INFO: Epoch 23/30
2018-03-10 07:39:13,633:INFO: - Train metrics: accuracy: 0.654 ; loss: 0.908
2018-03-10 07:39:14,473:INFO: - Eval metrics : accuracy: 0.769 ; loss: 0.656
2018-03-10 07:39:14,501:INFO: - Found new best accuracy
2018-03-10 07:39:14,502:INFO: Epoch 24/30
2018-03-10 07:39:22,475:INFO: - Train metrics: accuracy: 0.732 ; loss: 0.738
2018-03-10 07:39:23,294:INFO: - Eval metrics : accuracy: 0.768 ; loss: 0.664
2018-03-10 07:39:23,311:INFO: Epoch 25/30
2018-03-10 07:39:31,306:INFO: - Train metrics: accuracy: 0.758 ; loss: 0.686
2018-03-10 07:39:32,113:INFO: - Eval metrics : accuracy: 0.772 ; loss: 0.649
2018-03-10 07:39:32,137:INFO: - Found new best accuracy
2018-03-10 07:39:32,138:INFO: Epoch 26/30
2018-03-10 07:39:40,075:INFO: - Train metrics: accuracy: 0.783 ; loss: 0.674
2018-03-10 07:39:40,910:INFO: - Eval metrics : accuracy: 0.773 ; loss: 0.648
2018-03-10 07:39:40,938:INFO: - Found new best accuracy
2018-03-10 07:39:40,939:INFO: Epoch 27/30
2018-03-10 07:39:48,994:INFO: - Train metrics: accuracy: 0.768 ; loss: 0.711
2018-03-10 07:39:49,817:INFO: - Eval metrics : accuracy: 0.770 ; loss: 0.650
2018-03-10 07:39:49,833:INFO: Epoch 28/30
2018-03-10 07:39:57,868:INFO: - Train metrics: accuracy: 0.801 ; loss: 0.615
2018-03-10 07:39:58,688:INFO: - Eval metrics : accuracy: 0.777 ; loss: 0.635
2018-03-10 07:39:58,716:INFO: - Found new best accuracy
2018-03-10 07:39:58,716:INFO: Epoch 29/30
2018-03-10 07:40:06,690:INFO: - Train metrics: accuracy: 0.742 ; loss: 0.730
2018-03-10 07:40:07,489:INFO: - Eval metrics : accuracy: 0.779 ; loss: 0.626
2018-03-10 07:40:07,516:INFO: - Found new best accuracy
2018-03-10 07:40:07,516:INFO: Epoch 30/30
2018-03-10 07:40:15,587:INFO: - Train metrics: accuracy: 0.740 ; loss: 0.725
2018-03-10 07:40:16,441:INFO: - Eval metrics : accuracy: 0.775 ; loss: 0.633
