2018-03-14 17:46:48,752:INFO: Loading the datasets...
2018-03-14 17:46:52,376:INFO: - done.
2018-03-14 17:46:54,980:INFO: Experiment - model version: cnn_distill
2018-03-14 17:46:54,980:INFO: Starting training for 30 epoch(s)
2018-03-14 17:46:54,980:INFO: First, loading the teacher model and computing its outputs...
2018-03-14 17:47:44,449:INFO: - Finished computing teacher outputs after 50 secs..
2018-03-14 17:47:44,450:INFO: Epoch 1/30
2018-03-14 17:47:52,228:INFO: - Train metrics: accuracy: 0.299 ; loss: 0.513
2018-03-14 17:47:53,079:INFO: - Eval metrics : accuracy: 0.379 ; loss: 0.000
2018-03-14 17:47:53,097:INFO: - Found new best accuracy
2018-03-14 17:47:53,098:INFO: Epoch 2/30
2018-03-14 17:48:00,846:INFO: - Train metrics: accuracy: 0.400 ; loss: 0.510
2018-03-14 17:48:01,710:INFO: - Eval metrics : accuracy: 0.425 ; loss: 0.000
2018-03-14 17:48:01,739:INFO: - Found new best accuracy
2018-03-14 17:48:01,741:INFO: Epoch 3/30
2018-03-14 17:48:09,497:INFO: - Train metrics: accuracy: 0.420 ; loss: 0.509
2018-03-14 17:48:10,343:INFO: - Eval metrics : accuracy: 0.469 ; loss: 0.000
2018-03-14 17:48:10,371:INFO: - Found new best accuracy
2018-03-14 17:48:10,372:INFO: Epoch 4/30
2018-03-14 17:48:18,161:INFO: - Train metrics: accuracy: 0.480 ; loss: 0.510
2018-03-14 17:48:19,016:INFO: - Eval metrics : accuracy: 0.514 ; loss: 0.000
2018-03-14 17:48:19,046:INFO: - Found new best accuracy
2018-03-14 17:48:19,047:INFO: Epoch 5/30
2018-03-14 17:48:26,821:INFO: - Train metrics: accuracy: 0.518 ; loss: 0.510
2018-03-14 17:48:27,677:INFO: - Eval metrics : accuracy: 0.510 ; loss: 0.000
2018-03-14 17:48:27,710:INFO: Epoch 6/30
2018-03-14 17:48:35,451:INFO: - Train metrics: accuracy: 0.518 ; loss: 0.514
2018-03-14 17:48:36,289:INFO: - Eval metrics : accuracy: 0.515 ; loss: 0.000
2018-03-14 17:48:36,326:INFO: - Found new best accuracy
2018-03-14 17:48:36,326:INFO: Epoch 7/30
2018-03-14 17:48:44,124:INFO: - Train metrics: accuracy: 0.555 ; loss: 0.510
2018-03-14 17:48:44,958:INFO: - Eval metrics : accuracy: 0.561 ; loss: 0.000
2018-03-14 17:48:44,990:INFO: - Found new best accuracy
2018-03-14 17:48:44,991:INFO: Epoch 8/30
2018-03-14 17:48:52,729:INFO: - Train metrics: accuracy: 0.578 ; loss: 0.508
2018-03-14 17:48:53,574:INFO: - Eval metrics : accuracy: 0.587 ; loss: 0.000
2018-03-14 17:48:53,609:INFO: - Found new best accuracy
2018-03-14 17:48:53,609:INFO: Epoch 9/30
2018-03-14 17:49:01,328:INFO: - Train metrics: accuracy: 0.539 ; loss: 0.512
2018-03-14 17:49:02,190:INFO: - Eval metrics : accuracy: 0.577 ; loss: 0.000
2018-03-14 17:49:02,209:INFO: Epoch 10/30
2018-03-14 17:49:09,937:INFO: - Train metrics: accuracy: 0.609 ; loss: 0.512
2018-03-14 17:49:10,777:INFO: - Eval metrics : accuracy: 0.605 ; loss: 0.000
2018-03-14 17:49:10,811:INFO: - Found new best accuracy
2018-03-14 17:49:10,812:INFO: Epoch 11/30
2018-03-14 17:49:18,556:INFO: - Train metrics: accuracy: 0.613 ; loss: 0.512
2018-03-14 17:49:19,414:INFO: - Eval metrics : accuracy: 0.614 ; loss: 0.000
2018-03-14 17:49:19,446:INFO: - Found new best accuracy
2018-03-14 17:49:19,447:INFO: Epoch 12/30
2018-03-14 17:49:27,252:INFO: - Train metrics: accuracy: 0.631 ; loss: 0.513
2018-03-14 17:49:28,111:INFO: - Eval metrics : accuracy: 0.605 ; loss: 0.000
2018-03-14 17:49:28,129:INFO: Epoch 13/30
2018-03-14 17:49:35,927:INFO: - Train metrics: accuracy: 0.613 ; loss: 0.513
2018-03-14 17:49:36,755:INFO: - Eval metrics : accuracy: 0.646 ; loss: 0.000
2018-03-14 17:49:36,784:INFO: - Found new best accuracy
2018-03-14 17:49:36,785:INFO: Epoch 14/30
2018-03-14 17:49:44,566:INFO: - Train metrics: accuracy: 0.660 ; loss: 0.510
2018-03-14 17:49:45,420:INFO: - Eval metrics : accuracy: 0.637 ; loss: 0.000
2018-03-14 17:49:45,437:INFO: Epoch 15/30
2018-03-14 17:49:53,178:INFO: - Train metrics: accuracy: 0.646 ; loss: 0.509
2018-03-14 17:49:54,018:INFO: - Eval metrics : accuracy: 0.653 ; loss: 0.000
2018-03-14 17:49:54,052:INFO: - Found new best accuracy
2018-03-14 17:49:54,053:INFO: Epoch 16/30
2018-03-14 17:50:01,803:INFO: - Train metrics: accuracy: 0.678 ; loss: 0.510
2018-03-14 17:50:02,634:INFO: - Eval metrics : accuracy: 0.652 ; loss: 0.000
2018-03-14 17:50:02,661:INFO: Epoch 17/30
2018-03-14 17:50:10,409:INFO: - Train metrics: accuracy: 0.658 ; loss: 0.508
2018-03-14 17:50:11,244:INFO: - Eval metrics : accuracy: 0.670 ; loss: 0.000
2018-03-14 17:50:11,271:INFO: - Found new best accuracy
2018-03-14 17:50:11,272:INFO: Epoch 18/30
2018-03-14 17:50:19,010:INFO: - Train metrics: accuracy: 0.674 ; loss: 0.507
2018-03-14 17:50:19,881:INFO: - Eval metrics : accuracy: 0.675 ; loss: 0.000
2018-03-14 17:50:19,909:INFO: - Found new best accuracy
2018-03-14 17:50:19,910:INFO: Epoch 19/30
2018-03-14 17:50:27,671:INFO: - Train metrics: accuracy: 0.678 ; loss: 0.508
2018-03-14 17:50:28,536:INFO: - Eval metrics : accuracy: 0.661 ; loss: 0.000
2018-03-14 17:50:28,565:INFO: Epoch 20/30
2018-03-14 17:50:36,361:INFO: - Train metrics: accuracy: 0.695 ; loss: 0.511
2018-03-14 17:50:37,202:INFO: - Eval metrics : accuracy: 0.670 ; loss: 0.000
2018-03-14 17:50:37,219:INFO: Epoch 21/30
2018-03-14 17:50:44,995:INFO: - Train metrics: accuracy: 0.707 ; loss: 0.509
2018-03-14 17:50:45,865:INFO: - Eval metrics : accuracy: 0.683 ; loss: 0.000
2018-03-14 17:50:45,893:INFO: - Found new best accuracy
2018-03-14 17:50:45,894:INFO: Epoch 22/30
2018-03-14 17:50:53,652:INFO: - Train metrics: accuracy: 0.721 ; loss: 0.510
2018-03-14 17:50:54,487:INFO: - Eval metrics : accuracy: 0.684 ; loss: 0.000
2018-03-14 17:50:54,520:INFO: - Found new best accuracy
2018-03-14 17:50:54,522:INFO: Epoch 23/30
2018-03-14 17:51:02,262:INFO: - Train metrics: accuracy: 0.707 ; loss: 0.513
2018-03-14 17:51:03,113:INFO: - Eval metrics : accuracy: 0.689 ; loss: 0.000
2018-03-14 17:51:03,141:INFO: - Found new best accuracy
2018-03-14 17:51:03,142:INFO: Epoch 24/30
2018-03-14 17:51:10,886:INFO: - Train metrics: accuracy: 0.688 ; loss: 0.512
2018-03-14 17:51:11,729:INFO: - Eval metrics : accuracy: 0.692 ; loss: 0.000
2018-03-14 17:51:11,756:INFO: - Found new best accuracy
2018-03-14 17:51:11,757:INFO: Epoch 25/30
2018-03-14 17:51:19,497:INFO: - Train metrics: accuracy: 0.713 ; loss: 0.510
2018-03-14 17:51:20,339:INFO: - Eval metrics : accuracy: 0.684 ; loss: 0.000
2018-03-14 17:51:20,357:INFO: Epoch 26/30
2018-03-14 17:51:28,105:INFO: - Train metrics: accuracy: 0.703 ; loss: 0.508
2018-03-14 17:51:28,945:INFO: - Eval metrics : accuracy: 0.705 ; loss: 0.000
2018-03-14 17:51:28,977:INFO: - Found new best accuracy
2018-03-14 17:51:28,978:INFO: Epoch 27/30
2018-03-14 17:51:36,756:INFO: - Train metrics: accuracy: 0.734 ; loss: 0.510
2018-03-14 17:51:37,613:INFO: - Eval metrics : accuracy: 0.697 ; loss: 0.000
2018-03-14 17:51:37,629:INFO: Epoch 28/30
2018-03-14 17:51:45,423:INFO: - Train metrics: accuracy: 0.701 ; loss: 0.508
2018-03-14 17:51:46,240:INFO: - Eval metrics : accuracy: 0.700 ; loss: 0.000
2018-03-14 17:51:46,256:INFO: Epoch 29/30
2018-03-14 17:51:54,405:INFO: - Train metrics: accuracy: 0.727 ; loss: 0.511
2018-03-14 17:51:55,272:INFO: - Eval metrics : accuracy: 0.698 ; loss: 0.000
2018-03-14 17:51:55,288:INFO: Epoch 30/30
2018-03-14 17:52:03,052:INFO: - Train metrics: accuracy: 0.748 ; loss: 0.514
2018-03-14 17:52:03,880:INFO: - Eval metrics : accuracy: 0.709 ; loss: 0.000
2018-03-14 17:52:03,907:INFO: - Found new best accuracy
