2018-03-15 00:32:56,589:INFO: Loading the datasets...
2018-03-15 00:33:01,126:INFO: - done.
2018-03-15 00:33:10,333:INFO: Experiment - model version: resnet18_distill
2018-03-15 00:33:10,334:INFO: Starting training for 170 epoch(s)
2018-03-15 00:33:10,334:INFO: First, loading the teacher model and computing its outputs...
2018-03-15 00:34:36,827:INFO: - Finished computing teacher outputs after 87 secs..
2018-03-15 00:34:36,828:INFO: Epoch 1/170
2018-03-15 00:35:23,741:INFO: - Train metrics: accuracy: 0.109 ; loss: 0.880
2018-03-15 00:35:33,887:INFO: - Eval metrics : accuracy: 0.343 ; loss: 0.000
2018-03-15 00:35:34,049:INFO: - Found new best accuracy
2018-03-15 00:35:34,049:INFO: Epoch 2/170
2018-03-15 00:36:20,868:INFO: - Train metrics: accuracy: 0.383 ; loss: 0.887
2018-03-15 00:36:31,055:INFO: - Eval metrics : accuracy: 0.398 ; loss: 0.000
2018-03-15 00:36:32,019:INFO: - Found new best accuracy
2018-03-15 00:36:32,024:INFO: Epoch 3/170
2018-03-15 00:37:18,945:INFO: - Train metrics: accuracy: 0.414 ; loss: 0.886
2018-03-15 00:37:29,104:INFO: - Eval metrics : accuracy: 0.418 ; loss: 0.000
2018-03-15 00:37:30,068:INFO: - Found new best accuracy
2018-03-15 00:37:30,074:INFO: Epoch 4/170
2018-03-15 00:38:16,957:INFO: - Train metrics: accuracy: 0.453 ; loss: 0.875
2018-03-15 00:38:27,091:INFO: - Eval metrics : accuracy: 0.452 ; loss: 0.000
2018-03-15 00:38:28,057:INFO: - Found new best accuracy
2018-03-15 00:38:28,057:INFO: Epoch 5/170
2018-03-15 00:39:14,947:INFO: - Train metrics: accuracy: 0.531 ; loss: 0.867
2018-03-15 00:39:25,100:INFO: - Eval metrics : accuracy: 0.506 ; loss: 0.000
2018-03-15 00:39:26,057:INFO: - Found new best accuracy
2018-03-15 00:39:26,063:INFO: Epoch 6/170
2018-03-15 00:40:12,970:INFO: - Train metrics: accuracy: 0.539 ; loss: 0.868
2018-03-15 00:40:23,117:INFO: - Eval metrics : accuracy: 0.508 ; loss: 0.000
2018-03-15 00:40:24,080:INFO: - Found new best accuracy
2018-03-15 00:40:24,086:INFO: Epoch 7/170
2018-03-15 00:41:10,982:INFO: - Train metrics: accuracy: 0.555 ; loss: 0.869
2018-03-15 00:41:21,161:INFO: - Eval metrics : accuracy: 0.478 ; loss: 0.000
2018-03-15 00:41:21,534:INFO: Epoch 8/170
2018-03-15 00:42:08,409:INFO: - Train metrics: accuracy: 0.633 ; loss: 0.862
2018-03-15 00:42:18,564:INFO: - Eval metrics : accuracy: 0.584 ; loss: 0.000
2018-03-15 00:42:19,524:INFO: - Found new best accuracy
2018-03-15 00:42:19,524:INFO: Epoch 9/170
2018-03-15 00:43:06,398:INFO: - Train metrics: accuracy: 0.617 ; loss: 0.879
2018-03-15 00:43:16,525:INFO: - Eval metrics : accuracy: 0.585 ; loss: 0.000
2018-03-15 00:43:17,489:INFO: - Found new best accuracy
2018-03-15 00:43:17,494:INFO: Epoch 10/170
2018-03-15 00:44:04,400:INFO: - Train metrics: accuracy: 0.656 ; loss: 0.888
2018-03-15 00:44:14,552:INFO: - Eval metrics : accuracy: 0.608 ; loss: 0.000
2018-03-15 00:44:15,514:INFO: - Found new best accuracy
2018-03-15 00:44:15,519:INFO: Epoch 11/170
2018-03-15 00:45:02,407:INFO: - Train metrics: accuracy: 0.633 ; loss: 0.858
2018-03-15 00:45:12,583:INFO: - Eval metrics : accuracy: 0.609 ; loss: 0.000
2018-03-15 00:45:13,545:INFO: - Found new best accuracy
2018-03-15 00:45:13,551:INFO: Epoch 12/170
2018-03-15 00:46:00,460:INFO: - Train metrics: accuracy: 0.703 ; loss: 0.853
2018-03-15 00:46:10,611:INFO: - Eval metrics : accuracy: 0.604 ; loss: 0.000
2018-03-15 00:46:11,080:INFO: Epoch 13/170
2018-03-15 00:46:57,980:INFO: - Train metrics: accuracy: 0.742 ; loss: 0.850
2018-03-15 00:47:08,166:INFO: - Eval metrics : accuracy: 0.522 ; loss: 0.000
2018-03-15 00:47:08,547:INFO: Epoch 14/170
2018-03-15 00:47:55,490:INFO: - Train metrics: accuracy: 0.703 ; loss: 0.882
2018-03-15 00:48:05,648:INFO: - Eval metrics : accuracy: 0.622 ; loss: 0.000
2018-03-15 00:48:06,616:INFO: - Found new best accuracy
2018-03-15 00:48:06,617:INFO: Epoch 15/170
2018-03-15 00:48:53,492:INFO: - Train metrics: accuracy: 0.641 ; loss: 0.858
2018-03-15 00:49:03,634:INFO: - Eval metrics : accuracy: 0.609 ; loss: 0.000
2018-03-15 00:49:04,027:INFO: Epoch 16/170
2018-03-15 00:49:50,878:INFO: - Train metrics: accuracy: 0.695 ; loss: 0.868
2018-03-15 00:50:01,037:INFO: - Eval metrics : accuracy: 0.652 ; loss: 0.000
2018-03-15 00:50:02,003:INFO: - Found new best accuracy
2018-03-15 00:50:02,003:INFO: Epoch 17/170
2018-03-15 00:50:48,898:INFO: - Train metrics: accuracy: 0.781 ; loss: 0.838
2018-03-15 00:50:59,006:INFO: - Eval metrics : accuracy: 0.633 ; loss: 0.000
2018-03-15 00:50:59,394:INFO: Epoch 18/170
2018-03-15 00:51:46,296:INFO: - Train metrics: accuracy: 0.719 ; loss: 0.872
2018-03-15 00:51:56,435:INFO: - Eval metrics : accuracy: 0.694 ; loss: 0.000
2018-03-15 00:51:57,398:INFO: - Found new best accuracy
2018-03-15 00:51:57,399:INFO: Epoch 19/170
2018-03-15 00:52:44,218:INFO: - Train metrics: accuracy: 0.789 ; loss: 0.850
2018-03-15 00:52:54,387:INFO: - Eval metrics : accuracy: 0.597 ; loss: 0.000
2018-03-15 00:52:54,750:INFO: Epoch 20/170
2018-03-15 00:53:41,607:INFO: - Train metrics: accuracy: 0.734 ; loss: 0.856
2018-03-15 00:53:51,755:INFO: - Eval metrics : accuracy: 0.711 ; loss: 0.000
2018-03-15 00:53:52,721:INFO: - Found new best accuracy
2018-03-15 00:53:52,722:INFO: Epoch 21/170
2018-03-15 00:54:39,576:INFO: - Train metrics: accuracy: 0.820 ; loss: 0.852
2018-03-15 00:54:49,686:INFO: - Eval metrics : accuracy: 0.678 ; loss: 0.000
2018-03-15 00:54:50,070:INFO: Epoch 22/170
2018-03-15 00:55:36,950:INFO: - Train metrics: accuracy: 0.797 ; loss: 0.853
2018-03-15 00:55:47,111:INFO: - Eval metrics : accuracy: 0.667 ; loss: 0.000
2018-03-15 00:55:47,481:INFO: Epoch 23/170
2018-03-15 00:56:34,377:INFO: - Train metrics: accuracy: 0.812 ; loss: 0.885
2018-03-15 00:56:44,527:INFO: - Eval metrics : accuracy: 0.694 ; loss: 0.000
2018-03-15 00:56:44,916:INFO: Epoch 24/170
2018-03-15 00:57:31,773:INFO: - Train metrics: accuracy: 0.758 ; loss: 0.883
2018-03-15 00:57:41,917:INFO: - Eval metrics : accuracy: 0.664 ; loss: 0.000
2018-03-15 00:57:42,279:INFO: Epoch 25/170
2018-03-15 00:58:29,147:INFO: - Train metrics: accuracy: 0.797 ; loss: 0.860
2018-03-15 00:58:39,317:INFO: - Eval metrics : accuracy: 0.693 ; loss: 0.000
2018-03-15 00:58:39,693:INFO: Epoch 26/170
2018-03-15 00:59:26,614:INFO: - Train metrics: accuracy: 0.852 ; loss: 0.871
2018-03-15 00:59:36,781:INFO: - Eval metrics : accuracy: 0.731 ; loss: 0.000
2018-03-15 00:59:37,749:INFO: - Found new best accuracy
2018-03-15 00:59:37,749:INFO: Epoch 27/170
2018-03-15 01:00:24,592:INFO: - Train metrics: accuracy: 0.828 ; loss: 0.856
2018-03-15 01:00:34,710:INFO: - Eval metrics : accuracy: 0.704 ; loss: 0.000
2018-03-15 01:00:35,092:INFO: Epoch 28/170
2018-03-15 01:01:21,956:INFO: - Train metrics: accuracy: 0.836 ; loss: 0.831
2018-03-15 01:01:32,120:INFO: - Eval metrics : accuracy: 0.745 ; loss: 0.000
2018-03-15 01:01:33,080:INFO: - Found new best accuracy
2018-03-15 01:01:33,081:INFO: Epoch 29/170
2018-03-15 01:02:19,968:INFO: - Train metrics: accuracy: 0.852 ; loss: 0.842
2018-03-15 01:02:30,123:INFO: - Eval metrics : accuracy: 0.693 ; loss: 0.000
2018-03-15 01:02:30,494:INFO: Epoch 30/170
2018-03-15 01:03:17,371:INFO: - Train metrics: accuracy: 0.773 ; loss: 0.872
2018-03-15 01:03:27,515:INFO: - Eval metrics : accuracy: 0.665 ; loss: 0.000
2018-03-15 01:03:27,882:INFO: Epoch 31/170
2018-03-15 01:04:14,747:INFO: - Train metrics: accuracy: 0.773 ; loss: 0.838
2018-03-15 01:04:24,918:INFO: - Eval metrics : accuracy: 0.691 ; loss: 0.000
2018-03-15 01:04:25,291:INFO: Epoch 32/170
2018-03-15 01:05:12,173:INFO: - Train metrics: accuracy: 0.836 ; loss: 0.801
2018-03-15 01:05:22,325:INFO: - Eval metrics : accuracy: 0.734 ; loss: 0.000
2018-03-15 01:05:22,699:INFO: Epoch 33/170
2018-03-15 01:06:09,561:INFO: - Train metrics: accuracy: 0.891 ; loss: 0.874
2018-03-15 01:06:19,715:INFO: - Eval metrics : accuracy: 0.727 ; loss: 0.000
2018-03-15 01:06:20,083:INFO: Epoch 34/170
2018-03-15 01:07:06,942:INFO: - Train metrics: accuracy: 0.836 ; loss: 0.833
2018-03-15 01:07:17,105:INFO: - Eval metrics : accuracy: 0.750 ; loss: 0.000
2018-03-15 01:07:18,069:INFO: - Found new best accuracy
2018-03-15 01:07:18,070:INFO: Epoch 35/170
2018-03-15 01:08:04,904:INFO: - Train metrics: accuracy: 0.867 ; loss: 0.866
2018-03-15 01:08:15,018:INFO: - Eval metrics : accuracy: 0.719 ; loss: 0.000
2018-03-15 01:08:15,389:INFO: Epoch 36/170
2018-03-15 01:09:02,243:INFO: - Train metrics: accuracy: 0.805 ; loss: 0.854
2018-03-15 01:09:12,365:INFO: - Eval metrics : accuracy: 0.749 ; loss: 0.000
2018-03-15 01:09:12,744:INFO: Epoch 37/170
2018-03-15 01:09:59,584:INFO: - Train metrics: accuracy: 0.852 ; loss: 0.879
2018-03-15 01:10:09,721:INFO: - Eval metrics : accuracy: 0.760 ; loss: 0.000
2018-03-15 01:10:10,683:INFO: - Found new best accuracy
2018-03-15 01:10:10,689:INFO: Epoch 38/170
2018-03-15 01:10:57,526:INFO: - Train metrics: accuracy: 0.820 ; loss: 0.845
2018-03-15 01:11:07,660:INFO: - Eval metrics : accuracy: 0.717 ; loss: 0.000
2018-03-15 01:11:08,025:INFO: Epoch 39/170
2018-03-15 01:11:54,868:INFO: - Train metrics: accuracy: 0.867 ; loss: 0.852
2018-03-15 01:12:04,969:INFO: - Eval metrics : accuracy: 0.736 ; loss: 0.000
2018-03-15 01:12:05,342:INFO: Epoch 40/170
2018-03-15 01:12:52,194:INFO: - Train metrics: accuracy: 0.836 ; loss: 0.837
2018-03-15 01:13:02,324:INFO: - Eval metrics : accuracy: 0.767 ; loss: 0.000
2018-03-15 01:13:03,287:INFO: - Found new best accuracy
2018-03-15 01:13:03,293:INFO: Epoch 41/170
2018-03-15 01:13:50,119:INFO: - Train metrics: accuracy: 0.852 ; loss: 0.859
2018-03-15 01:14:00,230:INFO: - Eval metrics : accuracy: 0.734 ; loss: 0.000
2018-03-15 01:14:00,597:INFO: Epoch 42/170
2018-03-15 01:14:47,467:INFO: - Train metrics: accuracy: 0.859 ; loss: 0.832
2018-03-15 01:14:57,596:INFO: - Eval metrics : accuracy: 0.741 ; loss: 0.000
2018-03-15 01:14:57,968:INFO: Epoch 43/170
2018-03-15 01:15:44,835:INFO: - Train metrics: accuracy: 0.852 ; loss: 0.859
2018-03-15 01:15:54,946:INFO: - Eval metrics : accuracy: 0.750 ; loss: 0.000
2018-03-15 01:15:55,332:INFO: Epoch 44/170
2018-03-15 01:16:42,163:INFO: - Train metrics: accuracy: 0.828 ; loss: 0.838
2018-03-15 01:16:52,280:INFO: - Eval metrics : accuracy: 0.754 ; loss: 0.000
2018-03-15 01:16:52,674:INFO: Epoch 45/170
2018-03-15 01:17:39,538:INFO: - Train metrics: accuracy: 0.883 ; loss: 0.848
2018-03-15 01:17:49,681:INFO: - Eval metrics : accuracy: 0.760 ; loss: 0.000
2018-03-15 01:17:50,055:INFO: Epoch 46/170
2018-03-15 01:18:36,909:INFO: - Train metrics: accuracy: 0.852 ; loss: 0.852
2018-03-15 01:18:47,040:INFO: - Eval metrics : accuracy: 0.690 ; loss: 0.000
2018-03-15 01:18:47,412:INFO: Epoch 47/170
2018-03-15 01:19:34,241:INFO: - Train metrics: accuracy: 0.836 ; loss: 0.829
2018-03-15 01:19:44,364:INFO: - Eval metrics : accuracy: 0.734 ; loss: 0.000
2018-03-15 01:19:44,753:INFO: Epoch 48/170
2018-03-15 01:20:31,566:INFO: - Train metrics: accuracy: 0.828 ; loss: 0.846
2018-03-15 01:20:41,708:INFO: - Eval metrics : accuracy: 0.676 ; loss: 0.000
2018-03-15 01:20:42,080:INFO: Epoch 49/170
2018-03-15 01:21:28,903:INFO: - Train metrics: accuracy: 0.836 ; loss: 0.844
2018-03-15 01:21:39,039:INFO: - Eval metrics : accuracy: 0.744 ; loss: 0.000
2018-03-15 01:21:39,408:INFO: Epoch 50/170
2018-03-15 01:22:26,246:INFO: - Train metrics: accuracy: 0.867 ; loss: 0.877
2018-03-15 01:22:36,392:INFO: - Eval metrics : accuracy: 0.740 ; loss: 0.000
2018-03-15 01:22:36,763:INFO: Epoch 51/170
2018-03-15 01:23:23,597:INFO: - Train metrics: accuracy: 0.906 ; loss: 0.859
2018-03-15 01:23:33,700:INFO: - Eval metrics : accuracy: 0.767 ; loss: 0.000
2018-03-15 01:23:34,068:INFO: Epoch 52/170
2018-03-15 01:24:20,901:INFO: - Train metrics: accuracy: 0.906 ; loss: 0.860
2018-03-15 01:24:31,018:INFO: - Eval metrics : accuracy: 0.727 ; loss: 0.000
2018-03-15 01:24:31,394:INFO: Epoch 53/170
2018-03-15 01:25:18,201:INFO: - Train metrics: accuracy: 0.836 ; loss: 0.847
2018-03-15 01:25:28,318:INFO: - Eval metrics : accuracy: 0.676 ; loss: 0.000
2018-03-15 01:25:28,680:INFO: Epoch 54/170
2018-03-15 01:26:15,504:INFO: - Train metrics: accuracy: 0.844 ; loss: 0.867
2018-03-15 01:26:25,612:INFO: - Eval metrics : accuracy: 0.764 ; loss: 0.000
2018-03-15 01:26:26,124:INFO: Epoch 55/170
2018-03-15 01:27:12,910:INFO: - Train metrics: accuracy: 0.852 ; loss: 0.850
2018-03-15 01:27:23,032:INFO: - Eval metrics : accuracy: 0.690 ; loss: 0.000
2018-03-15 01:27:23,398:INFO: Epoch 56/170
2018-03-15 01:28:10,200:INFO: - Train metrics: accuracy: 0.859 ; loss: 0.852
2018-03-15 01:28:20,295:INFO: - Eval metrics : accuracy: 0.737 ; loss: 0.000
2018-03-15 01:28:20,761:INFO: Epoch 57/170
2018-03-15 01:29:07,572:INFO: - Train metrics: accuracy: 0.891 ; loss: 0.857
2018-03-15 01:29:17,680:INFO: - Eval metrics : accuracy: 0.742 ; loss: 0.000
2018-03-15 01:29:18,045:INFO: Epoch 58/170
2018-03-15 01:30:04,870:INFO: - Train metrics: accuracy: 0.875 ; loss: 0.847
2018-03-15 01:30:14,995:INFO: - Eval metrics : accuracy: 0.712 ; loss: 0.000
2018-03-15 01:30:15,503:INFO: Epoch 59/170
2018-03-15 01:31:02,322:INFO: - Train metrics: accuracy: 0.906 ; loss: 0.856
2018-03-15 01:31:12,404:INFO: - Eval metrics : accuracy: 0.726 ; loss: 0.000
2018-03-15 01:31:12,773:INFO: Epoch 60/170
2018-03-15 01:31:59,591:INFO: - Train metrics: accuracy: 0.883 ; loss: 0.846
2018-03-15 01:32:09,670:INFO: - Eval metrics : accuracy: 0.666 ; loss: 0.000
2018-03-15 01:32:10,021:INFO: Epoch 61/170
2018-03-15 01:32:56,816:INFO: - Train metrics: accuracy: 0.914 ; loss: 0.842
2018-03-15 01:33:06,935:INFO: - Eval metrics : accuracy: 0.720 ; loss: 0.000
2018-03-15 01:33:07,314:INFO: Epoch 62/170
2018-03-15 01:33:54,110:INFO: - Train metrics: accuracy: 0.922 ; loss: 0.847
2018-03-15 01:34:04,217:INFO: - Eval metrics : accuracy: 0.767 ; loss: 0.000
2018-03-15 01:34:05,180:INFO: - Found new best accuracy
2018-03-15 01:34:05,181:INFO: Epoch 63/170
2018-03-15 01:34:51,983:INFO: - Train metrics: accuracy: 0.891 ; loss: 0.861
2018-03-15 01:35:02,093:INFO: - Eval metrics : accuracy: 0.737 ; loss: 0.000
2018-03-15 01:35:02,479:INFO: Epoch 64/170
2018-03-15 01:35:49,310:INFO: - Train metrics: accuracy: 0.859 ; loss: 0.839
2018-03-15 01:35:59,417:INFO: - Eval metrics : accuracy: 0.647 ; loss: 0.000
2018-03-15 01:35:59,773:INFO: Epoch 65/170
2018-03-15 01:36:46,559:INFO: - Train metrics: accuracy: 0.891 ; loss: 0.857
2018-03-15 01:36:56,643:INFO: - Eval metrics : accuracy: 0.729 ; loss: 0.000
2018-03-15 01:36:57,128:INFO: Epoch 66/170
2018-03-15 01:37:43,901:INFO: - Train metrics: accuracy: 0.891 ; loss: 0.857
2018-03-15 01:37:53,978:INFO: - Eval metrics : accuracy: 0.767 ; loss: 0.000
2018-03-15 01:37:54,345:INFO: Epoch 67/170
2018-03-15 01:38:41,118:INFO: - Train metrics: accuracy: 0.914 ; loss: 0.854
2018-03-15 01:38:51,207:INFO: - Eval metrics : accuracy: 0.750 ; loss: 0.000
2018-03-15 01:38:51,567:INFO: Epoch 68/170
2018-03-15 01:39:38,339:INFO: - Train metrics: accuracy: 0.906 ; loss: 0.871
2018-03-15 01:39:48,451:INFO: - Eval metrics : accuracy: 0.740 ; loss: 0.000
2018-03-15 01:39:48,818:INFO: Epoch 69/170
2018-03-15 01:40:35,607:INFO: - Train metrics: accuracy: 0.930 ; loss: 0.851
2018-03-15 01:40:45,687:INFO: - Eval metrics : accuracy: 0.689 ; loss: 0.000
2018-03-15 01:40:46,173:INFO: Epoch 70/170
2018-03-15 01:41:32,953:INFO: - Train metrics: accuracy: 0.891 ; loss: 0.839
2018-03-15 01:41:43,068:INFO: - Eval metrics : accuracy: 0.758 ; loss: 0.000
2018-03-15 01:41:43,436:INFO: Epoch 71/170
2018-03-15 01:42:30,239:INFO: - Train metrics: accuracy: 0.883 ; loss: 0.844
2018-03-15 01:42:40,311:INFO: - Eval metrics : accuracy: 0.727 ; loss: 0.000
2018-03-15 01:42:40,674:INFO: Epoch 72/170
2018-03-15 01:43:27,468:INFO: - Train metrics: accuracy: 0.914 ; loss: 0.850
2018-03-15 01:43:37,567:INFO: - Eval metrics : accuracy: 0.727 ; loss: 0.000
2018-03-15 01:43:37,930:INFO: Epoch 73/170
2018-03-15 01:44:24,735:INFO: - Train metrics: accuracy: 0.922 ; loss: 0.822
2018-03-15 01:44:34,852:INFO: - Eval metrics : accuracy: 0.771 ; loss: 0.000
2018-03-15 01:44:35,817:INFO: - Found new best accuracy
2018-03-15 01:44:35,817:INFO: Epoch 74/170
2018-03-15 01:45:22,584:INFO: - Train metrics: accuracy: 0.898 ; loss: 0.854
2018-03-15 01:45:32,679:INFO: - Eval metrics : accuracy: 0.678 ; loss: 0.000
2018-03-15 01:45:33,144:INFO: Epoch 75/170
2018-03-15 01:46:19,940:INFO: - Train metrics: accuracy: 0.891 ; loss: 0.856
2018-03-15 01:46:30,038:INFO: - Eval metrics : accuracy: 0.752 ; loss: 0.000
2018-03-15 01:46:30,416:INFO: Epoch 76/170
2018-03-15 01:47:17,197:INFO: - Train metrics: accuracy: 0.906 ; loss: 0.859
2018-03-15 01:47:27,270:INFO: - Eval metrics : accuracy: 0.735 ; loss: 0.000
2018-03-15 01:47:27,634:INFO: Epoch 77/170
2018-03-15 01:48:14,410:INFO: - Train metrics: accuracy: 0.883 ; loss: 0.829
2018-03-15 01:48:24,495:INFO: - Eval metrics : accuracy: 0.701 ; loss: 0.000
2018-03-15 01:48:24,857:INFO: Epoch 78/170
2018-03-15 01:49:11,648:INFO: - Train metrics: accuracy: 0.859 ; loss: 0.849
2018-03-15 01:49:21,744:INFO: - Eval metrics : accuracy: 0.761 ; loss: 0.000
2018-03-15 01:49:22,111:INFO: Epoch 79/170
2018-03-15 01:50:08,915:INFO: - Train metrics: accuracy: 0.828 ; loss: 0.848
2018-03-15 01:50:19,045:INFO: - Eval metrics : accuracy: 0.789 ; loss: 0.000
2018-03-15 01:50:20,012:INFO: - Found new best accuracy
2018-03-15 01:50:20,012:INFO: Epoch 80/170
2018-03-15 01:51:06,809:INFO: - Train metrics: accuracy: 0.906 ; loss: 0.840
2018-03-15 01:51:16,879:INFO: - Eval metrics : accuracy: 0.758 ; loss: 0.000
2018-03-15 01:51:17,255:INFO: Epoch 81/170
2018-03-15 01:52:04,031:INFO: - Train metrics: accuracy: 0.867 ; loss: 0.832
2018-03-15 01:52:14,117:INFO: - Eval metrics : accuracy: 0.652 ; loss: 0.000
2018-03-15 01:52:14,480:INFO: Epoch 82/170
2018-03-15 01:53:01,264:INFO: - Train metrics: accuracy: 0.906 ; loss: 0.828
2018-03-15 01:53:11,372:INFO: - Eval metrics : accuracy: 0.744 ; loss: 0.000
2018-03-15 01:53:11,740:INFO: Epoch 83/170
2018-03-15 01:53:58,527:INFO: - Train metrics: accuracy: 0.844 ; loss: 0.849
2018-03-15 01:54:08,651:INFO: - Eval metrics : accuracy: 0.733 ; loss: 0.000
2018-03-15 01:54:09,127:INFO: Epoch 84/170
2018-03-15 01:54:55,906:INFO: - Train metrics: accuracy: 0.938 ; loss: 0.854
2018-03-15 01:55:05,988:INFO: - Eval metrics : accuracy: 0.685 ; loss: 0.000
2018-03-15 01:55:06,354:INFO: Epoch 85/170
2018-03-15 01:55:53,159:INFO: - Train metrics: accuracy: 0.898 ; loss: 0.868
2018-03-15 01:56:03,270:INFO: - Eval metrics : accuracy: 0.685 ; loss: 0.000
2018-03-15 01:56:03,633:INFO: Epoch 86/170
2018-03-15 01:56:50,396:INFO: - Train metrics: accuracy: 0.906 ; loss: 0.860
2018-03-15 01:57:00,501:INFO: - Eval metrics : accuracy: 0.741 ; loss: 0.000
2018-03-15 01:57:00,856:INFO: Epoch 87/170
2018-03-15 01:57:47,681:INFO: - Train metrics: accuracy: 0.875 ; loss: 0.830
2018-03-15 01:57:57,792:INFO: - Eval metrics : accuracy: 0.780 ; loss: 0.000
2018-03-15 01:57:58,168:INFO: Epoch 88/170
2018-03-15 01:58:44,940:INFO: - Train metrics: accuracy: 0.914 ; loss: 0.840
2018-03-15 01:58:55,006:INFO: - Eval metrics : accuracy: 0.759 ; loss: 0.000
2018-03-15 01:58:55,377:INFO: Epoch 89/170
2018-03-15 01:59:42,104:INFO: - Train metrics: accuracy: 0.852 ; loss: 0.845
2018-03-15 01:59:52,186:INFO: - Eval metrics : accuracy: 0.748 ; loss: 0.000
2018-03-15 01:59:52,557:INFO: Epoch 90/170
2018-03-15 02:00:39,304:INFO: - Train metrics: accuracy: 0.836 ; loss: 0.867
2018-03-15 02:00:49,370:INFO: - Eval metrics : accuracy: 0.719 ; loss: 0.000
2018-03-15 02:00:49,740:INFO: Epoch 91/170
2018-03-15 02:01:36,547:INFO: - Train metrics: accuracy: 0.922 ; loss: 0.821
2018-03-15 02:01:46,652:INFO: - Eval metrics : accuracy: 0.781 ; loss: 0.000
2018-03-15 02:01:47,014:INFO: Epoch 92/170
2018-03-15 02:02:33,779:INFO: - Train metrics: accuracy: 0.922 ; loss: 0.847
2018-03-15 02:02:43,864:INFO: - Eval metrics : accuracy: 0.803 ; loss: 0.000
2018-03-15 02:02:44,823:INFO: - Found new best accuracy
2018-03-15 02:02:44,829:INFO: Epoch 93/170
2018-03-15 02:03:31,577:INFO: - Train metrics: accuracy: 0.914 ; loss: 0.834
2018-03-15 02:03:41,681:INFO: - Eval metrics : accuracy: 0.770 ; loss: 0.000
2018-03-15 02:03:42,061:INFO: Epoch 94/170
2018-03-15 02:04:28,823:INFO: - Train metrics: accuracy: 0.906 ; loss: 0.868
2018-03-15 02:04:38,894:INFO: - Eval metrics : accuracy: 0.729 ; loss: 0.000
2018-03-15 02:04:39,276:INFO: Epoch 95/170
2018-03-15 02:05:26,024:INFO: - Train metrics: accuracy: 0.875 ; loss: 0.847
2018-03-15 02:05:36,122:INFO: - Eval metrics : accuracy: 0.715 ; loss: 0.000
2018-03-15 02:05:36,492:INFO: Epoch 96/170
2018-03-15 02:06:23,259:INFO: - Train metrics: accuracy: 0.898 ; loss: 0.846
2018-03-15 02:06:33,369:INFO: - Eval metrics : accuracy: 0.785 ; loss: 0.000
2018-03-15 02:06:33,755:INFO: Epoch 97/170
2018-03-15 02:07:20,556:INFO: - Train metrics: accuracy: 0.906 ; loss: 0.835
2018-03-15 02:07:30,661:INFO: - Eval metrics : accuracy: 0.731 ; loss: 0.000
2018-03-15 02:07:31,025:INFO: Epoch 98/170
2018-03-15 02:08:17,805:INFO: - Train metrics: accuracy: 0.898 ; loss: 0.855
2018-03-15 02:08:27,927:INFO: - Eval metrics : accuracy: 0.719 ; loss: 0.000
2018-03-15 02:08:28,287:INFO: Epoch 99/170
2018-03-15 02:09:15,107:INFO: - Train metrics: accuracy: 0.914 ; loss: 0.837
2018-03-15 02:09:25,187:INFO: - Eval metrics : accuracy: 0.740 ; loss: 0.000
2018-03-15 02:09:25,563:INFO: Epoch 100/170
2018-03-15 02:10:12,361:INFO: - Train metrics: accuracy: 0.914 ; loss: 0.860
2018-03-15 02:10:22,474:INFO: - Eval metrics : accuracy: 0.756 ; loss: 0.000
2018-03-15 02:10:22,973:INFO: Epoch 101/170
2018-03-15 02:11:09,754:INFO: - Train metrics: accuracy: 0.867 ; loss: 0.844
2018-03-15 02:11:19,848:INFO: - Eval metrics : accuracy: 0.762 ; loss: 0.000
2018-03-15 02:11:20,454:INFO: Epoch 102/170
2018-03-15 02:12:07,238:INFO: - Train metrics: accuracy: 0.898 ; loss: 0.843
2018-03-15 02:12:17,325:INFO: - Eval metrics : accuracy: 0.747 ; loss: 0.000
2018-03-15 02:12:17,709:INFO: Epoch 103/170
2018-03-15 02:13:04,500:INFO: - Train metrics: accuracy: 0.898 ; loss: 0.835
2018-03-15 02:13:14,618:INFO: - Eval metrics : accuracy: 0.709 ; loss: 0.000
2018-03-15 02:13:15,002:INFO: Epoch 104/170
2018-03-15 02:14:01,780:INFO: - Train metrics: accuracy: 0.922 ; loss: 0.832
2018-03-15 02:14:11,901:INFO: - Eval metrics : accuracy: 0.737 ; loss: 0.000
2018-03-15 02:14:12,284:INFO: Epoch 105/170
2018-03-15 02:14:59,077:INFO: - Train metrics: accuracy: 0.859 ; loss: 0.860
2018-03-15 02:15:09,196:INFO: - Eval metrics : accuracy: 0.687 ; loss: 0.000
2018-03-15 02:15:09,559:INFO: Epoch 106/170
2018-03-15 02:15:56,339:INFO: - Train metrics: accuracy: 0.898 ; loss: 0.851
2018-03-15 02:16:06,446:INFO: - Eval metrics : accuracy: 0.764 ; loss: 0.000
2018-03-15 02:16:06,934:INFO: Epoch 107/170
2018-03-15 02:16:53,716:INFO: - Train metrics: accuracy: 0.945 ; loss: 0.855
2018-03-15 02:17:03,836:INFO: - Eval metrics : accuracy: 0.768 ; loss: 0.000
2018-03-15 02:17:04,212:INFO: Epoch 108/170
2018-03-15 02:17:50,999:INFO: - Train metrics: accuracy: 0.930 ; loss: 0.864
2018-03-15 02:18:01,073:INFO: - Eval metrics : accuracy: 0.797 ; loss: 0.000
2018-03-15 02:18:01,443:INFO: Epoch 109/170
2018-03-15 02:18:48,215:INFO: - Train metrics: accuracy: 0.914 ; loss: 0.847
2018-03-15 02:18:58,303:INFO: - Eval metrics : accuracy: 0.800 ; loss: 0.000
2018-03-15 02:18:58,676:INFO: Epoch 110/170
2018-03-15 02:19:45,444:INFO: - Train metrics: accuracy: 0.930 ; loss: 0.820
2018-03-15 02:19:55,542:INFO: - Eval metrics : accuracy: 0.732 ; loss: 0.000
2018-03-15 02:19:55,913:INFO: Epoch 111/170
2018-03-15 02:20:42,701:INFO: - Train metrics: accuracy: 0.938 ; loss: 0.845
2018-03-15 02:20:52,782:INFO: - Eval metrics : accuracy: 0.788 ; loss: 0.000
2018-03-15 02:20:53,154:INFO: Epoch 112/170
2018-03-15 02:21:39,940:INFO: - Train metrics: accuracy: 0.914 ; loss: 0.833
2018-03-15 02:21:50,032:INFO: - Eval metrics : accuracy: 0.769 ; loss: 0.000
2018-03-15 02:21:50,401:INFO: Epoch 113/170
2018-03-15 02:22:37,182:INFO: - Train metrics: accuracy: 0.938 ; loss: 0.831
2018-03-15 02:22:47,279:INFO: - Eval metrics : accuracy: 0.768 ; loss: 0.000
2018-03-15 02:22:47,646:INFO: Epoch 114/170
2018-03-15 02:23:34,403:INFO: - Train metrics: accuracy: 0.930 ; loss: 0.835
2018-03-15 02:23:44,510:INFO: - Eval metrics : accuracy: 0.763 ; loss: 0.000
2018-03-15 02:23:44,881:INFO: Epoch 115/170
2018-03-15 02:24:31,654:INFO: - Train metrics: accuracy: 0.883 ; loss: 0.840
2018-03-15 02:24:41,723:INFO: - Eval metrics : accuracy: 0.755 ; loss: 0.000
2018-03-15 02:24:42,094:INFO: Epoch 116/170
2018-03-15 02:25:28,828:INFO: - Train metrics: accuracy: 0.914 ; loss: 0.852
2018-03-15 02:25:38,921:INFO: - Eval metrics : accuracy: 0.785 ; loss: 0.000
2018-03-15 02:25:39,384:INFO: Epoch 117/170
2018-03-15 02:26:26,180:INFO: - Train metrics: accuracy: 0.961 ; loss: 0.839
2018-03-15 02:26:36,266:INFO: - Eval metrics : accuracy: 0.779 ; loss: 0.000
2018-03-15 02:26:36,640:INFO: Epoch 118/170
2018-03-15 02:27:23,406:INFO: - Train metrics: accuracy: 0.914 ; loss: 0.834
2018-03-15 02:27:33,483:INFO: - Eval metrics : accuracy: 0.758 ; loss: 0.000
2018-03-15 02:27:33,875:INFO: Epoch 119/170
2018-03-15 02:28:20,637:INFO: - Train metrics: accuracy: 0.938 ; loss: 0.857
2018-03-15 02:28:30,736:INFO: - Eval metrics : accuracy: 0.725 ; loss: 0.000
2018-03-15 02:28:31,120:INFO: Epoch 120/170
2018-03-15 02:29:17,843:INFO: - Train metrics: accuracy: 0.891 ; loss: 0.849
2018-03-15 02:29:27,913:INFO: - Eval metrics : accuracy: 0.775 ; loss: 0.000
2018-03-15 02:29:28,282:INFO: Epoch 121/170
2018-03-15 02:30:15,078:INFO: - Train metrics: accuracy: 0.930 ; loss: 0.848
2018-03-15 02:30:25,157:INFO: - Eval metrics : accuracy: 0.770 ; loss: 0.000
2018-03-15 02:30:25,536:INFO: Epoch 122/170
2018-03-15 02:31:12,277:INFO: - Train metrics: accuracy: 0.945 ; loss: 0.862
2018-03-15 02:31:22,320:INFO: - Eval metrics : accuracy: 0.750 ; loss: 0.000
2018-03-15 02:31:22,691:INFO: Epoch 123/170
2018-03-15 02:32:09,445:INFO: - Train metrics: accuracy: 0.898 ; loss: 0.865
2018-03-15 02:32:19,508:INFO: - Eval metrics : accuracy: 0.770 ; loss: 0.000
2018-03-15 02:32:19,880:INFO: Epoch 124/170
2018-03-15 02:33:06,654:INFO: - Train metrics: accuracy: 0.953 ; loss: 0.841
2018-03-15 02:33:16,755:INFO: - Eval metrics : accuracy: 0.744 ; loss: 0.000
2018-03-15 02:33:17,144:INFO: Epoch 125/170
2018-03-15 02:34:03,868:INFO: - Train metrics: accuracy: 0.953 ; loss: 0.862
2018-03-15 02:34:13,963:INFO: - Eval metrics : accuracy: 0.726 ; loss: 0.000
2018-03-15 02:34:14,342:INFO: Epoch 126/170
2018-03-15 02:35:01,099:INFO: - Train metrics: accuracy: 0.922 ; loss: 0.849
2018-03-15 02:35:11,168:INFO: - Eval metrics : accuracy: 0.786 ; loss: 0.000
2018-03-15 02:35:11,541:INFO: Epoch 127/170
2018-03-15 02:35:58,295:INFO: - Train metrics: accuracy: 0.938 ; loss: 0.814
2018-03-15 02:36:08,398:INFO: - Eval metrics : accuracy: 0.752 ; loss: 0.000
2018-03-15 02:36:08,762:INFO: Epoch 128/170
2018-03-15 02:36:55,521:INFO: - Train metrics: accuracy: 0.906 ; loss: 0.817
2018-03-15 02:37:05,605:INFO: - Eval metrics : accuracy: 0.728 ; loss: 0.000
2018-03-15 02:37:05,977:INFO: Epoch 129/170
2018-03-15 02:37:52,739:INFO: - Train metrics: accuracy: 0.930 ; loss: 0.858
2018-03-15 02:38:02,814:INFO: - Eval metrics : accuracy: 0.750 ; loss: 0.000
2018-03-15 02:38:03,194:INFO: Epoch 130/170
2018-03-15 02:38:49,932:INFO: - Train metrics: accuracy: 0.906 ; loss: 0.847
2018-03-15 02:38:59,990:INFO: - Eval metrics : accuracy: 0.776 ; loss: 0.000
2018-03-15 02:39:00,354:INFO: Epoch 131/170
2018-03-15 02:39:47,099:INFO: - Train metrics: accuracy: 0.945 ; loss: 0.823
2018-03-15 02:39:57,173:INFO: - Eval metrics : accuracy: 0.750 ; loss: 0.000
2018-03-15 02:39:57,538:INFO: Epoch 132/170
2018-03-15 02:40:44,274:INFO: - Train metrics: accuracy: 0.930 ; loss: 0.846
2018-03-15 02:40:54,355:INFO: - Eval metrics : accuracy: 0.766 ; loss: 0.000
2018-03-15 02:40:54,719:INFO: Epoch 133/170
2018-03-15 02:41:41,478:INFO: - Train metrics: accuracy: 0.938 ; loss: 0.833
2018-03-15 02:41:51,570:INFO: - Eval metrics : accuracy: 0.759 ; loss: 0.000
2018-03-15 02:41:51,957:INFO: Epoch 134/170
2018-03-15 02:42:38,693:INFO: - Train metrics: accuracy: 0.914 ; loss: 0.861
2018-03-15 02:42:48,789:INFO: - Eval metrics : accuracy: 0.782 ; loss: 0.000
2018-03-15 02:42:49,151:INFO: Epoch 135/170
2018-03-15 02:43:35,898:INFO: - Train metrics: accuracy: 0.906 ; loss: 0.854
2018-03-15 02:43:45,988:INFO: - Eval metrics : accuracy: 0.765 ; loss: 0.000
2018-03-15 02:43:46,364:INFO: Epoch 136/170
2018-03-15 02:44:33,095:INFO: - Train metrics: accuracy: 0.922 ; loss: 0.844
2018-03-15 02:44:43,174:INFO: - Eval metrics : accuracy: 0.714 ; loss: 0.000
2018-03-15 02:44:43,551:INFO: Epoch 137/170
2018-03-15 02:45:30,291:INFO: - Train metrics: accuracy: 0.922 ; loss: 0.848
2018-03-15 02:45:40,353:INFO: - Eval metrics : accuracy: 0.705 ; loss: 0.000
2018-03-15 02:45:40,720:INFO: Epoch 138/170
2018-03-15 02:46:27,462:INFO: - Train metrics: accuracy: 0.945 ; loss: 0.841
2018-03-15 02:46:37,557:INFO: - Eval metrics : accuracy: 0.756 ; loss: 0.000
2018-03-15 02:46:37,919:INFO: Epoch 139/170
2018-03-15 02:47:24,632:INFO: - Train metrics: accuracy: 0.883 ; loss: 0.862
2018-03-15 02:47:34,713:INFO: - Eval metrics : accuracy: 0.767 ; loss: 0.000
2018-03-15 02:47:35,096:INFO: Epoch 140/170
2018-03-15 02:48:21,856:INFO: - Train metrics: accuracy: 0.922 ; loss: 0.841
2018-03-15 02:48:31,960:INFO: - Eval metrics : accuracy: 0.771 ; loss: 0.000
2018-03-15 02:48:32,320:INFO: Epoch 141/170
2018-03-15 02:49:19,040:INFO: - Train metrics: accuracy: 0.938 ; loss: 0.843
2018-03-15 02:49:29,116:INFO: - Eval metrics : accuracy: 0.785 ; loss: 0.000
2018-03-15 02:49:29,486:INFO: Epoch 142/170
2018-03-15 02:50:16,276:INFO: - Train metrics: accuracy: 0.930 ; loss: 0.824
2018-03-15 02:50:26,387:INFO: - Eval metrics : accuracy: 0.768 ; loss: 0.000
2018-03-15 02:50:26,759:INFO: Epoch 143/170
2018-03-15 02:51:13,466:INFO: - Train metrics: accuracy: 0.938 ; loss: 0.870
2018-03-15 02:51:23,566:INFO: - Eval metrics : accuracy: 0.776 ; loss: 0.000
2018-03-15 02:51:24,065:INFO: Epoch 144/170
2018-03-15 02:52:10,822:INFO: - Train metrics: accuracy: 0.922 ; loss: 0.832
2018-03-15 02:52:20,871:INFO: - Eval metrics : accuracy: 0.733 ; loss: 0.000
2018-03-15 02:52:21,251:INFO: Epoch 145/170
2018-03-15 02:53:08,001:INFO: - Train metrics: accuracy: 0.914 ; loss: 0.855
2018-03-15 02:53:18,070:INFO: - Eval metrics : accuracy: 0.758 ; loss: 0.000
2018-03-15 02:53:18,430:INFO: Epoch 146/170
2018-03-15 02:54:05,153:INFO: - Train metrics: accuracy: 0.953 ; loss: 0.864
2018-03-15 02:54:15,224:INFO: - Eval metrics : accuracy: 0.758 ; loss: 0.000
2018-03-15 02:54:15,588:INFO: Epoch 147/170
2018-03-15 02:55:02,330:INFO: - Train metrics: accuracy: 0.906 ; loss: 0.861
2018-03-15 02:55:12,421:INFO: - Eval metrics : accuracy: 0.751 ; loss: 0.000
2018-03-15 02:55:12,788:INFO: Epoch 148/170
2018-03-15 02:55:59,530:INFO: - Train metrics: accuracy: 0.898 ; loss: 0.836
2018-03-15 02:56:09,605:INFO: - Eval metrics : accuracy: 0.662 ; loss: 0.000
2018-03-15 02:56:09,964:INFO: Epoch 149/170
2018-03-15 02:56:56,691:INFO: - Train metrics: accuracy: 0.906 ; loss: 0.832
2018-03-15 02:57:06,782:INFO: - Eval metrics : accuracy: 0.774 ; loss: 0.000
2018-03-15 02:57:07,151:INFO: Epoch 150/170
2018-03-15 02:57:53,875:INFO: - Train metrics: accuracy: 0.883 ; loss: 0.824
2018-03-15 02:58:03,993:INFO: - Eval metrics : accuracy: 0.792 ; loss: 0.000
2018-03-15 02:58:04,369:INFO: Epoch 151/170
2018-03-15 02:58:51,137:INFO: - Train metrics: accuracy: 0.922 ; loss: 0.843
2018-03-15 02:59:01,196:INFO: - Eval metrics : accuracy: 0.863 ; loss: 0.000
2018-03-15 02:59:02,159:INFO: - Found new best accuracy
2018-03-15 02:59:02,165:INFO: Epoch 152/170
2018-03-15 02:59:48,904:INFO: - Train metrics: accuracy: 0.984 ; loss: 0.852
2018-03-15 02:59:58,999:INFO: - Eval metrics : accuracy: 0.869 ; loss: 0.000
2018-03-15 02:59:59,967:INFO: - Found new best accuracy
2018-03-15 02:59:59,968:INFO: Epoch 153/170
2018-03-15 03:00:46,713:INFO: - Train metrics: accuracy: 0.953 ; loss: 0.864
2018-03-15 03:00:56,798:INFO: - Eval metrics : accuracy: 0.872 ; loss: 0.000
2018-03-15 03:00:57,761:INFO: - Found new best accuracy
2018-03-15 03:00:57,767:INFO: Epoch 154/170
2018-03-15 03:01:44,530:INFO: - Train metrics: accuracy: 0.961 ; loss: 0.855
2018-03-15 03:01:54,627:INFO: - Eval metrics : accuracy: 0.871 ; loss: 0.000
2018-03-15 03:01:54,999:INFO: Epoch 155/170
2018-03-15 03:02:41,739:INFO: - Train metrics: accuracy: 0.992 ; loss: 0.831
2018-03-15 03:02:51,834:INFO: - Eval metrics : accuracy: 0.874 ; loss: 0.000
2018-03-15 03:02:52,800:INFO: - Found new best accuracy
2018-03-15 03:02:52,801:INFO: Epoch 156/170
2018-03-15 03:03:39,534:INFO: - Train metrics: accuracy: 0.992 ; loss: 0.838
2018-03-15 03:03:49,608:INFO: - Eval metrics : accuracy: 0.876 ; loss: 0.000
2018-03-15 03:03:50,571:INFO: - Found new best accuracy
2018-03-15 03:03:50,576:INFO: Epoch 157/170
2018-03-15 03:04:37,319:INFO: - Train metrics: accuracy: 1.000 ; loss: 0.839
2018-03-15 03:04:47,411:INFO: - Eval metrics : accuracy: 0.872 ; loss: 0.000
2018-03-15 03:04:47,786:INFO: Epoch 158/170
2018-03-15 03:05:34,516:INFO: - Train metrics: accuracy: 0.977 ; loss: 0.851
2018-03-15 03:05:44,575:INFO: - Eval metrics : accuracy: 0.873 ; loss: 0.000
2018-03-15 03:05:44,948:INFO: Epoch 159/170
2018-03-15 03:06:31,677:INFO: - Train metrics: accuracy: 0.977 ; loss: 0.804
2018-03-15 03:06:41,784:INFO: - Eval metrics : accuracy: 0.875 ; loss: 0.000
2018-03-15 03:06:42,155:INFO: Epoch 160/170
2018-03-15 03:07:28,989:INFO: - Train metrics: accuracy: 1.000 ; loss: 0.847
2018-03-15 03:07:39,099:INFO: - Eval metrics : accuracy: 0.876 ; loss: 0.000
2018-03-15 03:07:40,057:INFO: - Found new best accuracy
2018-03-15 03:07:40,062:INFO: Epoch 161/170
2018-03-15 03:08:26,844:INFO: - Train metrics: accuracy: 0.984 ; loss: 0.843
2018-03-15 03:08:36,936:INFO: - Eval metrics : accuracy: 0.878 ; loss: 0.000
2018-03-15 03:08:37,900:INFO: - Found new best accuracy
2018-03-15 03:08:37,906:INFO: Epoch 162/170
2018-03-15 03:09:24,666:INFO: - Train metrics: accuracy: 0.992 ; loss: 0.848
2018-03-15 03:09:34,733:INFO: - Eval metrics : accuracy: 0.876 ; loss: 0.000
2018-03-15 03:09:35,239:INFO: Epoch 163/170
2018-03-15 03:10:21,943:INFO: - Train metrics: accuracy: 0.984 ; loss: 0.842
2018-03-15 03:10:31,983:INFO: - Eval metrics : accuracy: 0.877 ; loss: 0.000
2018-03-15 03:10:32,376:INFO: Epoch 164/170
2018-03-15 03:11:19,113:INFO: - Train metrics: accuracy: 0.992 ; loss: 0.847
2018-03-15 03:11:29,286:INFO: - Eval metrics : accuracy: 0.878 ; loss: 0.000
2018-03-15 03:11:30,247:INFO: - Found new best accuracy
2018-03-15 03:11:30,253:INFO: Epoch 165/170
2018-03-15 03:12:17,104:INFO: - Train metrics: accuracy: 1.000 ; loss: 0.841
2018-03-15 03:12:27,164:INFO: - Eval metrics : accuracy: 0.878 ; loss: 0.000
2018-03-15 03:12:28,135:INFO: - Found new best accuracy
2018-03-15 03:12:28,135:INFO: Epoch 166/170
2018-03-15 03:13:14,870:INFO: - Train metrics: accuracy: 0.992 ; loss: 0.838
2018-03-15 03:13:24,914:INFO: - Eval metrics : accuracy: 0.878 ; loss: 0.000
2018-03-15 03:13:25,875:INFO: - Found new best accuracy
2018-03-15 03:13:25,876:INFO: Epoch 167/170
2018-03-15 03:14:12,576:INFO: - Train metrics: accuracy: 0.984 ; loss: 0.833
2018-03-15 03:14:22,646:INFO: - Eval metrics : accuracy: 0.876 ; loss: 0.000
2018-03-15 03:14:23,039:INFO: Epoch 168/170
2018-03-15 03:15:09,729:INFO: - Train metrics: accuracy: 1.000 ; loss: 0.840
2018-03-15 03:15:19,804:INFO: - Eval metrics : accuracy: 0.876 ; loss: 0.000
2018-03-15 03:15:20,187:INFO: Epoch 169/170
2018-03-15 03:16:07,069:INFO: - Train metrics: accuracy: 1.000 ; loss: 0.876
2018-03-15 03:16:17,175:INFO: - Eval metrics : accuracy: 0.878 ; loss: 0.000
2018-03-15 03:16:17,550:INFO: Epoch 170/170
2018-03-15 03:17:04,343:INFO: - Train metrics: accuracy: 1.000 ; loss: 0.859
2018-03-15 03:17:14,429:INFO: - Eval metrics : accuracy: 0.875 ; loss: 0.000
