2018-03-12 15:46:51,917:INFO: Loading the datasets...
2018-03-12 15:46:55,483:INFO: - done.
2018-03-12 15:46:59,101:INFO: Experiment: model version: cnn_distill
2018-03-12 15:46:59,101:INFO: Starting training for 30 epoch(s)
2018-03-12 15:46:59,101:INFO: First, loading the teacher model and computing its outputs...
2018-03-12 15:48:43,822:INFO: - Finished computing teacher outputs after 105 secs..
2018-03-12 15:48:43,822:INFO: Epoch 1/30
2018-03-12 15:49:07,543:INFO: - Train metrics: accuracy: 0.449 ; loss: 1.511
2018-03-12 15:49:09,072:INFO: - Eval metrics : accuracy: 0.657 ; loss: 0.000
2018-03-12 15:49:09,073:INFO: - Found new best accuracy
2018-03-12 15:49:09,073:INFO: Epoch 2/30
2018-03-12 15:49:32,982:INFO: - Train metrics: accuracy: 0.613 ; loss: 1.104
2018-03-12 15:49:34,524:INFO: - Eval metrics : accuracy: 0.701 ; loss: 0.000
2018-03-12 15:49:34,525:INFO: - Found new best accuracy
2018-03-12 15:49:34,525:INFO: Epoch 3/30
2018-03-12 15:49:58,350:INFO: - Train metrics: accuracy: 0.660 ; loss: 0.967
2018-03-12 15:49:59,943:INFO: - Eval metrics : accuracy: 0.739 ; loss: 0.000
2018-03-12 15:49:59,943:INFO: - Found new best accuracy
2018-03-12 15:49:59,944:INFO: Epoch 4/30
2018-03-12 15:50:23,628:INFO: - Train metrics: accuracy: 0.738 ; loss: 0.829
2018-03-12 15:50:25,208:INFO: - Eval metrics : accuracy: 0.763 ; loss: 0.000
2018-03-12 15:50:25,208:INFO: - Found new best accuracy
2018-03-12 15:50:25,209:INFO: Epoch 5/30
2018-03-12 15:50:48,889:INFO: - Train metrics: accuracy: 0.727 ; loss: 0.809
2018-03-12 15:50:50,443:INFO: - Eval metrics : accuracy: 0.774 ; loss: 0.000
2018-03-12 15:50:50,444:INFO: - Found new best accuracy
2018-03-12 15:50:50,444:INFO: Epoch 6/30
2018-03-12 15:51:14,189:INFO: - Train metrics: accuracy: 0.779 ; loss: 0.708
2018-03-12 15:51:15,716:INFO: - Eval metrics : accuracy: 0.783 ; loss: 0.000
2018-03-12 15:51:15,716:INFO: - Found new best accuracy
2018-03-12 15:51:15,717:INFO: Epoch 7/30
2018-03-12 15:51:39,438:INFO: - Train metrics: accuracy: 0.811 ; loss: 0.639
2018-03-12 15:51:40,948:INFO: - Eval metrics : accuracy: 0.794 ; loss: 0.000
2018-03-12 15:51:40,949:INFO: - Found new best accuracy
2018-03-12 15:51:40,950:INFO: Epoch 8/30
2018-03-12 15:52:03,725:INFO: - Train metrics: accuracy: 0.781 ; loss: 0.667
2018-03-12 15:52:05,283:INFO: - Eval metrics : accuracy: 0.805 ; loss: 0.000
2018-03-12 15:52:05,284:INFO: - Found new best accuracy
2018-03-12 15:52:05,285:INFO: Epoch 9/30
2018-03-12 15:52:27,059:INFO: - Train metrics: accuracy: 0.799 ; loss: 0.641
2018-03-12 15:52:28,584:INFO: - Eval metrics : accuracy: 0.811 ; loss: 0.000
2018-03-12 15:52:28,584:INFO: - Found new best accuracy
2018-03-12 15:52:28,585:INFO: Epoch 10/30
2018-03-12 15:52:52,360:INFO: - Train metrics: accuracy: 0.773 ; loss: 0.689
2018-03-12 15:52:53,911:INFO: - Eval metrics : accuracy: 0.800 ; loss: 0.000
2018-03-12 15:52:53,913:INFO: Epoch 11/30
2018-03-12 15:53:17,730:INFO: - Train metrics: accuracy: 0.854 ; loss: 0.532
2018-03-12 15:53:19,292:INFO: - Eval metrics : accuracy: 0.811 ; loss: 0.000
2018-03-12 15:53:19,293:INFO: Epoch 12/30
2018-03-12 15:53:43,155:INFO: - Train metrics: accuracy: 0.834 ; loss: 0.595
2018-03-12 15:53:44,695:INFO: - Eval metrics : accuracy: 0.821 ; loss: 0.000
2018-03-12 15:53:44,696:INFO: - Found new best accuracy
2018-03-12 15:53:44,696:INFO: Epoch 13/30
2018-03-12 15:54:08,369:INFO: - Train metrics: accuracy: 0.814 ; loss: 0.572
2018-03-12 15:54:09,919:INFO: - Eval metrics : accuracy: 0.819 ; loss: 0.000
2018-03-12 15:54:09,920:INFO: Epoch 14/30
2018-03-12 15:54:33,744:INFO: - Train metrics: accuracy: 0.871 ; loss: 0.510
2018-03-12 15:54:35,302:INFO: - Eval metrics : accuracy: 0.818 ; loss: 0.000
2018-03-12 15:54:35,303:INFO: Epoch 15/30
2018-03-12 15:54:59,134:INFO: - Train metrics: accuracy: 0.854 ; loss: 0.517
2018-03-12 15:55:00,649:INFO: - Eval metrics : accuracy: 0.830 ; loss: 0.000
2018-03-12 15:55:00,649:INFO: - Found new best accuracy
2018-03-12 15:55:00,650:INFO: Epoch 16/30
2018-03-12 15:55:24,402:INFO: - Train metrics: accuracy: 0.867 ; loss: 0.452
2018-03-12 15:55:25,969:INFO: - Eval metrics : accuracy: 0.829 ; loss: 0.000
2018-03-12 15:55:25,970:INFO: Epoch 17/30
2018-03-12 15:55:49,818:INFO: - Train metrics: accuracy: 0.850 ; loss: 0.510
2018-03-12 15:55:51,330:INFO: - Eval metrics : accuracy: 0.833 ; loss: 0.000
2018-03-12 15:55:51,331:INFO: - Found new best accuracy
2018-03-12 15:55:51,332:INFO: Epoch 18/30
2018-03-12 15:56:15,084:INFO: - Train metrics: accuracy: 0.855 ; loss: 0.498
2018-03-12 15:56:16,636:INFO: - Eval metrics : accuracy: 0.822 ; loss: 0.000
2018-03-12 15:56:16,638:INFO: Epoch 19/30
2018-03-12 15:56:40,350:INFO: - Train metrics: accuracy: 0.861 ; loss: 0.491
2018-03-12 15:56:41,925:INFO: - Eval metrics : accuracy: 0.832 ; loss: 0.000
2018-03-12 15:56:41,926:INFO: Epoch 20/30
2018-03-12 15:57:05,612:INFO: - Train metrics: accuracy: 0.844 ; loss: 0.511
2018-03-12 15:57:07,194:INFO: - Eval metrics : accuracy: 0.832 ; loss: 0.000
2018-03-12 15:57:07,196:INFO: Epoch 21/30
2018-03-12 15:57:31,006:INFO: - Train metrics: accuracy: 0.838 ; loss: 0.554
2018-03-12 15:57:32,537:INFO: - Eval metrics : accuracy: 0.841 ; loss: 0.000
2018-03-12 15:57:32,537:INFO: - Found new best accuracy
2018-03-12 15:57:32,539:INFO: Epoch 22/30
2018-03-12 15:57:56,324:INFO: - Train metrics: accuracy: 0.869 ; loss: 0.440
2018-03-12 15:57:57,862:INFO: - Eval metrics : accuracy: 0.836 ; loss: 0.000
2018-03-12 15:57:57,863:INFO: Epoch 23/30
2018-03-12 15:58:18,632:INFO: - Train metrics: accuracy: 0.834 ; loss: 0.513
2018-03-12 15:58:20,173:INFO: - Eval metrics : accuracy: 0.848 ; loss: 0.000
2018-03-12 15:58:20,174:INFO: - Found new best accuracy
2018-03-12 15:58:20,175:INFO: Epoch 24/30
2018-03-12 15:58:44,045:INFO: - Train metrics: accuracy: 0.865 ; loss: 0.479
2018-03-12 15:58:45,607:INFO: - Eval metrics : accuracy: 0.842 ; loss: 0.000
2018-03-12 15:58:45,608:INFO: Epoch 25/30
2018-03-12 15:59:09,322:INFO: - Train metrics: accuracy: 0.881 ; loss: 0.435
2018-03-12 15:59:10,813:INFO: - Eval metrics : accuracy: 0.830 ; loss: 0.000
2018-03-12 15:59:10,814:INFO: Epoch 26/30
2018-03-12 15:59:34,609:INFO: - Train metrics: accuracy: 0.893 ; loss: 0.416
2018-03-12 15:59:36,144:INFO: - Eval metrics : accuracy: 0.844 ; loss: 0.000
2018-03-12 15:59:36,145:INFO: Epoch 27/30
2018-03-12 15:59:59,912:INFO: - Train metrics: accuracy: 0.879 ; loss: 0.459
2018-03-12 16:00:01,451:INFO: - Eval metrics : accuracy: 0.846 ; loss: 0.000
2018-03-12 16:00:01,452:INFO: Epoch 28/30
2018-03-12 16:00:25,243:INFO: - Train metrics: accuracy: 0.885 ; loss: 0.440
2018-03-12 16:00:26,734:INFO: - Eval metrics : accuracy: 0.843 ; loss: 0.000
2018-03-12 16:00:26,735:INFO: Epoch 29/30
2018-03-12 16:00:50,504:INFO: - Train metrics: accuracy: 0.896 ; loss: 0.413
2018-03-12 16:00:52,033:INFO: - Eval metrics : accuracy: 0.845 ; loss: 0.000
2018-03-12 16:00:52,034:INFO: Epoch 30/30
2018-03-12 16:01:15,785:INFO: - Train metrics: accuracy: 0.891 ; loss: 0.415
2018-03-12 16:01:17,325:INFO: - Eval metrics : accuracy: 0.847 ; loss: 0.000
