2018-03-14 19:37:16,503:INFO: Loading the datasets...
2018-03-14 19:37:20,131:INFO: - done.
2018-03-14 19:37:22,742:INFO: Experiment - model version: cnn_distill
2018-03-14 19:37:22,742:INFO: Starting training for 30 epoch(s)
2018-03-14 19:37:22,742:INFO: First, loading the teacher model and computing its outputs...
2018-03-14 19:38:12,404:INFO: - Finished computing teacher outputs after 50 secs..
2018-03-14 19:38:12,404:INFO: Epoch 1/30
2018-03-14 19:38:20,150:INFO: - Train metrics: accuracy: 0.486 ; loss: 1.427
2018-03-14 19:38:21,005:INFO: - Eval metrics : accuracy: 0.679 ; loss: 0.000
2018-03-14 19:38:21,024:INFO: - Found new best accuracy
2018-03-14 19:38:21,024:INFO: Epoch 2/30
2018-03-14 19:38:28,733:INFO: - Train metrics: accuracy: 0.703 ; loss: 0.940
2018-03-14 19:38:29,562:INFO: - Eval metrics : accuracy: 0.741 ; loss: 0.000
2018-03-14 19:38:29,611:INFO: - Found new best accuracy
2018-03-14 19:38:29,612:INFO: Epoch 3/30
2018-03-14 19:38:37,298:INFO: - Train metrics: accuracy: 0.766 ; loss: 0.780
2018-03-14 19:38:38,138:INFO: - Eval metrics : accuracy: 0.759 ; loss: 0.000
2018-03-14 19:38:38,172:INFO: - Found new best accuracy
2018-03-14 19:38:38,172:INFO: Epoch 4/30
2018-03-14 19:38:45,871:INFO: - Train metrics: accuracy: 0.828 ; loss: 0.642
2018-03-14 19:38:46,686:INFO: - Eval metrics : accuracy: 0.766 ; loss: 0.000
2018-03-14 19:38:46,722:INFO: - Found new best accuracy
2018-03-14 19:38:46,723:INFO: Epoch 5/30
2018-03-14 19:38:54,415:INFO: - Train metrics: accuracy: 0.887 ; loss: 0.551
2018-03-14 19:38:55,277:INFO: - Eval metrics : accuracy: 0.777 ; loss: 0.000
2018-03-14 19:38:55,308:INFO: - Found new best accuracy
2018-03-14 19:38:55,309:INFO: Epoch 6/30
2018-03-14 19:39:03,035:INFO: - Train metrics: accuracy: 0.896 ; loss: 0.504
2018-03-14 19:39:03,883:INFO: - Eval metrics : accuracy: 0.777 ; loss: 0.000
2018-03-14 19:39:03,917:INFO: - Found new best accuracy
2018-03-14 19:39:03,918:INFO: Epoch 7/30
2018-03-14 19:39:11,622:INFO: - Train metrics: accuracy: 0.908 ; loss: 0.453
2018-03-14 19:39:12,463:INFO: - Eval metrics : accuracy: 0.768 ; loss: 0.000
2018-03-14 19:39:12,480:INFO: Epoch 8/30
2018-03-14 19:39:20,188:INFO: - Train metrics: accuracy: 0.930 ; loss: 0.417
2018-03-14 19:39:21,043:INFO: - Eval metrics : accuracy: 0.777 ; loss: 0.000
2018-03-14 19:39:21,072:INFO: - Found new best accuracy
2018-03-14 19:39:21,073:INFO: Epoch 9/30
2018-03-14 19:39:28,782:INFO: - Train metrics: accuracy: 0.957 ; loss: 0.373
2018-03-14 19:39:29,623:INFO: - Eval metrics : accuracy: 0.778 ; loss: 0.000
2018-03-14 19:39:29,659:INFO: - Found new best accuracy
2018-03-14 19:39:29,660:INFO: Epoch 10/30
2018-03-14 19:39:37,357:INFO: - Train metrics: accuracy: 0.973 ; loss: 0.355
2018-03-14 19:39:38,214:INFO: - Eval metrics : accuracy: 0.779 ; loss: 0.000
2018-03-14 19:39:38,243:INFO: - Found new best accuracy
2018-03-14 19:39:38,244:INFO: Epoch 11/30
2018-03-14 19:39:45,969:INFO: - Train metrics: accuracy: 0.984 ; loss: 0.322
2018-03-14 19:39:46,858:INFO: - Eval metrics : accuracy: 0.772 ; loss: 0.000
2018-03-14 19:39:46,882:INFO: Epoch 12/30
2018-03-14 19:39:54,675:INFO: - Train metrics: accuracy: 0.994 ; loss: 0.304
2018-03-14 19:39:55,518:INFO: - Eval metrics : accuracy: 0.780 ; loss: 0.000
2018-03-14 19:39:55,555:INFO: - Found new best accuracy
2018-03-14 19:39:55,556:INFO: Epoch 13/30
2018-03-14 19:40:03,273:INFO: - Train metrics: accuracy: 0.990 ; loss: 0.295
2018-03-14 19:40:04,098:INFO: - Eval metrics : accuracy: 0.777 ; loss: 0.000
2018-03-14 19:40:04,125:INFO: Epoch 14/30
2018-03-14 19:40:11,820:INFO: - Train metrics: accuracy: 0.996 ; loss: 0.283
2018-03-14 19:40:12,665:INFO: - Eval metrics : accuracy: 0.774 ; loss: 0.000
2018-03-14 19:40:12,680:INFO: Epoch 15/30
2018-03-14 19:40:20,381:INFO: - Train metrics: accuracy: 0.988 ; loss: 0.291
2018-03-14 19:40:21,209:INFO: - Eval metrics : accuracy: 0.760 ; loss: 0.000
2018-03-14 19:40:21,229:INFO: Epoch 16/30
2018-03-14 19:40:28,922:INFO: - Train metrics: accuracy: 0.994 ; loss: 0.291
2018-03-14 19:40:29,785:INFO: - Eval metrics : accuracy: 0.772 ; loss: 0.000
2018-03-14 19:40:29,801:INFO: Epoch 17/30
2018-03-14 19:40:37,546:INFO: - Train metrics: accuracy: 0.998 ; loss: 0.267
2018-03-14 19:40:38,403:INFO: - Eval metrics : accuracy: 0.769 ; loss: 0.000
2018-03-14 19:40:38,420:INFO: Epoch 18/30
2018-03-14 19:40:46,190:INFO: - Train metrics: accuracy: 0.994 ; loss: 0.267
2018-03-14 19:40:47,034:INFO: - Eval metrics : accuracy: 0.766 ; loss: 0.000
2018-03-14 19:40:47,061:INFO: Epoch 19/30
2018-03-14 19:40:54,759:INFO: - Train metrics: accuracy: 0.994 ; loss: 0.271
2018-03-14 19:40:55,597:INFO: - Eval metrics : accuracy: 0.768 ; loss: 0.000
2018-03-14 19:40:55,619:INFO: Epoch 20/30
2018-03-14 19:41:03,304:INFO: - Train metrics: accuracy: 0.994 ; loss: 0.272
2018-03-14 19:41:04,142:INFO: - Eval metrics : accuracy: 0.775 ; loss: 0.000
2018-03-14 19:41:04,158:INFO: Epoch 21/30
2018-03-14 19:41:11,856:INFO: - Train metrics: accuracy: 0.994 ; loss: 0.270
2018-03-14 19:41:12,720:INFO: - Eval metrics : accuracy: 0.766 ; loss: 0.000
2018-03-14 19:41:12,735:INFO: Epoch 22/30
2018-03-14 19:41:20,443:INFO: - Train metrics: accuracy: 0.998 ; loss: 0.261
2018-03-14 19:41:21,277:INFO: - Eval metrics : accuracy: 0.769 ; loss: 0.000
2018-03-14 19:41:21,297:INFO: Epoch 23/30
2018-03-14 19:41:29,002:INFO: - Train metrics: accuracy: 1.000 ; loss: 0.267
2018-03-14 19:41:29,839:INFO: - Eval metrics : accuracy: 0.768 ; loss: 0.000
2018-03-14 19:41:29,854:INFO: Epoch 24/30
2018-03-14 19:41:37,556:INFO: - Train metrics: accuracy: 0.998 ; loss: 0.266
2018-03-14 19:41:38,410:INFO: - Eval metrics : accuracy: 0.774 ; loss: 0.000
2018-03-14 19:41:38,426:INFO: Epoch 25/30
2018-03-14 19:41:46,125:INFO: - Train metrics: accuracy: 1.000 ; loss: 0.252
2018-03-14 19:41:46,953:INFO: - Eval metrics : accuracy: 0.775 ; loss: 0.000
2018-03-14 19:41:46,968:INFO: Epoch 26/30
2018-03-14 19:41:54,676:INFO: - Train metrics: accuracy: 1.000 ; loss: 0.246
2018-03-14 19:41:55,507:INFO: - Eval metrics : accuracy: 0.773 ; loss: 0.000
2018-03-14 19:41:55,524:INFO: Epoch 27/30
2018-03-14 19:42:03,230:INFO: - Train metrics: accuracy: 1.000 ; loss: 0.237
2018-03-14 19:42:04,058:INFO: - Eval metrics : accuracy: 0.777 ; loss: 0.000
2018-03-14 19:42:04,077:INFO: Epoch 28/30
2018-03-14 19:42:11,777:INFO: - Train metrics: accuracy: 1.000 ; loss: 0.236
2018-03-14 19:42:12,626:INFO: - Eval metrics : accuracy: 0.776 ; loss: 0.000
2018-03-14 19:42:12,645:INFO: Epoch 29/30
2018-03-14 19:42:20,345:INFO: - Train metrics: accuracy: 1.000 ; loss: 0.232
2018-03-14 19:42:21,193:INFO: - Eval metrics : accuracy: 0.775 ; loss: 0.000
2018-03-14 19:42:21,208:INFO: Epoch 30/30
2018-03-14 19:42:28,894:INFO: - Train metrics: accuracy: 1.000 ; loss: 0.247
2018-03-14 19:42:29,730:INFO: - Eval metrics : accuracy: 0.726 ; loss: 0.000
2018-03-14 20:42:31,718:INFO: Loading the datasets...
2018-03-14 20:42:35,346:INFO: - done.
2018-03-14 20:42:37,910:INFO: Experiment - model version: cnn_distill
2018-03-14 20:42:37,910:INFO: Starting training for 30 epoch(s)
2018-03-14 20:42:37,910:INFO: First, loading the teacher model and computing its outputs...
2018-03-14 20:43:27,123:INFO: - Finished computing teacher outputs after 50 secs..
2018-03-14 20:43:27,123:INFO: Epoch 1/30
2018-03-14 20:43:34,865:INFO: - Train metrics: accuracy: 0.494 ; loss: 1.417
2018-03-14 20:43:35,734:INFO: - Eval metrics : accuracy: 0.685 ; loss: 0.000
2018-03-14 20:43:35,769:INFO: - Found new best accuracy
2018-03-14 20:43:35,770:INFO: Epoch 2/30
2018-03-14 20:43:43,471:INFO: - Train metrics: accuracy: 0.709 ; loss: 0.934
2018-03-14 20:43:44,317:INFO: - Eval metrics : accuracy: 0.738 ; loss: 0.000
2018-03-14 20:43:44,344:INFO: - Found new best accuracy
2018-03-14 20:43:44,345:INFO: Epoch 3/30
2018-03-14 20:43:52,061:INFO: - Train metrics: accuracy: 0.768 ; loss: 0.791
2018-03-14 20:43:52,896:INFO: - Eval metrics : accuracy: 0.758 ; loss: 0.000
2018-03-14 20:43:52,924:INFO: - Found new best accuracy
2018-03-14 20:43:52,925:INFO: Epoch 4/30
2018-03-14 20:44:00,630:INFO: - Train metrics: accuracy: 0.812 ; loss: 0.646
2018-03-14 20:44:01,470:INFO: - Eval metrics : accuracy: 0.764 ; loss: 0.000
2018-03-14 20:44:01,504:INFO: - Found new best accuracy
2018-03-14 20:44:01,505:INFO: Epoch 5/30
2018-03-14 20:44:09,234:INFO: - Train metrics: accuracy: 0.867 ; loss: 0.571
2018-03-14 20:44:10,080:INFO: - Eval metrics : accuracy: 0.773 ; loss: 0.000
2018-03-14 20:44:10,116:INFO: - Found new best accuracy
2018-03-14 20:44:10,117:INFO: Epoch 6/30
2018-03-14 20:44:17,819:INFO: - Train metrics: accuracy: 0.896 ; loss: 0.520
2018-03-14 20:44:18,674:INFO: - Eval metrics : accuracy: 0.763 ; loss: 0.000
2018-03-14 20:44:18,696:INFO: Epoch 7/30
2018-03-14 20:44:26,401:INFO: - Train metrics: accuracy: 0.926 ; loss: 0.440
2018-03-14 20:44:27,258:INFO: - Eval metrics : accuracy: 0.776 ; loss: 0.000
2018-03-14 20:44:27,285:INFO: - Found new best accuracy
2018-03-14 20:44:27,285:INFO: Epoch 8/30
2018-03-14 20:44:34,994:INFO: - Train metrics: accuracy: 0.928 ; loss: 0.427
2018-03-14 20:44:35,850:INFO: - Eval metrics : accuracy: 0.778 ; loss: 0.000
2018-03-14 20:44:35,874:INFO: - Found new best accuracy
2018-03-14 20:44:35,875:INFO: Epoch 9/30
2018-03-14 20:44:43,580:INFO: - Train metrics: accuracy: 0.951 ; loss: 0.394
2018-03-14 20:44:44,429:INFO: - Eval metrics : accuracy: 0.775 ; loss: 0.000
2018-03-14 20:44:44,445:INFO: Epoch 10/30
2018-03-14 20:44:52,162:INFO: - Train metrics: accuracy: 0.973 ; loss: 0.347
2018-03-14 20:44:53,014:INFO: - Eval metrics : accuracy: 0.771 ; loss: 0.000
2018-03-14 20:44:53,033:INFO: Epoch 11/30
2018-03-14 20:45:00,749:INFO: - Train metrics: accuracy: 0.988 ; loss: 0.320
2018-03-14 20:45:01,603:INFO: - Eval metrics : accuracy: 0.769 ; loss: 0.000
2018-03-14 20:45:01,629:INFO: Epoch 12/30
2018-03-14 20:45:09,375:INFO: - Train metrics: accuracy: 0.992 ; loss: 0.296
2018-03-14 20:45:10,236:INFO: - Eval metrics : accuracy: 0.778 ; loss: 0.000
2018-03-14 20:45:10,266:INFO: - Found new best accuracy
2018-03-14 20:45:10,267:INFO: Epoch 13/30
2018-03-14 20:45:17,968:INFO: - Train metrics: accuracy: 0.988 ; loss: 0.304
2018-03-14 20:45:18,833:INFO: - Eval metrics : accuracy: 0.774 ; loss: 0.000
2018-03-14 20:45:18,865:INFO: Epoch 14/30
2018-03-14 20:45:26,579:INFO: - Train metrics: accuracy: 0.996 ; loss: 0.284
2018-03-14 20:45:27,429:INFO: - Eval metrics : accuracy: 0.767 ; loss: 0.000
2018-03-14 20:45:27,445:INFO: Epoch 15/30
2018-03-14 20:45:35,181:INFO: - Train metrics: accuracy: 0.984 ; loss: 0.309
2018-03-14 20:45:36,041:INFO: - Eval metrics : accuracy: 0.773 ; loss: 0.000
2018-03-14 20:45:36,065:INFO: Epoch 16/30
2018-03-14 20:45:43,782:INFO: - Train metrics: accuracy: 0.998 ; loss: 0.283
2018-03-14 20:45:44,626:INFO: - Eval metrics : accuracy: 0.770 ; loss: 0.000
2018-03-14 20:45:44,641:INFO: Epoch 17/30
2018-03-14 20:45:52,365:INFO: - Train metrics: accuracy: 0.998 ; loss: 0.270
2018-03-14 20:45:53,204:INFO: - Eval metrics : accuracy: 0.770 ; loss: 0.000
2018-03-14 20:45:53,220:INFO: Epoch 18/30
2018-03-14 20:46:00,924:INFO: - Train metrics: accuracy: 1.000 ; loss: 0.261
2018-03-14 20:46:01,760:INFO: - Eval metrics : accuracy: 0.765 ; loss: 0.000
2018-03-14 20:46:01,775:INFO: Epoch 19/30
2018-03-14 20:46:09,495:INFO: - Train metrics: accuracy: 0.998 ; loss: 0.258
2018-03-14 20:46:10,355:INFO: - Eval metrics : accuracy: 0.777 ; loss: 0.000
2018-03-14 20:46:10,371:INFO: Epoch 20/30
2018-03-14 20:46:18,096:INFO: - Train metrics: accuracy: 0.990 ; loss: 0.282
2018-03-14 20:46:18,961:INFO: - Eval metrics : accuracy: 0.759 ; loss: 0.000
2018-03-14 20:46:18,977:INFO: Epoch 21/30
2018-03-14 20:46:26,686:INFO: - Train metrics: accuracy: 0.988 ; loss: 0.304
2018-03-14 20:46:27,529:INFO: - Eval metrics : accuracy: 0.770 ; loss: 0.000
2018-03-14 20:46:27,544:INFO: Epoch 22/30
2018-03-14 20:46:35,283:INFO: - Train metrics: accuracy: 1.000 ; loss: 0.269
2018-03-14 20:46:36,139:INFO: - Eval metrics : accuracy: 0.777 ; loss: 0.000
2018-03-14 20:46:36,154:INFO: Epoch 23/30
2018-03-14 20:46:43,887:INFO: - Train metrics: accuracy: 0.998 ; loss: 0.263
2018-03-14 20:46:44,738:INFO: - Eval metrics : accuracy: 0.785 ; loss: 0.000
2018-03-14 20:46:44,775:INFO: - Found new best accuracy
2018-03-14 20:46:44,775:INFO: Epoch 24/30
2018-03-14 20:46:52,491:INFO: - Train metrics: accuracy: 0.998 ; loss: 0.246
2018-03-14 20:46:53,348:INFO: - Eval metrics : accuracy: 0.782 ; loss: 0.000
2018-03-14 20:46:53,363:INFO: Epoch 25/30
2018-03-14 20:47:01,086:INFO: - Train metrics: accuracy: 1.000 ; loss: 0.237
2018-03-14 20:47:01,946:INFO: - Eval metrics : accuracy: 0.780 ; loss: 0.000
2018-03-14 20:47:01,962:INFO: Epoch 26/30
2018-03-14 20:47:09,686:INFO: - Train metrics: accuracy: 0.998 ; loss: 0.237
2018-03-14 20:47:10,539:INFO: - Eval metrics : accuracy: 0.775 ; loss: 0.000
2018-03-14 20:47:10,565:INFO: Epoch 27/30
2018-03-14 20:47:18,288:INFO: - Train metrics: accuracy: 1.000 ; loss: 0.236
2018-03-14 20:47:19,126:INFO: - Eval metrics : accuracy: 0.723 ; loss: 0.000
2018-03-14 20:47:19,145:INFO: Epoch 28/30
2018-03-14 20:47:26,873:INFO: - Train metrics: accuracy: 0.982 ; loss: 0.321
2018-03-14 20:47:27,718:INFO: - Eval metrics : accuracy: 0.767 ; loss: 0.000
2018-03-14 20:47:27,737:INFO: Epoch 29/30
2018-03-14 20:47:35,457:INFO: - Train metrics: accuracy: 1.000 ; loss: 0.261
2018-03-14 20:47:36,293:INFO: - Eval metrics : accuracy: 0.781 ; loss: 0.000
2018-03-14 20:47:36,317:INFO: Epoch 30/30
2018-03-14 20:47:44,024:INFO: - Train metrics: accuracy: 1.000 ; loss: 0.245
2018-03-14 20:47:44,882:INFO: - Eval metrics : accuracy: 0.788 ; loss: 0.000
2018-03-14 20:47:44,919:INFO: - Found new best accuracy
