2018-03-12 10:14:12,996:INFO: Loading the datasets...
2018-03-12 10:14:16,533:INFO: - done.
2018-03-12 10:14:20,111:INFO: Experiment: model version: cnn_distill
2018-03-12 10:14:20,111:INFO: Starting training for 30 epoch(s)
2018-03-12 10:14:20,111:INFO: First, loading the teacher model and computing its outputs...
2018-03-12 10:16:04,678:INFO: - Finished computing teacher outputs after 105 secs..
2018-03-12 10:16:04,679:INFO: Epoch 1/30
2018-03-12 10:16:28,493:INFO: - Train metrics: accuracy: 0.461 ; loss: 1.486
2018-03-12 10:16:30,025:INFO: - Eval metrics : accuracy: 0.649 ; loss: 0.000
2018-03-12 10:16:30,025:INFO: - Found new best accuracy
2018-03-12 10:16:30,026:INFO: Epoch 2/30
2018-03-12 10:16:53,757:INFO: - Train metrics: accuracy: 0.627 ; loss: 1.493
2018-03-12 10:16:55,203:INFO: - Eval metrics : accuracy: 0.697 ; loss: 0.000
2018-03-12 10:16:55,204:INFO: - Found new best accuracy
2018-03-12 10:16:55,205:INFO: Epoch 3/30
2018-03-12 10:17:18,747:INFO: - Train metrics: accuracy: 0.670 ; loss: 1.486
2018-03-12 10:17:20,258:INFO: - Eval metrics : accuracy: 0.736 ; loss: 0.000
2018-03-12 10:17:20,258:INFO: - Found new best accuracy
2018-03-12 10:17:20,259:INFO: Epoch 4/30
2018-03-12 10:17:44,013:INFO: - Train metrics: accuracy: 0.723 ; loss: 1.484
2018-03-12 10:17:45,553:INFO: - Eval metrics : accuracy: 0.756 ; loss: 0.000
2018-03-12 10:17:45,554:INFO: - Found new best accuracy
2018-03-12 10:17:45,554:INFO: Epoch 5/30
2018-03-12 10:18:09,325:INFO: - Train metrics: accuracy: 0.738 ; loss: 1.494
2018-03-12 10:18:10,816:INFO: - Eval metrics : accuracy: 0.772 ; loss: 0.000
2018-03-12 10:18:10,817:INFO: - Found new best accuracy
2018-03-12 10:18:10,817:INFO: Epoch 6/30
2018-03-12 10:18:34,558:INFO: - Train metrics: accuracy: 0.777 ; loss: 1.523
2018-03-12 10:18:36,051:INFO: - Eval metrics : accuracy: 0.782 ; loss: 0.000
2018-03-12 10:18:36,052:INFO: - Found new best accuracy
2018-03-12 10:18:36,052:INFO: Epoch 7/30
2018-03-12 10:18:59,825:INFO: - Train metrics: accuracy: 0.781 ; loss: 1.495
2018-03-12 10:19:01,343:INFO: - Eval metrics : accuracy: 0.788 ; loss: 0.000
2018-03-12 10:19:01,344:INFO: - Found new best accuracy
2018-03-12 10:19:01,344:INFO: Epoch 8/30
2018-03-12 10:19:24,993:INFO: - Train metrics: accuracy: 0.779 ; loss: 1.500
2018-03-12 10:19:26,519:INFO: - Eval metrics : accuracy: 0.798 ; loss: 0.000
2018-03-12 10:19:26,520:INFO: - Found new best accuracy
2018-03-12 10:19:26,520:INFO: Epoch 9/30
2018-03-12 10:19:49,041:INFO: - Train metrics: accuracy: 0.779 ; loss: 1.498
2018-03-12 10:19:50,552:INFO: - Eval metrics : accuracy: 0.795 ; loss: 0.000
2018-03-12 10:19:50,553:INFO: Epoch 10/30
2018-03-12 10:20:12,424:INFO: - Train metrics: accuracy: 0.811 ; loss: 1.509
2018-03-12 10:20:13,940:INFO: - Eval metrics : accuracy: 0.803 ; loss: 0.000
2018-03-12 10:20:13,941:INFO: - Found new best accuracy
2018-03-12 10:20:13,942:INFO: Epoch 11/30
2018-03-12 10:20:37,357:INFO: - Train metrics: accuracy: 0.824 ; loss: 1.539
2018-03-12 10:20:38,873:INFO: - Eval metrics : accuracy: 0.808 ; loss: 0.000
2018-03-12 10:20:38,873:INFO: - Found new best accuracy
2018-03-12 10:20:38,874:INFO: Epoch 12/30
2018-03-12 10:21:02,236:INFO: - Train metrics: accuracy: 0.822 ; loss: 1.486
2018-03-12 10:21:03,727:INFO: - Eval metrics : accuracy: 0.812 ; loss: 0.000
2018-03-12 10:21:03,727:INFO: - Found new best accuracy
2018-03-12 10:21:03,729:INFO: Epoch 13/30
2018-03-12 10:21:27,134:INFO: - Train metrics: accuracy: 0.828 ; loss: 1.510
2018-03-12 10:21:28,629:INFO: - Eval metrics : accuracy: 0.817 ; loss: 0.000
2018-03-12 10:21:28,630:INFO: - Found new best accuracy
2018-03-12 10:21:28,630:INFO: Epoch 14/30
2018-03-12 10:21:52,329:INFO: - Train metrics: accuracy: 0.852 ; loss: 1.507
2018-03-12 10:21:53,834:INFO: - Eval metrics : accuracy: 0.819 ; loss: 0.000
2018-03-12 10:21:53,835:INFO: - Found new best accuracy
2018-03-12 10:21:53,835:INFO: Epoch 15/30
2018-03-12 10:22:17,661:INFO: - Train metrics: accuracy: 0.836 ; loss: 1.495
2018-03-12 10:22:19,181:INFO: - Eval metrics : accuracy: 0.827 ; loss: 0.000
2018-03-12 10:22:19,181:INFO: - Found new best accuracy
2018-03-12 10:22:19,182:INFO: Epoch 16/30
2018-03-12 10:22:42,808:INFO: - Train metrics: accuracy: 0.855 ; loss: 1.507
2018-03-12 10:22:44,323:INFO: - Eval metrics : accuracy: 0.833 ; loss: 0.000
2018-03-12 10:22:44,323:INFO: - Found new best accuracy
2018-03-12 10:22:44,324:INFO: Epoch 17/30
2018-03-12 10:23:08,134:INFO: - Train metrics: accuracy: 0.850 ; loss: 1.476
2018-03-12 10:23:09,654:INFO: - Eval metrics : accuracy: 0.829 ; loss: 0.000
2018-03-12 10:23:09,655:INFO: Epoch 18/30
2018-03-12 10:23:33,337:INFO: - Train metrics: accuracy: 0.842 ; loss: 1.473
2018-03-12 10:23:34,834:INFO: - Eval metrics : accuracy: 0.827 ; loss: 0.000
2018-03-12 10:23:34,835:INFO: Epoch 19/30
2018-03-12 10:23:58,577:INFO: - Train metrics: accuracy: 0.838 ; loss: 1.476
2018-03-12 10:24:00,068:INFO: - Eval metrics : accuracy: 0.835 ; loss: 0.000
2018-03-12 10:24:00,069:INFO: - Found new best accuracy
2018-03-12 10:24:00,069:INFO: Epoch 20/30
2018-03-12 10:24:23,871:INFO: - Train metrics: accuracy: 0.846 ; loss: 1.519
2018-03-12 10:24:25,385:INFO: - Eval metrics : accuracy: 0.843 ; loss: 0.000
2018-03-12 10:24:25,385:INFO: - Found new best accuracy
2018-03-12 10:24:25,386:INFO: Epoch 21/30
2018-03-12 10:24:49,053:INFO: - Train metrics: accuracy: 0.848 ; loss: 1.512
2018-03-12 10:24:50,571:INFO: - Eval metrics : accuracy: 0.835 ; loss: 0.000
2018-03-12 10:24:50,572:INFO: Epoch 22/30
2018-03-12 10:25:14,227:INFO: - Train metrics: accuracy: 0.861 ; loss: 1.498
2018-03-12 10:25:15,714:INFO: - Eval metrics : accuracy: 0.828 ; loss: 0.000
2018-03-12 10:25:15,715:INFO: Epoch 23/30
2018-03-12 10:25:39,388:INFO: - Train metrics: accuracy: 0.855 ; loss: 1.506
2018-03-12 10:25:40,892:INFO: - Eval metrics : accuracy: 0.831 ; loss: 0.000
2018-03-12 10:25:40,893:INFO: Epoch 24/30
2018-03-12 10:26:01,726:INFO: - Train metrics: accuracy: 0.859 ; loss: 1.512
2018-03-12 10:26:03,246:INFO: - Eval metrics : accuracy: 0.840 ; loss: 0.000
2018-03-12 10:26:03,247:INFO: Epoch 25/30
2018-03-12 10:26:26,709:INFO: - Train metrics: accuracy: 0.854 ; loss: 1.513
2018-03-12 10:26:28,225:INFO: - Eval metrics : accuracy: 0.832 ; loss: 0.000
2018-03-12 10:26:28,228:INFO: Epoch 26/30
2018-03-12 10:26:51,885:INFO: - Train metrics: accuracy: 0.891 ; loss: 1.503
2018-03-12 10:26:53,367:INFO: - Eval metrics : accuracy: 0.842 ; loss: 0.000
2018-03-12 10:26:53,368:INFO: Epoch 27/30
2018-03-12 10:27:17,095:INFO: - Train metrics: accuracy: 0.861 ; loss: 1.488
2018-03-12 10:27:18,595:INFO: - Eval metrics : accuracy: 0.849 ; loss: 0.000
2018-03-12 10:27:18,596:INFO: - Found new best accuracy
2018-03-12 10:27:18,596:INFO: Epoch 28/30
2018-03-12 10:27:42,193:INFO: - Train metrics: accuracy: 0.877 ; loss: 1.497
2018-03-12 10:27:43,702:INFO: - Eval metrics : accuracy: 0.843 ; loss: 0.000
2018-03-12 10:27:43,703:INFO: Epoch 29/30
2018-03-12 10:28:07,350:INFO: - Train metrics: accuracy: 0.863 ; loss: 1.490
2018-03-12 10:28:08,859:INFO: - Eval metrics : accuracy: 0.845 ; loss: 0.000
2018-03-12 10:28:08,860:INFO: Epoch 30/30
2018-03-12 10:28:32,501:INFO: - Train metrics: accuracy: 0.877 ; loss: 1.539
2018-03-12 10:28:33,999:INFO: - Eval metrics : accuracy: 0.850 ; loss: 0.000
2018-03-12 10:28:33,999:INFO: - Found new best accuracy
