2018-03-12 09:59:50,058:INFO: Loading the datasets...
2018-03-12 09:59:53,579:INFO: - done.
2018-03-12 09:59:57,146:INFO: Experiment: model version: cnn_distill
2018-03-12 09:59:57,146:INFO: Starting training for 30 epoch(s)
2018-03-12 09:59:57,146:INFO: First, loading the teacher model and computing its outputs...
2018-03-12 10:01:40,110:INFO: - Finished computing teacher outputs after 103 secs..
2018-03-12 10:01:40,111:INFO: Epoch 1/30
2018-03-12 10:02:03,788:INFO: - Train metrics: accuracy: 0.449 ; loss: 1.433
2018-03-12 10:02:05,328:INFO: - Eval metrics : accuracy: 0.639 ; loss: 0.000
2018-03-12 10:02:05,329:INFO: - Found new best accuracy
2018-03-12 10:02:05,330:INFO: Epoch 2/30
2018-03-12 10:02:29,087:INFO: - Train metrics: accuracy: 0.617 ; loss: 1.451
2018-03-12 10:02:30,641:INFO: - Eval metrics : accuracy: 0.713 ; loss: 0.000
2018-03-12 10:02:30,641:INFO: - Found new best accuracy
2018-03-12 10:02:30,642:INFO: Epoch 3/30
2018-03-12 10:02:54,338:INFO: - Train metrics: accuracy: 0.680 ; loss: 1.459
2018-03-12 10:02:55,854:INFO: - Eval metrics : accuracy: 0.738 ; loss: 0.000
2018-03-12 10:02:55,855:INFO: - Found new best accuracy
2018-03-12 10:02:55,856:INFO: Epoch 4/30
2018-03-12 10:03:19,655:INFO: - Train metrics: accuracy: 0.736 ; loss: 1.464
2018-03-12 10:03:21,155:INFO: - Eval metrics : accuracy: 0.769 ; loss: 0.000
2018-03-12 10:03:21,155:INFO: - Found new best accuracy
2018-03-12 10:03:21,156:INFO: Epoch 5/30
2018-03-12 10:03:44,795:INFO: - Train metrics: accuracy: 0.744 ; loss: 1.461
2018-03-12 10:03:46,323:INFO: - Eval metrics : accuracy: 0.767 ; loss: 0.000
2018-03-12 10:03:46,324:INFO: Epoch 6/30
2018-03-12 10:04:09,985:INFO: - Train metrics: accuracy: 0.781 ; loss: 1.514
2018-03-12 10:04:11,489:INFO: - Eval metrics : accuracy: 0.782 ; loss: 0.000
2018-03-12 10:04:11,490:INFO: - Found new best accuracy
2018-03-12 10:04:11,491:INFO: Epoch 7/30
2018-03-12 10:04:35,193:INFO: - Train metrics: accuracy: 0.793 ; loss: 1.483
2018-03-12 10:04:36,714:INFO: - Eval metrics : accuracy: 0.793 ; loss: 0.000
2018-03-12 10:04:36,715:INFO: - Found new best accuracy
2018-03-12 10:04:36,716:INFO: Epoch 8/30
2018-03-12 10:05:00,336:INFO: - Train metrics: accuracy: 0.793 ; loss: 1.479
2018-03-12 10:05:01,893:INFO: - Eval metrics : accuracy: 0.809 ; loss: 0.000
2018-03-12 10:05:01,894:INFO: - Found new best accuracy
2018-03-12 10:05:01,894:INFO: Epoch 9/30
2018-03-12 10:05:25,590:INFO: - Train metrics: accuracy: 0.785 ; loss: 1.481
2018-03-12 10:05:27,105:INFO: - Eval metrics : accuracy: 0.796 ; loss: 0.000
2018-03-12 10:05:27,106:INFO: Epoch 10/30
2018-03-12 10:05:50,856:INFO: - Train metrics: accuracy: 0.822 ; loss: 1.502
2018-03-12 10:05:52,410:INFO: - Eval metrics : accuracy: 0.813 ; loss: 0.000
2018-03-12 10:05:52,411:INFO: - Found new best accuracy
2018-03-12 10:05:52,412:INFO: Epoch 11/30
2018-03-12 10:06:16,072:INFO: - Train metrics: accuracy: 0.865 ; loss: 1.519
2018-03-12 10:06:17,576:INFO: - Eval metrics : accuracy: 0.822 ; loss: 0.000
2018-03-12 10:06:17,577:INFO: - Found new best accuracy
2018-03-12 10:06:17,578:INFO: Epoch 12/30
2018-03-12 10:06:41,238:INFO: - Train metrics: accuracy: 0.826 ; loss: 1.490
2018-03-12 10:06:42,739:INFO: - Eval metrics : accuracy: 0.821 ; loss: 0.000
2018-03-12 10:06:42,740:INFO: Epoch 13/30
2018-03-12 10:07:05,875:INFO: - Train metrics: accuracy: 0.854 ; loss: 1.503
2018-03-12 10:07:07,369:INFO: - Eval metrics : accuracy: 0.815 ; loss: 0.000
2018-03-12 10:07:07,370:INFO: Epoch 14/30
2018-03-12 10:07:28,885:INFO: - Train metrics: accuracy: 0.867 ; loss: 1.484
2018-03-12 10:07:30,382:INFO: - Eval metrics : accuracy: 0.832 ; loss: 0.000
2018-03-12 10:07:30,382:INFO: - Found new best accuracy
2018-03-12 10:07:30,383:INFO: Epoch 15/30
2018-03-12 10:07:54,127:INFO: - Train metrics: accuracy: 0.832 ; loss: 1.478
2018-03-12 10:07:55,620:INFO: - Eval metrics : accuracy: 0.826 ; loss: 0.000
2018-03-12 10:07:55,621:INFO: Epoch 16/30
2018-03-12 10:08:19,332:INFO: - Train metrics: accuracy: 0.832 ; loss: 1.505
2018-03-12 10:08:20,807:INFO: - Eval metrics : accuracy: 0.835 ; loss: 0.000
2018-03-12 10:08:20,808:INFO: - Found new best accuracy
2018-03-12 10:08:20,809:INFO: Epoch 17/30
2018-03-12 10:08:44,524:INFO: - Train metrics: accuracy: 0.855 ; loss: 1.485
2018-03-12 10:08:46,007:INFO: - Eval metrics : accuracy: 0.837 ; loss: 0.000
2018-03-12 10:08:46,008:INFO: - Found new best accuracy
2018-03-12 10:08:46,008:INFO: Epoch 18/30
2018-03-12 10:09:09,736:INFO: - Train metrics: accuracy: 0.838 ; loss: 1.472
2018-03-12 10:09:11,255:INFO: - Eval metrics : accuracy: 0.836 ; loss: 0.000
2018-03-12 10:09:11,256:INFO: Epoch 19/30
2018-03-12 10:09:34,945:INFO: - Train metrics: accuracy: 0.854 ; loss: 1.470
2018-03-12 10:09:36,445:INFO: - Eval metrics : accuracy: 0.833 ; loss: 0.000
2018-03-12 10:09:36,446:INFO: Epoch 20/30
2018-03-12 10:10:00,140:INFO: - Train metrics: accuracy: 0.857 ; loss: 1.509
2018-03-12 10:10:01,687:INFO: - Eval metrics : accuracy: 0.843 ; loss: 0.000
2018-03-12 10:10:01,687:INFO: - Found new best accuracy
2018-03-12 10:10:01,688:INFO: Epoch 21/30
2018-03-12 10:10:25,363:INFO: - Train metrics: accuracy: 0.840 ; loss: 1.515
2018-03-12 10:10:26,833:INFO: - Eval metrics : accuracy: 0.840 ; loss: 0.000
2018-03-12 10:10:26,834:INFO: Epoch 22/30
2018-03-12 10:10:50,617:INFO: - Train metrics: accuracy: 0.885 ; loss: 1.509
2018-03-12 10:10:52,118:INFO: - Eval metrics : accuracy: 0.834 ; loss: 0.000
2018-03-12 10:10:52,119:INFO: Epoch 23/30
2018-03-12 10:11:15,813:INFO: - Train metrics: accuracy: 0.852 ; loss: 1.493
2018-03-12 10:11:17,343:INFO: - Eval metrics : accuracy: 0.845 ; loss: 0.000
2018-03-12 10:11:17,344:INFO: - Found new best accuracy
2018-03-12 10:11:17,344:INFO: Epoch 24/30
2018-03-12 10:11:41,054:INFO: - Train metrics: accuracy: 0.881 ; loss: 1.512
2018-03-12 10:11:42,568:INFO: - Eval metrics : accuracy: 0.844 ; loss: 0.000
2018-03-12 10:11:42,569:INFO: Epoch 25/30
2018-03-12 10:12:06,210:INFO: - Train metrics: accuracy: 0.891 ; loss: 1.493
2018-03-12 10:12:07,723:INFO: - Eval metrics : accuracy: 0.843 ; loss: 0.000
2018-03-12 10:12:07,724:INFO: Epoch 26/30
2018-03-12 10:12:31,571:INFO: - Train metrics: accuracy: 0.871 ; loss: 1.483
2018-03-12 10:12:33,094:INFO: - Eval metrics : accuracy: 0.850 ; loss: 0.000
2018-03-12 10:12:33,095:INFO: - Found new best accuracy
2018-03-12 10:12:33,095:INFO: Epoch 27/30
2018-03-12 10:12:56,722:INFO: - Train metrics: accuracy: 0.896 ; loss: 1.500
2018-03-12 10:12:58,212:INFO: - Eval metrics : accuracy: 0.839 ; loss: 0.000
2018-03-12 10:12:58,213:INFO: Epoch 28/30
2018-03-12 10:13:20,867:INFO: - Train metrics: accuracy: 0.877 ; loss: 1.487
2018-03-12 10:13:22,373:INFO: - Eval metrics : accuracy: 0.846 ; loss: 0.000
2018-03-12 10:13:22,374:INFO: Epoch 29/30
2018-03-12 10:13:44,258:INFO: - Train metrics: accuracy: 0.885 ; loss: 1.496
2018-03-12 10:13:45,776:INFO: - Eval metrics : accuracy: 0.845 ; loss: 0.000
2018-03-12 10:13:45,777:INFO: Epoch 30/30
2018-03-12 10:14:09,462:INFO: - Train metrics: accuracy: 0.877 ; loss: 1.527
2018-03-12 10:14:10,970:INFO: - Eval metrics : accuracy: 0.845 ; loss: 0.000
