2018-03-11 07:04:02,058:INFO: Loading the datasets...
2018-03-11 07:04:05,619:INFO: - done.
2018-03-11 07:04:08,171:INFO: Starting training for 50 epoch(s)
2018-03-11 07:04:08,171:INFO: First, loading the teacher model and computing its outputs...
2018-03-11 07:04:11,610:INFO: - Finished computing teacher outputs after 4 secs..
2018-03-11 07:04:11,610:INFO: Epoch 1/50
2018-03-11 07:04:12,232:INFO: - Train metrics: accuracy: 0.117 ; loss: 2.319
2018-03-11 07:04:13,080:INFO: - Eval metrics : accuracy: 0.145 ; loss: 0.000
2018-03-11 07:04:13,098:INFO: - Found new best accuracy
2018-03-11 07:04:13,099:INFO: Epoch 2/50
2018-03-11 07:04:13,696:INFO: - Train metrics: accuracy: 0.250 ; loss: 1.927
2018-03-11 07:04:14,538:INFO: - Eval metrics : accuracy: 0.323 ; loss: 0.000
2018-03-11 07:04:14,567:INFO: - Found new best accuracy
2018-03-11 07:04:14,568:INFO: Epoch 3/50
2018-03-11 07:04:15,133:INFO: - Train metrics: accuracy: 0.383 ; loss: 1.688
2018-03-11 07:04:15,986:INFO: - Eval metrics : accuracy: 0.448 ; loss: 0.000
2018-03-11 07:04:16,019:INFO: - Found new best accuracy
2018-03-11 07:04:16,020:INFO: Epoch 4/50
2018-03-11 07:04:16,604:INFO: - Train metrics: accuracy: 0.445 ; loss: 1.550
2018-03-11 07:04:17,446:INFO: - Eval metrics : accuracy: 0.478 ; loss: 0.000
2018-03-11 07:04:17,473:INFO: - Found new best accuracy
2018-03-11 07:04:17,473:INFO: Epoch 5/50
2018-03-11 07:04:18,049:INFO: - Train metrics: accuracy: 0.523 ; loss: 1.333
2018-03-11 07:04:18,914:INFO: - Eval metrics : accuracy: 0.487 ; loss: 0.000
2018-03-11 07:04:18,945:INFO: - Found new best accuracy
2018-03-11 07:04:18,946:INFO: Epoch 6/50
2018-03-11 07:04:19,524:INFO: - Train metrics: accuracy: 0.547 ; loss: 1.356
2018-03-11 07:04:20,372:INFO: - Eval metrics : accuracy: 0.555 ; loss: 0.000
2018-03-11 07:04:20,400:INFO: - Found new best accuracy
2018-03-11 07:04:20,400:INFO: Epoch 7/50
2018-03-11 07:04:20,977:INFO: - Train metrics: accuracy: 0.578 ; loss: 1.297
2018-03-11 07:04:21,812:INFO: - Eval metrics : accuracy: 0.509 ; loss: 0.000
2018-03-11 07:04:21,827:INFO: Epoch 8/50
2018-03-11 07:04:22,403:INFO: - Train metrics: accuracy: 0.570 ; loss: 1.265
2018-03-11 07:04:23,249:INFO: - Eval metrics : accuracy: 0.486 ; loss: 0.000
2018-03-11 07:04:23,265:INFO: Epoch 9/50
2018-03-11 07:04:23,859:INFO: - Train metrics: accuracy: 0.633 ; loss: 1.074
2018-03-11 07:04:24,701:INFO: - Eval metrics : accuracy: 0.552 ; loss: 0.000
2018-03-11 07:04:24,719:INFO: Epoch 10/50
2018-03-11 07:04:25,308:INFO: - Train metrics: accuracy: 0.672 ; loss: 0.995
2018-03-11 07:04:26,162:INFO: - Eval metrics : accuracy: 0.583 ; loss: 0.000
2018-03-11 07:04:26,210:INFO: - Found new best accuracy
2018-03-11 07:04:26,211:INFO: Epoch 11/50
2018-03-11 07:04:26,798:INFO: - Train metrics: accuracy: 0.617 ; loss: 1.071
2018-03-11 07:04:27,642:INFO: - Eval metrics : accuracy: 0.599 ; loss: 0.000
2018-03-11 07:04:27,680:INFO: - Found new best accuracy
2018-03-11 07:04:27,681:INFO: Epoch 12/50
2018-03-11 07:04:28,270:INFO: - Train metrics: accuracy: 0.594 ; loss: 1.078
2018-03-11 07:04:29,149:INFO: - Eval metrics : accuracy: 0.587 ; loss: 0.000
2018-03-11 07:04:29,166:INFO: Epoch 13/50
2018-03-11 07:04:29,764:INFO: - Train metrics: accuracy: 0.672 ; loss: 0.897
2018-03-11 07:04:30,614:INFO: - Eval metrics : accuracy: 0.570 ; loss: 0.000
2018-03-11 07:04:30,629:INFO: Epoch 14/50
2018-03-11 07:04:31,218:INFO: - Train metrics: accuracy: 0.625 ; loss: 0.969
2018-03-11 07:04:32,072:INFO: - Eval metrics : accuracy: 0.597 ; loss: 0.000
2018-03-11 07:04:32,103:INFO: Epoch 15/50
2018-03-11 07:04:32,668:INFO: - Train metrics: accuracy: 0.750 ; loss: 0.812
2018-03-11 07:04:33,523:INFO: - Eval metrics : accuracy: 0.614 ; loss: 0.000
2018-03-11 07:04:33,552:INFO: - Found new best accuracy
2018-03-11 07:04:33,553:INFO: Epoch 16/50
2018-03-11 07:04:34,144:INFO: - Train metrics: accuracy: 0.672 ; loss: 0.949
2018-03-11 07:04:34,995:INFO: - Eval metrics : accuracy: 0.623 ; loss: 0.000
2018-03-11 07:04:35,023:INFO: - Found new best accuracy
2018-03-11 07:04:35,024:INFO: Epoch 17/50
2018-03-11 07:04:35,615:INFO: - Train metrics: accuracy: 0.680 ; loss: 0.886
2018-03-11 07:04:36,449:INFO: - Eval metrics : accuracy: 0.615 ; loss: 0.000
2018-03-11 07:04:36,464:INFO: Epoch 18/50
2018-03-11 07:04:37,060:INFO: - Train metrics: accuracy: 0.750 ; loss: 0.799
2018-03-11 07:04:37,899:INFO: - Eval metrics : accuracy: 0.627 ; loss: 0.000
2018-03-11 07:04:37,928:INFO: - Found new best accuracy
2018-03-11 07:04:37,930:INFO: Epoch 19/50
2018-03-11 07:04:38,503:INFO: - Train metrics: accuracy: 0.773 ; loss: 0.709
2018-03-11 07:04:39,358:INFO: - Eval metrics : accuracy: 0.638 ; loss: 0.000
2018-03-11 07:04:39,394:INFO: - Found new best accuracy
2018-03-11 07:04:39,394:INFO: Epoch 20/50
2018-03-11 07:04:39,975:INFO: - Train metrics: accuracy: 0.789 ; loss: 0.678
2018-03-11 07:04:40,826:INFO: - Eval metrics : accuracy: 0.635 ; loss: 0.000
2018-03-11 07:04:40,843:INFO: Epoch 21/50
2018-03-11 07:04:41,401:INFO: - Train metrics: accuracy: 0.828 ; loss: 0.619
2018-03-11 07:04:42,260:INFO: - Eval metrics : accuracy: 0.618 ; loss: 0.000
2018-03-11 07:04:42,274:INFO: Epoch 22/50
2018-03-11 07:04:42,837:INFO: - Train metrics: accuracy: 0.781 ; loss: 0.639
2018-03-11 07:04:43,668:INFO: - Eval metrics : accuracy: 0.629 ; loss: 0.000
2018-03-11 07:04:43,683:INFO: Epoch 23/50
2018-03-11 07:04:44,265:INFO: - Train metrics: accuracy: 0.781 ; loss: 0.674
2018-03-11 07:04:45,113:INFO: - Eval metrics : accuracy: 0.612 ; loss: 0.000
2018-03-11 07:04:45,131:INFO: Epoch 24/50
2018-03-11 07:04:45,703:INFO: - Train metrics: accuracy: 0.836 ; loss: 0.570
2018-03-11 07:04:46,544:INFO: - Eval metrics : accuracy: 0.620 ; loss: 0.000
2018-03-11 07:04:46,559:INFO: Epoch 25/50
2018-03-11 07:04:47,147:INFO: - Train metrics: accuracy: 0.820 ; loss: 0.504
2018-03-11 07:04:47,996:INFO: - Eval metrics : accuracy: 0.640 ; loss: 0.000
2018-03-11 07:04:48,024:INFO: - Found new best accuracy
2018-03-11 07:04:48,025:INFO: Epoch 26/50
2018-03-11 07:04:48,623:INFO: - Train metrics: accuracy: 0.812 ; loss: 0.560
2018-03-11 07:04:49,467:INFO: - Eval metrics : accuracy: 0.640 ; loss: 0.000
2018-03-11 07:04:49,503:INFO: - Found new best accuracy
2018-03-11 07:04:49,503:INFO: Epoch 27/50
2018-03-11 07:04:50,082:INFO: - Train metrics: accuracy: 0.812 ; loss: 0.617
2018-03-11 07:04:50,947:INFO: - Eval metrics : accuracy: 0.635 ; loss: 0.000
2018-03-11 07:04:50,963:INFO: Epoch 28/50
2018-03-11 07:04:51,563:INFO: - Train metrics: accuracy: 0.836 ; loss: 0.581
2018-03-11 07:04:52,402:INFO: - Eval metrics : accuracy: 0.626 ; loss: 0.000
2018-03-11 07:04:52,417:INFO: Epoch 29/50
2018-03-11 07:04:53,002:INFO: - Train metrics: accuracy: 0.844 ; loss: 0.537
2018-03-11 07:04:53,845:INFO: - Eval metrics : accuracy: 0.616 ; loss: 0.000
2018-03-11 07:04:53,863:INFO: Epoch 30/50
2018-03-11 07:04:54,457:INFO: - Train metrics: accuracy: 0.805 ; loss: 0.504
2018-03-11 07:04:55,299:INFO: - Eval metrics : accuracy: 0.634 ; loss: 0.000
2018-03-11 07:04:55,312:INFO: Epoch 31/50
2018-03-11 07:04:55,881:INFO: - Train metrics: accuracy: 0.883 ; loss: 0.405
2018-03-11 07:04:56,743:INFO: - Eval metrics : accuracy: 0.634 ; loss: 0.000
2018-03-11 07:04:56,759:INFO: Epoch 32/50
2018-03-11 07:04:57,349:INFO: - Train metrics: accuracy: 0.852 ; loss: 0.446
2018-03-11 07:04:58,211:INFO: - Eval metrics : accuracy: 0.628 ; loss: 0.000
2018-03-11 07:04:58,235:INFO: Epoch 33/50
2018-03-11 07:04:58,818:INFO: - Train metrics: accuracy: 0.891 ; loss: 0.391
2018-03-11 07:04:59,656:INFO: - Eval metrics : accuracy: 0.632 ; loss: 0.000
2018-03-11 07:04:59,673:INFO: Epoch 34/50
2018-03-11 07:05:00,264:INFO: - Train metrics: accuracy: 0.906 ; loss: 0.370
2018-03-11 07:05:01,143:INFO: - Eval metrics : accuracy: 0.628 ; loss: 0.000
2018-03-11 07:05:01,170:INFO: Epoch 35/50
2018-03-11 07:05:01,747:INFO: - Train metrics: accuracy: 0.805 ; loss: 0.628
2018-03-11 07:05:02,609:INFO: - Eval metrics : accuracy: 0.661 ; loss: 0.000
2018-03-11 07:05:02,638:INFO: - Found new best accuracy
2018-03-11 07:05:02,639:INFO: Epoch 36/50
2018-03-11 07:05:03,222:INFO: - Train metrics: accuracy: 0.820 ; loss: 0.504
2018-03-11 07:05:04,080:INFO: - Eval metrics : accuracy: 0.648 ; loss: 0.000
2018-03-11 07:05:04,107:INFO: Epoch 37/50
2018-03-11 07:05:04,685:INFO: - Train metrics: accuracy: 0.852 ; loss: 0.439
2018-03-11 07:05:05,541:INFO: - Eval metrics : accuracy: 0.635 ; loss: 0.000
2018-03-11 07:05:05,564:INFO: Epoch 38/50
2018-03-11 07:05:06,157:INFO: - Train metrics: accuracy: 0.820 ; loss: 0.465
2018-03-11 07:05:07,006:INFO: - Eval metrics : accuracy: 0.649 ; loss: 0.000
2018-03-11 07:05:07,031:INFO: Epoch 39/50
2018-03-11 07:05:07,622:INFO: - Train metrics: accuracy: 0.906 ; loss: 0.398
2018-03-11 07:05:08,453:INFO: - Eval metrics : accuracy: 0.640 ; loss: 0.000
2018-03-11 07:05:08,475:INFO: Epoch 40/50
2018-03-11 07:05:09,066:INFO: - Train metrics: accuracy: 0.930 ; loss: 0.298
2018-03-11 07:05:09,911:INFO: - Eval metrics : accuracy: 0.646 ; loss: 0.000
2018-03-11 07:05:09,935:INFO: Epoch 41/50
2018-03-11 07:05:10,514:INFO: - Train metrics: accuracy: 0.930 ; loss: 0.301
2018-03-11 07:05:11,352:INFO: - Eval metrics : accuracy: 0.655 ; loss: 0.000
2018-03-11 07:05:11,367:INFO: Epoch 42/50
2018-03-11 07:05:11,952:INFO: - Train metrics: accuracy: 0.914 ; loss: 0.287
2018-03-11 07:05:12,795:INFO: - Eval metrics : accuracy: 0.630 ; loss: 0.000
2018-03-11 07:05:12,811:INFO: Epoch 43/50
2018-03-11 07:05:13,406:INFO: - Train metrics: accuracy: 0.844 ; loss: 0.435
2018-03-11 07:05:14,267:INFO: - Eval metrics : accuracy: 0.643 ; loss: 0.000
2018-03-11 07:05:14,283:INFO: Epoch 44/50
2018-03-11 07:05:14,869:INFO: - Train metrics: accuracy: 0.883 ; loss: 0.373
2018-03-11 07:05:15,738:INFO: - Eval metrics : accuracy: 0.649 ; loss: 0.000
2018-03-11 07:05:15,755:INFO: Epoch 45/50
2018-03-11 07:05:16,325:INFO: - Train metrics: accuracy: 0.922 ; loss: 0.311
2018-03-11 07:05:17,176:INFO: - Eval metrics : accuracy: 0.646 ; loss: 0.000
2018-03-11 07:05:17,191:INFO: Epoch 46/50
2018-03-11 07:05:17,761:INFO: - Train metrics: accuracy: 0.914 ; loss: 0.267
2018-03-11 07:05:18,613:INFO: - Eval metrics : accuracy: 0.647 ; loss: 0.000
2018-03-11 07:05:18,635:INFO: Epoch 47/50
2018-03-11 07:05:19,216:INFO: - Train metrics: accuracy: 0.883 ; loss: 0.372
2018-03-11 07:05:20,076:INFO: - Eval metrics : accuracy: 0.629 ; loss: 0.000
2018-03-11 07:05:20,090:INFO: Epoch 48/50
2018-03-11 07:05:20,668:INFO: - Train metrics: accuracy: 0.859 ; loss: 0.410
2018-03-11 07:05:21,500:INFO: - Eval metrics : accuracy: 0.614 ; loss: 0.000
2018-03-11 07:05:21,515:INFO: Epoch 49/50
2018-03-11 07:05:22,103:INFO: - Train metrics: accuracy: 0.930 ; loss: 0.263
2018-03-11 07:05:22,947:INFO: - Eval metrics : accuracy: 0.632 ; loss: 0.000
2018-03-11 07:05:22,963:INFO: Epoch 50/50
2018-03-11 07:05:23,524:INFO: - Train metrics: accuracy: 0.906 ; loss: 0.345
2018-03-11 07:05:24,366:INFO: - Eval metrics : accuracy: 0.641 ; loss: 0.000
