2018-03-14 17:32:07,325:INFO: Loading the datasets...
2018-03-14 17:32:11,284:INFO: - done.
2018-03-14 17:32:14,484:INFO: Starting training for 30 epoch(s)
2018-03-14 17:32:14,485:INFO: Epoch 1/30
2018-03-14 17:32:29,077:INFO: - Train metrics: accuracy: 0.508 ; loss: 1.353
2018-03-14 17:32:30,668:INFO: - Eval metrics : accuracy: 0.657 ; loss: 0.960
2018-03-14 17:32:30,687:INFO: - Found new best accuracy
2018-03-14 17:32:30,688:INFO: Epoch 2/30
2018-03-14 17:32:41,790:INFO: - Train metrics: accuracy: 0.680 ; loss: 0.859
2018-03-14 17:32:42,873:INFO: - Eval metrics : accuracy: 0.720 ; loss: 0.807
2018-03-14 17:32:42,911:INFO: - Found new best accuracy
2018-03-14 17:32:42,911:INFO: Epoch 3/30
2018-03-14 17:32:51,948:INFO: - Train metrics: accuracy: 0.781 ; loss: 0.657
2018-03-14 17:32:53,433:INFO: - Eval metrics : accuracy: 0.733 ; loss: 0.781
2018-03-14 17:32:53,462:INFO: - Found new best accuracy
2018-03-14 17:32:53,463:INFO: Epoch 4/30
2018-03-14 17:33:11,688:INFO: - Train metrics: accuracy: 0.828 ; loss: 0.504
2018-03-14 17:33:13,160:INFO: - Eval metrics : accuracy: 0.761 ; loss: 0.679
2018-03-14 17:33:13,188:INFO: - Found new best accuracy
2018-03-14 17:33:13,189:INFO: Epoch 5/30
2018-03-14 17:33:31,335:INFO: - Train metrics: accuracy: 0.834 ; loss: 0.442
2018-03-14 17:33:32,768:INFO: - Eval metrics : accuracy: 0.772 ; loss: 0.686
2018-03-14 17:33:32,798:INFO: - Found new best accuracy
2018-03-14 17:33:32,799:INFO: Epoch 6/30
2018-03-14 17:33:50,878:INFO: - Train metrics: accuracy: 0.879 ; loss: 0.344
2018-03-14 17:33:52,374:INFO: - Eval metrics : accuracy: 0.761 ; loss: 0.737
2018-03-14 17:33:52,390:INFO: Epoch 7/30
2018-03-14 17:34:10,988:INFO: - Train metrics: accuracy: 0.906 ; loss: 0.246
2018-03-14 17:34:12,296:INFO: - Eval metrics : accuracy: 0.772 ; loss: 0.760
2018-03-14 17:34:12,316:INFO: Epoch 8/30
2018-03-14 17:34:26,270:INFO: - Train metrics: accuracy: 0.951 ; loss: 0.189
2018-03-14 17:34:27,725:INFO: - Eval metrics : accuracy: 0.771 ; loss: 0.798
2018-03-14 17:34:27,757:INFO: Epoch 9/30
2018-03-14 17:34:41,629:INFO: - Train metrics: accuracy: 0.941 ; loss: 0.159
2018-03-14 17:34:43,244:INFO: - Eval metrics : accuracy: 0.766 ; loss: 0.853
2018-03-14 17:34:43,267:INFO: Epoch 10/30
2018-03-14 17:34:57,087:INFO: - Train metrics: accuracy: 0.965 ; loss: 0.090
2018-03-14 17:34:58,728:INFO: - Eval metrics : accuracy: 0.762 ; loss: 0.902
2018-03-14 17:34:58,745:INFO: Epoch 11/30
2018-03-14 17:35:12,457:INFO: - Train metrics: accuracy: 0.967 ; loss: 0.100
2018-03-14 17:35:13,920:INFO: - Eval metrics : accuracy: 0.764 ; loss: 0.947
2018-03-14 17:35:13,953:INFO: Epoch 12/30
2018-03-14 17:35:27,617:INFO: - Train metrics: accuracy: 0.977 ; loss: 0.063
2018-03-14 17:35:29,111:INFO: - Eval metrics : accuracy: 0.762 ; loss: 0.976
2018-03-14 17:35:29,137:INFO: Epoch 13/30
2018-03-14 17:35:42,574:INFO: - Train metrics: accuracy: 0.979 ; loss: 0.075
2018-03-14 17:35:44,140:INFO: - Eval metrics : accuracy: 0.766 ; loss: 1.002
2018-03-14 17:35:44,156:INFO: Epoch 14/30
2018-03-14 17:35:58,016:INFO: - Train metrics: accuracy: 0.982 ; loss: 0.051
2018-03-14 17:35:59,589:INFO: - Eval metrics : accuracy: 0.762 ; loss: 1.065
2018-03-14 17:35:59,606:INFO: Epoch 15/30
2018-03-14 17:36:13,434:INFO: - Train metrics: accuracy: 0.984 ; loss: 0.058
2018-03-14 17:36:14,765:INFO: - Eval metrics : accuracy: 0.769 ; loss: 1.072
2018-03-14 17:36:14,782:INFO: Epoch 16/30
2018-03-14 17:36:28,793:INFO: - Train metrics: accuracy: 0.986 ; loss: 0.050
2018-03-14 17:36:30,313:INFO: - Eval metrics : accuracy: 0.768 ; loss: 1.082
2018-03-14 17:36:30,337:INFO: Epoch 17/30
2018-03-14 17:36:44,086:INFO: - Train metrics: accuracy: 0.982 ; loss: 0.053
2018-03-14 17:36:45,564:INFO: - Eval metrics : accuracy: 0.769 ; loss: 1.091
2018-03-14 17:36:45,588:INFO: Epoch 18/30
2018-03-14 17:36:59,320:INFO: - Train metrics: accuracy: 0.994 ; loss: 0.029
2018-03-14 17:37:01,123:INFO: - Eval metrics : accuracy: 0.762 ; loss: 1.166
2018-03-14 17:37:01,140:INFO: Epoch 19/30
2018-03-14 17:37:14,778:INFO: - Train metrics: accuracy: 0.977 ; loss: 0.066
2018-03-14 17:37:16,277:INFO: - Eval metrics : accuracy: 0.764 ; loss: 1.153
2018-03-14 17:37:16,304:INFO: Epoch 20/30
2018-03-14 17:37:29,809:INFO: - Train metrics: accuracy: 0.984 ; loss: 0.046
2018-03-14 17:37:31,253:INFO: - Eval metrics : accuracy: 0.761 ; loss: 1.171
2018-03-14 17:37:31,282:INFO: Epoch 21/30
2018-03-14 17:37:45,146:INFO: - Train metrics: accuracy: 0.986 ; loss: 0.037
2018-03-14 17:37:46,760:INFO: - Eval metrics : accuracy: 0.766 ; loss: 1.188
2018-03-14 17:37:46,776:INFO: Epoch 22/30
2018-03-14 17:38:00,259:INFO: - Train metrics: accuracy: 0.984 ; loss: 0.031
2018-03-14 17:38:01,532:INFO: - Eval metrics : accuracy: 0.763 ; loss: 1.245
2018-03-14 17:38:01,570:INFO: Epoch 23/30
2018-03-14 17:38:15,457:INFO: - Train metrics: accuracy: 0.984 ; loss: 0.039
2018-03-14 17:38:17,024:INFO: - Eval metrics : accuracy: 0.765 ; loss: 1.236
2018-03-14 17:38:17,045:INFO: Epoch 24/30
2018-03-14 17:38:30,924:INFO: - Train metrics: accuracy: 0.990 ; loss: 0.037
2018-03-14 17:38:32,350:INFO: - Eval metrics : accuracy: 0.767 ; loss: 1.266
2018-03-14 17:38:32,369:INFO: Epoch 25/30
2018-03-14 17:38:46,229:INFO: - Train metrics: accuracy: 0.986 ; loss: 0.033
2018-03-14 17:38:47,747:INFO: - Eval metrics : accuracy: 0.772 ; loss: 1.230
2018-03-14 17:38:47,764:INFO: Epoch 26/30
2018-03-14 17:39:01,365:INFO: - Train metrics: accuracy: 0.992 ; loss: 0.019
2018-03-14 17:39:02,957:INFO: - Eval metrics : accuracy: 0.769 ; loss: 1.277
2018-03-14 17:39:02,976:INFO: Epoch 27/30
2018-03-14 17:39:16,479:INFO: - Train metrics: accuracy: 0.996 ; loss: 0.019
2018-03-14 17:39:17,902:INFO: - Eval metrics : accuracy: 0.750 ; loss: 1.481
2018-03-14 17:39:17,934:INFO: Epoch 28/30
2018-03-14 17:39:31,513:INFO: - Train metrics: accuracy: 0.986 ; loss: 0.036
2018-03-14 17:39:33,007:INFO: - Eval metrics : accuracy: 0.771 ; loss: 1.278
2018-03-14 17:39:33,042:INFO: Epoch 29/30
2018-03-14 17:39:46,572:INFO: - Train metrics: accuracy: 0.984 ; loss: 0.037
2018-03-14 17:39:48,056:INFO: - Eval metrics : accuracy: 0.768 ; loss: 1.295
2018-03-14 17:39:48,073:INFO: Epoch 30/30
2018-03-14 17:40:01,936:INFO: - Train metrics: accuracy: 0.992 ; loss: 0.022
2018-03-14 17:40:03,283:INFO: - Eval metrics : accuracy: 0.767 ; loss: 1.296
