2018-03-12 16:30:13,729:INFO: Loading the datasets...
2018-03-12 16:30:17,281:INFO: - done.
2018-03-12 16:30:20,874:INFO: Experiment: model version: cnn_distill
2018-03-12 16:30:20,874:INFO: Starting training for 30 epoch(s)
2018-03-12 16:30:20,874:INFO: First, loading the teacher model and computing its outputs...
2018-03-12 16:32:05,532:INFO: - Finished computing teacher outputs after 105 secs..
2018-03-12 16:32:05,533:INFO: Epoch 1/30
2018-03-12 16:32:29,285:INFO: - Train metrics: accuracy: 0.447 ; loss: 1.482
2018-03-12 16:32:30,845:INFO: - Eval metrics : accuracy: 0.648 ; loss: 0.000
2018-03-12 16:32:30,846:INFO: - Found new best accuracy
2018-03-12 16:32:30,846:INFO: Epoch 2/30
2018-03-12 16:32:54,549:INFO: - Train metrics: accuracy: 0.625 ; loss: 1.073
2018-03-12 16:32:56,068:INFO: - Eval metrics : accuracy: 0.707 ; loss: 0.000
2018-03-12 16:32:56,069:INFO: - Found new best accuracy
2018-03-12 16:32:56,069:INFO: Epoch 3/30
2018-03-12 16:33:19,854:INFO: - Train metrics: accuracy: 0.680 ; loss: 0.902
2018-03-12 16:33:21,390:INFO: - Eval metrics : accuracy: 0.739 ; loss: 0.000
2018-03-12 16:33:21,403:INFO: - Found new best accuracy
2018-03-12 16:33:21,404:INFO: Epoch 4/30
2018-03-12 16:33:45,272:INFO: - Train metrics: accuracy: 0.758 ; loss: 0.747
2018-03-12 16:33:46,856:INFO: - Eval metrics : accuracy: 0.760 ; loss: 0.000
2018-03-12 16:33:46,856:INFO: - Found new best accuracy
2018-03-12 16:33:46,857:INFO: Epoch 5/30
2018-03-12 16:34:10,652:INFO: - Train metrics: accuracy: 0.766 ; loss: 0.730
2018-03-12 16:34:12,162:INFO: - Eval metrics : accuracy: 0.763 ; loss: 0.000
2018-03-12 16:34:12,163:INFO: - Found new best accuracy
2018-03-12 16:34:12,164:INFO: Epoch 6/30
2018-03-12 16:34:35,972:INFO: - Train metrics: accuracy: 0.760 ; loss: 0.718
2018-03-12 16:34:37,517:INFO: - Eval metrics : accuracy: 0.778 ; loss: 0.000
2018-03-12 16:34:37,518:INFO: - Found new best accuracy
2018-03-12 16:34:37,518:INFO: Epoch 7/30
2018-03-12 16:35:01,440:INFO: - Train metrics: accuracy: 0.756 ; loss: 0.650
2018-03-12 16:35:03,024:INFO: - Eval metrics : accuracy: 0.793 ; loss: 0.000
2018-03-12 16:35:03,024:INFO: - Found new best accuracy
2018-03-12 16:35:03,025:INFO: Epoch 8/30
2018-03-12 16:35:26,895:INFO: - Train metrics: accuracy: 0.803 ; loss: 0.606
2018-03-12 16:35:28,385:INFO: - Eval metrics : accuracy: 0.795 ; loss: 0.000
2018-03-12 16:35:28,386:INFO: - Found new best accuracy
2018-03-12 16:35:28,387:INFO: Epoch 9/30
2018-03-12 16:35:51,480:INFO: - Train metrics: accuracy: 0.789 ; loss: 0.653
2018-03-12 16:35:52,993:INFO: - Eval metrics : accuracy: 0.797 ; loss: 0.000
2018-03-12 16:35:52,994:INFO: - Found new best accuracy
2018-03-12 16:35:52,994:INFO: Epoch 10/30
2018-03-12 16:36:14,479:INFO: - Train metrics: accuracy: 0.803 ; loss: 0.628
2018-03-12 16:36:16,016:INFO: - Eval metrics : accuracy: 0.808 ; loss: 0.000
2018-03-12 16:36:16,017:INFO: - Found new best accuracy
2018-03-12 16:36:16,017:INFO: Epoch 11/30
2018-03-12 16:36:39,839:INFO: - Train metrics: accuracy: 0.857 ; loss: 0.514
2018-03-12 16:36:41,350:INFO: - Eval metrics : accuracy: 0.813 ; loss: 0.000
2018-03-12 16:36:41,350:INFO: - Found new best accuracy
2018-03-12 16:36:41,351:INFO: Epoch 12/30
2018-03-12 16:37:05,149:INFO: - Train metrics: accuracy: 0.826 ; loss: 0.558
2018-03-12 16:37:06,685:INFO: - Eval metrics : accuracy: 0.812 ; loss: 0.000
2018-03-12 16:37:06,686:INFO: Epoch 13/30
2018-03-12 16:37:30,468:INFO: - Train metrics: accuracy: 0.818 ; loss: 0.570
2018-03-12 16:37:32,009:INFO: - Eval metrics : accuracy: 0.819 ; loss: 0.000
2018-03-12 16:37:32,009:INFO: - Found new best accuracy
2018-03-12 16:37:32,010:INFO: Epoch 14/30
2018-03-12 16:37:55,830:INFO: - Train metrics: accuracy: 0.842 ; loss: 0.498
2018-03-12 16:37:57,354:INFO: - Eval metrics : accuracy: 0.822 ; loss: 0.000
2018-03-12 16:37:57,355:INFO: - Found new best accuracy
2018-03-12 16:37:57,367:INFO: Epoch 15/30
2018-03-12 16:38:21,226:INFO: - Train metrics: accuracy: 0.824 ; loss: 0.506
2018-03-12 16:38:22,798:INFO: - Eval metrics : accuracy: 0.825 ; loss: 0.000
2018-03-12 16:38:22,799:INFO: - Found new best accuracy
2018-03-12 16:38:22,800:INFO: Epoch 16/30
2018-03-12 16:38:46,711:INFO: - Train metrics: accuracy: 0.867 ; loss: 0.454
2018-03-12 16:38:48,254:INFO: - Eval metrics : accuracy: 0.819 ; loss: 0.000
2018-03-12 16:38:48,255:INFO: Epoch 17/30
2018-03-12 16:39:12,066:INFO: - Train metrics: accuracy: 0.852 ; loss: 0.491
2018-03-12 16:39:13,656:INFO: - Eval metrics : accuracy: 0.825 ; loss: 0.000
2018-03-12 16:39:13,657:INFO: Epoch 18/30
2018-03-12 16:39:37,472:INFO: - Train metrics: accuracy: 0.859 ; loss: 0.478
2018-03-12 16:39:39,048:INFO: - Eval metrics : accuracy: 0.826 ; loss: 0.000
2018-03-12 16:39:39,048:INFO: - Found new best accuracy
2018-03-12 16:39:39,049:INFO: Epoch 19/30
2018-03-12 16:40:02,765:INFO: - Train metrics: accuracy: 0.869 ; loss: 0.459
2018-03-12 16:40:04,317:INFO: - Eval metrics : accuracy: 0.835 ; loss: 0.000
2018-03-12 16:40:04,331:INFO: - Found new best accuracy
2018-03-12 16:40:04,332:INFO: Epoch 20/30
2018-03-12 16:40:28,203:INFO: - Train metrics: accuracy: 0.836 ; loss: 0.495
2018-03-12 16:40:29,730:INFO: - Eval metrics : accuracy: 0.836 ; loss: 0.000
2018-03-12 16:40:29,731:INFO: - Found new best accuracy
2018-03-12 16:40:29,732:INFO: Epoch 21/30
2018-03-12 16:40:53,589:INFO: - Train metrics: accuracy: 0.842 ; loss: 0.509
2018-03-12 16:40:55,092:INFO: - Eval metrics : accuracy: 0.834 ; loss: 0.000
2018-03-12 16:40:55,093:INFO: Epoch 22/30
2018-03-12 16:41:18,900:INFO: - Train metrics: accuracy: 0.881 ; loss: 0.408
2018-03-12 16:41:20,423:INFO: - Eval metrics : accuracy: 0.840 ; loss: 0.000
2018-03-12 16:41:20,424:INFO: - Found new best accuracy
2018-03-12 16:41:20,425:INFO: Epoch 23/30
2018-03-12 16:41:44,211:INFO: - Train metrics: accuracy: 0.877 ; loss: 0.442
2018-03-12 16:41:45,771:INFO: - Eval metrics : accuracy: 0.839 ; loss: 0.000
2018-03-12 16:41:45,773:INFO: Epoch 24/30
2018-03-12 16:42:08,590:INFO: - Train metrics: accuracy: 0.859 ; loss: 0.456
2018-03-12 16:42:10,074:INFO: - Eval metrics : accuracy: 0.843 ; loss: 0.000
2018-03-12 16:42:10,074:INFO: - Found new best accuracy
2018-03-12 16:42:10,075:INFO: Epoch 25/30
2018-03-12 16:42:32,381:INFO: - Train metrics: accuracy: 0.873 ; loss: 0.457
2018-03-12 16:42:33,933:INFO: - Eval metrics : accuracy: 0.843 ; loss: 0.000
2018-03-12 16:42:33,933:INFO: - Found new best accuracy
2018-03-12 16:42:33,934:INFO: Epoch 26/30
2018-03-12 16:42:57,803:INFO: - Train metrics: accuracy: 0.885 ; loss: 0.408
2018-03-12 16:42:59,310:INFO: - Eval metrics : accuracy: 0.844 ; loss: 0.000
2018-03-12 16:42:59,311:INFO: - Found new best accuracy
2018-03-12 16:42:59,312:INFO: Epoch 27/30
2018-03-12 16:43:23,198:INFO: - Train metrics: accuracy: 0.877 ; loss: 0.428
2018-03-12 16:43:24,739:INFO: - Eval metrics : accuracy: 0.848 ; loss: 0.000
2018-03-12 16:43:24,740:INFO: - Found new best accuracy
2018-03-12 16:43:24,740:INFO: Epoch 28/30
2018-03-12 16:43:48,495:INFO: - Train metrics: accuracy: 0.869 ; loss: 0.414
2018-03-12 16:43:49,984:INFO: - Eval metrics : accuracy: 0.847 ; loss: 0.000
2018-03-12 16:43:49,985:INFO: Epoch 29/30
2018-03-12 16:44:13,809:INFO: - Train metrics: accuracy: 0.891 ; loss: 0.389
2018-03-12 16:44:15,344:INFO: - Eval metrics : accuracy: 0.847 ; loss: 0.000
2018-03-12 16:44:15,345:INFO: Epoch 30/30
2018-03-12 16:44:39,060:INFO: - Train metrics: accuracy: 0.875 ; loss: 0.415
2018-03-12 16:44:40,578:INFO: - Eval metrics : accuracy: 0.846 ; loss: 0.000
