2018-03-10 14:55:53,264:INFO: Loading the datasets...
2018-03-10 14:55:56,856:INFO: - done.
2018-03-10 14:55:59,395:INFO: Starting training for 30 epoch(s)
2018-03-10 14:55:59,395:INFO: Epoch 1/30
2018-03-10 14:56:57,975:INFO: - Train metrics: accuracy: 0.363 ; loss: 1.272
2018-03-10 14:56:58,843:INFO: - Eval metrics : accuracy: 0.603 ; loss: 0.000
2018-03-10 14:56:58,862:INFO: - Found new best accuracy
2018-03-10 14:56:58,862:INFO: Epoch 2/30
2018-03-10 14:57:56,820:INFO: - Train metrics: accuracy: 0.623 ; loss: 0.908
2018-03-10 14:57:57,692:INFO: - Eval metrics : accuracy: 0.684 ; loss: 0.000
2018-03-10 14:57:57,717:INFO: - Found new best accuracy
2018-03-10 14:57:57,718:INFO: Epoch 3/30
2018-03-10 14:58:55,736:INFO: - Train metrics: accuracy: 0.662 ; loss: 0.833
2018-03-10 14:58:56,629:INFO: - Eval metrics : accuracy: 0.730 ; loss: 0.000
2018-03-10 14:58:56,658:INFO: - Found new best accuracy
2018-03-10 14:58:56,659:INFO: Epoch 4/30
2018-03-10 14:59:54,682:INFO: - Train metrics: accuracy: 0.658 ; loss: 0.778
2018-03-10 14:59:55,543:INFO: - Eval metrics : accuracy: 0.749 ; loss: 0.000
2018-03-10 14:59:55,573:INFO: - Found new best accuracy
2018-03-10 14:59:55,573:INFO: Epoch 5/30
2018-03-10 15:00:53,665:INFO: - Train metrics: accuracy: 0.691 ; loss: 0.718
2018-03-10 15:00:54,510:INFO: - Eval metrics : accuracy: 0.743 ; loss: 0.000
2018-03-10 15:00:54,527:INFO: Epoch 6/30
2018-03-10 15:01:52,558:INFO: - Train metrics: accuracy: 0.682 ; loss: 0.694
2018-03-10 15:01:53,398:INFO: - Eval metrics : accuracy: 0.760 ; loss: 0.000
2018-03-10 15:01:53,425:INFO: - Found new best accuracy
2018-03-10 15:01:53,426:INFO: Epoch 7/30
2018-03-10 15:02:51,641:INFO: - Train metrics: accuracy: 0.742 ; loss: 0.647
2018-03-10 15:02:52,499:INFO: - Eval metrics : accuracy: 0.772 ; loss: 0.000
2018-03-10 15:02:52,528:INFO: - Found new best accuracy
2018-03-10 15:02:52,529:INFO: Epoch 8/30
2018-03-10 15:03:50,486:INFO: - Train metrics: accuracy: 0.750 ; loss: 0.620
2018-03-10 15:03:51,352:INFO: - Eval metrics : accuracy: 0.773 ; loss: 0.000
2018-03-10 15:03:51,387:INFO: - Found new best accuracy
2018-03-10 15:03:51,387:INFO: Epoch 9/30
2018-03-10 15:04:49,413:INFO: - Train metrics: accuracy: 0.756 ; loss: 0.612
2018-03-10 15:04:50,292:INFO: - Eval metrics : accuracy: 0.785 ; loss: 0.000
2018-03-10 15:04:50,319:INFO: - Found new best accuracy
2018-03-10 15:04:50,320:INFO: Epoch 10/30
2018-03-10 15:05:48,506:INFO: - Train metrics: accuracy: 0.766 ; loss: 0.589
2018-03-10 15:05:49,347:INFO: - Eval metrics : accuracy: 0.783 ; loss: 0.000
2018-03-10 15:05:49,367:INFO: Epoch 11/30
2018-03-10 15:06:47,472:INFO: - Train metrics: accuracy: 0.791 ; loss: 0.566
2018-03-10 15:06:48,324:INFO: - Eval metrics : accuracy: 0.792 ; loss: 0.000
2018-03-10 15:06:48,355:INFO: - Found new best accuracy
2018-03-10 15:06:48,355:INFO: Epoch 12/30
2018-03-10 15:07:46,275:INFO: - Train metrics: accuracy: 0.799 ; loss: 0.515
2018-03-10 15:07:47,119:INFO: - Eval metrics : accuracy: 0.798 ; loss: 0.000
2018-03-10 15:07:47,153:INFO: - Found new best accuracy
2018-03-10 15:07:47,153:INFO: Epoch 13/30
2018-03-10 15:08:45,138:INFO: - Train metrics: accuracy: 0.779 ; loss: 0.549
2018-03-10 15:08:45,983:INFO: - Eval metrics : accuracy: 0.797 ; loss: 0.000
2018-03-10 15:08:45,999:INFO: Epoch 14/30
2018-03-10 15:09:44,101:INFO: - Train metrics: accuracy: 0.781 ; loss: 0.524
2018-03-10 15:09:44,973:INFO: - Eval metrics : accuracy: 0.808 ; loss: 0.000
2018-03-10 15:09:45,006:INFO: - Found new best accuracy
2018-03-10 15:09:45,007:INFO: Epoch 15/30
2018-03-10 15:10:42,991:INFO: - Train metrics: accuracy: 0.805 ; loss: 0.514
2018-03-10 15:10:43,890:INFO: - Eval metrics : accuracy: 0.804 ; loss: 0.000
2018-03-10 15:10:43,907:INFO: Epoch 16/30
2018-03-10 15:11:41,916:INFO: - Train metrics: accuracy: 0.789 ; loss: 0.531
2018-03-10 15:11:42,763:INFO: - Eval metrics : accuracy: 0.816 ; loss: 0.000
2018-03-10 15:11:42,791:INFO: - Found new best accuracy
2018-03-10 15:11:42,792:INFO: Epoch 17/30
2018-03-10 15:12:40,856:INFO: - Train metrics: accuracy: 0.805 ; loss: 0.480
2018-03-10 15:12:41,711:INFO: - Eval metrics : accuracy: 0.821 ; loss: 0.000
2018-03-10 15:12:41,739:INFO: - Found new best accuracy
2018-03-10 15:12:41,740:INFO: Epoch 18/30
2018-03-10 15:13:39,753:INFO: - Train metrics: accuracy: 0.820 ; loss: 0.495
2018-03-10 15:13:40,612:INFO: - Eval metrics : accuracy: 0.813 ; loss: 0.000
2018-03-10 15:13:40,628:INFO: Epoch 19/30
2018-03-10 15:14:38,701:INFO: - Train metrics: accuracy: 0.797 ; loss: 0.494
2018-03-10 15:14:39,575:INFO: - Eval metrics : accuracy: 0.813 ; loss: 0.000
2018-03-10 15:14:39,602:INFO: Epoch 20/30
2018-03-10 15:15:37,547:INFO: - Train metrics: accuracy: 0.822 ; loss: 0.477
2018-03-10 15:15:38,417:INFO: - Eval metrics : accuracy: 0.821 ; loss: 0.000
2018-03-10 15:15:38,430:INFO: Epoch 21/30
2018-03-10 15:16:36,489:INFO: - Train metrics: accuracy: 0.803 ; loss: 0.507
2018-03-10 15:16:37,368:INFO: - Eval metrics : accuracy: 0.825 ; loss: 0.000
2018-03-10 15:16:37,397:INFO: - Found new best accuracy
2018-03-10 15:16:37,397:INFO: Epoch 22/30
2018-03-10 15:17:35,553:INFO: - Train metrics: accuracy: 0.822 ; loss: 0.482
2018-03-10 15:17:36,424:INFO: - Eval metrics : accuracy: 0.828 ; loss: 0.000
2018-03-10 15:17:36,460:INFO: - Found new best accuracy
2018-03-10 15:17:36,461:INFO: Epoch 23/30
2018-03-10 15:18:34,418:INFO: - Train metrics: accuracy: 0.838 ; loss: 0.466
2018-03-10 15:18:35,283:INFO: - Eval metrics : accuracy: 0.816 ; loss: 0.000
2018-03-10 15:18:35,299:INFO: Epoch 24/30
2018-03-10 15:19:33,274:INFO: - Train metrics: accuracy: 0.803 ; loss: 0.482
2018-03-10 15:19:34,110:INFO: - Eval metrics : accuracy: 0.830 ; loss: 0.000
2018-03-10 15:19:34,137:INFO: - Found new best accuracy
2018-03-10 15:19:34,139:INFO: Epoch 25/30
2018-03-10 15:20:32,203:INFO: - Train metrics: accuracy: 0.830 ; loss: 0.460
2018-03-10 15:20:33,073:INFO: - Eval metrics : accuracy: 0.826 ; loss: 0.000
2018-03-10 15:20:33,091:INFO: Epoch 26/30
2018-03-10 15:21:31,052:INFO: - Train metrics: accuracy: 0.812 ; loss: 0.468
2018-03-10 15:21:31,908:INFO: - Eval metrics : accuracy: 0.827 ; loss: 0.000
2018-03-10 15:21:31,927:INFO: Epoch 27/30
2018-03-10 15:22:29,893:INFO: - Train metrics: accuracy: 0.836 ; loss: 0.437
2018-03-10 15:22:30,752:INFO: - Eval metrics : accuracy: 0.828 ; loss: 0.000
2018-03-10 15:22:30,768:INFO: Epoch 28/30
2018-03-10 15:23:28,725:INFO: - Train metrics: accuracy: 0.822 ; loss: 0.439
2018-03-10 15:23:29,588:INFO: - Eval metrics : accuracy: 0.823 ; loss: 0.000
2018-03-10 15:23:29,616:INFO: Epoch 29/30
2018-03-10 15:24:27,595:INFO: - Train metrics: accuracy: 0.830 ; loss: 0.461
2018-03-10 15:24:28,459:INFO: - Eval metrics : accuracy: 0.830 ; loss: 0.000
2018-03-10 15:24:28,495:INFO: - Found new best accuracy
2018-03-10 15:24:28,496:INFO: Epoch 30/30
2018-03-10 15:25:26,493:INFO: - Train metrics: accuracy: 0.855 ; loss: 0.428
2018-03-10 15:25:27,372:INFO: - Eval metrics : accuracy: 0.844 ; loss: 0.000
2018-03-10 15:25:27,401:INFO: - Found new best accuracy
