2018-03-12 15:03:32,382:INFO: Loading the datasets...
2018-03-12 15:03:35,907:INFO: - done.
2018-03-12 15:03:39,504:INFO: Experiment: model version: cnn_distill
2018-03-12 15:03:39,504:INFO: Starting training for 30 epoch(s)
2018-03-12 15:03:39,504:INFO: First, loading the teacher model and computing its outputs...
2018-03-12 15:05:24,031:INFO: - Finished computing teacher outputs after 105 secs..
2018-03-12 15:05:24,031:INFO: Epoch 1/30
2018-03-12 15:05:47,818:INFO: - Train metrics: accuracy: 0.451 ; loss: 1.494
2018-03-12 15:05:49,379:INFO: - Eval metrics : accuracy: 0.643 ; loss: 0.000
2018-03-12 15:05:49,379:INFO: - Found new best accuracy
2018-03-12 15:05:49,380:INFO: Epoch 2/30
2018-03-12 15:06:13,183:INFO: - Train metrics: accuracy: 0.609 ; loss: 1.026
2018-03-12 15:06:14,687:INFO: - Eval metrics : accuracy: 0.701 ; loss: 0.000
2018-03-12 15:06:14,688:INFO: - Found new best accuracy
2018-03-12 15:06:14,688:INFO: Epoch 3/30
2018-03-12 15:06:38,434:INFO: - Train metrics: accuracy: 0.701 ; loss: 0.899
2018-03-12 15:06:39,946:INFO: - Eval metrics : accuracy: 0.728 ; loss: 0.000
2018-03-12 15:06:39,947:INFO: - Found new best accuracy
2018-03-12 15:06:39,947:INFO: Epoch 4/30
2018-03-12 15:07:03,845:INFO: - Train metrics: accuracy: 0.746 ; loss: 0.761
2018-03-12 15:07:05,351:INFO: - Eval metrics : accuracy: 0.762 ; loss: 0.000
2018-03-12 15:07:05,351:INFO: - Found new best accuracy
2018-03-12 15:07:05,352:INFO: Epoch 5/30
2018-03-12 15:07:29,119:INFO: - Train metrics: accuracy: 0.730 ; loss: 0.822
2018-03-12 15:07:30,652:INFO: - Eval metrics : accuracy: 0.764 ; loss: 0.000
2018-03-12 15:07:30,653:INFO: - Found new best accuracy
2018-03-12 15:07:30,654:INFO: Epoch 6/30
2018-03-12 15:07:54,231:INFO: - Train metrics: accuracy: 0.768 ; loss: 0.701
2018-03-12 15:07:55,736:INFO: - Eval metrics : accuracy: 0.776 ; loss: 0.000
2018-03-12 15:07:55,736:INFO: - Found new best accuracy
2018-03-12 15:07:55,737:INFO: Epoch 7/30
2018-03-12 15:08:16,481:INFO: - Train metrics: accuracy: 0.795 ; loss: 0.610
2018-03-12 15:08:18,041:INFO: - Eval metrics : accuracy: 0.793 ; loss: 0.000
2018-03-12 15:08:18,041:INFO: - Found new best accuracy
2018-03-12 15:08:18,042:INFO: Epoch 8/30
2018-03-12 15:08:41,887:INFO: - Train metrics: accuracy: 0.762 ; loss: 0.649
2018-03-12 15:08:43,433:INFO: - Eval metrics : accuracy: 0.800 ; loss: 0.000
2018-03-12 15:08:43,433:INFO: - Found new best accuracy
2018-03-12 15:08:43,434:INFO: Epoch 9/30
2018-03-12 15:09:07,166:INFO: - Train metrics: accuracy: 0.787 ; loss: 0.643
2018-03-12 15:09:08,666:INFO: - Eval metrics : accuracy: 0.779 ; loss: 0.000
2018-03-12 15:09:08,667:INFO: Epoch 10/30
2018-03-12 15:09:32,567:INFO: - Train metrics: accuracy: 0.816 ; loss: 0.605
2018-03-12 15:09:34,059:INFO: - Eval metrics : accuracy: 0.803 ; loss: 0.000
2018-03-12 15:09:34,059:INFO: - Found new best accuracy
2018-03-12 15:09:34,060:INFO: Epoch 11/30
2018-03-12 15:09:57,665:INFO: - Train metrics: accuracy: 0.844 ; loss: 0.510
2018-03-12 15:09:59,163:INFO: - Eval metrics : accuracy: 0.809 ; loss: 0.000
2018-03-12 15:09:59,164:INFO: - Found new best accuracy
2018-03-12 15:09:59,164:INFO: Epoch 12/30
2018-03-12 15:10:22,936:INFO: - Train metrics: accuracy: 0.824 ; loss: 0.574
2018-03-12 15:10:24,465:INFO: - Eval metrics : accuracy: 0.818 ; loss: 0.000
2018-03-12 15:10:24,465:INFO: - Found new best accuracy
2018-03-12 15:10:24,466:INFO: Epoch 13/30
2018-03-12 15:10:48,103:INFO: - Train metrics: accuracy: 0.828 ; loss: 0.550
2018-03-12 15:10:49,617:INFO: - Eval metrics : accuracy: 0.822 ; loss: 0.000
2018-03-12 15:10:49,617:INFO: - Found new best accuracy
2018-03-12 15:10:49,618:INFO: Epoch 14/30
2018-03-12 15:11:13,311:INFO: - Train metrics: accuracy: 0.848 ; loss: 0.489
2018-03-12 15:11:14,815:INFO: - Eval metrics : accuracy: 0.821 ; loss: 0.000
2018-03-12 15:11:14,816:INFO: Epoch 15/30
2018-03-12 15:11:38,568:INFO: - Train metrics: accuracy: 0.803 ; loss: 0.552
2018-03-12 15:11:40,068:INFO: - Eval metrics : accuracy: 0.824 ; loss: 0.000
2018-03-12 15:11:40,069:INFO: - Found new best accuracy
2018-03-12 15:11:40,069:INFO: Epoch 16/30
2018-03-12 15:12:03,820:INFO: - Train metrics: accuracy: 0.854 ; loss: 0.494
2018-03-12 15:12:05,332:INFO: - Eval metrics : accuracy: 0.826 ; loss: 0.000
2018-03-12 15:12:05,333:INFO: - Found new best accuracy
2018-03-12 15:12:05,334:INFO: Epoch 17/30
2018-03-12 15:12:29,039:INFO: - Train metrics: accuracy: 0.869 ; loss: 0.484
2018-03-12 15:12:30,547:INFO: - Eval metrics : accuracy: 0.832 ; loss: 0.000
2018-03-12 15:12:30,548:INFO: - Found new best accuracy
2018-03-12 15:12:30,549:INFO: Epoch 18/30
2018-03-12 15:12:54,243:INFO: - Train metrics: accuracy: 0.838 ; loss: 0.529
2018-03-12 15:12:55,769:INFO: - Eval metrics : accuracy: 0.820 ; loss: 0.000
2018-03-12 15:12:55,770:INFO: Epoch 19/30
2018-03-12 15:13:19,523:INFO: - Train metrics: accuracy: 0.844 ; loss: 0.492
2018-03-12 15:13:21,025:INFO: - Eval metrics : accuracy: 0.832 ; loss: 0.000
2018-03-12 15:13:21,026:INFO: - Found new best accuracy
2018-03-12 15:13:21,027:INFO: Epoch 20/30
2018-03-12 15:13:44,738:INFO: - Train metrics: accuracy: 0.854 ; loss: 0.496
2018-03-12 15:13:46,222:INFO: - Eval metrics : accuracy: 0.838 ; loss: 0.000
2018-03-12 15:13:46,222:INFO: - Found new best accuracy
2018-03-12 15:13:46,223:INFO: Epoch 21/30
2018-03-12 15:14:09,520:INFO: - Train metrics: accuracy: 0.828 ; loss: 0.527
2018-03-12 15:14:11,039:INFO: - Eval metrics : accuracy: 0.834 ; loss: 0.000
2018-03-12 15:14:11,040:INFO: Epoch 22/30
2018-03-12 15:14:32,288:INFO: - Train metrics: accuracy: 0.879 ; loss: 0.430
2018-03-12 15:14:33,823:INFO: - Eval metrics : accuracy: 0.837 ; loss: 0.000
2018-03-12 15:14:33,824:INFO: Epoch 23/30
2018-03-12 15:14:57,535:INFO: - Train metrics: accuracy: 0.857 ; loss: 0.488
2018-03-12 15:14:59,071:INFO: - Eval metrics : accuracy: 0.840 ; loss: 0.000
2018-03-12 15:14:59,071:INFO: - Found new best accuracy
2018-03-12 15:14:59,072:INFO: Epoch 24/30
2018-03-12 15:15:22,955:INFO: - Train metrics: accuracy: 0.879 ; loss: 0.422
2018-03-12 15:15:24,435:INFO: - Eval metrics : accuracy: 0.838 ; loss: 0.000
2018-03-12 15:15:24,451:INFO: Epoch 25/30
2018-03-12 15:15:48,338:INFO: - Train metrics: accuracy: 0.861 ; loss: 0.458
2018-03-12 15:15:49,893:INFO: - Eval metrics : accuracy: 0.833 ; loss: 0.000
2018-03-12 15:15:49,894:INFO: Epoch 26/30
2018-03-12 15:16:13,748:INFO: - Train metrics: accuracy: 0.891 ; loss: 0.405
2018-03-12 15:16:15,307:INFO: - Eval metrics : accuracy: 0.837 ; loss: 0.000
2018-03-12 15:16:15,308:INFO: Epoch 27/30
2018-03-12 15:16:39,200:INFO: - Train metrics: accuracy: 0.883 ; loss: 0.436
2018-03-12 15:16:40,709:INFO: - Eval metrics : accuracy: 0.844 ; loss: 0.000
2018-03-12 15:16:40,710:INFO: - Found new best accuracy
2018-03-12 15:16:40,710:INFO: Epoch 28/30
2018-03-12 15:17:04,610:INFO: - Train metrics: accuracy: 0.863 ; loss: 0.458
2018-03-12 15:17:06,143:INFO: - Eval metrics : accuracy: 0.831 ; loss: 0.000
2018-03-12 15:17:06,144:INFO: Epoch 29/30
2018-03-12 15:17:29,917:INFO: - Train metrics: accuracy: 0.881 ; loss: 0.431
2018-03-12 15:17:31,471:INFO: - Eval metrics : accuracy: 0.844 ; loss: 0.000
2018-03-12 15:17:31,472:INFO: Epoch 30/30
2018-03-12 15:17:55,250:INFO: - Train metrics: accuracy: 0.896 ; loss: 0.434
2018-03-12 15:17:56,748:INFO: - Eval metrics : accuracy: 0.839 ; loss: 0.000
