2018-03-14 18:29:01,242:INFO: Loading the datasets...
2018-03-14 18:29:04,870:INFO: - done.
2018-03-14 18:29:07,438:INFO: Experiment - model version: cnn_distill
2018-03-14 18:29:07,438:INFO: Starting training for 30 epoch(s)
2018-03-14 18:29:07,438:INFO: First, loading the teacher model and computing its outputs...
2018-03-14 18:29:56,939:INFO: - Finished computing teacher outputs after 50 secs..
2018-03-14 18:29:56,939:INFO: Epoch 1/30
2018-03-14 18:30:04,668:INFO: - Train metrics: accuracy: 0.477 ; loss: 0.575
2018-03-14 18:30:05,522:INFO: - Eval metrics : accuracy: 0.616 ; loss: 0.000
2018-03-14 18:30:05,542:INFO: - Found new best accuracy
2018-03-14 18:30:05,542:INFO: Epoch 2/30
2018-03-14 18:30:13,245:INFO: - Train metrics: accuracy: 0.633 ; loss: 0.563
2018-03-14 18:30:14,076:INFO: - Eval metrics : accuracy: 0.677 ; loss: 0.000
2018-03-14 18:30:14,104:INFO: - Found new best accuracy
2018-03-14 18:30:14,105:INFO: Epoch 3/30
2018-03-14 18:30:21,797:INFO: - Train metrics: accuracy: 0.686 ; loss: 0.557
2018-03-14 18:30:22,641:INFO: - Eval metrics : accuracy: 0.680 ; loss: 0.000
2018-03-14 18:30:22,669:INFO: - Found new best accuracy
2018-03-14 18:30:22,669:INFO: Epoch 4/30
2018-03-14 18:30:30,361:INFO: - Train metrics: accuracy: 0.750 ; loss: 0.558
2018-03-14 18:30:31,219:INFO: - Eval metrics : accuracy: 0.724 ; loss: 0.000
2018-03-14 18:30:31,252:INFO: - Found new best accuracy
2018-03-14 18:30:31,252:INFO: Epoch 5/30
2018-03-14 18:30:38,946:INFO: - Train metrics: accuracy: 0.762 ; loss: 0.557
2018-03-14 18:30:39,795:INFO: - Eval metrics : accuracy: 0.742 ; loss: 0.000
2018-03-14 18:30:39,826:INFO: - Found new best accuracy
2018-03-14 18:30:39,827:INFO: Epoch 6/30
2018-03-14 18:30:47,522:INFO: - Train metrics: accuracy: 0.785 ; loss: 0.567
2018-03-14 18:30:48,356:INFO: - Eval metrics : accuracy: 0.754 ; loss: 0.000
2018-03-14 18:30:48,392:INFO: - Found new best accuracy
2018-03-14 18:30:48,392:INFO: Epoch 7/30
2018-03-14 18:30:56,077:INFO: - Train metrics: accuracy: 0.816 ; loss: 0.556
2018-03-14 18:30:56,901:INFO: - Eval metrics : accuracy: 0.753 ; loss: 0.000
2018-03-14 18:30:56,917:INFO: Epoch 8/30
2018-03-14 18:31:04,619:INFO: - Train metrics: accuracy: 0.820 ; loss: 0.552
2018-03-14 18:31:05,467:INFO: - Eval metrics : accuracy: 0.751 ; loss: 0.000
2018-03-14 18:31:05,479:INFO: Epoch 9/30
2018-03-14 18:31:13,185:INFO: - Train metrics: accuracy: 0.812 ; loss: 0.554
2018-03-14 18:31:14,051:INFO: - Eval metrics : accuracy: 0.758 ; loss: 0.000
2018-03-14 18:31:14,079:INFO: - Found new best accuracy
2018-03-14 18:31:14,080:INFO: Epoch 10/30
2018-03-14 18:31:21,776:INFO: - Train metrics: accuracy: 0.861 ; loss: 0.560
2018-03-14 18:31:22,633:INFO: - Eval metrics : accuracy: 0.773 ; loss: 0.000
2018-03-14 18:31:22,662:INFO: - Found new best accuracy
2018-03-14 18:31:22,663:INFO: Epoch 11/30
2018-03-14 18:31:30,356:INFO: - Train metrics: accuracy: 0.855 ; loss: 0.564
2018-03-14 18:31:31,205:INFO: - Eval metrics : accuracy: 0.780 ; loss: 0.000
2018-03-14 18:31:31,233:INFO: - Found new best accuracy
2018-03-14 18:31:31,233:INFO: Epoch 12/30
2018-03-14 18:31:38,923:INFO: - Train metrics: accuracy: 0.852 ; loss: 0.556
2018-03-14 18:31:39,759:INFO: - Eval metrics : accuracy: 0.779 ; loss: 0.000
2018-03-14 18:31:39,775:INFO: Epoch 13/30
2018-03-14 18:31:47,490:INFO: - Train metrics: accuracy: 0.871 ; loss: 0.557
2018-03-14 18:31:48,331:INFO: - Eval metrics : accuracy: 0.778 ; loss: 0.000
2018-03-14 18:31:48,353:INFO: Epoch 14/30
2018-03-14 18:31:56,064:INFO: - Train metrics: accuracy: 0.885 ; loss: 0.553
2018-03-14 18:31:56,898:INFO: - Eval metrics : accuracy: 0.778 ; loss: 0.000
2018-03-14 18:31:56,925:INFO: Epoch 15/30
2018-03-14 18:32:04,621:INFO: - Train metrics: accuracy: 0.900 ; loss: 0.548
2018-03-14 18:32:05,451:INFO: - Eval metrics : accuracy: 0.778 ; loss: 0.000
2018-03-14 18:32:05,477:INFO: Epoch 16/30
2018-03-14 18:32:13,174:INFO: - Train metrics: accuracy: 0.908 ; loss: 0.554
2018-03-14 18:32:14,024:INFO: - Eval metrics : accuracy: 0.777 ; loss: 0.000
2018-03-14 18:32:14,040:INFO: Epoch 17/30
2018-03-14 18:32:21,741:INFO: - Train metrics: accuracy: 0.898 ; loss: 0.546
2018-03-14 18:32:22,594:INFO: - Eval metrics : accuracy: 0.788 ; loss: 0.000
2018-03-14 18:32:22,627:INFO: - Found new best accuracy
2018-03-14 18:32:22,627:INFO: Epoch 18/30
2018-03-14 18:32:30,324:INFO: - Train metrics: accuracy: 0.900 ; loss: 0.545
2018-03-14 18:32:31,170:INFO: - Eval metrics : accuracy: 0.792 ; loss: 0.000
2018-03-14 18:32:31,198:INFO: - Found new best accuracy
2018-03-14 18:32:31,199:INFO: Epoch 19/30
2018-03-14 18:32:38,901:INFO: - Train metrics: accuracy: 0.920 ; loss: 0.543
2018-03-14 18:32:39,756:INFO: - Eval metrics : accuracy: 0.782 ; loss: 0.000
2018-03-14 18:32:39,771:INFO: Epoch 20/30
2018-03-14 18:32:47,492:INFO: - Train metrics: accuracy: 0.918 ; loss: 0.557
2018-03-14 18:32:48,340:INFO: - Eval metrics : accuracy: 0.786 ; loss: 0.000
2018-03-14 18:32:48,356:INFO: Epoch 21/30
2018-03-14 18:32:56,054:INFO: - Train metrics: accuracy: 0.914 ; loss: 0.552
2018-03-14 18:32:56,890:INFO: - Eval metrics : accuracy: 0.779 ; loss: 0.000
2018-03-14 18:32:56,909:INFO: Epoch 22/30
2018-03-14 18:33:04,619:INFO: - Train metrics: accuracy: 0.930 ; loss: 0.552
2018-03-14 18:33:05,467:INFO: - Eval metrics : accuracy: 0.788 ; loss: 0.000
2018-03-14 18:33:05,485:INFO: Epoch 23/30
2018-03-14 18:33:13,219:INFO: - Train metrics: accuracy: 0.936 ; loss: 0.551
2018-03-14 18:33:14,067:INFO: - Eval metrics : accuracy: 0.784 ; loss: 0.000
2018-03-14 18:33:14,083:INFO: Epoch 24/30
2018-03-14 18:33:21,786:INFO: - Train metrics: accuracy: 0.928 ; loss: 0.551
2018-03-14 18:33:22,637:INFO: - Eval metrics : accuracy: 0.787 ; loss: 0.000
2018-03-14 18:33:22,652:INFO: Epoch 25/30
2018-03-14 18:33:30,366:INFO: - Train metrics: accuracy: 0.928 ; loss: 0.553
2018-03-14 18:33:31,203:INFO: - Eval metrics : accuracy: 0.784 ; loss: 0.000
2018-03-14 18:33:31,219:INFO: Epoch 26/30
2018-03-14 18:33:38,914:INFO: - Train metrics: accuracy: 0.934 ; loss: 0.552
2018-03-14 18:33:39,758:INFO: - Eval metrics : accuracy: 0.780 ; loss: 0.000
2018-03-14 18:33:39,777:INFO: Epoch 27/30
2018-03-14 18:33:47,486:INFO: - Train metrics: accuracy: 0.947 ; loss: 0.547
2018-03-14 18:33:48,334:INFO: - Eval metrics : accuracy: 0.788 ; loss: 0.000
2018-03-14 18:33:48,349:INFO: Epoch 28/30
2018-03-14 18:33:56,055:INFO: - Train metrics: accuracy: 0.939 ; loss: 0.548
2018-03-14 18:33:56,887:INFO: - Eval metrics : accuracy: 0.785 ; loss: 0.000
2018-03-14 18:33:56,905:INFO: Epoch 29/30
2018-03-14 18:34:04,619:INFO: - Train metrics: accuracy: 0.961 ; loss: 0.546
2018-03-14 18:34:05,445:INFO: - Eval metrics : accuracy: 0.784 ; loss: 0.000
2018-03-14 18:34:05,460:INFO: Epoch 30/30
2018-03-14 18:34:13,171:INFO: - Train metrics: accuracy: 0.955 ; loss: 0.556
2018-03-14 18:34:14,014:INFO: - Eval metrics : accuracy: 0.789 ; loss: 0.000
