2018-03-14 17:27:11,156:INFO: Loading the datasets...
2018-03-14 17:27:14,795:INFO: - done.
2018-03-14 17:27:17,410:INFO: Experiment - model version: cnn_distill
2018-03-14 17:27:17,410:INFO: Starting training for 30 epoch(s)
2018-03-14 17:27:17,410:INFO: First, loading the teacher model and computing its outputs...
2018-03-14 17:28:07,037:INFO: - Finished computing teacher outputs after 50 secs..
2018-03-14 17:28:07,038:INFO: Epoch 1/30
2018-03-14 17:28:14,804:INFO: - Train metrics: accuracy: 0.467 ; loss: 1.612
2018-03-14 17:28:15,658:INFO: - Eval metrics : accuracy: 0.617 ; loss: 0.000
2018-03-14 17:28:15,676:INFO: - Found new best accuracy
2018-03-14 17:28:15,677:INFO: Epoch 2/30
2018-03-14 17:28:23,430:INFO: - Train metrics: accuracy: 0.658 ; loss: 1.611
2018-03-14 17:28:24,296:INFO: - Eval metrics : accuracy: 0.679 ; loss: 0.000
2018-03-14 17:28:24,325:INFO: - Found new best accuracy
2018-03-14 17:28:24,326:INFO: Epoch 3/30
2018-03-14 17:28:32,110:INFO: - Train metrics: accuracy: 0.676 ; loss: 1.610
2018-03-14 17:28:32,948:INFO: - Eval metrics : accuracy: 0.698 ; loss: 0.000
2018-03-14 17:28:32,977:INFO: - Found new best accuracy
2018-03-14 17:28:32,978:INFO: Epoch 4/30
2018-03-14 17:28:40,703:INFO: - Train metrics: accuracy: 0.744 ; loss: 1.620
2018-03-14 17:28:41,559:INFO: - Eval metrics : accuracy: 0.727 ; loss: 0.000
2018-03-14 17:28:41,588:INFO: - Found new best accuracy
2018-03-14 17:28:41,589:INFO: Epoch 5/30
2018-03-14 17:28:49,386:INFO: - Train metrics: accuracy: 0.756 ; loss: 1.621
2018-03-14 17:28:50,219:INFO: - Eval metrics : accuracy: 0.744 ; loss: 0.000
2018-03-14 17:28:50,248:INFO: - Found new best accuracy
2018-03-14 17:28:50,248:INFO: Epoch 6/30
2018-03-14 17:28:57,965:INFO: - Train metrics: accuracy: 0.797 ; loss: 1.651
2018-03-14 17:28:58,799:INFO: - Eval metrics : accuracy: 0.755 ; loss: 0.000
2018-03-14 17:28:58,830:INFO: - Found new best accuracy
2018-03-14 17:28:58,830:INFO: Epoch 7/30
2018-03-14 17:29:06,582:INFO: - Train metrics: accuracy: 0.830 ; loss: 1.630
2018-03-14 17:29:07,411:INFO: - Eval metrics : accuracy: 0.756 ; loss: 0.000
2018-03-14 17:29:07,439:INFO: - Found new best accuracy
2018-03-14 17:29:07,439:INFO: Epoch 8/30
2018-03-14 17:29:15,181:INFO: - Train metrics: accuracy: 0.830 ; loss: 1.621
2018-03-14 17:29:16,012:INFO: - Eval metrics : accuracy: 0.762 ; loss: 0.000
2018-03-14 17:29:16,042:INFO: - Found new best accuracy
2018-03-14 17:29:16,042:INFO: Epoch 9/30
2018-03-14 17:29:23,798:INFO: - Train metrics: accuracy: 0.832 ; loss: 1.629
2018-03-14 17:29:24,658:INFO: - Eval metrics : accuracy: 0.769 ; loss: 0.000
2018-03-14 17:29:24,684:INFO: - Found new best accuracy
2018-03-14 17:29:24,685:INFO: Epoch 10/30
2018-03-14 17:29:32,465:INFO: - Train metrics: accuracy: 0.861 ; loss: 1.640
2018-03-14 17:29:33,302:INFO: - Eval metrics : accuracy: 0.775 ; loss: 0.000
2018-03-14 17:29:33,335:INFO: - Found new best accuracy
2018-03-14 17:29:33,337:INFO: Epoch 11/30
2018-03-14 17:29:41,092:INFO: - Train metrics: accuracy: 0.855 ; loss: 1.662
2018-03-14 17:29:41,909:INFO: - Eval metrics : accuracy: 0.773 ; loss: 0.000
2018-03-14 17:29:41,924:INFO: Epoch 12/30
2018-03-14 17:29:49,705:INFO: - Train metrics: accuracy: 0.854 ; loss: 1.634
2018-03-14 17:29:50,592:INFO: - Eval metrics : accuracy: 0.779 ; loss: 0.000
2018-03-14 17:29:50,620:INFO: - Found new best accuracy
2018-03-14 17:29:50,621:INFO: Epoch 13/30
2018-03-14 17:29:58,354:INFO: - Train metrics: accuracy: 0.875 ; loss: 1.639
2018-03-14 17:29:59,184:INFO: - Eval metrics : accuracy: 0.771 ; loss: 0.000
2018-03-14 17:29:59,200:INFO: Epoch 14/30
2018-03-14 17:30:06,964:INFO: - Train metrics: accuracy: 0.893 ; loss: 1.625
2018-03-14 17:30:07,810:INFO: - Eval metrics : accuracy: 0.774 ; loss: 0.000
2018-03-14 17:30:07,829:INFO: Epoch 15/30
2018-03-14 17:30:15,573:INFO: - Train metrics: accuracy: 0.889 ; loss: 1.628
2018-03-14 17:30:16,402:INFO: - Eval metrics : accuracy: 0.776 ; loss: 0.000
2018-03-14 17:30:16,423:INFO: Epoch 16/30
2018-03-14 17:30:24,143:INFO: - Train metrics: accuracy: 0.918 ; loss: 1.640
2018-03-14 17:30:24,979:INFO: - Eval metrics : accuracy: 0.785 ; loss: 0.000
2018-03-14 17:30:25,006:INFO: - Found new best accuracy
2018-03-14 17:30:25,008:INFO: Epoch 17/30
2018-03-14 17:30:32,798:INFO: - Train metrics: accuracy: 0.906 ; loss: 1.623
2018-03-14 17:30:33,636:INFO: - Eval metrics : accuracy: 0.775 ; loss: 0.000
2018-03-14 17:30:33,652:INFO: Epoch 18/30
2018-03-14 17:30:41,427:INFO: - Train metrics: accuracy: 0.914 ; loss: 1.624
2018-03-14 17:30:42,287:INFO: - Eval metrics : accuracy: 0.785 ; loss: 0.000
2018-03-14 17:30:42,317:INFO: - Found new best accuracy
2018-03-14 17:30:42,319:INFO: Epoch 19/30
2018-03-14 17:30:50,065:INFO: - Train metrics: accuracy: 0.908 ; loss: 1.619
2018-03-14 17:30:50,897:INFO: - Eval metrics : accuracy: 0.783 ; loss: 0.000
2018-03-14 17:30:50,929:INFO: Epoch 20/30
2018-03-14 17:30:58,690:INFO: - Train metrics: accuracy: 0.914 ; loss: 1.642
2018-03-14 17:30:59,556:INFO: - Eval metrics : accuracy: 0.785 ; loss: 0.000
2018-03-14 17:30:59,572:INFO: Epoch 21/30
2018-03-14 17:31:07,329:INFO: - Train metrics: accuracy: 0.910 ; loss: 1.641
2018-03-14 17:31:08,173:INFO: - Eval metrics : accuracy: 0.777 ; loss: 0.000
2018-03-14 17:31:08,188:INFO: Epoch 22/30
2018-03-14 17:31:15,949:INFO: - Train metrics: accuracy: 0.951 ; loss: 1.638
2018-03-14 17:31:16,775:INFO: - Eval metrics : accuracy: 0.770 ; loss: 0.000
2018-03-14 17:31:16,797:INFO: Epoch 23/30
2018-03-14 17:31:24,542:INFO: - Train metrics: accuracy: 0.943 ; loss: 1.638
2018-03-14 17:31:25,375:INFO: - Eval metrics : accuracy: 0.782 ; loss: 0.000
2018-03-14 17:31:25,391:INFO: Epoch 24/30
2018-03-14 17:31:33,144:INFO: - Train metrics: accuracy: 0.936 ; loss: 1.646
2018-03-14 17:31:33,980:INFO: - Eval metrics : accuracy: 0.780 ; loss: 0.000
2018-03-14 17:31:33,996:INFO: Epoch 25/30
2018-03-14 17:31:41,759:INFO: - Train metrics: accuracy: 0.947 ; loss: 1.637
2018-03-14 17:31:42,625:INFO: - Eval metrics : accuracy: 0.774 ; loss: 0.000
2018-03-14 17:31:42,644:INFO: Epoch 26/30
2018-03-14 17:31:50,451:INFO: - Train metrics: accuracy: 0.936 ; loss: 1.636
2018-03-14 17:31:51,291:INFO: - Eval metrics : accuracy: 0.785 ; loss: 0.000
2018-03-14 17:31:51,307:INFO: Epoch 27/30
2018-03-14 17:31:59,035:INFO: - Train metrics: accuracy: 0.945 ; loss: 1.632
2018-03-14 17:31:59,877:INFO: - Eval metrics : accuracy: 0.782 ; loss: 0.000
2018-03-14 17:31:59,893:INFO: Epoch 28/30
2018-03-14 17:32:07,837:INFO: - Train metrics: accuracy: 0.959 ; loss: 1.626
2018-03-14 17:32:08,931:INFO: - Eval metrics : accuracy: 0.781 ; loss: 0.000
2018-03-14 17:32:08,954:INFO: Epoch 29/30
2018-03-14 17:32:19,037:INFO: - Train metrics: accuracy: 0.973 ; loss: 1.621
2018-03-14 17:32:20,645:INFO: - Eval metrics : accuracy: 0.783 ; loss: 0.000
2018-03-14 17:32:20,676:INFO: Epoch 30/30
2018-03-14 17:32:36,469:INFO: - Train metrics: accuracy: 0.969 ; loss: 1.659
2018-03-14 17:32:38,278:INFO: - Eval metrics : accuracy: 0.783 ; loss: 0.000
