2018-03-10 22:00:47,987:INFO: Loading the datasets...
2018-03-10 22:00:51,581:INFO: - done.
2018-03-10 22:00:54,088:INFO: Starting training for 30 epoch(s)
2018-03-10 22:00:54,089:INFO: Epoch 1/30
2018-03-10 22:01:52,796:INFO: - Train metrics: accuracy: 0.377 ; loss: 0.664
2018-03-10 22:01:53,662:INFO: - Eval metrics : accuracy: 0.637 ; loss: 0.000
2018-03-10 22:01:53,680:INFO: - Found new best accuracy
2018-03-10 22:01:53,681:INFO: Epoch 2/30
2018-03-10 22:02:51,848:INFO: - Train metrics: accuracy: 0.623 ; loss: 0.491
2018-03-10 22:02:52,695:INFO: - Eval metrics : accuracy: 0.688 ; loss: 0.000
2018-03-10 22:02:52,726:INFO: - Found new best accuracy
2018-03-10 22:02:52,727:INFO: Epoch 3/30
2018-03-10 22:03:50,869:INFO: - Train metrics: accuracy: 0.676 ; loss: 0.444
2018-03-10 22:03:51,727:INFO: - Eval metrics : accuracy: 0.726 ; loss: 0.000
2018-03-10 22:03:51,761:INFO: - Found new best accuracy
2018-03-10 22:03:51,761:INFO: Epoch 4/30
2018-03-10 22:04:49,972:INFO: - Train metrics: accuracy: 0.693 ; loss: 0.400
2018-03-10 22:04:50,836:INFO: - Eval metrics : accuracy: 0.749 ; loss: 0.000
2018-03-10 22:04:50,868:INFO: - Found new best accuracy
2018-03-10 22:04:50,869:INFO: Epoch 5/30
2018-03-10 22:05:48,950:INFO: - Train metrics: accuracy: 0.725 ; loss: 0.367
2018-03-10 22:05:49,815:INFO: - Eval metrics : accuracy: 0.760 ; loss: 0.000
2018-03-10 22:05:49,842:INFO: - Found new best accuracy
2018-03-10 22:05:49,843:INFO: Epoch 6/30
2018-03-10 22:06:47,934:INFO: - Train metrics: accuracy: 0.713 ; loss: 0.379
2018-03-10 22:06:48,784:INFO: - Eval metrics : accuracy: 0.772 ; loss: 0.000
2018-03-10 22:06:48,820:INFO: - Found new best accuracy
2018-03-10 22:06:48,821:INFO: Epoch 7/30
2018-03-10 22:07:47,051:INFO: - Train metrics: accuracy: 0.738 ; loss: 0.354
2018-03-10 22:07:47,933:INFO: - Eval metrics : accuracy: 0.781 ; loss: 0.000
2018-03-10 22:07:47,971:INFO: - Found new best accuracy
2018-03-10 22:07:47,972:INFO: Epoch 8/30
2018-03-10 22:08:46,173:INFO: - Train metrics: accuracy: 0.771 ; loss: 0.343
2018-03-10 22:08:47,027:INFO: - Eval metrics : accuracy: 0.793 ; loss: 0.000
2018-03-10 22:08:47,055:INFO: - Found new best accuracy
2018-03-10 22:08:47,056:INFO: Epoch 9/30
2018-03-10 22:09:45,166:INFO: - Train metrics: accuracy: 0.762 ; loss: 0.338
2018-03-10 22:09:46,033:INFO: - Eval metrics : accuracy: 0.795 ; loss: 0.000
2018-03-10 22:09:46,062:INFO: - Found new best accuracy
2018-03-10 22:09:46,062:INFO: Epoch 10/30
2018-03-10 22:10:44,184:INFO: - Train metrics: accuracy: 0.742 ; loss: 0.330
2018-03-10 22:10:45,059:INFO: - Eval metrics : accuracy: 0.804 ; loss: 0.000
2018-03-10 22:10:45,089:INFO: - Found new best accuracy
2018-03-10 22:10:45,090:INFO: Epoch 11/30
2018-03-10 22:11:43,205:INFO: - Train metrics: accuracy: 0.768 ; loss: 0.316
2018-03-10 22:11:44,064:INFO: - Eval metrics : accuracy: 0.803 ; loss: 0.000
2018-03-10 22:11:44,091:INFO: Epoch 12/30
2018-03-10 22:12:42,234:INFO: - Train metrics: accuracy: 0.803 ; loss: 0.293
2018-03-10 22:12:43,071:INFO: - Eval metrics : accuracy: 0.814 ; loss: 0.000
2018-03-10 22:12:43,100:INFO: - Found new best accuracy
2018-03-10 22:12:43,100:INFO: Epoch 13/30
2018-03-10 22:13:41,218:INFO: - Train metrics: accuracy: 0.797 ; loss: 0.299
2018-03-10 22:13:42,081:INFO: - Eval metrics : accuracy: 0.807 ; loss: 0.000
2018-03-10 22:13:42,096:INFO: Epoch 14/30
2018-03-10 22:14:40,381:INFO: - Train metrics: accuracy: 0.809 ; loss: 0.299
2018-03-10 22:14:41,269:INFO: - Eval metrics : accuracy: 0.813 ; loss: 0.000
2018-03-10 22:14:41,287:INFO: Epoch 15/30
2018-03-10 22:15:39,189:INFO: - Train metrics: accuracy: 0.826 ; loss: 0.297
2018-03-10 22:15:40,063:INFO: - Eval metrics : accuracy: 0.816 ; loss: 0.000
2018-03-10 22:15:40,090:INFO: - Found new best accuracy
2018-03-10 22:15:40,092:INFO: Epoch 16/30
2018-03-10 22:16:38,232:INFO: - Train metrics: accuracy: 0.809 ; loss: 0.287
2018-03-10 22:16:39,106:INFO: - Eval metrics : accuracy: 0.827 ; loss: 0.000
2018-03-10 22:16:39,134:INFO: - Found new best accuracy
2018-03-10 22:16:39,135:INFO: Epoch 17/30
2018-03-10 22:17:37,267:INFO: - Train metrics: accuracy: 0.840 ; loss: 0.270
2018-03-10 22:17:38,131:INFO: - Eval metrics : accuracy: 0.819 ; loss: 0.000
2018-03-10 22:17:38,146:INFO: Epoch 18/30
2018-03-10 22:18:36,392:INFO: - Train metrics: accuracy: 0.834 ; loss: 0.283
2018-03-10 22:18:37,252:INFO: - Eval metrics : accuracy: 0.813 ; loss: 0.000
2018-03-10 22:18:37,279:INFO: Epoch 19/30
2018-03-10 22:19:35,339:INFO: - Train metrics: accuracy: 0.807 ; loss: 0.285
2018-03-10 22:19:36,218:INFO: - Eval metrics : accuracy: 0.827 ; loss: 0.000
2018-03-10 22:19:36,251:INFO: - Found new best accuracy
2018-03-10 22:19:36,252:INFO: Epoch 20/30
2018-03-10 22:20:34,382:INFO: - Train metrics: accuracy: 0.820 ; loss: 0.291
2018-03-10 22:20:35,254:INFO: - Eval metrics : accuracy: 0.827 ; loss: 0.000
2018-03-10 22:20:35,266:INFO: Epoch 21/30
2018-03-10 22:21:33,436:INFO: - Train metrics: accuracy: 0.795 ; loss: 0.283
2018-03-10 22:21:34,318:INFO: - Eval metrics : accuracy: 0.825 ; loss: 0.000
2018-03-10 22:21:34,333:INFO: Epoch 22/30
2018-03-10 22:22:32,479:INFO: - Train metrics: accuracy: 0.822 ; loss: 0.275
2018-03-10 22:22:33,353:INFO: - Eval metrics : accuracy: 0.833 ; loss: 0.000
2018-03-10 22:22:33,383:INFO: - Found new best accuracy
2018-03-10 22:22:33,384:INFO: Epoch 23/30
2018-03-10 22:23:31,407:INFO: - Train metrics: accuracy: 0.828 ; loss: 0.278
2018-03-10 22:23:32,299:INFO: - Eval metrics : accuracy: 0.833 ; loss: 0.000
2018-03-10 22:23:32,346:INFO: - Found new best accuracy
2018-03-10 22:23:32,346:INFO: Epoch 24/30
2018-03-10 22:24:30,423:INFO: - Train metrics: accuracy: 0.809 ; loss: 0.281
2018-03-10 22:24:31,279:INFO: - Eval metrics : accuracy: 0.826 ; loss: 0.000
2018-03-10 22:24:31,295:INFO: Epoch 25/30
2018-03-10 22:25:29,452:INFO: - Train metrics: accuracy: 0.848 ; loss: 0.281
2018-03-10 22:25:30,322:INFO: - Eval metrics : accuracy: 0.828 ; loss: 0.000
2018-03-10 22:25:30,338:INFO: Epoch 26/30
2018-03-10 22:26:28,461:INFO: - Train metrics: accuracy: 0.840 ; loss: 0.261
2018-03-10 22:26:29,336:INFO: - Eval metrics : accuracy: 0.835 ; loss: 0.000
2018-03-10 22:26:29,369:INFO: - Found new best accuracy
2018-03-10 22:26:29,370:INFO: Epoch 27/30
2018-03-10 22:27:27,489:INFO: - Train metrics: accuracy: 0.861 ; loss: 0.253
2018-03-10 22:27:28,381:INFO: - Eval metrics : accuracy: 0.830 ; loss: 0.000
2018-03-10 22:27:28,398:INFO: Epoch 28/30
2018-03-10 22:28:26,515:INFO: - Train metrics: accuracy: 0.816 ; loss: 0.262
2018-03-10 22:28:27,413:INFO: - Eval metrics : accuracy: 0.840 ; loss: 0.000
2018-03-10 22:28:27,449:INFO: - Found new best accuracy
2018-03-10 22:28:27,449:INFO: Epoch 29/30
2018-03-10 22:29:25,566:INFO: - Train metrics: accuracy: 0.830 ; loss: 0.256
2018-03-10 22:29:26,421:INFO: - Eval metrics : accuracy: 0.834 ; loss: 0.000
2018-03-10 22:29:26,436:INFO: Epoch 30/30
2018-03-10 22:30:24,560:INFO: - Train metrics: accuracy: 0.820 ; loss: 0.257
2018-03-10 22:30:25,437:INFO: - Eval metrics : accuracy: 0.840 ; loss: 0.000
2018-03-10 22:30:25,465:INFO: - Found new best accuracy
