2018-03-12 09:16:39,172:INFO: Loading the datasets...
2018-03-12 09:16:42,727:INFO: - done.
2018-03-12 09:16:46,195:INFO: Experiment: model version: cnn_distill
2018-03-12 09:16:46,196:INFO: Starting training for 30 epoch(s)
2018-03-12 09:16:46,196:INFO: First, loading the teacher model and computing its outputs...
2018-03-12 09:18:29,169:INFO: - Finished computing teacher outputs after 103 secs..
2018-03-12 09:18:29,169:INFO: Epoch 1/30
2018-03-12 09:18:52,777:INFO: - Train metrics: accuracy: 0.443 ; loss: 1.022
2018-03-12 09:18:54,278:INFO: - Eval metrics : accuracy: 0.636 ; loss: 0.000
2018-03-12 09:18:54,279:INFO: - Found new best accuracy
2018-03-12 09:18:54,279:INFO: Epoch 2/30
2018-03-12 09:19:17,926:INFO: - Train metrics: accuracy: 0.631 ; loss: 1.088
2018-03-12 09:19:19,428:INFO: - Eval metrics : accuracy: 0.713 ; loss: 0.000
2018-03-12 09:19:19,428:INFO: - Found new best accuracy
2018-03-12 09:19:19,429:INFO: Epoch 3/30
2018-03-12 09:19:43,052:INFO: - Train metrics: accuracy: 0.637 ; loss: 1.158
2018-03-12 09:19:44,571:INFO: - Eval metrics : accuracy: 0.740 ; loss: 0.000
2018-03-12 09:19:44,571:INFO: - Found new best accuracy
2018-03-12 09:19:44,572:INFO: Epoch 4/30
2018-03-12 09:20:08,204:INFO: - Train metrics: accuracy: 0.740 ; loss: 1.194
2018-03-12 09:20:09,703:INFO: - Eval metrics : accuracy: 0.751 ; loss: 0.000
2018-03-12 09:20:09,704:INFO: - Found new best accuracy
2018-03-12 09:20:09,705:INFO: Epoch 5/30
2018-03-12 09:20:33,370:INFO: - Train metrics: accuracy: 0.760 ; loss: 1.178
2018-03-12 09:20:34,912:INFO: - Eval metrics : accuracy: 0.770 ; loss: 0.000
2018-03-12 09:20:34,913:INFO: - Found new best accuracy
2018-03-12 09:20:34,913:INFO: Epoch 6/30
2018-03-12 09:20:58,515:INFO: - Train metrics: accuracy: 0.773 ; loss: 1.278
2018-03-12 09:21:00,061:INFO: - Eval metrics : accuracy: 0.787 ; loss: 0.000
2018-03-12 09:21:00,062:INFO: - Found new best accuracy
2018-03-12 09:21:00,062:INFO: Epoch 7/30
2018-03-12 09:21:23,703:INFO: - Train metrics: accuracy: 0.789 ; loss: 1.252
2018-03-12 09:21:25,249:INFO: - Eval metrics : accuracy: 0.791 ; loss: 0.000
2018-03-12 09:21:25,250:INFO: - Found new best accuracy
2018-03-12 09:21:25,250:INFO: Epoch 8/30
2018-03-12 09:21:48,924:INFO: - Train metrics: accuracy: 0.812 ; loss: 1.259
2018-03-12 09:21:50,494:INFO: - Eval metrics : accuracy: 0.794 ; loss: 0.000
2018-03-12 09:21:50,495:INFO: - Found new best accuracy
2018-03-12 09:21:50,495:INFO: Epoch 9/30
2018-03-12 09:22:14,194:INFO: - Train metrics: accuracy: 0.795 ; loss: 1.280
2018-03-12 09:22:15,707:INFO: - Eval metrics : accuracy: 0.777 ; loss: 0.000
2018-03-12 09:22:15,708:INFO: Epoch 10/30
2018-03-12 09:22:39,423:INFO: - Train metrics: accuracy: 0.807 ; loss: 1.308
2018-03-12 09:22:40,921:INFO: - Eval metrics : accuracy: 0.808 ; loss: 0.000
2018-03-12 09:22:40,922:INFO: - Found new best accuracy
2018-03-12 09:22:40,922:INFO: Epoch 11/30
2018-03-12 09:23:04,623:INFO: - Train metrics: accuracy: 0.861 ; loss: 1.337
2018-03-12 09:23:06,149:INFO: - Eval metrics : accuracy: 0.808 ; loss: 0.000
2018-03-12 09:23:06,150:INFO: Epoch 12/30
2018-03-12 09:23:26,699:INFO: - Train metrics: accuracy: 0.832 ; loss: 1.286
2018-03-12 09:23:28,190:INFO: - Eval metrics : accuracy: 0.819 ; loss: 0.000
2018-03-12 09:23:28,190:INFO: - Found new best accuracy
2018-03-12 09:23:28,191:INFO: Epoch 13/30
2018-03-12 09:23:51,922:INFO: - Train metrics: accuracy: 0.795 ; loss: 1.345
2018-03-12 09:23:53,451:INFO: - Eval metrics : accuracy: 0.818 ; loss: 0.000
2018-03-12 09:23:53,452:INFO: Epoch 14/30
2018-03-12 09:24:17,072:INFO: - Train metrics: accuracy: 0.836 ; loss: 1.321
2018-03-12 09:24:18,596:INFO: - Eval metrics : accuracy: 0.825 ; loss: 0.000
2018-03-12 09:24:18,597:INFO: - Found new best accuracy
2018-03-12 09:24:18,597:INFO: Epoch 15/30
2018-03-12 09:24:42,156:INFO: - Train metrics: accuracy: 0.832 ; loss: 1.312
2018-03-12 09:24:43,662:INFO: - Eval metrics : accuracy: 0.830 ; loss: 0.000
2018-03-12 09:24:43,662:INFO: - Found new best accuracy
2018-03-12 09:24:43,663:INFO: Epoch 16/30
2018-03-12 09:25:07,219:INFO: - Train metrics: accuracy: 0.861 ; loss: 1.332
2018-03-12 09:25:08,723:INFO: - Eval metrics : accuracy: 0.827 ; loss: 0.000
2018-03-12 09:25:08,743:INFO: Epoch 17/30
2018-03-12 09:25:32,466:INFO: - Train metrics: accuracy: 0.871 ; loss: 1.318
2018-03-12 09:25:33,959:INFO: - Eval metrics : accuracy: 0.830 ; loss: 0.000
2018-03-12 09:25:33,960:INFO: - Found new best accuracy
2018-03-12 09:25:33,961:INFO: Epoch 18/30
2018-03-12 09:25:57,559:INFO: - Train metrics: accuracy: 0.836 ; loss: 1.306
2018-03-12 09:25:59,076:INFO: - Eval metrics : accuracy: 0.826 ; loss: 0.000
2018-03-12 09:25:59,077:INFO: Epoch 19/30
2018-03-12 09:26:22,873:INFO: - Train metrics: accuracy: 0.855 ; loss: 1.313
2018-03-12 09:26:24,392:INFO: - Eval metrics : accuracy: 0.836 ; loss: 0.000
2018-03-12 09:26:24,392:INFO: - Found new best accuracy
2018-03-12 09:26:24,393:INFO: Epoch 20/30
2018-03-12 09:26:48,115:INFO: - Train metrics: accuracy: 0.855 ; loss: 1.342
2018-03-12 09:26:49,632:INFO: - Eval metrics : accuracy: 0.843 ; loss: 0.000
2018-03-12 09:26:49,633:INFO: - Found new best accuracy
2018-03-12 09:26:49,633:INFO: Epoch 21/30
2018-03-12 09:27:13,392:INFO: - Train metrics: accuracy: 0.842 ; loss: 1.393
2018-03-12 09:27:14,864:INFO: - Eval metrics : accuracy: 0.843 ; loss: 0.000
2018-03-12 09:27:14,865:INFO: - Found new best accuracy
2018-03-12 09:27:14,865:INFO: Epoch 22/30
2018-03-12 09:27:38,478:INFO: - Train metrics: accuracy: 0.881 ; loss: 1.390
2018-03-12 09:27:39,980:INFO: - Eval metrics : accuracy: 0.836 ; loss: 0.000
2018-03-12 09:27:39,981:INFO: Epoch 23/30
2018-03-12 09:28:03,540:INFO: - Train metrics: accuracy: 0.854 ; loss: 1.358
2018-03-12 09:28:05,055:INFO: - Eval metrics : accuracy: 0.839 ; loss: 0.000
2018-03-12 09:28:05,056:INFO: Epoch 24/30
2018-03-12 09:28:28,733:INFO: - Train metrics: accuracy: 0.861 ; loss: 1.370
2018-03-12 09:28:30,263:INFO: - Eval metrics : accuracy: 0.840 ; loss: 0.000
2018-03-12 09:28:30,264:INFO: Epoch 25/30
2018-03-12 09:28:53,928:INFO: - Train metrics: accuracy: 0.867 ; loss: 1.383
2018-03-12 09:28:55,462:INFO: - Eval metrics : accuracy: 0.837 ; loss: 0.000
2018-03-12 09:28:55,463:INFO: Epoch 26/30
2018-03-12 09:29:18,743:INFO: - Train metrics: accuracy: 0.879 ; loss: 1.385
2018-03-12 09:29:20,238:INFO: - Eval metrics : accuracy: 0.846 ; loss: 0.000
2018-03-12 09:29:20,239:INFO: - Found new best accuracy
2018-03-12 09:29:20,239:INFO: Epoch 27/30
2018-03-12 09:29:41,679:INFO: - Train metrics: accuracy: 0.859 ; loss: 1.363
2018-03-12 09:29:43,182:INFO: - Eval metrics : accuracy: 0.845 ; loss: 0.000
2018-03-12 09:29:43,182:INFO: Epoch 28/30
2018-03-12 09:30:06,985:INFO: - Train metrics: accuracy: 0.867 ; loss: 1.384
2018-03-12 09:30:08,451:INFO: - Eval metrics : accuracy: 0.843 ; loss: 0.000
2018-03-12 09:30:08,452:INFO: Epoch 29/30
2018-03-12 09:30:32,037:INFO: - Train metrics: accuracy: 0.895 ; loss: 1.359
2018-03-12 09:30:33,538:INFO: - Eval metrics : accuracy: 0.847 ; loss: 0.000
2018-03-12 09:30:33,540:INFO: - Found new best accuracy
2018-03-12 09:30:33,541:INFO: Epoch 30/30
2018-03-12 09:30:57,263:INFO: - Train metrics: accuracy: 0.896 ; loss: 1.450
2018-03-12 09:30:58,772:INFO: - Eval metrics : accuracy: 0.847 ; loss: 0.000
2018-03-12 09:30:58,772:INFO: - Found new best accuracy
