2018-03-10 18:23:00,569:INFO: Loading the datasets...
2018-03-10 18:23:04,181:INFO: - done.
2018-03-10 18:23:06,711:INFO: Starting training for 30 epoch(s)
2018-03-10 18:23:06,711:INFO: Epoch 1/30
2018-03-10 18:24:05,464:INFO: - Train metrics: accuracy: 0.365 ; loss: 1.369
2018-03-10 18:24:06,329:INFO: - Eval metrics : accuracy: 0.621 ; loss: 0.000
2018-03-10 18:24:06,346:INFO: - Found new best accuracy
2018-03-10 18:24:06,347:INFO: Epoch 2/30
2018-03-10 18:25:04,388:INFO: - Train metrics: accuracy: 0.609 ; loss: 0.910
2018-03-10 18:25:05,256:INFO: - Eval metrics : accuracy: 0.690 ; loss: 0.000
2018-03-10 18:25:05,290:INFO: - Found new best accuracy
2018-03-10 18:25:05,290:INFO: Epoch 3/30
2018-03-10 18:26:03,380:INFO: - Train metrics: accuracy: 0.609 ; loss: 0.874
2018-03-10 18:26:04,254:INFO: - Eval metrics : accuracy: 0.714 ; loss: 0.000
2018-03-10 18:26:04,282:INFO: - Found new best accuracy
2018-03-10 18:26:04,283:INFO: Epoch 4/30
2018-03-10 18:27:02,497:INFO: - Train metrics: accuracy: 0.676 ; loss: 0.840
2018-03-10 18:27:03,335:INFO: - Eval metrics : accuracy: 0.740 ; loss: 0.000
2018-03-10 18:27:03,362:INFO: - Found new best accuracy
2018-03-10 18:27:03,363:INFO: Epoch 5/30
2018-03-10 18:28:01,499:INFO: - Train metrics: accuracy: 0.717 ; loss: 0.746
2018-03-10 18:28:02,380:INFO: - Eval metrics : accuracy: 0.761 ; loss: 0.000
2018-03-10 18:28:02,406:INFO: - Found new best accuracy
2018-03-10 18:28:02,407:INFO: Epoch 6/30
2018-03-10 18:29:00,481:INFO: - Train metrics: accuracy: 0.711 ; loss: 0.742
2018-03-10 18:29:01,323:INFO: - Eval metrics : accuracy: 0.756 ; loss: 0.000
2018-03-10 18:29:01,339:INFO: Epoch 7/30
2018-03-10 18:29:59,509:INFO: - Train metrics: accuracy: 0.734 ; loss: 0.675
2018-03-10 18:30:00,385:INFO: - Eval metrics : accuracy: 0.780 ; loss: 0.000
2018-03-10 18:30:00,417:INFO: - Found new best accuracy
2018-03-10 18:30:00,418:INFO: Epoch 8/30
2018-03-10 18:30:58,469:INFO: - Train metrics: accuracy: 0.760 ; loss: 0.642
2018-03-10 18:30:59,343:INFO: - Eval metrics : accuracy: 0.784 ; loss: 0.000
2018-03-10 18:30:59,380:INFO: - Found new best accuracy
2018-03-10 18:30:59,380:INFO: Epoch 9/30
2018-03-10 18:31:57,418:INFO: - Train metrics: accuracy: 0.766 ; loss: 0.602
2018-03-10 18:31:58,279:INFO: - Eval metrics : accuracy: 0.786 ; loss: 0.000
2018-03-10 18:31:58,312:INFO: - Found new best accuracy
2018-03-10 18:31:58,313:INFO: Epoch 10/30
2018-03-10 18:32:56,557:INFO: - Train metrics: accuracy: 0.738 ; loss: 0.636
2018-03-10 18:32:57,378:INFO: - Eval metrics : accuracy: 0.792 ; loss: 0.000
2018-03-10 18:32:57,408:INFO: - Found new best accuracy
2018-03-10 18:32:57,409:INFO: Epoch 11/30
2018-03-10 18:33:55,518:INFO: - Train metrics: accuracy: 0.779 ; loss: 0.598
2018-03-10 18:33:56,350:INFO: - Eval metrics : accuracy: 0.806 ; loss: 0.000
2018-03-10 18:33:56,378:INFO: - Found new best accuracy
2018-03-10 18:33:56,381:INFO: Epoch 12/30
2018-03-10 18:34:54,559:INFO: - Train metrics: accuracy: 0.799 ; loss: 0.556
2018-03-10 18:34:55,410:INFO: - Eval metrics : accuracy: 0.802 ; loss: 0.000
2018-03-10 18:34:55,431:INFO: Epoch 13/30
2018-03-10 18:35:53,595:INFO: - Train metrics: accuracy: 0.789 ; loss: 0.572
2018-03-10 18:35:54,479:INFO: - Eval metrics : accuracy: 0.813 ; loss: 0.000
2018-03-10 18:35:54,507:INFO: - Found new best accuracy
2018-03-10 18:35:54,508:INFO: Epoch 14/30
2018-03-10 18:36:52,587:INFO: - Train metrics: accuracy: 0.783 ; loss: 0.583
2018-03-10 18:36:53,445:INFO: - Eval metrics : accuracy: 0.812 ; loss: 0.000
2018-03-10 18:36:53,471:INFO: Epoch 15/30
2018-03-10 18:37:51,592:INFO: - Train metrics: accuracy: 0.795 ; loss: 0.569
2018-03-10 18:37:52,433:INFO: - Eval metrics : accuracy: 0.812 ; loss: 0.000
2018-03-10 18:37:52,460:INFO: Epoch 16/30
2018-03-10 18:38:50,512:INFO: - Train metrics: accuracy: 0.805 ; loss: 0.562
2018-03-10 18:38:51,377:INFO: - Eval metrics : accuracy: 0.805 ; loss: 0.000
2018-03-10 18:38:51,389:INFO: Epoch 17/30
2018-03-10 18:39:49,557:INFO: - Train metrics: accuracy: 0.826 ; loss: 0.465
2018-03-10 18:39:50,410:INFO: - Eval metrics : accuracy: 0.801 ; loss: 0.000
2018-03-10 18:39:50,426:INFO: Epoch 18/30
2018-03-10 18:40:48,585:INFO: - Train metrics: accuracy: 0.811 ; loss: 0.515
2018-03-10 18:40:49,439:INFO: - Eval metrics : accuracy: 0.820 ; loss: 0.000
2018-03-10 18:40:49,469:INFO: - Found new best accuracy
2018-03-10 18:40:49,469:INFO: Epoch 19/30
2018-03-10 18:41:47,524:INFO: - Train metrics: accuracy: 0.814 ; loss: 0.529
2018-03-10 18:41:48,398:INFO: - Eval metrics : accuracy: 0.822 ; loss: 0.000
2018-03-10 18:41:48,426:INFO: - Found new best accuracy
2018-03-10 18:41:48,427:INFO: Epoch 20/30
2018-03-10 18:42:46,626:INFO: - Train metrics: accuracy: 0.828 ; loss: 0.506
2018-03-10 18:42:47,472:INFO: - Eval metrics : accuracy: 0.818 ; loss: 0.000
2018-03-10 18:42:47,499:INFO: Epoch 21/30
2018-03-10 18:43:45,628:INFO: - Train metrics: accuracy: 0.805 ; loss: 0.538
2018-03-10 18:43:46,453:INFO: - Eval metrics : accuracy: 0.822 ; loss: 0.000
2018-03-10 18:43:46,489:INFO: - Found new best accuracy
2018-03-10 18:43:46,489:INFO: Epoch 22/30
2018-03-10 18:44:44,629:INFO: - Train metrics: accuracy: 0.811 ; loss: 0.565
2018-03-10 18:44:45,504:INFO: - Eval metrics : accuracy: 0.822 ; loss: 0.000
2018-03-10 18:44:45,536:INFO: - Found new best accuracy
2018-03-10 18:44:45,538:INFO: Epoch 23/30
2018-03-10 18:45:43,603:INFO: - Train metrics: accuracy: 0.820 ; loss: 0.492
2018-03-10 18:45:44,458:INFO: - Eval metrics : accuracy: 0.813 ; loss: 0.000
2018-03-10 18:45:44,480:INFO: Epoch 24/30
2018-03-10 18:46:42,568:INFO: - Train metrics: accuracy: 0.807 ; loss: 0.535
2018-03-10 18:46:43,425:INFO: - Eval metrics : accuracy: 0.823 ; loss: 0.000
2018-03-10 18:46:43,459:INFO: - Found new best accuracy
2018-03-10 18:46:43,460:INFO: Epoch 25/30
2018-03-10 18:47:41,578:INFO: - Train metrics: accuracy: 0.820 ; loss: 0.518
2018-03-10 18:47:42,454:INFO: - Eval metrics : accuracy: 0.828 ; loss: 0.000
2018-03-10 18:47:42,484:INFO: - Found new best accuracy
2018-03-10 18:47:42,484:INFO: Epoch 26/30
2018-03-10 18:48:40,578:INFO: - Train metrics: accuracy: 0.836 ; loss: 0.501
2018-03-10 18:48:41,437:INFO: - Eval metrics : accuracy: 0.822 ; loss: 0.000
2018-03-10 18:48:41,454:INFO: Epoch 27/30
2018-03-10 18:49:39,454:INFO: - Train metrics: accuracy: 0.828 ; loss: 0.507
2018-03-10 18:49:40,330:INFO: - Eval metrics : accuracy: 0.826 ; loss: 0.000
2018-03-10 18:49:40,351:INFO: Epoch 28/30
2018-03-10 18:50:38,564:INFO: - Train metrics: accuracy: 0.816 ; loss: 0.520
2018-03-10 18:50:39,420:INFO: - Eval metrics : accuracy: 0.837 ; loss: 0.000
2018-03-10 18:50:39,456:INFO: - Found new best accuracy
2018-03-10 18:50:39,457:INFO: Epoch 29/30
2018-03-10 18:51:37,634:INFO: - Train metrics: accuracy: 0.803 ; loss: 0.549
2018-03-10 18:51:38,472:INFO: - Eval metrics : accuracy: 0.837 ; loss: 0.000
2018-03-10 18:51:38,505:INFO: - Found new best accuracy
2018-03-10 18:51:38,505:INFO: Epoch 30/30
2018-03-10 18:52:36,580:INFO: - Train metrics: accuracy: 0.861 ; loss: 0.485
2018-03-10 18:52:37,436:INFO: - Eval metrics : accuracy: 0.832 ; loss: 0.000
