2018-03-12 16:15:46,446:INFO: Loading the datasets...
2018-03-12 16:15:49,981:INFO: - done.
2018-03-12 16:15:53,589:INFO: Experiment: model version: cnn_distill
2018-03-12 16:15:53,589:INFO: Starting training for 30 epoch(s)
2018-03-12 16:15:53,589:INFO: First, loading the teacher model and computing its outputs...
2018-03-12 16:17:36,965:INFO: - Finished computing teacher outputs after 104 secs..
2018-03-12 16:17:36,966:INFO: Epoch 1/30
2018-03-12 16:18:00,632:INFO: - Train metrics: accuracy: 0.404 ; loss: 1.525
2018-03-12 16:18:02,207:INFO: - Eval metrics : accuracy: 0.654 ; loss: 0.000
2018-03-12 16:18:02,208:INFO: - Found new best accuracy
2018-03-12 16:18:02,208:INFO: Epoch 2/30
2018-03-12 16:18:25,971:INFO: - Train metrics: accuracy: 0.646 ; loss: 1.072
2018-03-12 16:18:27,547:INFO: - Eval metrics : accuracy: 0.708 ; loss: 0.000
2018-03-12 16:18:27,548:INFO: - Found new best accuracy
2018-03-12 16:18:27,549:INFO: Epoch 3/30
2018-03-12 16:18:51,302:INFO: - Train metrics: accuracy: 0.695 ; loss: 0.941
2018-03-12 16:18:52,819:INFO: - Eval metrics : accuracy: 0.738 ; loss: 0.000
2018-03-12 16:18:52,820:INFO: - Found new best accuracy
2018-03-12 16:18:52,820:INFO: Epoch 4/30
2018-03-12 16:19:16,630:INFO: - Train metrics: accuracy: 0.740 ; loss: 0.804
2018-03-12 16:19:18,131:INFO: - Eval metrics : accuracy: 0.761 ; loss: 0.000
2018-03-12 16:19:18,132:INFO: - Found new best accuracy
2018-03-12 16:19:18,133:INFO: Epoch 5/30
2018-03-12 16:19:41,884:INFO: - Train metrics: accuracy: 0.773 ; loss: 0.764
2018-03-12 16:19:43,383:INFO: - Eval metrics : accuracy: 0.755 ; loss: 0.000
2018-03-12 16:19:43,383:INFO: Epoch 6/30
2018-03-12 16:20:07,247:INFO: - Train metrics: accuracy: 0.783 ; loss: 0.686
2018-03-12 16:20:08,810:INFO: - Eval metrics : accuracy: 0.784 ; loss: 0.000
2018-03-12 16:20:08,811:INFO: - Found new best accuracy
2018-03-12 16:20:08,811:INFO: Epoch 7/30
2018-03-12 16:20:32,548:INFO: - Train metrics: accuracy: 0.793 ; loss: 0.639
2018-03-12 16:20:34,120:INFO: - Eval metrics : accuracy: 0.785 ; loss: 0.000
2018-03-12 16:20:34,120:INFO: - Found new best accuracy
2018-03-12 16:20:34,121:INFO: Epoch 8/30
2018-03-12 16:20:57,940:INFO: - Train metrics: accuracy: 0.799 ; loss: 0.636
2018-03-12 16:20:59,483:INFO: - Eval metrics : accuracy: 0.800 ; loss: 0.000
2018-03-12 16:20:59,484:INFO: - Found new best accuracy
2018-03-12 16:20:59,485:INFO: Epoch 9/30
2018-03-12 16:21:23,249:INFO: - Train metrics: accuracy: 0.779 ; loss: 0.639
2018-03-12 16:21:24,812:INFO: - Eval metrics : accuracy: 0.799 ; loss: 0.000
2018-03-12 16:21:24,814:INFO: Epoch 10/30
2018-03-12 16:21:48,588:INFO: - Train metrics: accuracy: 0.818 ; loss: 0.599
2018-03-12 16:21:50,109:INFO: - Eval metrics : accuracy: 0.810 ; loss: 0.000
2018-03-12 16:21:50,109:INFO: - Found new best accuracy
2018-03-12 16:21:50,110:INFO: Epoch 11/30
2018-03-12 16:22:13,865:INFO: - Train metrics: accuracy: 0.826 ; loss: 0.550
2018-03-12 16:22:15,381:INFO: - Eval metrics : accuracy: 0.813 ; loss: 0.000
2018-03-12 16:22:15,381:INFO: - Found new best accuracy
2018-03-12 16:22:15,382:INFO: Epoch 12/30
2018-03-12 16:22:39,215:INFO: - Train metrics: accuracy: 0.828 ; loss: 0.579
2018-03-12 16:22:40,733:INFO: - Eval metrics : accuracy: 0.816 ; loss: 0.000
2018-03-12 16:22:40,734:INFO: - Found new best accuracy
2018-03-12 16:22:40,734:INFO: Epoch 13/30
2018-03-12 16:23:04,512:INFO: - Train metrics: accuracy: 0.816 ; loss: 0.566
2018-03-12 16:23:06,061:INFO: - Eval metrics : accuracy: 0.820 ; loss: 0.000
2018-03-12 16:23:06,062:INFO: - Found new best accuracy
2018-03-12 16:23:06,075:INFO: Epoch 14/30
2018-03-12 16:23:27,755:INFO: - Train metrics: accuracy: 0.846 ; loss: 0.518
2018-03-12 16:23:29,258:INFO: - Eval metrics : accuracy: 0.823 ; loss: 0.000
2018-03-12 16:23:29,258:INFO: - Found new best accuracy
2018-03-12 16:23:29,259:INFO: Epoch 15/30
2018-03-12 16:23:53,141:INFO: - Train metrics: accuracy: 0.826 ; loss: 0.546
2018-03-12 16:23:54,654:INFO: - Eval metrics : accuracy: 0.826 ; loss: 0.000
2018-03-12 16:23:54,656:INFO: - Found new best accuracy
2018-03-12 16:23:54,657:INFO: Epoch 16/30
2018-03-12 16:24:18,411:INFO: - Train metrics: accuracy: 0.846 ; loss: 0.511
2018-03-12 16:24:19,962:INFO: - Eval metrics : accuracy: 0.828 ; loss: 0.000
2018-03-12 16:24:19,963:INFO: - Found new best accuracy
2018-03-12 16:24:19,963:INFO: Epoch 17/30
2018-03-12 16:24:43,674:INFO: - Train metrics: accuracy: 0.848 ; loss: 0.483
2018-03-12 16:24:45,238:INFO: - Eval metrics : accuracy: 0.829 ; loss: 0.000
2018-03-12 16:24:45,239:INFO: - Found new best accuracy
2018-03-12 16:24:45,240:INFO: Epoch 18/30
2018-03-12 16:25:08,969:INFO: - Train metrics: accuracy: 0.844 ; loss: 0.538
2018-03-12 16:25:10,500:INFO: - Eval metrics : accuracy: 0.827 ; loss: 0.000
2018-03-12 16:25:10,501:INFO: Epoch 19/30
2018-03-12 16:25:34,302:INFO: - Train metrics: accuracy: 0.834 ; loss: 0.493
2018-03-12 16:25:35,827:INFO: - Eval metrics : accuracy: 0.830 ; loss: 0.000
2018-03-12 16:25:35,828:INFO: - Found new best accuracy
2018-03-12 16:25:35,829:INFO: Epoch 20/30
2018-03-12 16:25:59,664:INFO: - Train metrics: accuracy: 0.826 ; loss: 0.547
2018-03-12 16:26:01,192:INFO: - Eval metrics : accuracy: 0.837 ; loss: 0.000
2018-03-12 16:26:01,193:INFO: - Found new best accuracy
2018-03-12 16:26:01,193:INFO: Epoch 21/30
2018-03-12 16:26:25,063:INFO: - Train metrics: accuracy: 0.852 ; loss: 0.530
2018-03-12 16:26:26,615:INFO: - Eval metrics : accuracy: 0.835 ; loss: 0.000
2018-03-12 16:26:26,616:INFO: Epoch 22/30
2018-03-12 16:26:50,496:INFO: - Train metrics: accuracy: 0.887 ; loss: 0.434
2018-03-12 16:26:51,997:INFO: - Eval metrics : accuracy: 0.837 ; loss: 0.000
2018-03-12 16:26:51,998:INFO: Epoch 23/30
2018-03-12 16:27:15,785:INFO: - Train metrics: accuracy: 0.883 ; loss: 0.471
2018-03-12 16:27:17,354:INFO: - Eval metrics : accuracy: 0.837 ; loss: 0.000
2018-03-12 16:27:17,355:INFO: Epoch 24/30
2018-03-12 16:27:41,203:INFO: - Train metrics: accuracy: 0.834 ; loss: 0.521
2018-03-12 16:27:42,718:INFO: - Eval metrics : accuracy: 0.836 ; loss: 0.000
2018-03-12 16:27:42,719:INFO: Epoch 25/30
2018-03-12 16:28:06,541:INFO: - Train metrics: accuracy: 0.871 ; loss: 0.448
2018-03-12 16:28:08,088:INFO: - Eval metrics : accuracy: 0.836 ; loss: 0.000
2018-03-12 16:28:08,089:INFO: Epoch 26/30
2018-03-12 16:28:31,876:INFO: - Train metrics: accuracy: 0.871 ; loss: 0.438
2018-03-12 16:28:33,438:INFO: - Eval metrics : accuracy: 0.836 ; loss: 0.000
2018-03-12 16:28:33,439:INFO: Epoch 27/30
2018-03-12 16:28:57,236:INFO: - Train metrics: accuracy: 0.871 ; loss: 0.440
2018-03-12 16:28:58,727:INFO: - Eval metrics : accuracy: 0.843 ; loss: 0.000
2018-03-12 16:28:58,728:INFO: - Found new best accuracy
2018-03-12 16:28:58,729:INFO: Epoch 28/30
2018-03-12 16:29:22,021:INFO: - Train metrics: accuracy: 0.869 ; loss: 0.444
2018-03-12 16:29:23,561:INFO: - Eval metrics : accuracy: 0.840 ; loss: 0.000
2018-03-12 16:29:23,561:INFO: Epoch 29/30
2018-03-12 16:29:44,825:INFO: - Train metrics: accuracy: 0.883 ; loss: 0.420
2018-03-12 16:29:46,439:INFO: - Eval metrics : accuracy: 0.841 ; loss: 0.000
2018-03-12 16:29:46,440:INFO: Epoch 30/30
2018-03-12 16:30:10,068:INFO: - Train metrics: accuracy: 0.885 ; loss: 0.441
2018-03-12 16:30:11,640:INFO: - Eval metrics : accuracy: 0.844 ; loss: 0.000
2018-03-12 16:30:11,640:INFO: - Found new best accuracy
