2018-03-14 19:10:59,498:INFO: Loading the datasets...
2018-03-14 19:11:03,122:INFO: - done.
2018-03-14 19:11:05,666:INFO: Experiment - model version: cnn_distill
2018-03-14 19:11:05,666:INFO: Starting training for 30 epoch(s)
2018-03-14 19:11:05,666:INFO: First, loading the teacher model and computing its outputs...
2018-03-14 19:11:54,970:INFO: - Finished computing teacher outputs after 50 secs..
2018-03-14 19:11:54,972:INFO: Epoch 1/30
2018-03-14 19:12:02,699:INFO: - Train metrics: accuracy: 0.502 ; loss: 0.997
2018-03-14 19:12:03,557:INFO: - Eval metrics : accuracy: 0.674 ; loss: 0.000
2018-03-14 19:12:03,575:INFO: - Found new best accuracy
2018-03-14 19:12:03,575:INFO: Epoch 2/30
2018-03-14 19:12:11,275:INFO: - Train metrics: accuracy: 0.715 ; loss: 0.760
2018-03-14 19:12:12,133:INFO: - Eval metrics : accuracy: 0.739 ; loss: 0.000
2018-03-14 19:12:12,164:INFO: - Found new best accuracy
2018-03-14 19:12:12,165:INFO: Epoch 3/30
2018-03-14 19:12:19,874:INFO: - Train metrics: accuracy: 0.771 ; loss: 0.693
2018-03-14 19:12:20,717:INFO: - Eval metrics : accuracy: 0.761 ; loss: 0.000
2018-03-14 19:12:20,745:INFO: - Found new best accuracy
2018-03-14 19:12:20,745:INFO: Epoch 4/30
2018-03-14 19:12:28,442:INFO: - Train metrics: accuracy: 0.834 ; loss: 0.619
2018-03-14 19:12:29,286:INFO: - Eval metrics : accuracy: 0.768 ; loss: 0.000
2018-03-14 19:12:29,322:INFO: - Found new best accuracy
2018-03-14 19:12:29,323:INFO: Epoch 5/30
2018-03-14 19:12:37,017:INFO: - Train metrics: accuracy: 0.861 ; loss: 0.595
2018-03-14 19:12:37,855:INFO: - Eval metrics : accuracy: 0.774 ; loss: 0.000
2018-03-14 19:12:37,888:INFO: - Found new best accuracy
2018-03-14 19:12:37,888:INFO: Epoch 6/30
2018-03-14 19:12:45,589:INFO: - Train metrics: accuracy: 0.898 ; loss: 0.584
2018-03-14 19:12:46,418:INFO: - Eval metrics : accuracy: 0.777 ; loss: 0.000
2018-03-14 19:12:46,454:INFO: - Found new best accuracy
2018-03-14 19:12:46,455:INFO: Epoch 7/30
2018-03-14 19:12:54,162:INFO: - Train metrics: accuracy: 0.939 ; loss: 0.520
2018-03-14 19:12:55,011:INFO: - Eval metrics : accuracy: 0.776 ; loss: 0.000
2018-03-14 19:12:55,027:INFO: Epoch 8/30
2018-03-14 19:13:02,736:INFO: - Train metrics: accuracy: 0.918 ; loss: 0.527
2018-03-14 19:13:03,606:INFO: - Eval metrics : accuracy: 0.779 ; loss: 0.000
2018-03-14 19:13:03,640:INFO: - Found new best accuracy
2018-03-14 19:13:03,640:INFO: Epoch 9/30
2018-03-14 19:13:11,340:INFO: - Train metrics: accuracy: 0.965 ; loss: 0.504
2018-03-14 19:13:12,173:INFO: - Eval metrics : accuracy: 0.781 ; loss: 0.000
2018-03-14 19:13:12,203:INFO: - Found new best accuracy
2018-03-14 19:13:12,203:INFO: Epoch 10/30
2018-03-14 19:13:19,915:INFO: - Train metrics: accuracy: 0.961 ; loss: 0.485
2018-03-14 19:13:20,775:INFO: - Eval metrics : accuracy: 0.772 ; loss: 0.000
2018-03-14 19:13:20,787:INFO: Epoch 11/30
2018-03-14 19:13:28,496:INFO: - Train metrics: accuracy: 0.988 ; loss: 0.477
2018-03-14 19:13:29,337:INFO: - Eval metrics : accuracy: 0.767 ; loss: 0.000
2018-03-14 19:13:29,352:INFO: Epoch 12/30
2018-03-14 19:13:37,056:INFO: - Train metrics: accuracy: 0.994 ; loss: 0.469
2018-03-14 19:13:37,891:INFO: - Eval metrics : accuracy: 0.769 ; loss: 0.000
2018-03-14 19:13:37,917:INFO: Epoch 13/30
2018-03-14 19:13:45,615:INFO: - Train metrics: accuracy: 0.984 ; loss: 0.463
2018-03-14 19:13:46,462:INFO: - Eval metrics : accuracy: 0.770 ; loss: 0.000
2018-03-14 19:13:46,485:INFO: Epoch 14/30
2018-03-14 19:13:54,204:INFO: - Train metrics: accuracy: 0.992 ; loss: 0.454
2018-03-14 19:13:55,054:INFO: - Eval metrics : accuracy: 0.778 ; loss: 0.000
2018-03-14 19:13:55,073:INFO: Epoch 15/30
2018-03-14 19:14:02,787:INFO: - Train metrics: accuracy: 0.992 ; loss: 0.451
2018-03-14 19:14:03,654:INFO: - Eval metrics : accuracy: 0.770 ; loss: 0.000
2018-03-14 19:14:03,673:INFO: Epoch 16/30
2018-03-14 19:14:11,392:INFO: - Train metrics: accuracy: 0.996 ; loss: 0.451
2018-03-14 19:14:12,238:INFO: - Eval metrics : accuracy: 0.776 ; loss: 0.000
2018-03-14 19:14:12,257:INFO: Epoch 17/30
2018-03-14 19:14:19,970:INFO: - Train metrics: accuracy: 1.000 ; loss: 0.438
2018-03-14 19:14:20,827:INFO: - Eval metrics : accuracy: 0.778 ; loss: 0.000
2018-03-14 19:14:20,849:INFO: Epoch 18/30
2018-03-14 19:14:28,559:INFO: - Train metrics: accuracy: 1.000 ; loss: 0.436
2018-03-14 19:14:29,410:INFO: - Eval metrics : accuracy: 0.774 ; loss: 0.000
2018-03-14 19:14:29,423:INFO: Epoch 19/30
2018-03-14 19:14:37,126:INFO: - Train metrics: accuracy: 0.994 ; loss: 0.432
2018-03-14 19:14:37,964:INFO: - Eval metrics : accuracy: 0.773 ; loss: 0.000
2018-03-14 19:14:37,980:INFO: Epoch 20/30
2018-03-14 19:14:45,684:INFO: - Train metrics: accuracy: 0.998 ; loss: 0.438
2018-03-14 19:14:46,528:INFO: - Eval metrics : accuracy: 0.775 ; loss: 0.000
2018-03-14 19:14:46,544:INFO: Epoch 21/30
2018-03-14 19:14:54,249:INFO: - Train metrics: accuracy: 1.000 ; loss: 0.434
2018-03-14 19:14:55,101:INFO: - Eval metrics : accuracy: 0.770 ; loss: 0.000
2018-03-14 19:14:55,116:INFO: Epoch 22/30
2018-03-14 19:15:02,835:INFO: - Train metrics: accuracy: 0.998 ; loss: 0.431
2018-03-14 19:15:03,689:INFO: - Eval metrics : accuracy: 0.774 ; loss: 0.000
2018-03-14 19:15:03,705:INFO: Epoch 23/30
2018-03-14 19:15:11,414:INFO: - Train metrics: accuracy: 1.000 ; loss: 0.433
2018-03-14 19:15:12,254:INFO: - Eval metrics : accuracy: 0.776 ; loss: 0.000
2018-03-14 19:15:12,273:INFO: Epoch 24/30
2018-03-14 19:15:19,985:INFO: - Train metrics: accuracy: 0.998 ; loss: 0.429
2018-03-14 19:15:20,854:INFO: - Eval metrics : accuracy: 0.772 ; loss: 0.000
2018-03-14 19:15:20,873:INFO: Epoch 25/30
2018-03-14 19:15:28,567:INFO: - Train metrics: accuracy: 1.000 ; loss: 0.430
2018-03-14 19:15:29,426:INFO: - Eval metrics : accuracy: 0.778 ; loss: 0.000
2018-03-14 19:15:29,453:INFO: Epoch 26/30
2018-03-14 19:15:37,153:INFO: - Train metrics: accuracy: 1.000 ; loss: 0.427
2018-03-14 19:15:37,983:INFO: - Eval metrics : accuracy: 0.776 ; loss: 0.000
2018-03-14 19:15:37,998:INFO: Epoch 27/30
2018-03-14 19:15:45,699:INFO: - Train metrics: accuracy: 0.998 ; loss: 0.418
2018-03-14 19:15:46,559:INFO: - Eval metrics : accuracy: 0.770 ; loss: 0.000
2018-03-14 19:15:46,585:INFO: Epoch 28/30
2018-03-14 19:15:54,298:INFO: - Train metrics: accuracy: 1.000 ; loss: 0.415
2018-03-14 19:15:55,150:INFO: - Eval metrics : accuracy: 0.775 ; loss: 0.000
2018-03-14 19:15:55,177:INFO: Epoch 29/30
2018-03-14 19:16:02,885:INFO: - Train metrics: accuracy: 1.000 ; loss: 0.420
2018-03-14 19:16:03,748:INFO: - Eval metrics : accuracy: 0.770 ; loss: 0.000
2018-03-14 19:16:03,768:INFO: Epoch 30/30
2018-03-14 19:16:11,473:INFO: - Train metrics: accuracy: 1.000 ; loss: 0.429
2018-03-14 19:16:12,327:INFO: - Eval metrics : accuracy: 0.774 ; loss: 0.000
