2018-03-13 06:44:43,457:INFO: Loading the datasets...
2018-03-13 06:44:46,965:INFO: - done.
2018-03-13 06:52:45,250:INFO: Loading the datasets...
2018-03-13 06:52:48,784:INFO: - done.
2018-03-13 07:33:53,818:INFO: Loading the datasets...
2018-03-13 07:33:57,335:INFO: - done.
2018-03-13 07:34:02,702:INFO: Experiment: model version: resnet18_distill
2018-03-13 07:34:02,702:INFO: Starting training for 170 epoch(s)
2018-03-13 07:34:02,702:INFO: First, loading the teacher model and computing its outputs...
2018-03-13 07:36:34,931:INFO: Loading the datasets...
2018-03-13 07:36:38,449:INFO: - done.
2018-03-13 07:36:43,800:INFO: Experiment: model version: resnet18_distill
2018-03-13 07:36:43,800:INFO: Starting training for 175 epoch(s)
2018-03-13 07:36:43,800:INFO: First, loading the teacher model and computing its outputs...
2018-03-13 07:43:52,890:INFO: - Finished computing teacher outputs after 430 secs..
2018-03-13 07:43:52,891:INFO: Epoch 1/175
2018-03-13 07:47:49,514:INFO: - Train metrics: accuracy: 0.387 ; loss: 1.443
2018-03-13 07:47:59,919:INFO: - Eval metrics : accuracy: 0.528 ; loss: 0.000
2018-03-13 07:48:00,101:INFO: - Found new best accuracy
2018-03-13 07:48:00,102:INFO: Epoch 2/175
2018-03-13 07:51:56,851:INFO: - Train metrics: accuracy: 0.639 ; loss: 1.442
2018-03-13 07:52:07,288:INFO: - Eval metrics : accuracy: 0.657 ; loss: 0.000
2018-03-13 07:52:08,262:INFO: - Found new best accuracy
2018-03-13 07:52:08,262:INFO: Epoch 3/175
2018-03-13 07:56:04,921:INFO: - Train metrics: accuracy: 0.713 ; loss: 1.457
2018-03-13 07:56:15,348:INFO: - Eval metrics : accuracy: 0.717 ; loss: 0.000
2018-03-13 07:56:16,324:INFO: - Found new best accuracy
2018-03-13 07:56:16,325:INFO: Epoch 4/175
2018-03-13 08:00:12,961:INFO: - Train metrics: accuracy: 0.793 ; loss: 1.436
2018-03-13 08:00:23,389:INFO: - Eval metrics : accuracy: 0.666 ; loss: 0.000
2018-03-13 08:00:23,763:INFO: Epoch 5/175
2018-03-13 08:04:20,299:INFO: - Train metrics: accuracy: 0.826 ; loss: 1.423
2018-03-13 08:04:30,731:INFO: - Eval metrics : accuracy: 0.657 ; loss: 0.000
2018-03-13 08:04:31,114:INFO: Epoch 6/175
2018-03-13 08:08:27,717:INFO: - Train metrics: accuracy: 0.801 ; loss: 1.422
2018-03-13 08:08:38,139:INFO: - Eval metrics : accuracy: 0.741 ; loss: 0.000
2018-03-13 08:08:39,117:INFO: - Found new best accuracy
2018-03-13 08:08:39,118:INFO: Epoch 7/175
2018-03-13 08:12:35,621:INFO: - Train metrics: accuracy: 0.863 ; loss: 1.398
2018-03-13 08:12:46,036:INFO: - Eval metrics : accuracy: 0.815 ; loss: 0.000
2018-03-13 08:12:47,000:INFO: - Found new best accuracy
2018-03-13 08:12:47,006:INFO: Epoch 8/175
2018-03-13 08:16:43,473:INFO: - Train metrics: accuracy: 0.830 ; loss: 1.441
2018-03-13 08:16:53,900:INFO: - Eval metrics : accuracy: 0.718 ; loss: 0.000
2018-03-13 08:16:54,291:INFO: Epoch 9/175
2018-03-13 08:20:50,673:INFO: - Train metrics: accuracy: 0.846 ; loss: 1.409
2018-03-13 08:21:01,093:INFO: - Eval metrics : accuracy: 0.801 ; loss: 0.000
2018-03-13 08:21:01,470:INFO: Epoch 10/175
2018-03-13 08:24:57,826:INFO: - Train metrics: accuracy: 0.840 ; loss: 1.410
2018-03-13 08:25:08,229:INFO: - Eval metrics : accuracy: 0.799 ; loss: 0.000
2018-03-13 08:25:08,615:INFO: Epoch 11/175
2018-03-13 08:29:04,786:INFO: - Train metrics: accuracy: 0.838 ; loss: 1.438
2018-03-13 08:29:15,198:INFO: - Eval metrics : accuracy: 0.730 ; loss: 0.000
2018-03-13 08:29:15,579:INFO: Epoch 12/175
2018-03-13 08:33:11,707:INFO: - Train metrics: accuracy: 0.852 ; loss: 1.417
2018-03-13 08:33:22,112:INFO: - Eval metrics : accuracy: 0.820 ; loss: 0.000
2018-03-13 08:33:23,090:INFO: - Found new best accuracy
2018-03-13 08:33:23,091:INFO: Epoch 13/175
2018-03-13 08:37:19,215:INFO: - Train metrics: accuracy: 0.861 ; loss: 1.417
2018-03-13 08:37:29,626:INFO: - Eval metrics : accuracy: 0.841 ; loss: 0.000
2018-03-13 08:37:30,604:INFO: - Found new best accuracy
2018-03-13 08:37:30,605:INFO: Epoch 14/175
2018-03-13 08:41:26,792:INFO: - Train metrics: accuracy: 0.895 ; loss: 1.409
2018-03-13 08:41:37,213:INFO: - Eval metrics : accuracy: 0.797 ; loss: 0.000
2018-03-13 08:41:37,593:INFO: Epoch 15/175
2018-03-13 08:45:33,687:INFO: - Train metrics: accuracy: 0.877 ; loss: 1.407
2018-03-13 08:45:44,074:INFO: - Eval metrics : accuracy: 0.736 ; loss: 0.000
2018-03-13 08:45:44,455:INFO: Epoch 16/175
2018-03-13 08:49:40,535:INFO: - Train metrics: accuracy: 0.855 ; loss: 1.416
2018-03-13 08:49:50,957:INFO: - Eval metrics : accuracy: 0.733 ; loss: 0.000
2018-03-13 08:49:51,338:INFO: Epoch 17/175
2018-03-13 08:53:47,370:INFO: - Train metrics: accuracy: 0.895 ; loss: 1.413
2018-03-13 08:53:57,778:INFO: - Eval metrics : accuracy: 0.821 ; loss: 0.000
2018-03-13 08:53:58,150:INFO: Epoch 18/175
2018-03-13 08:57:54,174:INFO: - Train metrics: accuracy: 0.873 ; loss: 1.393
2018-03-13 08:58:04,562:INFO: - Eval metrics : accuracy: 0.826 ; loss: 0.000
2018-03-13 08:58:04,942:INFO: Epoch 19/175
2018-03-13 09:02:00,967:INFO: - Train metrics: accuracy: 0.855 ; loss: 1.401
2018-03-13 09:02:11,388:INFO: - Eval metrics : accuracy: 0.834 ; loss: 0.000
2018-03-13 09:02:11,770:INFO: Epoch 20/175
2018-03-13 09:06:07,747:INFO: - Train metrics: accuracy: 0.879 ; loss: 1.419
2018-03-13 09:06:18,176:INFO: - Eval metrics : accuracy: 0.809 ; loss: 0.000
2018-03-13 09:06:18,547:INFO: Epoch 21/175
2018-03-13 09:10:14,521:INFO: - Train metrics: accuracy: 0.881 ; loss: 1.401
2018-03-13 09:10:24,916:INFO: - Eval metrics : accuracy: 0.800 ; loss: 0.000
2018-03-13 09:10:25,305:INFO: Epoch 22/175
2018-03-13 09:14:21,274:INFO: - Train metrics: accuracy: 0.865 ; loss: 1.425
2018-03-13 09:14:31,667:INFO: - Eval metrics : accuracy: 0.819 ; loss: 0.000
2018-03-13 09:14:32,035:INFO: Epoch 23/175
2018-03-13 09:18:27,995:INFO: - Train metrics: accuracy: 0.879 ; loss: 1.439
2018-03-13 09:18:38,387:INFO: - Eval metrics : accuracy: 0.798 ; loss: 0.000
2018-03-13 09:18:38,765:INFO: Epoch 24/175
2018-03-13 09:22:34,633:INFO: - Train metrics: accuracy: 0.889 ; loss: 1.425
2018-03-13 09:22:45,050:INFO: - Eval metrics : accuracy: 0.824 ; loss: 0.000
2018-03-13 09:22:45,433:INFO: Epoch 25/175
2018-03-13 09:26:41,405:INFO: - Train metrics: accuracy: 0.873 ; loss: 1.427
2018-03-13 09:26:51,804:INFO: - Eval metrics : accuracy: 0.784 ; loss: 0.000
2018-03-13 09:26:52,199:INFO: Epoch 26/175
2018-03-13 09:30:48,075:INFO: - Train metrics: accuracy: 0.867 ; loss: 1.405
2018-03-13 09:30:58,500:INFO: - Eval metrics : accuracy: 0.825 ; loss: 0.000
2018-03-13 09:30:58,874:INFO: Epoch 27/175
2018-03-13 09:34:54,894:INFO: - Train metrics: accuracy: 0.893 ; loss: 1.396
2018-03-13 09:35:05,307:INFO: - Eval metrics : accuracy: 0.844 ; loss: 0.000
2018-03-13 09:35:06,280:INFO: - Found new best accuracy
2018-03-13 09:35:06,286:INFO: Epoch 28/175
2018-03-13 09:39:02,299:INFO: - Train metrics: accuracy: 0.895 ; loss: 1.420
2018-03-13 09:39:12,726:INFO: - Eval metrics : accuracy: 0.837 ; loss: 0.000
2018-03-13 09:39:13,099:INFO: Epoch 29/175
2018-03-13 09:43:09,125:INFO: - Train metrics: accuracy: 0.889 ; loss: 1.436
2018-03-13 09:43:19,523:INFO: - Eval metrics : accuracy: 0.849 ; loss: 0.000
2018-03-13 09:43:20,497:INFO: - Found new best accuracy
2018-03-13 09:43:20,503:INFO: Epoch 30/175
2018-03-13 09:47:16,463:INFO: - Train metrics: accuracy: 0.904 ; loss: 1.420
2018-03-13 09:47:26,860:INFO: - Eval metrics : accuracy: 0.822 ; loss: 0.000
2018-03-13 09:47:27,235:INFO: Epoch 31/175
2018-03-13 09:51:23,233:INFO: - Train metrics: accuracy: 0.902 ; loss: 1.406
2018-03-13 09:51:33,608:INFO: - Eval metrics : accuracy: 0.809 ; loss: 0.000
2018-03-13 09:51:34,005:INFO: Epoch 32/175
2018-03-13 09:55:29,991:INFO: - Train metrics: accuracy: 0.875 ; loss: 1.433
2018-03-13 09:55:40,420:INFO: - Eval metrics : accuracy: 0.783 ; loss: 0.000
2018-03-13 09:55:40,796:INFO: Epoch 33/175
2018-03-13 09:59:36,682:INFO: - Train metrics: accuracy: 0.887 ; loss: 1.422
2018-03-13 09:59:47,071:INFO: - Eval metrics : accuracy: 0.839 ; loss: 0.000
2018-03-13 09:59:47,442:INFO: Epoch 34/175
2018-03-13 10:03:43,419:INFO: - Train metrics: accuracy: 0.889 ; loss: 1.448
2018-03-13 10:03:53,825:INFO: - Eval metrics : accuracy: 0.805 ; loss: 0.000
2018-03-13 10:03:54,207:INFO: Epoch 35/175
2018-03-13 10:07:50,188:INFO: - Train metrics: accuracy: 0.895 ; loss: 1.418
2018-03-13 10:08:00,588:INFO: - Eval metrics : accuracy: 0.848 ; loss: 0.000
2018-03-13 10:08:00,957:INFO: Epoch 36/175
2018-03-13 10:11:56,775:INFO: - Train metrics: accuracy: 0.881 ; loss: 1.413
2018-03-13 10:12:07,192:INFO: - Eval metrics : accuracy: 0.823 ; loss: 0.000
2018-03-13 10:12:07,568:INFO: Epoch 37/175
2018-03-13 10:16:03,492:INFO: - Train metrics: accuracy: 0.912 ; loss: 1.428
2018-03-13 10:16:13,899:INFO: - Eval metrics : accuracy: 0.840 ; loss: 0.000
2018-03-13 10:16:14,289:INFO: Epoch 38/175
2018-03-13 10:20:10,234:INFO: - Train metrics: accuracy: 0.865 ; loss: 1.430
2018-03-13 10:20:20,612:INFO: - Eval metrics : accuracy: 0.763 ; loss: 0.000
2018-03-13 10:20:20,991:INFO: Epoch 39/175
2018-03-13 10:24:16,855:INFO: - Train metrics: accuracy: 0.902 ; loss: 1.416
2018-03-13 10:24:27,247:INFO: - Eval metrics : accuracy: 0.822 ; loss: 0.000
2018-03-13 10:24:27,646:INFO: Epoch 40/175
2018-03-13 10:28:23,586:INFO: - Train metrics: accuracy: 0.896 ; loss: 1.418
2018-03-13 10:28:33,987:INFO: - Eval metrics : accuracy: 0.807 ; loss: 0.000
2018-03-13 10:28:34,370:INFO: Epoch 41/175
2018-03-13 10:32:30,318:INFO: - Train metrics: accuracy: 0.881 ; loss: 1.412
2018-03-13 10:32:40,736:INFO: - Eval metrics : accuracy: 0.755 ; loss: 0.000
2018-03-13 10:32:41,113:INFO: Epoch 42/175
2018-03-13 10:36:36,882:INFO: - Train metrics: accuracy: 0.885 ; loss: 1.433
2018-03-13 10:36:47,267:INFO: - Eval metrics : accuracy: 0.818 ; loss: 0.000
2018-03-13 10:36:47,627:INFO: Epoch 43/175
2018-03-13 10:40:43,445:INFO: - Train metrics: accuracy: 0.898 ; loss: 1.391
2018-03-13 10:40:53,837:INFO: - Eval metrics : accuracy: 0.850 ; loss: 0.000
2018-03-13 10:40:54,813:INFO: - Found new best accuracy
2018-03-13 10:40:54,814:INFO: Epoch 44/175
2018-03-13 10:44:50,549:INFO: - Train metrics: accuracy: 0.896 ; loss: 1.395
2018-03-13 10:45:00,940:INFO: - Eval metrics : accuracy: 0.854 ; loss: 0.000
2018-03-13 10:45:01,910:INFO: - Found new best accuracy
2018-03-13 10:45:01,911:INFO: Epoch 45/175
2018-03-13 10:48:57,658:INFO: - Train metrics: accuracy: 0.906 ; loss: 1.402
2018-03-13 10:49:08,057:INFO: - Eval metrics : accuracy: 0.830 ; loss: 0.000
2018-03-13 10:49:08,433:INFO: Epoch 46/175
2018-03-13 10:53:04,263:INFO: - Train metrics: accuracy: 0.887 ; loss: 1.407
2018-03-13 10:53:14,677:INFO: - Eval metrics : accuracy: 0.848 ; loss: 0.000
2018-03-13 10:53:15,076:INFO: Epoch 47/175
2018-03-13 10:57:10,884:INFO: - Train metrics: accuracy: 0.875 ; loss: 1.398
2018-03-13 10:57:21,280:INFO: - Eval metrics : accuracy: 0.830 ; loss: 0.000
2018-03-13 10:57:21,657:INFO: Epoch 48/175
2018-03-13 11:01:17,447:INFO: - Train metrics: accuracy: 0.906 ; loss: 1.416
2018-03-13 11:01:27,871:INFO: - Eval metrics : accuracy: 0.823 ; loss: 0.000
2018-03-13 11:01:28,251:INFO: Epoch 49/175
2018-03-13 11:05:24,001:INFO: - Train metrics: accuracy: 0.893 ; loss: 1.401
2018-03-13 11:05:34,408:INFO: - Eval metrics : accuracy: 0.839 ; loss: 0.000
2018-03-13 11:05:34,790:INFO: Epoch 50/175
2018-03-13 11:09:30,471:INFO: - Train metrics: accuracy: 0.885 ; loss: 1.421
2018-03-13 11:09:40,867:INFO: - Eval metrics : accuracy: 0.866 ; loss: 0.000
2018-03-13 11:09:41,842:INFO: - Found new best accuracy
2018-03-13 11:09:41,847:INFO: Epoch 51/175
2018-03-13 11:13:37,514:INFO: - Train metrics: accuracy: 0.877 ; loss: 1.412
2018-03-13 11:13:47,923:INFO: - Eval metrics : accuracy: 0.779 ; loss: 0.000
2018-03-13 11:13:48,317:INFO: Epoch 52/175
2018-03-13 11:17:43,925:INFO: - Train metrics: accuracy: 0.893 ; loss: 1.435
2018-03-13 11:17:54,337:INFO: - Eval metrics : accuracy: 0.806 ; loss: 0.000
2018-03-13 11:17:54,709:INFO: Epoch 53/175
2018-03-13 11:21:50,378:INFO: - Train metrics: accuracy: 0.916 ; loss: 1.411
2018-03-13 11:22:00,760:INFO: - Eval metrics : accuracy: 0.847 ; loss: 0.000
2018-03-13 11:22:01,141:INFO: Epoch 54/175
2018-03-13 11:25:56,786:INFO: - Train metrics: accuracy: 0.904 ; loss: 1.427
2018-03-13 11:26:07,177:INFO: - Eval metrics : accuracy: 0.813 ; loss: 0.000
2018-03-13 11:26:07,556:INFO: Epoch 55/175
2018-03-13 11:30:03,247:INFO: - Train metrics: accuracy: 0.900 ; loss: 1.433
2018-03-13 11:30:13,638:INFO: - Eval metrics : accuracy: 0.834 ; loss: 0.000
2018-03-13 11:30:14,014:INFO: Epoch 56/175
2018-03-13 11:34:09,618:INFO: - Train metrics: accuracy: 0.896 ; loss: 1.421
2018-03-13 11:34:20,019:INFO: - Eval metrics : accuracy: 0.823 ; loss: 0.000
2018-03-13 11:34:20,391:INFO: Epoch 57/175
2018-03-13 11:38:16,012:INFO: - Train metrics: accuracy: 0.898 ; loss: 1.417
2018-03-13 11:38:26,402:INFO: - Eval metrics : accuracy: 0.825 ; loss: 0.000
2018-03-13 11:38:26,776:INFO: Epoch 58/175
2018-03-13 11:42:22,377:INFO: - Train metrics: accuracy: 0.904 ; loss: 1.415
2018-03-13 11:42:32,752:INFO: - Eval metrics : accuracy: 0.819 ; loss: 0.000
2018-03-13 11:42:33,139:INFO: Epoch 59/175
2018-03-13 11:46:28,776:INFO: - Train metrics: accuracy: 0.912 ; loss: 1.419
2018-03-13 11:46:39,162:INFO: - Eval metrics : accuracy: 0.866 ; loss: 0.000
2018-03-13 11:46:39,546:INFO: Epoch 60/175
2018-03-13 11:50:35,150:INFO: - Train metrics: accuracy: 0.885 ; loss: 1.423
2018-03-13 11:50:45,568:INFO: - Eval metrics : accuracy: 0.796 ; loss: 0.000
2018-03-13 11:50:45,945:INFO: Epoch 61/175
2018-03-13 11:54:41,423:INFO: - Train metrics: accuracy: 0.879 ; loss: 1.429
2018-03-13 11:54:51,836:INFO: - Eval metrics : accuracy: 0.826 ; loss: 0.000
2018-03-13 11:54:52,203:INFO: Epoch 62/175
2018-03-13 11:58:47,727:INFO: - Train metrics: accuracy: 0.889 ; loss: 1.429
2018-03-13 11:58:58,074:INFO: - Eval metrics : accuracy: 0.852 ; loss: 0.000
2018-03-13 11:58:58,451:INFO: Epoch 63/175
2018-03-13 12:02:53,899:INFO: - Train metrics: accuracy: 0.873 ; loss: 1.404
2018-03-13 12:03:04,301:INFO: - Eval metrics : accuracy: 0.838 ; loss: 0.000
2018-03-13 12:03:04,791:INFO: Epoch 64/175
2018-03-13 12:07:00,406:INFO: - Train metrics: accuracy: 0.900 ; loss: 1.381
2018-03-13 12:07:10,796:INFO: - Eval metrics : accuracy: 0.829 ; loss: 0.000
2018-03-13 12:07:11,174:INFO: Epoch 65/175
2018-03-13 12:11:06,803:INFO: - Train metrics: accuracy: 0.906 ; loss: 1.431
2018-03-13 12:11:17,195:INFO: - Eval metrics : accuracy: 0.837 ; loss: 0.000
2018-03-13 12:11:17,594:INFO: Epoch 66/175
2018-03-13 12:15:13,249:INFO: - Train metrics: accuracy: 0.908 ; loss: 1.402
2018-03-13 12:15:23,637:INFO: - Eval metrics : accuracy: 0.835 ; loss: 0.000
2018-03-13 12:15:24,012:INFO: Epoch 67/175
2018-03-13 12:19:19,679:INFO: - Train metrics: accuracy: 0.891 ; loss: 1.419
2018-03-13 12:19:30,077:INFO: - Eval metrics : accuracy: 0.855 ; loss: 0.000
2018-03-13 12:19:30,449:INFO: Epoch 68/175
2018-03-13 12:23:26,035:INFO: - Train metrics: accuracy: 0.887 ; loss: 1.419
2018-03-13 12:23:36,424:INFO: - Eval metrics : accuracy: 0.811 ; loss: 0.000
2018-03-13 12:23:36,798:INFO: Epoch 69/175
2018-03-13 12:27:32,416:INFO: - Train metrics: accuracy: 0.904 ; loss: 1.402
2018-03-13 12:27:42,829:INFO: - Eval metrics : accuracy: 0.839 ; loss: 0.000
2018-03-13 12:27:43,213:INFO: Epoch 70/175
2018-03-13 12:31:38,886:INFO: - Train metrics: accuracy: 0.887 ; loss: 1.450
2018-03-13 12:31:49,301:INFO: - Eval metrics : accuracy: 0.811 ; loss: 0.000
2018-03-13 12:31:49,696:INFO: Epoch 71/175
2018-03-13 12:35:45,175:INFO: - Train metrics: accuracy: 0.889 ; loss: 1.436
2018-03-13 12:35:55,577:INFO: - Eval metrics : accuracy: 0.836 ; loss: 0.000
2018-03-13 12:35:55,949:INFO: Epoch 72/175
2018-03-13 12:39:51,587:INFO: - Train metrics: accuracy: 0.885 ; loss: 1.386
2018-03-13 12:40:02,009:INFO: - Eval metrics : accuracy: 0.864 ; loss: 0.000
2018-03-13 12:40:02,382:INFO: Epoch 73/175
2018-03-13 12:43:57,526:INFO: - Train metrics: accuracy: 0.891 ; loss: 1.393
2018-03-13 12:44:07,908:INFO: - Eval metrics : accuracy: 0.799 ; loss: 0.000
2018-03-13 12:44:08,281:INFO: Epoch 74/175
2018-03-13 12:48:03,748:INFO: - Train metrics: accuracy: 0.908 ; loss: 1.445
2018-03-13 12:48:14,140:INFO: - Eval metrics : accuracy: 0.836 ; loss: 0.000
2018-03-13 12:48:14,522:INFO: Epoch 75/175
2018-03-13 12:52:10,031:INFO: - Train metrics: accuracy: 0.904 ; loss: 1.403
2018-03-13 12:52:20,434:INFO: - Eval metrics : accuracy: 0.802 ; loss: 0.000
2018-03-13 12:52:20,807:INFO: Epoch 76/175
2018-03-13 12:56:16,328:INFO: - Train metrics: accuracy: 0.896 ; loss: 1.442
2018-03-13 12:56:26,719:INFO: - Eval metrics : accuracy: 0.759 ; loss: 0.000
2018-03-13 12:56:27,098:INFO: Epoch 77/175
2018-03-13 13:00:22,537:INFO: - Train metrics: accuracy: 0.891 ; loss: 1.430
2018-03-13 13:00:32,936:INFO: - Eval metrics : accuracy: 0.859 ; loss: 0.000
2018-03-13 13:00:33,436:INFO: Epoch 78/175
2018-03-13 13:04:28,934:INFO: - Train metrics: accuracy: 0.916 ; loss: 1.393
2018-03-13 13:04:39,304:INFO: - Eval metrics : accuracy: 0.845 ; loss: 0.000
2018-03-13 13:04:39,690:INFO: Epoch 79/175
2018-03-13 13:08:35,091:INFO: - Train metrics: accuracy: 0.879 ; loss: 1.419
2018-03-13 13:08:45,482:INFO: - Eval metrics : accuracy: 0.795 ; loss: 0.000
2018-03-13 13:08:45,853:INFO: Epoch 80/175
2018-03-13 13:12:41,225:INFO: - Train metrics: accuracy: 0.904 ; loss: 1.429
2018-03-13 13:12:51,633:INFO: - Eval metrics : accuracy: 0.759 ; loss: 0.000
2018-03-13 13:12:52,011:INFO: Epoch 81/175
2018-03-13 13:16:47,407:INFO: - Train metrics: accuracy: 0.918 ; loss: 1.425
2018-03-13 13:16:57,801:INFO: - Eval metrics : accuracy: 0.812 ; loss: 0.000
2018-03-13 13:16:58,179:INFO: Epoch 82/175
2018-03-13 13:20:53,536:INFO: - Train metrics: accuracy: 0.896 ; loss: 1.416
2018-03-13 13:21:03,933:INFO: - Eval metrics : accuracy: 0.818 ; loss: 0.000
2018-03-13 13:21:04,315:INFO: Epoch 83/175
2018-03-13 13:24:59,708:INFO: - Train metrics: accuracy: 0.910 ; loss: 1.436
2018-03-13 13:25:10,101:INFO: - Eval metrics : accuracy: 0.833 ; loss: 0.000
2018-03-13 13:25:10,479:INFO: Epoch 84/175
2018-03-13 13:29:05,895:INFO: - Train metrics: accuracy: 0.898 ; loss: 1.429
2018-03-13 13:29:16,305:INFO: - Eval metrics : accuracy: 0.843 ; loss: 0.000
2018-03-13 13:29:16,771:INFO: Epoch 85/175
2018-03-13 13:33:12,104:INFO: - Train metrics: accuracy: 0.922 ; loss: 1.410
2018-03-13 13:33:22,503:INFO: - Eval metrics : accuracy: 0.836 ; loss: 0.000
2018-03-13 13:33:22,879:INFO: Epoch 86/175
2018-03-13 13:37:18,220:INFO: - Train metrics: accuracy: 0.896 ; loss: 1.425
2018-03-13 13:37:28,611:INFO: - Eval metrics : accuracy: 0.820 ; loss: 0.000
2018-03-13 13:37:28,991:INFO: Epoch 87/175
2018-03-13 13:41:24,324:INFO: - Train metrics: accuracy: 0.918 ; loss: 1.416
2018-03-13 13:41:34,729:INFO: - Eval metrics : accuracy: 0.760 ; loss: 0.000
2018-03-13 13:41:35,111:INFO: Epoch 88/175
2018-03-13 13:45:30,434:INFO: - Train metrics: accuracy: 0.887 ; loss: 1.414
2018-03-13 13:45:40,853:INFO: - Eval metrics : accuracy: 0.843 ; loss: 0.000
2018-03-13 13:45:41,239:INFO: Epoch 89/175
2018-03-13 13:49:36,678:INFO: - Train metrics: accuracy: 0.889 ; loss: 1.397
2018-03-13 13:49:47,091:INFO: - Eval metrics : accuracy: 0.820 ; loss: 0.000
2018-03-13 13:49:47,471:INFO: Epoch 90/175
2018-03-13 13:53:43,000:INFO: - Train metrics: accuracy: 0.887 ; loss: 1.419
2018-03-13 13:53:53,415:INFO: - Eval metrics : accuracy: 0.795 ; loss: 0.000
2018-03-13 13:53:53,784:INFO: Epoch 91/175
2018-03-13 13:57:49,399:INFO: - Train metrics: accuracy: 0.873 ; loss: 1.416
2018-03-13 13:57:59,817:INFO: - Eval metrics : accuracy: 0.821 ; loss: 0.000
2018-03-13 13:58:00,191:INFO: Epoch 92/175
2018-03-13 14:01:55,804:INFO: - Train metrics: accuracy: 0.895 ; loss: 1.427
2018-03-13 14:02:06,212:INFO: - Eval metrics : accuracy: 0.832 ; loss: 0.000
2018-03-13 14:02:06,593:INFO: Epoch 93/175
2018-03-13 14:06:02,246:INFO: - Train metrics: accuracy: 0.906 ; loss: 1.403
2018-03-13 14:06:12,662:INFO: - Eval metrics : accuracy: 0.850 ; loss: 0.000
2018-03-13 14:06:13,052:INFO: Epoch 94/175
2018-03-13 14:10:08,675:INFO: - Train metrics: accuracy: 0.895 ; loss: 1.422
2018-03-13 14:10:19,107:INFO: - Eval metrics : accuracy: 0.855 ; loss: 0.000
2018-03-13 14:10:19,485:INFO: Epoch 95/175
2018-03-13 14:14:15,169:INFO: - Train metrics: accuracy: 0.912 ; loss: 1.411
2018-03-13 14:14:25,586:INFO: - Eval metrics : accuracy: 0.872 ; loss: 0.000
2018-03-13 14:14:26,565:INFO: - Found new best accuracy
2018-03-13 14:14:26,565:INFO: Epoch 96/175
2018-03-13 14:18:22,265:INFO: - Train metrics: accuracy: 0.900 ; loss: 1.432
2018-03-13 14:18:32,664:INFO: - Eval metrics : accuracy: 0.838 ; loss: 0.000
2018-03-13 14:18:33,048:INFO: Epoch 97/175
2018-03-13 14:22:28,746:INFO: - Train metrics: accuracy: 0.902 ; loss: 1.432
2018-03-13 14:22:39,164:INFO: - Eval metrics : accuracy: 0.803 ; loss: 0.000
2018-03-13 14:22:39,533:INFO: Epoch 98/175
2018-03-13 14:26:35,363:INFO: - Train metrics: accuracy: 0.898 ; loss: 1.412
2018-03-13 14:26:45,780:INFO: - Eval metrics : accuracy: 0.858 ; loss: 0.000
2018-03-13 14:26:46,160:INFO: Epoch 99/175
2018-03-13 14:30:41,897:INFO: - Train metrics: accuracy: 0.906 ; loss: 1.422
2018-03-13 14:30:52,316:INFO: - Eval metrics : accuracy: 0.851 ; loss: 0.000
2018-03-13 14:30:52,694:INFO: Epoch 100/175
2018-03-13 14:34:48,305:INFO: - Train metrics: accuracy: 0.887 ; loss: 1.420
2018-03-13 14:34:58,717:INFO: - Eval metrics : accuracy: 0.862 ; loss: 0.000
2018-03-13 14:34:59,107:INFO: Epoch 101/175
2018-03-13 14:38:54,696:INFO: - Train metrics: accuracy: 0.920 ; loss: 1.395
2018-03-13 14:39:05,099:INFO: - Eval metrics : accuracy: 0.818 ; loss: 0.000
2018-03-13 14:39:05,489:INFO: Epoch 102/175
2018-03-13 14:43:01,203:INFO: - Train metrics: accuracy: 0.887 ; loss: 1.416
2018-03-13 14:43:11,615:INFO: - Eval metrics : accuracy: 0.852 ; loss: 0.000
2018-03-13 14:43:11,998:INFO: Epoch 103/175
2018-03-13 14:47:07,699:INFO: - Train metrics: accuracy: 0.910 ; loss: 1.414
2018-03-13 14:47:18,093:INFO: - Eval metrics : accuracy: 0.850 ; loss: 0.000
2018-03-13 14:47:18,476:INFO: Epoch 104/175
2018-03-13 14:51:14,135:INFO: - Train metrics: accuracy: 0.902 ; loss: 1.408
2018-03-13 14:51:24,569:INFO: - Eval metrics : accuracy: 0.845 ; loss: 0.000
2018-03-13 14:51:25,156:INFO: Epoch 105/175
2018-03-13 14:55:20,797:INFO: - Train metrics: accuracy: 0.906 ; loss: 1.412
2018-03-13 14:55:31,224:INFO: - Eval metrics : accuracy: 0.850 ; loss: 0.000
2018-03-13 14:55:31,611:INFO: Epoch 106/175
2018-03-13 14:59:27,074:INFO: - Train metrics: accuracy: 0.895 ; loss: 1.407
2018-03-13 14:59:37,473:INFO: - Eval metrics : accuracy: 0.877 ; loss: 0.000
2018-03-13 14:59:38,454:INFO: - Found new best accuracy
2018-03-13 14:59:38,455:INFO: Epoch 107/175
2018-03-13 15:03:33,846:INFO: - Train metrics: accuracy: 0.898 ; loss: 1.438
2018-03-13 15:03:44,266:INFO: - Eval metrics : accuracy: 0.860 ; loss: 0.000
2018-03-13 15:03:44,669:INFO: Epoch 108/175
2018-03-13 15:07:40,005:INFO: - Train metrics: accuracy: 0.910 ; loss: 1.391
2018-03-13 15:07:50,430:INFO: - Eval metrics : accuracy: 0.877 ; loss: 0.000
2018-03-13 15:07:51,407:INFO: - Found new best accuracy
2018-03-13 15:07:51,413:INFO: Epoch 109/175
2018-03-13 15:11:46,842:INFO: - Train metrics: accuracy: 0.902 ; loss: 1.437
2018-03-13 15:11:57,253:INFO: - Eval metrics : accuracy: 0.834 ; loss: 0.000
2018-03-13 15:11:57,725:INFO: Epoch 110/175
2018-03-13 15:15:53,158:INFO: - Train metrics: accuracy: 0.893 ; loss: 1.417
2018-03-13 15:16:03,566:INFO: - Eval metrics : accuracy: 0.840 ; loss: 0.000
2018-03-13 15:16:03,946:INFO: Epoch 111/175
2018-03-13 15:19:59,375:INFO: - Train metrics: accuracy: 0.916 ; loss: 1.415
2018-03-13 15:20:09,800:INFO: - Eval metrics : accuracy: 0.861 ; loss: 0.000
2018-03-13 15:20:10,168:INFO: Epoch 112/175
2018-03-13 15:24:05,673:INFO: - Train metrics: accuracy: 0.881 ; loss: 1.436
2018-03-13 15:24:16,080:INFO: - Eval metrics : accuracy: 0.832 ; loss: 0.000
2018-03-13 15:24:16,450:INFO: Epoch 113/175
2018-03-13 15:28:11,748:INFO: - Train metrics: accuracy: 0.924 ; loss: 1.415
2018-03-13 15:28:22,149:INFO: - Eval metrics : accuracy: 0.861 ; loss: 0.000
2018-03-13 15:28:22,523:INFO: Epoch 114/175
2018-03-13 15:32:17,885:INFO: - Train metrics: accuracy: 0.914 ; loss: 1.420
2018-03-13 15:32:28,307:INFO: - Eval metrics : accuracy: 0.875 ; loss: 0.000
2018-03-13 15:32:28,691:INFO: Epoch 115/175
2018-03-13 15:36:24,168:INFO: - Train metrics: accuracy: 0.924 ; loss: 1.442
2018-03-13 15:36:34,570:INFO: - Eval metrics : accuracy: 0.839 ; loss: 0.000
2018-03-13 15:36:34,943:INFO: Epoch 116/175
2018-03-13 15:40:30,394:INFO: - Train metrics: accuracy: 0.926 ; loss: 1.418
2018-03-13 15:40:40,806:INFO: - Eval metrics : accuracy: 0.819 ; loss: 0.000
2018-03-13 15:40:41,192:INFO: Epoch 117/175
2018-03-13 15:44:36,545:INFO: - Train metrics: accuracy: 0.885 ; loss: 1.426
2018-03-13 15:44:46,949:INFO: - Eval metrics : accuracy: 0.796 ; loss: 0.000
2018-03-13 15:44:47,325:INFO: Epoch 118/175
2018-03-13 15:48:42,703:INFO: - Train metrics: accuracy: 0.889 ; loss: 1.404
2018-03-13 15:48:53,106:INFO: - Eval metrics : accuracy: 0.841 ; loss: 0.000
2018-03-13 15:48:53,600:INFO: Epoch 119/175
2018-03-13 15:52:48,977:INFO: - Train metrics: accuracy: 0.918 ; loss: 1.416
2018-03-13 15:52:59,390:INFO: - Eval metrics : accuracy: 0.850 ; loss: 0.000
2018-03-13 15:52:59,772:INFO: Epoch 120/175
2018-03-13 15:56:55,127:INFO: - Train metrics: accuracy: 0.906 ; loss: 1.400
2018-03-13 15:57:05,518:INFO: - Eval metrics : accuracy: 0.830 ; loss: 0.000
2018-03-13 15:57:05,897:INFO: Epoch 121/175
2018-03-13 16:01:01,291:INFO: - Train metrics: accuracy: 0.906 ; loss: 1.430
2018-03-13 16:01:11,697:INFO: - Eval metrics : accuracy: 0.839 ; loss: 0.000
2018-03-13 16:01:12,069:INFO: Epoch 122/175
2018-03-13 16:05:07,487:INFO: - Train metrics: accuracy: 0.924 ; loss: 1.432
2018-03-13 16:05:17,905:INFO: - Eval metrics : accuracy: 0.804 ; loss: 0.000
2018-03-13 16:05:18,298:INFO: Epoch 123/175
2018-03-13 16:09:13,711:INFO: - Train metrics: accuracy: 0.906 ; loss: 1.420
2018-03-13 16:09:24,120:INFO: - Eval metrics : accuracy: 0.798 ; loss: 0.000
2018-03-13 16:09:24,492:INFO: Epoch 124/175
2018-03-13 16:13:19,862:INFO: - Train metrics: accuracy: 0.875 ; loss: 1.416
2018-03-13 16:13:30,280:INFO: - Eval metrics : accuracy: 0.830 ; loss: 0.000
2018-03-13 16:13:30,654:INFO: Epoch 125/175
2018-03-13 16:17:26,036:INFO: - Train metrics: accuracy: 0.910 ; loss: 1.402
2018-03-13 16:17:36,443:INFO: - Eval metrics : accuracy: 0.821 ; loss: 0.000
2018-03-13 16:17:36,829:INFO: Epoch 126/175
2018-03-13 16:21:32,301:INFO: - Train metrics: accuracy: 0.895 ; loss: 1.428
2018-03-13 16:21:42,730:INFO: - Eval metrics : accuracy: 0.837 ; loss: 0.000
2018-03-13 16:21:43,123:INFO: Epoch 127/175
2018-03-13 16:25:38,444:INFO: - Train metrics: accuracy: 0.895 ; loss: 1.416
2018-03-13 16:25:48,867:INFO: - Eval metrics : accuracy: 0.860 ; loss: 0.000
2018-03-13 16:25:49,248:INFO: Epoch 128/175
2018-03-13 16:29:44,595:INFO: - Train metrics: accuracy: 0.912 ; loss: 1.414
2018-03-13 16:29:54,974:INFO: - Eval metrics : accuracy: 0.820 ; loss: 0.000
2018-03-13 16:29:55,384:INFO: Epoch 129/175
2018-03-13 16:33:50,774:INFO: - Train metrics: accuracy: 0.896 ; loss: 1.415
2018-03-13 16:34:01,167:INFO: - Eval metrics : accuracy: 0.854 ; loss: 0.000
2018-03-13 16:34:01,597:INFO: Epoch 130/175
2018-03-13 16:37:56,985:INFO: - Train metrics: accuracy: 0.912 ; loss: 1.415
2018-03-13 16:38:07,406:INFO: - Eval metrics : accuracy: 0.847 ; loss: 0.000
2018-03-13 16:38:07,789:INFO: Epoch 131/175
2018-03-13 16:42:03,094:INFO: - Train metrics: accuracy: 0.906 ; loss: 1.403
2018-03-13 16:42:13,503:INFO: - Eval metrics : accuracy: 0.874 ; loss: 0.000
2018-03-13 16:42:13,886:INFO: Epoch 132/175
2018-03-13 16:46:09,300:INFO: - Train metrics: accuracy: 0.910 ; loss: 1.423
2018-03-13 16:46:19,710:INFO: - Eval metrics : accuracy: 0.861 ; loss: 0.000
2018-03-13 16:46:20,091:INFO: Epoch 133/175
2018-03-13 16:50:15,484:INFO: - Train metrics: accuracy: 0.932 ; loss: 1.389
2018-03-13 16:50:25,898:INFO: - Eval metrics : accuracy: 0.844 ; loss: 0.000
2018-03-13 16:50:26,303:INFO: Epoch 134/175
2018-03-13 16:54:21,641:INFO: - Train metrics: accuracy: 0.910 ; loss: 1.394
2018-03-13 16:54:32,053:INFO: - Eval metrics : accuracy: 0.807 ; loss: 0.000
2018-03-13 16:54:32,419:INFO: Epoch 135/175
2018-03-13 16:58:27,681:INFO: - Train metrics: accuracy: 0.895 ; loss: 1.417
2018-03-13 16:58:38,072:INFO: - Eval metrics : accuracy: 0.833 ; loss: 0.000
2018-03-13 16:58:38,445:INFO: Epoch 136/175
2018-03-13 17:02:33,756:INFO: - Train metrics: accuracy: 0.920 ; loss: 1.409
2018-03-13 17:02:44,162:INFO: - Eval metrics : accuracy: 0.784 ; loss: 0.000
2018-03-13 17:02:44,539:INFO: Epoch 137/175
2018-03-13 17:06:39,826:INFO: - Train metrics: accuracy: 0.916 ; loss: 1.433
2018-03-13 17:06:50,226:INFO: - Eval metrics : accuracy: 0.842 ; loss: 0.000
2018-03-13 17:06:50,602:INFO: Epoch 138/175
2018-03-13 17:10:45,939:INFO: - Train metrics: accuracy: 0.916 ; loss: 1.409
2018-03-13 17:10:56,344:INFO: - Eval metrics : accuracy: 0.863 ; loss: 0.000
2018-03-13 17:10:56,757:INFO: Epoch 139/175
2018-03-13 17:14:52,075:INFO: - Train metrics: accuracy: 0.916 ; loss: 1.414
2018-03-13 17:15:02,491:INFO: - Eval metrics : accuracy: 0.862 ; loss: 0.000
2018-03-13 17:15:02,865:INFO: Epoch 140/175
2018-03-13 17:18:58,187:INFO: - Train metrics: accuracy: 0.889 ; loss: 1.442
2018-03-13 17:19:08,607:INFO: - Eval metrics : accuracy: 0.841 ; loss: 0.000
2018-03-13 17:19:08,986:INFO: Epoch 141/175
2018-03-13 17:23:04,301:INFO: - Train metrics: accuracy: 0.896 ; loss: 1.410
2018-03-13 17:23:14,717:INFO: - Eval metrics : accuracy: 0.834 ; loss: 0.000
2018-03-13 17:23:15,112:INFO: Epoch 142/175
2018-03-13 17:27:10,437:INFO: - Train metrics: accuracy: 0.896 ; loss: 1.411
2018-03-13 17:27:20,831:INFO: - Eval metrics : accuracy: 0.834 ; loss: 0.000
2018-03-13 17:27:21,214:INFO: Epoch 143/175
2018-03-13 17:31:16,483:INFO: - Train metrics: accuracy: 0.902 ; loss: 1.425
2018-03-13 17:31:26,886:INFO: - Eval metrics : accuracy: 0.844 ; loss: 0.000
2018-03-13 17:31:27,260:INFO: Epoch 144/175
2018-03-13 17:35:22,533:INFO: - Train metrics: accuracy: 0.898 ; loss: 1.407
2018-03-13 17:35:32,957:INFO: - Eval metrics : accuracy: 0.838 ; loss: 0.000
2018-03-13 17:35:33,352:INFO: Epoch 145/175
2018-03-13 17:39:28,730:INFO: - Train metrics: accuracy: 0.900 ; loss: 1.419
2018-03-13 17:39:39,151:INFO: - Eval metrics : accuracy: 0.810 ; loss: 0.000
2018-03-13 17:39:39,521:INFO: Epoch 146/175
2018-03-13 17:43:34,865:INFO: - Train metrics: accuracy: 0.893 ; loss: 1.425
2018-03-13 17:43:45,286:INFO: - Eval metrics : accuracy: 0.801 ; loss: 0.000
2018-03-13 17:43:45,671:INFO: Epoch 147/175
2018-03-13 17:47:40,925:INFO: - Train metrics: accuracy: 0.893 ; loss: 1.412
2018-03-13 17:47:51,309:INFO: - Eval metrics : accuracy: 0.868 ; loss: 0.000
2018-03-13 17:47:51,677:INFO: Epoch 148/175
2018-03-13 17:51:46,976:INFO: - Train metrics: accuracy: 0.914 ; loss: 1.421
2018-03-13 17:51:57,371:INFO: - Eval metrics : accuracy: 0.842 ; loss: 0.000
2018-03-13 17:51:57,748:INFO: Epoch 149/175
2018-03-13 17:55:51,431:INFO: - Train metrics: accuracy: 0.902 ; loss: 1.418
2018-03-13 17:56:01,701:INFO: - Eval metrics : accuracy: 0.863 ; loss: 0.000
2018-03-13 17:56:02,122:INFO: Epoch 150/175
2018-03-13 17:59:57,692:INFO: - Train metrics: accuracy: 0.900 ; loss: 1.426
2018-03-13 18:00:08,143:INFO: - Eval metrics : accuracy: 0.845 ; loss: 0.000
2018-03-13 18:00:08,537:INFO: Epoch 151/175
2018-03-13 18:04:03,828:INFO: - Train metrics: accuracy: 0.941 ; loss: 1.418
2018-03-13 18:04:14,225:INFO: - Eval metrics : accuracy: 0.936 ; loss: 0.000
2018-03-13 18:04:15,194:INFO: - Found new best accuracy
2018-03-13 18:04:15,195:INFO: Epoch 152/175
2018-03-13 18:08:10,518:INFO: - Train metrics: accuracy: 0.961 ; loss: 1.413
2018-03-13 18:08:20,907:INFO: - Eval metrics : accuracy: 0.940 ; loss: 0.000
2018-03-13 18:08:21,885:INFO: - Found new best accuracy
2018-03-13 18:08:21,886:INFO: Epoch 153/175
2018-03-13 18:12:17,167:INFO: - Train metrics: accuracy: 0.969 ; loss: 1.410
2018-03-13 18:12:27,593:INFO: - Eval metrics : accuracy: 0.948 ; loss: 0.000
2018-03-13 18:12:28,663:INFO: - Found new best accuracy
2018-03-13 18:12:28,664:INFO: Epoch 154/175
2018-03-13 18:16:23,961:INFO: - Train metrics: accuracy: 0.975 ; loss: 1.411
2018-03-13 18:16:34,379:INFO: - Eval metrics : accuracy: 0.942 ; loss: 0.000
2018-03-13 18:16:34,781:INFO: Epoch 155/175
2018-03-13 18:20:30,080:INFO: - Train metrics: accuracy: 0.984 ; loss: 1.432
2018-03-13 18:20:40,510:INFO: - Eval metrics : accuracy: 0.941 ; loss: 0.000
2018-03-13 18:20:40,936:INFO: Epoch 156/175
2018-03-13 18:24:36,245:INFO: - Train metrics: accuracy: 0.971 ; loss: 1.381
2018-03-13 18:24:46,648:INFO: - Eval metrics : accuracy: 0.946 ; loss: 0.000
2018-03-13 18:24:47,024:INFO: Epoch 157/175
2018-03-13 18:28:42,229:INFO: - Train metrics: accuracy: 0.986 ; loss: 1.379
2018-03-13 18:28:52,639:INFO: - Eval metrics : accuracy: 0.941 ; loss: 0.000
2018-03-13 18:28:53,032:INFO: Epoch 158/175
2018-03-13 18:32:48,350:INFO: - Train metrics: accuracy: 0.986 ; loss: 1.421
2018-03-13 18:32:58,752:INFO: - Eval metrics : accuracy: 0.943 ; loss: 0.000
2018-03-13 18:32:59,144:INFO: Epoch 159/175
2018-03-13 18:36:54,440:INFO: - Train metrics: accuracy: 0.986 ; loss: 1.434
2018-03-13 18:37:04,869:INFO: - Eval metrics : accuracy: 0.943 ; loss: 0.000
2018-03-13 18:37:05,246:INFO: Epoch 160/175
2018-03-13 18:41:00,272:INFO: - Train metrics: accuracy: 0.988 ; loss: 1.409
2018-03-13 18:41:10,679:INFO: - Eval metrics : accuracy: 0.945 ; loss: 0.000
2018-03-13 18:41:11,051:INFO: Epoch 161/175
2018-03-13 18:45:06,170:INFO: - Train metrics: accuracy: 0.994 ; loss: 1.436
2018-03-13 18:45:16,573:INFO: - Eval metrics : accuracy: 0.947 ; loss: 0.000
2018-03-13 18:45:16,964:INFO: Epoch 162/175
2018-03-13 18:49:11,918:INFO: - Train metrics: accuracy: 0.988 ; loss: 1.396
2018-03-13 18:49:22,323:INFO: - Eval metrics : accuracy: 0.946 ; loss: 0.000
2018-03-13 18:49:22,687:INFO: Epoch 163/175
2018-03-13 18:53:17,694:INFO: - Train metrics: accuracy: 0.992 ; loss: 1.428
2018-03-13 18:53:28,085:INFO: - Eval metrics : accuracy: 0.940 ; loss: 0.000
2018-03-13 18:53:28,470:INFO: Epoch 164/175
2018-03-13 18:57:23,650:INFO: - Train metrics: accuracy: 0.988 ; loss: 1.429
2018-03-13 18:57:34,023:INFO: - Eval metrics : accuracy: 0.946 ; loss: 0.000
2018-03-13 18:57:34,396:INFO: Epoch 165/175
2018-03-13 19:01:29,561:INFO: - Train metrics: accuracy: 0.990 ; loss: 1.392
2018-03-13 19:01:39,987:INFO: - Eval metrics : accuracy: 0.941 ; loss: 0.000
2018-03-13 19:01:40,370:INFO: Epoch 166/175
2018-03-13 19:05:35,415:INFO: - Train metrics: accuracy: 0.994 ; loss: 1.436
2018-03-13 19:05:45,808:INFO: - Eval metrics : accuracy: 0.945 ; loss: 0.000
2018-03-13 19:05:46,187:INFO: Epoch 167/175
