2018-03-10 18:52:38,361:INFO: Loading the datasets...
2018-03-10 18:52:41,971:INFO: - done.
2018-03-10 18:52:44,528:INFO: Starting training for 30 epoch(s)
2018-03-10 18:52:44,528:INFO: Epoch 1/30
2018-03-10 18:53:43,128:INFO: - Train metrics: accuracy: 0.381 ; loss: 1.370
2018-03-10 18:53:44,018:INFO: - Eval metrics : accuracy: 0.627 ; loss: 0.000
2018-03-10 18:53:44,037:INFO: - Found new best accuracy
2018-03-10 18:53:44,037:INFO: Epoch 2/30
2018-03-10 18:54:41,903:INFO: - Train metrics: accuracy: 0.607 ; loss: 0.950
2018-03-10 18:54:42,756:INFO: - Eval metrics : accuracy: 0.697 ; loss: 0.000
2018-03-10 18:54:42,783:INFO: - Found new best accuracy
2018-03-10 18:54:42,784:INFO: Epoch 3/30
2018-03-10 18:55:40,632:INFO: - Train metrics: accuracy: 0.623 ; loss: 0.877
2018-03-10 18:55:41,500:INFO: - Eval metrics : accuracy: 0.715 ; loss: 0.000
2018-03-10 18:55:41,527:INFO: - Found new best accuracy
2018-03-10 18:55:41,528:INFO: Epoch 4/30
2018-03-10 18:56:39,401:INFO: - Train metrics: accuracy: 0.684 ; loss: 0.812
2018-03-10 18:56:40,279:INFO: - Eval metrics : accuracy: 0.723 ; loss: 0.000
2018-03-10 18:56:40,308:INFO: - Found new best accuracy
2018-03-10 18:56:40,309:INFO: Epoch 5/30
2018-03-10 18:57:38,324:INFO: - Train metrics: accuracy: 0.723 ; loss: 0.735
2018-03-10 18:57:39,190:INFO: - Eval metrics : accuracy: 0.762 ; loss: 0.000
2018-03-10 18:57:39,218:INFO: - Found new best accuracy
2018-03-10 18:57:39,219:INFO: Epoch 6/30
2018-03-10 18:58:37,325:INFO: - Train metrics: accuracy: 0.666 ; loss: 0.772
2018-03-10 18:58:38,166:INFO: - Eval metrics : accuracy: 0.767 ; loss: 0.000
2018-03-10 18:58:38,193:INFO: - Found new best accuracy
2018-03-10 18:58:38,194:INFO: Epoch 7/30
2018-03-10 18:59:36,327:INFO: - Train metrics: accuracy: 0.746 ; loss: 0.648
2018-03-10 18:59:37,160:INFO: - Eval metrics : accuracy: 0.768 ; loss: 0.000
2018-03-10 18:59:37,187:INFO: - Found new best accuracy
2018-03-10 18:59:37,188:INFO: Epoch 8/30
2018-03-10 19:00:35,304:INFO: - Train metrics: accuracy: 0.766 ; loss: 0.625
2018-03-10 19:00:36,168:INFO: - Eval metrics : accuracy: 0.783 ; loss: 0.000
2018-03-10 19:00:36,194:INFO: - Found new best accuracy
2018-03-10 19:00:36,195:INFO: Epoch 9/30
2018-03-10 19:01:34,326:INFO: - Train metrics: accuracy: 0.785 ; loss: 0.615
2018-03-10 19:01:35,154:INFO: - Eval metrics : accuracy: 0.782 ; loss: 0.000
2018-03-10 19:01:35,171:INFO: Epoch 10/30
2018-03-10 19:02:33,280:INFO: - Train metrics: accuracy: 0.775 ; loss: 0.607
2018-03-10 19:02:34,135:INFO: - Eval metrics : accuracy: 0.785 ; loss: 0.000
2018-03-10 19:02:34,182:INFO: - Found new best accuracy
2018-03-10 19:02:34,182:INFO: Epoch 11/30
2018-03-10 19:03:32,314:INFO: - Train metrics: accuracy: 0.777 ; loss: 0.619
2018-03-10 19:03:33,176:INFO: - Eval metrics : accuracy: 0.781 ; loss: 0.000
2018-03-10 19:03:33,194:INFO: Epoch 12/30
2018-03-10 19:04:31,280:INFO: - Train metrics: accuracy: 0.787 ; loss: 0.557
2018-03-10 19:04:32,128:INFO: - Eval metrics : accuracy: 0.798 ; loss: 0.000
2018-03-10 19:04:32,163:INFO: - Found new best accuracy
2018-03-10 19:04:32,163:INFO: Epoch 13/30
2018-03-10 19:05:30,261:INFO: - Train metrics: accuracy: 0.762 ; loss: 0.620
2018-03-10 19:05:31,149:INFO: - Eval metrics : accuracy: 0.802 ; loss: 0.000
2018-03-10 19:05:31,181:INFO: - Found new best accuracy
2018-03-10 19:05:31,182:INFO: Epoch 14/30
2018-03-10 19:06:29,283:INFO: - Train metrics: accuracy: 0.795 ; loss: 0.543
2018-03-10 19:06:30,125:INFO: - Eval metrics : accuracy: 0.805 ; loss: 0.000
2018-03-10 19:06:30,162:INFO: - Found new best accuracy
2018-03-10 19:06:30,162:INFO: Epoch 15/30
2018-03-10 19:07:28,282:INFO: - Train metrics: accuracy: 0.805 ; loss: 0.539
2018-03-10 19:07:29,110:INFO: - Eval metrics : accuracy: 0.801 ; loss: 0.000
2018-03-10 19:07:29,126:INFO: Epoch 16/30
2018-03-10 19:08:27,271:INFO: - Train metrics: accuracy: 0.799 ; loss: 0.575
2018-03-10 19:08:28,130:INFO: - Eval metrics : accuracy: 0.813 ; loss: 0.000
2018-03-10 19:08:28,157:INFO: - Found new best accuracy
2018-03-10 19:08:28,158:INFO: Epoch 17/30
2018-03-10 19:09:26,370:INFO: - Train metrics: accuracy: 0.828 ; loss: 0.503
2018-03-10 19:09:27,239:INFO: - Eval metrics : accuracy: 0.808 ; loss: 0.000
2018-03-10 19:09:27,263:INFO: Epoch 18/30
2018-03-10 19:10:25,366:INFO: - Train metrics: accuracy: 0.826 ; loss: 0.525
2018-03-10 19:10:26,237:INFO: - Eval metrics : accuracy: 0.811 ; loss: 0.000
2018-03-10 19:10:26,255:INFO: Epoch 19/30
2018-03-10 19:11:24,445:INFO: - Train metrics: accuracy: 0.805 ; loss: 0.572
2018-03-10 19:11:25,295:INFO: - Eval metrics : accuracy: 0.814 ; loss: 0.000
2018-03-10 19:11:25,322:INFO: - Found new best accuracy
2018-03-10 19:11:25,324:INFO: Epoch 20/30
2018-03-10 19:12:23,463:INFO: - Train metrics: accuracy: 0.826 ; loss: 0.544
2018-03-10 19:12:24,336:INFO: - Eval metrics : accuracy: 0.825 ; loss: 0.000
2018-03-10 19:12:24,372:INFO: - Found new best accuracy
2018-03-10 19:12:24,372:INFO: Epoch 21/30
2018-03-10 19:13:22,518:INFO: - Train metrics: accuracy: 0.805 ; loss: 0.559
2018-03-10 19:13:23,392:INFO: - Eval metrics : accuracy: 0.821 ; loss: 0.000
2018-03-10 19:13:23,411:INFO: Epoch 22/30
2018-03-10 19:14:21,611:INFO: - Train metrics: accuracy: 0.799 ; loss: 0.560
2018-03-10 19:14:22,459:INFO: - Eval metrics : accuracy: 0.824 ; loss: 0.000
2018-03-10 19:14:22,479:INFO: Epoch 23/30
2018-03-10 19:15:20,624:INFO: - Train metrics: accuracy: 0.828 ; loss: 0.524
2018-03-10 19:15:21,493:INFO: - Eval metrics : accuracy: 0.827 ; loss: 0.000
2018-03-10 19:15:21,520:INFO: - Found new best accuracy
2018-03-10 19:15:21,521:INFO: Epoch 24/30
2018-03-10 19:16:19,609:INFO: - Train metrics: accuracy: 0.801 ; loss: 0.547
2018-03-10 19:16:20,467:INFO: - Eval metrics : accuracy: 0.815 ; loss: 0.000
2018-03-10 19:16:20,482:INFO: Epoch 25/30
2018-03-10 19:17:18,514:INFO: - Train metrics: accuracy: 0.822 ; loss: 0.504
2018-03-10 19:17:19,329:INFO: - Eval metrics : accuracy: 0.826 ; loss: 0.000
2018-03-10 19:17:19,347:INFO: Epoch 26/30
2018-03-10 19:18:17,481:INFO: - Train metrics: accuracy: 0.826 ; loss: 0.514
2018-03-10 19:18:18,355:INFO: - Eval metrics : accuracy: 0.830 ; loss: 0.000
2018-03-10 19:18:18,383:INFO: - Found new best accuracy
2018-03-10 19:18:18,384:INFO: Epoch 27/30
2018-03-10 19:19:16,518:INFO: - Train metrics: accuracy: 0.855 ; loss: 0.473
2018-03-10 19:19:17,355:INFO: - Eval metrics : accuracy: 0.833 ; loss: 0.000
2018-03-10 19:19:17,399:INFO: - Found new best accuracy
2018-03-10 19:19:17,399:INFO: Epoch 28/30
2018-03-10 19:20:15,411:INFO: - Train metrics: accuracy: 0.834 ; loss: 0.481
2018-03-10 19:20:16,298:INFO: - Eval metrics : accuracy: 0.832 ; loss: 0.000
2018-03-10 19:20:16,314:INFO: Epoch 29/30
2018-03-10 19:21:14,291:INFO: - Train metrics: accuracy: 0.842 ; loss: 0.509
2018-03-10 19:21:15,166:INFO: - Eval metrics : accuracy: 0.838 ; loss: 0.000
2018-03-10 19:21:15,193:INFO: - Found new best accuracy
2018-03-10 19:21:15,194:INFO: Epoch 30/30
2018-03-10 19:22:13,187:INFO: - Train metrics: accuracy: 0.838 ; loss: 0.492
2018-03-10 19:22:14,034:INFO: - Eval metrics : accuracy: 0.839 ; loss: 0.000
2018-03-10 19:22:14,070:INFO: - Found new best accuracy
