2018-03-14 17:52:06,023:INFO: Loading the datasets...
2018-03-14 17:52:09,641:INFO: - done.
2018-03-14 17:52:12,190:INFO: Experiment - model version: cnn_distill
2018-03-14 17:52:12,190:INFO: Starting training for 30 epoch(s)
2018-03-14 17:52:12,190:INFO: First, loading the teacher model and computing its outputs...
2018-03-14 17:53:01,733:INFO: - Finished computing teacher outputs after 50 secs..
2018-03-14 17:53:01,734:INFO: Epoch 1/30
2018-03-14 17:53:09,569:INFO: - Train metrics: accuracy: 0.492 ; loss: 1.159
2018-03-14 17:53:10,448:INFO: - Eval metrics : accuracy: 0.678 ; loss: 0.000
2018-03-14 17:53:10,466:INFO: - Found new best accuracy
2018-03-14 17:53:10,466:INFO: Epoch 2/30
2018-03-14 17:53:18,210:INFO: - Train metrics: accuracy: 0.717 ; loss: 1.252
2018-03-14 17:53:19,044:INFO: - Eval metrics : accuracy: 0.738 ; loss: 0.000
2018-03-14 17:53:19,077:INFO: - Found new best accuracy
2018-03-14 17:53:19,078:INFO: Epoch 3/30
2018-03-14 17:53:26,828:INFO: - Train metrics: accuracy: 0.758 ; loss: 1.315
2018-03-14 17:53:27,673:INFO: - Eval metrics : accuracy: 0.753 ; loss: 0.000
2018-03-14 17:53:27,699:INFO: - Found new best accuracy
2018-03-14 17:53:27,700:INFO: Epoch 4/30
2018-03-14 17:53:35,421:INFO: - Train metrics: accuracy: 0.816 ; loss: 1.396
2018-03-14 17:53:36,272:INFO: - Eval metrics : accuracy: 0.762 ; loss: 0.000
2018-03-14 17:53:36,310:INFO: - Found new best accuracy
2018-03-14 17:53:36,311:INFO: Epoch 5/30
2018-03-14 17:53:44,085:INFO: - Train metrics: accuracy: 0.871 ; loss: 1.438
2018-03-14 17:53:44,962:INFO: - Eval metrics : accuracy: 0.773 ; loss: 0.000
2018-03-14 17:53:44,991:INFO: - Found new best accuracy
2018-03-14 17:53:44,992:INFO: Epoch 6/30
2018-03-14 17:53:52,775:INFO: - Train metrics: accuracy: 0.902 ; loss: 1.583
2018-03-14 17:53:53,656:INFO: - Eval metrics : accuracy: 0.769 ; loss: 0.000
2018-03-14 17:53:53,681:INFO: Epoch 7/30
2018-03-14 17:54:01,478:INFO: - Train metrics: accuracy: 0.938 ; loss: 1.564
2018-03-14 17:54:02,340:INFO: - Eval metrics : accuracy: 0.770 ; loss: 0.000
2018-03-14 17:54:02,358:INFO: Epoch 8/30
2018-03-14 17:54:10,105:INFO: - Train metrics: accuracy: 0.928 ; loss: 1.625
2018-03-14 17:54:10,981:INFO: - Eval metrics : accuracy: 0.777 ; loss: 0.000
2018-03-14 17:54:11,008:INFO: - Found new best accuracy
2018-03-14 17:54:11,009:INFO: Epoch 9/30
2018-03-14 17:54:18,760:INFO: - Train metrics: accuracy: 0.953 ; loss: 1.665
2018-03-14 17:54:19,621:INFO: - Eval metrics : accuracy: 0.777 ; loss: 0.000
2018-03-14 17:54:19,637:INFO: Epoch 10/30
2018-03-14 17:54:27,422:INFO: - Train metrics: accuracy: 0.967 ; loss: 1.736
2018-03-14 17:54:28,283:INFO: - Eval metrics : accuracy: 0.773 ; loss: 0.000
2018-03-14 17:54:28,301:INFO: Epoch 11/30
2018-03-14 17:54:36,067:INFO: - Train metrics: accuracy: 0.988 ; loss: 1.787
2018-03-14 17:54:36,918:INFO: - Eval metrics : accuracy: 0.774 ; loss: 0.000
2018-03-14 17:54:36,934:INFO: Epoch 12/30
2018-03-14 17:54:44,707:INFO: - Train metrics: accuracy: 0.992 ; loss: 1.694
2018-03-14 17:54:45,571:INFO: - Eval metrics : accuracy: 0.770 ; loss: 0.000
2018-03-14 17:54:45,586:INFO: Epoch 13/30
2018-03-14 17:54:53,355:INFO: - Train metrics: accuracy: 0.986 ; loss: 1.731
2018-03-14 17:54:54,202:INFO: - Eval metrics : accuracy: 0.762 ; loss: 0.000
2018-03-14 17:54:54,222:INFO: Epoch 14/30
2018-03-14 17:55:02,021:INFO: - Train metrics: accuracy: 0.990 ; loss: 1.746
2018-03-14 17:55:02,895:INFO: - Eval metrics : accuracy: 0.765 ; loss: 0.000
2018-03-14 17:55:02,913:INFO: Epoch 15/30
2018-03-14 17:55:10,720:INFO: - Train metrics: accuracy: 0.992 ; loss: 1.712
2018-03-14 17:55:11,611:INFO: - Eval metrics : accuracy: 0.764 ; loss: 0.000
2018-03-14 17:55:11,629:INFO: Epoch 16/30
2018-03-14 17:55:19,394:INFO: - Train metrics: accuracy: 0.998 ; loss: 1.749
2018-03-14 17:55:20,226:INFO: - Eval metrics : accuracy: 0.777 ; loss: 0.000
2018-03-14 17:55:20,254:INFO: - Found new best accuracy
2018-03-14 17:55:20,255:INFO: Epoch 17/30
2018-03-14 17:55:28,020:INFO: - Train metrics: accuracy: 0.996 ; loss: 1.668
2018-03-14 17:55:28,857:INFO: - Eval metrics : accuracy: 0.770 ; loss: 0.000
2018-03-14 17:55:28,873:INFO: Epoch 18/30
2018-03-14 17:55:36,614:INFO: - Train metrics: accuracy: 0.996 ; loss: 1.635
2018-03-14 17:55:37,439:INFO: - Eval metrics : accuracy: 0.772 ; loss: 0.000
2018-03-14 17:55:37,465:INFO: Epoch 19/30
2018-03-14 17:55:45,227:INFO: - Train metrics: accuracy: 0.996 ; loss: 1.629
2018-03-14 17:55:46,082:INFO: - Eval metrics : accuracy: 0.762 ; loss: 0.000
2018-03-14 17:55:46,105:INFO: Epoch 20/30
2018-03-14 17:55:53,862:INFO: - Train metrics: accuracy: 0.998 ; loss: 1.695
2018-03-14 17:55:54,721:INFO: - Eval metrics : accuracy: 0.776 ; loss: 0.000
2018-03-14 17:55:54,737:INFO: Epoch 21/30
2018-03-14 17:56:02,515:INFO: - Train metrics: accuracy: 0.996 ; loss: 1.668
2018-03-14 17:56:03,359:INFO: - Eval metrics : accuracy: 0.763 ; loss: 0.000
2018-03-14 17:56:03,388:INFO: Epoch 22/30
2018-03-14 17:56:11,137:INFO: - Train metrics: accuracy: 0.994 ; loss: 1.669
2018-03-14 17:56:11,993:INFO: - Eval metrics : accuracy: 0.766 ; loss: 0.000
2018-03-14 17:56:12,008:INFO: Epoch 23/30
2018-03-14 17:56:19,776:INFO: - Train metrics: accuracy: 0.988 ; loss: 1.689
2018-03-14 17:56:20,616:INFO: - Eval metrics : accuracy: 0.778 ; loss: 0.000
2018-03-14 17:56:20,644:INFO: - Found new best accuracy
2018-03-14 17:56:20,645:INFO: Epoch 24/30
2018-03-14 17:56:28,389:INFO: - Train metrics: accuracy: 0.998 ; loss: 1.629
2018-03-14 17:56:29,267:INFO: - Eval metrics : accuracy: 0.781 ; loss: 0.000
2018-03-14 17:56:29,296:INFO: - Found new best accuracy
2018-03-14 17:56:29,297:INFO: Epoch 25/30
2018-03-14 17:56:37,021:INFO: - Train metrics: accuracy: 1.000 ; loss: 1.557
2018-03-14 17:56:37,908:INFO: - Eval metrics : accuracy: 0.782 ; loss: 0.000
2018-03-14 17:56:37,936:INFO: - Found new best accuracy
2018-03-14 17:56:37,937:INFO: Epoch 26/30
2018-03-14 17:56:45,670:INFO: - Train metrics: accuracy: 0.998 ; loss: 1.542
2018-03-14 17:56:46,525:INFO: - Eval metrics : accuracy: 0.781 ; loss: 0.000
2018-03-14 17:56:46,540:INFO: Epoch 27/30
2018-03-14 17:56:54,314:INFO: - Train metrics: accuracy: 1.000 ; loss: 1.491
2018-03-14 17:56:55,178:INFO: - Eval metrics : accuracy: 0.787 ; loss: 0.000
2018-03-14 17:56:55,210:INFO: - Found new best accuracy
2018-03-14 17:56:55,211:INFO: Epoch 28/30
2018-03-14 17:57:02,936:INFO: - Train metrics: accuracy: 1.000 ; loss: 1.504
2018-03-14 17:57:03,835:INFO: - Eval metrics : accuracy: 0.783 ; loss: 0.000
2018-03-14 17:57:03,857:INFO: Epoch 29/30
2018-03-14 17:57:11,618:INFO: - Train metrics: accuracy: 1.000 ; loss: 1.516
2018-03-14 17:57:12,461:INFO: - Eval metrics : accuracy: 0.682 ; loss: 0.000
2018-03-14 17:57:12,476:INFO: Epoch 30/30
2018-03-14 17:57:20,241:INFO: - Train metrics: accuracy: 0.955 ; loss: 1.650
2018-03-14 17:57:21,092:INFO: - Eval metrics : accuracy: 0.772 ; loss: 0.000
