2018-03-12 14:05:35,809:INFO: Loading the datasets...
2018-03-12 14:05:39,376:INFO: - done.
2018-03-12 14:05:42,902:INFO: Experiment: model version: cnn_distill
2018-03-12 14:05:42,902:INFO: Starting training for 30 epoch(s)
2018-03-12 14:05:42,902:INFO: First, loading the teacher model and computing its outputs...
2018-03-12 14:07:27,730:INFO: - Finished computing teacher outputs after 105 secs..
2018-03-12 14:07:27,730:INFO: Epoch 1/30
2018-03-12 14:07:51,707:INFO: - Train metrics: accuracy: 0.457 ; loss: 1.505
2018-03-12 14:07:53,315:INFO: - Eval metrics : accuracy: 0.655 ; loss: 0.000
2018-03-12 14:07:53,316:INFO: - Found new best accuracy
2018-03-12 14:07:53,316:INFO: Epoch 2/30
2018-03-12 14:08:17,020:INFO: - Train metrics: accuracy: 0.633 ; loss: 1.084
2018-03-12 14:08:18,586:INFO: - Eval metrics : accuracy: 0.710 ; loss: 0.000
2018-03-12 14:08:18,587:INFO: - Found new best accuracy
2018-03-12 14:08:18,587:INFO: Epoch 3/30
2018-03-12 14:08:42,395:INFO: - Train metrics: accuracy: 0.678 ; loss: 0.968
2018-03-12 14:08:43,904:INFO: - Eval metrics : accuracy: 0.738 ; loss: 0.000
2018-03-12 14:08:43,905:INFO: - Found new best accuracy
2018-03-12 14:08:43,906:INFO: Epoch 4/30
2018-03-12 14:09:07,833:INFO: - Train metrics: accuracy: 0.746 ; loss: 0.875
2018-03-12 14:09:09,380:INFO: - Eval metrics : accuracy: 0.771 ; loss: 0.000
2018-03-12 14:09:09,381:INFO: - Found new best accuracy
2018-03-12 14:09:09,381:INFO: Epoch 5/30
2018-03-12 14:09:33,364:INFO: - Train metrics: accuracy: 0.760 ; loss: 0.820
2018-03-12 14:09:34,897:INFO: - Eval metrics : accuracy: 0.773 ; loss: 0.000
2018-03-12 14:09:34,897:INFO: - Found new best accuracy
2018-03-12 14:09:34,898:INFO: Epoch 6/30
2018-03-12 14:09:58,731:INFO: - Train metrics: accuracy: 0.777 ; loss: 0.784
2018-03-12 14:10:00,285:INFO: - Eval metrics : accuracy: 0.772 ; loss: 0.000
2018-03-12 14:10:00,286:INFO: Epoch 7/30
2018-03-12 14:10:24,092:INFO: - Train metrics: accuracy: 0.801 ; loss: 0.702
2018-03-12 14:10:25,632:INFO: - Eval metrics : accuracy: 0.796 ; loss: 0.000
2018-03-12 14:10:25,633:INFO: - Found new best accuracy
2018-03-12 14:10:25,634:INFO: Epoch 8/30
2018-03-12 14:10:49,578:INFO: - Train metrics: accuracy: 0.799 ; loss: 0.706
2018-03-12 14:10:51,120:INFO: - Eval metrics : accuracy: 0.803 ; loss: 0.000
2018-03-12 14:10:51,121:INFO: - Found new best accuracy
2018-03-12 14:10:51,121:INFO: Epoch 9/30
2018-03-12 14:11:14,984:INFO: - Train metrics: accuracy: 0.803 ; loss: 0.712
2018-03-12 14:11:16,516:INFO: - Eval metrics : accuracy: 0.792 ; loss: 0.000
2018-03-12 14:11:16,517:INFO: Epoch 10/30
2018-03-12 14:11:39,621:INFO: - Train metrics: accuracy: 0.826 ; loss: 0.719
2018-03-12 14:11:41,153:INFO: - Eval metrics : accuracy: 0.814 ; loss: 0.000
2018-03-12 14:11:41,154:INFO: - Found new best accuracy
2018-03-12 14:11:41,155:INFO: Epoch 11/30
2018-03-12 14:12:02,935:INFO: - Train metrics: accuracy: 0.836 ; loss: 0.617
2018-03-12 14:12:04,478:INFO: - Eval metrics : accuracy: 0.817 ; loss: 0.000
2018-03-12 14:12:04,479:INFO: - Found new best accuracy
2018-03-12 14:12:04,480:INFO: Epoch 12/30
2018-03-12 14:12:28,315:INFO: - Train metrics: accuracy: 0.842 ; loss: 0.609
2018-03-12 14:12:29,900:INFO: - Eval metrics : accuracy: 0.814 ; loss: 0.000
2018-03-12 14:12:29,901:INFO: Epoch 13/30
2018-03-12 14:12:53,640:INFO: - Train metrics: accuracy: 0.844 ; loss: 0.613
2018-03-12 14:12:55,200:INFO: - Eval metrics : accuracy: 0.826 ; loss: 0.000
2018-03-12 14:12:55,201:INFO: - Found new best accuracy
2018-03-12 14:12:55,202:INFO: Epoch 14/30
2018-03-12 14:13:19,072:INFO: - Train metrics: accuracy: 0.848 ; loss: 0.587
2018-03-12 14:13:20,616:INFO: - Eval metrics : accuracy: 0.830 ; loss: 0.000
2018-03-12 14:13:20,616:INFO: - Found new best accuracy
2018-03-12 14:13:20,617:INFO: Epoch 15/30
2018-03-12 14:13:44,432:INFO: - Train metrics: accuracy: 0.828 ; loss: 0.585
2018-03-12 14:13:45,984:INFO: - Eval metrics : accuracy: 0.827 ; loss: 0.000
2018-03-12 14:13:45,986:INFO: Epoch 16/30
2018-03-12 14:14:09,789:INFO: - Train metrics: accuracy: 0.861 ; loss: 0.559
2018-03-12 14:14:11,341:INFO: - Eval metrics : accuracy: 0.826 ; loss: 0.000
2018-03-12 14:14:11,341:INFO: Epoch 17/30
2018-03-12 14:14:35,116:INFO: - Train metrics: accuracy: 0.875 ; loss: 0.554
2018-03-12 14:14:36,662:INFO: - Eval metrics : accuracy: 0.824 ; loss: 0.000
2018-03-12 14:14:36,663:INFO: Epoch 18/30
2018-03-12 14:15:00,462:INFO: - Train metrics: accuracy: 0.828 ; loss: 0.577
2018-03-12 14:15:01,952:INFO: - Eval metrics : accuracy: 0.824 ; loss: 0.000
2018-03-12 14:15:01,953:INFO: Epoch 19/30
2018-03-12 14:15:25,723:INFO: - Train metrics: accuracy: 0.863 ; loss: 0.593
2018-03-12 14:15:27,264:INFO: - Eval metrics : accuracy: 0.835 ; loss: 0.000
2018-03-12 14:15:27,265:INFO: - Found new best accuracy
2018-03-12 14:15:27,266:INFO: Epoch 20/30
2018-03-12 14:15:51,003:INFO: - Train metrics: accuracy: 0.867 ; loss: 0.557
2018-03-12 14:15:52,559:INFO: - Eval metrics : accuracy: 0.836 ; loss: 0.000
2018-03-12 14:15:52,560:INFO: - Found new best accuracy
2018-03-12 14:15:52,561:INFO: Epoch 21/30
2018-03-12 14:16:16,424:INFO: - Train metrics: accuracy: 0.836 ; loss: 0.609
2018-03-12 14:16:17,943:INFO: - Eval metrics : accuracy: 0.840 ; loss: 0.000
2018-03-12 14:16:17,944:INFO: - Found new best accuracy
2018-03-12 14:16:17,945:INFO: Epoch 22/30
2018-03-12 14:16:41,642:INFO: - Train metrics: accuracy: 0.869 ; loss: 0.546
2018-03-12 14:16:43,187:INFO: - Eval metrics : accuracy: 0.834 ; loss: 0.000
2018-03-12 14:16:43,188:INFO: Epoch 23/30
2018-03-12 14:17:06,902:INFO: - Train metrics: accuracy: 0.852 ; loss: 0.563
2018-03-12 14:17:08,446:INFO: - Eval metrics : accuracy: 0.840 ; loss: 0.000
2018-03-12 14:17:08,446:INFO: - Found new best accuracy
2018-03-12 14:17:08,447:INFO: Epoch 24/30
2018-03-12 14:17:32,135:INFO: - Train metrics: accuracy: 0.846 ; loss: 0.552
2018-03-12 14:17:33,676:INFO: - Eval metrics : accuracy: 0.842 ; loss: 0.000
2018-03-12 14:17:33,676:INFO: - Found new best accuracy
2018-03-12 14:17:33,687:INFO: Epoch 25/30
2018-03-12 14:17:54,719:INFO: - Train metrics: accuracy: 0.855 ; loss: 0.515
2018-03-12 14:17:56,338:INFO: - Eval metrics : accuracy: 0.839 ; loss: 0.000
2018-03-12 14:17:56,339:INFO: Epoch 26/30
2018-03-12 14:18:20,164:INFO: - Train metrics: accuracy: 0.898 ; loss: 0.507
2018-03-12 14:18:21,696:INFO: - Eval metrics : accuracy: 0.848 ; loss: 0.000
2018-03-12 14:18:21,696:INFO: - Found new best accuracy
2018-03-12 14:18:21,697:INFO: Epoch 27/30
2018-03-12 14:18:45,527:INFO: - Train metrics: accuracy: 0.877 ; loss: 0.517
2018-03-12 14:18:47,037:INFO: - Eval metrics : accuracy: 0.841 ; loss: 0.000
2018-03-12 14:18:47,038:INFO: Epoch 28/30
2018-03-12 14:19:10,716:INFO: - Train metrics: accuracy: 0.887 ; loss: 0.523
2018-03-12 14:19:12,270:INFO: - Eval metrics : accuracy: 0.848 ; loss: 0.000
2018-03-12 14:19:12,270:INFO: - Found new best accuracy
2018-03-12 14:19:12,271:INFO: Epoch 29/30
2018-03-12 14:19:36,223:INFO: - Train metrics: accuracy: 0.895 ; loss: 0.512
2018-03-12 14:19:37,833:INFO: - Eval metrics : accuracy: 0.848 ; loss: 0.000
2018-03-12 14:19:37,834:INFO: Epoch 30/30
2018-03-12 14:20:01,664:INFO: - Train metrics: accuracy: 0.910 ; loss: 0.467
2018-03-12 14:20:03,238:INFO: - Eval metrics : accuracy: 0.851 ; loss: 0.000
2018-03-12 14:20:03,238:INFO: - Found new best accuracy
