2018-03-14 18:23:47,218:INFO: Loading the datasets...
2018-03-14 18:23:50,838:INFO: - done.
2018-03-14 18:23:53,427:INFO: Experiment - model version: cnn_distill
2018-03-14 18:23:53,427:INFO: Starting training for 30 epoch(s)
2018-03-14 18:23:53,428:INFO: First, loading the teacher model and computing its outputs...
2018-03-14 18:24:42,592:INFO: - Finished computing teacher outputs after 50 secs..
2018-03-14 18:24:42,593:INFO: Epoch 1/30
2018-03-14 18:24:50,302:INFO: - Train metrics: accuracy: 0.492 ; loss: 0.880
2018-03-14 18:24:51,127:INFO: - Eval metrics : accuracy: 0.654 ; loss: 0.000
2018-03-14 18:24:51,145:INFO: - Found new best accuracy
2018-03-14 18:24:51,145:INFO: Epoch 2/30
2018-03-14 18:24:58,830:INFO: - Train metrics: accuracy: 0.670 ; loss: 0.864
2018-03-14 18:24:59,665:INFO: - Eval metrics : accuracy: 0.695 ; loss: 0.000
2018-03-14 18:24:59,697:INFO: - Found new best accuracy
2018-03-14 18:24:59,700:INFO: Epoch 3/30
2018-03-14 18:25:07,398:INFO: - Train metrics: accuracy: 0.717 ; loss: 0.860
2018-03-14 18:25:08,207:INFO: - Eval metrics : accuracy: 0.714 ; loss: 0.000
2018-03-14 18:25:08,234:INFO: - Found new best accuracy
2018-03-14 18:25:08,235:INFO: Epoch 4/30
2018-03-14 18:25:15,909:INFO: - Train metrics: accuracy: 0.744 ; loss: 0.866
2018-03-14 18:25:16,747:INFO: - Eval metrics : accuracy: 0.742 ; loss: 0.000
2018-03-14 18:25:16,776:INFO: - Found new best accuracy
2018-03-14 18:25:16,777:INFO: Epoch 5/30
2018-03-14 18:25:24,450:INFO: - Train metrics: accuracy: 0.781 ; loss: 0.865
2018-03-14 18:25:25,289:INFO: - Eval metrics : accuracy: 0.752 ; loss: 0.000
2018-03-14 18:25:25,325:INFO: - Found new best accuracy
2018-03-14 18:25:25,326:INFO: Epoch 6/30
2018-03-14 18:25:32,998:INFO: - Train metrics: accuracy: 0.811 ; loss: 0.880
2018-03-14 18:25:33,808:INFO: - Eval metrics : accuracy: 0.765 ; loss: 0.000
2018-03-14 18:25:33,834:INFO: - Found new best accuracy
2018-03-14 18:25:33,835:INFO: Epoch 7/30
2018-03-14 18:25:41,499:INFO: - Train metrics: accuracy: 0.844 ; loss: 0.861
2018-03-14 18:25:42,336:INFO: - Eval metrics : accuracy: 0.757 ; loss: 0.000
2018-03-14 18:25:42,352:INFO: Epoch 8/30
2018-03-14 18:25:50,033:INFO: - Train metrics: accuracy: 0.838 ; loss: 0.852
2018-03-14 18:25:50,852:INFO: - Eval metrics : accuracy: 0.770 ; loss: 0.000
2018-03-14 18:25:50,880:INFO: - Found new best accuracy
2018-03-14 18:25:50,881:INFO: Epoch 9/30
2018-03-14 18:25:58,554:INFO: - Train metrics: accuracy: 0.859 ; loss: 0.863
2018-03-14 18:25:59,374:INFO: - Eval metrics : accuracy: 0.777 ; loss: 0.000
2018-03-14 18:25:59,407:INFO: - Found new best accuracy
2018-03-14 18:25:59,408:INFO: Epoch 10/30
2018-03-14 18:26:07,102:INFO: - Train metrics: accuracy: 0.896 ; loss: 0.868
2018-03-14 18:26:07,918:INFO: - Eval metrics : accuracy: 0.783 ; loss: 0.000
2018-03-14 18:26:07,944:INFO: - Found new best accuracy
2018-03-14 18:26:07,945:INFO: Epoch 11/30
2018-03-14 18:26:15,622:INFO: - Train metrics: accuracy: 0.895 ; loss: 0.880
2018-03-14 18:26:16,456:INFO: - Eval metrics : accuracy: 0.785 ; loss: 0.000
2018-03-14 18:26:16,483:INFO: - Found new best accuracy
2018-03-14 18:26:16,483:INFO: Epoch 12/30
2018-03-14 18:26:24,177:INFO: - Train metrics: accuracy: 0.904 ; loss: 0.865
2018-03-14 18:26:25,006:INFO: - Eval metrics : accuracy: 0.784 ; loss: 0.000
2018-03-14 18:26:25,033:INFO: Epoch 13/30
2018-03-14 18:26:32,732:INFO: - Train metrics: accuracy: 0.887 ; loss: 0.867
2018-03-14 18:26:33,570:INFO: - Eval metrics : accuracy: 0.781 ; loss: 0.000
2018-03-14 18:26:33,596:INFO: Epoch 14/30
2018-03-14 18:26:41,279:INFO: - Train metrics: accuracy: 0.926 ; loss: 0.858
2018-03-14 18:26:42,101:INFO: - Eval metrics : accuracy: 0.777 ; loss: 0.000
2018-03-14 18:26:42,121:INFO: Epoch 15/30
2018-03-14 18:26:49,793:INFO: - Train metrics: accuracy: 0.918 ; loss: 0.858
2018-03-14 18:26:50,626:INFO: - Eval metrics : accuracy: 0.782 ; loss: 0.000
2018-03-14 18:26:50,645:INFO: Epoch 16/30
2018-03-14 18:26:58,337:INFO: - Train metrics: accuracy: 0.939 ; loss: 0.868
2018-03-14 18:26:59,155:INFO: - Eval metrics : accuracy: 0.789 ; loss: 0.000
2018-03-14 18:26:59,191:INFO: - Found new best accuracy
2018-03-14 18:26:59,191:INFO: Epoch 17/30
2018-03-14 18:27:06,891:INFO: - Train metrics: accuracy: 0.947 ; loss: 0.855
2018-03-14 18:27:07,738:INFO: - Eval metrics : accuracy: 0.787 ; loss: 0.000
2018-03-14 18:27:07,757:INFO: Epoch 18/30
2018-03-14 18:27:15,437:INFO: - Train metrics: accuracy: 0.949 ; loss: 0.850
2018-03-14 18:27:16,270:INFO: - Eval metrics : accuracy: 0.784 ; loss: 0.000
2018-03-14 18:27:16,293:INFO: Epoch 19/30
2018-03-14 18:27:23,973:INFO: - Train metrics: accuracy: 0.941 ; loss: 0.848
2018-03-14 18:27:24,797:INFO: - Eval metrics : accuracy: 0.785 ; loss: 0.000
2018-03-14 18:27:24,825:INFO: Epoch 20/30
2018-03-14 18:27:32,506:INFO: - Train metrics: accuracy: 0.951 ; loss: 0.871
2018-03-14 18:27:33,320:INFO: - Eval metrics : accuracy: 0.789 ; loss: 0.000
2018-03-14 18:27:33,347:INFO: - Found new best accuracy
2018-03-14 18:27:33,348:INFO: Epoch 21/30
2018-03-14 18:27:41,020:INFO: - Train metrics: accuracy: 0.941 ; loss: 0.862
2018-03-14 18:27:41,854:INFO: - Eval metrics : accuracy: 0.774 ; loss: 0.000
2018-03-14 18:27:41,873:INFO: Epoch 22/30
2018-03-14 18:27:49,554:INFO: - Train metrics: accuracy: 0.961 ; loss: 0.862
2018-03-14 18:27:50,356:INFO: - Eval metrics : accuracy: 0.781 ; loss: 0.000
2018-03-14 18:27:50,372:INFO: Epoch 23/30
2018-03-14 18:27:58,074:INFO: - Train metrics: accuracy: 0.959 ; loss: 0.868
2018-03-14 18:27:58,933:INFO: - Eval metrics : accuracy: 0.782 ; loss: 0.000
2018-03-14 18:27:58,947:INFO: Epoch 24/30
2018-03-14 18:28:06,618:INFO: - Train metrics: accuracy: 0.941 ; loss: 0.867
2018-03-14 18:28:07,457:INFO: - Eval metrics : accuracy: 0.780 ; loss: 0.000
2018-03-14 18:28:07,477:INFO: Epoch 25/30
2018-03-14 18:28:15,156:INFO: - Train metrics: accuracy: 0.957 ; loss: 0.864
2018-03-14 18:28:15,988:INFO: - Eval metrics : accuracy: 0.772 ; loss: 0.000
2018-03-14 18:28:16,005:INFO: Epoch 26/30
2018-03-14 18:28:24,016:INFO: - Train metrics: accuracy: 0.973 ; loss: 0.857
2018-03-14 18:28:24,854:INFO: - Eval metrics : accuracy: 0.776 ; loss: 0.000
2018-03-14 18:28:24,881:INFO: Epoch 27/30
2018-03-14 18:28:32,576:INFO: - Train metrics: accuracy: 0.979 ; loss: 0.853
2018-03-14 18:28:33,405:INFO: - Eval metrics : accuracy: 0.785 ; loss: 0.000
2018-03-14 18:28:33,420:INFO: Epoch 28/30
2018-03-14 18:28:41,121:INFO: - Train metrics: accuracy: 0.977 ; loss: 0.853
2018-03-14 18:28:41,937:INFO: - Eval metrics : accuracy: 0.786 ; loss: 0.000
2018-03-14 18:28:41,953:INFO: Epoch 29/30
2018-03-14 18:28:49,662:INFO: - Train metrics: accuracy: 0.979 ; loss: 0.852
2018-03-14 18:28:50,508:INFO: - Eval metrics : accuracy: 0.784 ; loss: 0.000
2018-03-14 18:28:50,524:INFO: Epoch 30/30
2018-03-14 18:28:58,276:INFO: - Train metrics: accuracy: 0.979 ; loss: 0.871
2018-03-14 18:28:59,102:INFO: - Eval metrics : accuracy: 0.781 ; loss: 0.000
