2018-03-14 18:02:39,560:INFO: Loading the datasets...
2018-03-14 18:02:43,174:INFO: - done.
2018-03-14 18:02:45,771:INFO: Experiment - model version: cnn_distill
2018-03-14 18:02:45,772:INFO: Starting training for 30 epoch(s)
2018-03-14 18:02:45,772:INFO: First, loading the teacher model and computing its outputs...
2018-03-14 18:03:35,289:INFO: - Finished computing teacher outputs after 50 secs..
2018-03-14 18:03:35,289:INFO: Epoch 1/30
2018-03-14 18:03:43,099:INFO: - Train metrics: accuracy: 0.508 ; loss: 1.488
2018-03-14 18:03:43,933:INFO: - Eval metrics : accuracy: 0.669 ; loss: 0.000
2018-03-14 18:03:43,951:INFO: - Found new best accuracy
2018-03-14 18:03:43,952:INFO: Epoch 2/30
2018-03-14 18:03:51,704:INFO: - Train metrics: accuracy: 0.721 ; loss: 1.525
2018-03-14 18:03:52,575:INFO: - Eval metrics : accuracy: 0.728 ; loss: 0.000
2018-03-14 18:03:52,602:INFO: - Found new best accuracy
2018-03-14 18:03:52,603:INFO: Epoch 3/30
2018-03-14 18:04:00,359:INFO: - Train metrics: accuracy: 0.781 ; loss: 1.542
2018-03-14 18:04:01,215:INFO: - Eval metrics : accuracy: 0.757 ; loss: 0.000
2018-03-14 18:04:01,248:INFO: - Found new best accuracy
2018-03-14 18:04:01,248:INFO: Epoch 4/30
2018-03-14 18:04:08,993:INFO: - Train metrics: accuracy: 0.834 ; loss: 1.570
2018-03-14 18:04:09,834:INFO: - Eval metrics : accuracy: 0.766 ; loss: 0.000
2018-03-14 18:04:09,870:INFO: - Found new best accuracy
2018-03-14 18:04:09,871:INFO: Epoch 5/30
2018-03-14 18:04:17,610:INFO: - Train metrics: accuracy: 0.859 ; loss: 1.584
2018-03-14 18:04:18,463:INFO: - Eval metrics : accuracy: 0.770 ; loss: 0.000
2018-03-14 18:04:18,498:INFO: - Found new best accuracy
2018-03-14 18:04:18,499:INFO: Epoch 6/30
2018-03-14 18:04:26,254:INFO: - Train metrics: accuracy: 0.904 ; loss: 1.648
2018-03-14 18:04:27,091:INFO: - Eval metrics : accuracy: 0.779 ; loss: 0.000
2018-03-14 18:04:27,119:INFO: - Found new best accuracy
2018-03-14 18:04:27,120:INFO: Epoch 7/30
2018-03-14 18:04:34,874:INFO: - Train metrics: accuracy: 0.926 ; loss: 1.605
2018-03-14 18:04:35,715:INFO: - Eval metrics : accuracy: 0.782 ; loss: 0.000
2018-03-14 18:04:35,748:INFO: - Found new best accuracy
2018-03-14 18:04:35,749:INFO: Epoch 8/30
2018-03-14 18:04:43,532:INFO: - Train metrics: accuracy: 0.938 ; loss: 1.628
2018-03-14 18:04:44,385:INFO: - Eval metrics : accuracy: 0.777 ; loss: 0.000
2018-03-14 18:04:44,412:INFO: Epoch 9/30
2018-03-14 18:04:52,216:INFO: - Train metrics: accuracy: 0.971 ; loss: 1.633
2018-03-14 18:04:53,068:INFO: - Eval metrics : accuracy: 0.779 ; loss: 0.000
2018-03-14 18:04:53,084:INFO: Epoch 10/30
2018-03-14 18:05:00,854:INFO: - Train metrics: accuracy: 0.971 ; loss: 1.664
2018-03-14 18:05:01,751:INFO: - Eval metrics : accuracy: 0.768 ; loss: 0.000
2018-03-14 18:05:01,768:INFO: Epoch 11/30
2018-03-14 18:05:09,538:INFO: - Train metrics: accuracy: 0.990 ; loss: 1.690
2018-03-14 18:05:10,356:INFO: - Eval metrics : accuracy: 0.773 ; loss: 0.000
2018-03-14 18:05:10,372:INFO: Epoch 12/30
2018-03-14 18:05:18,133:INFO: - Train metrics: accuracy: 0.994 ; loss: 1.628
2018-03-14 18:05:18,967:INFO: - Eval metrics : accuracy: 0.767 ; loss: 0.000
2018-03-14 18:05:18,984:INFO: Epoch 13/30
2018-03-14 18:05:26,748:INFO: - Train metrics: accuracy: 0.992 ; loss: 1.639
2018-03-14 18:05:27,595:INFO: - Eval metrics : accuracy: 0.774 ; loss: 0.000
2018-03-14 18:05:27,613:INFO: Epoch 14/30
2018-03-14 18:05:35,396:INFO: - Train metrics: accuracy: 0.988 ; loss: 1.647
2018-03-14 18:05:36,217:INFO: - Eval metrics : accuracy: 0.763 ; loss: 0.000
2018-03-14 18:05:36,232:INFO: Epoch 15/30
2018-03-14 18:05:44,013:INFO: - Train metrics: accuracy: 0.990 ; loss: 1.614
2018-03-14 18:05:44,863:INFO: - Eval metrics : accuracy: 0.770 ; loss: 0.000
2018-03-14 18:05:44,881:INFO: Epoch 16/30
2018-03-14 18:05:52,659:INFO: - Train metrics: accuracy: 1.000 ; loss: 1.660
2018-03-14 18:05:53,512:INFO: - Eval metrics : accuracy: 0.771 ; loss: 0.000
2018-03-14 18:05:53,532:INFO: Epoch 17/30
2018-03-14 18:06:01,308:INFO: - Train metrics: accuracy: 0.998 ; loss: 1.605
2018-03-14 18:06:02,157:INFO: - Eval metrics : accuracy: 0.771 ; loss: 0.000
2018-03-14 18:06:02,185:INFO: Epoch 18/30
2018-03-14 18:06:09,975:INFO: - Train metrics: accuracy: 1.000 ; loss: 1.585
2018-03-14 18:06:10,821:INFO: - Eval metrics : accuracy: 0.768 ; loss: 0.000
2018-03-14 18:06:10,837:INFO: Epoch 19/30
2018-03-14 18:06:18,681:INFO: - Train metrics: accuracy: 0.998 ; loss: 1.585
2018-03-14 18:06:19,555:INFO: - Eval metrics : accuracy: 0.771 ; loss: 0.000
2018-03-14 18:06:19,581:INFO: Epoch 20/30
2018-03-14 18:06:27,323:INFO: - Train metrics: accuracy: 0.996 ; loss: 1.619
2018-03-14 18:06:28,190:INFO: - Eval metrics : accuracy: 0.778 ; loss: 0.000
2018-03-14 18:06:28,209:INFO: Epoch 21/30
2018-03-14 18:06:36,005:INFO: - Train metrics: accuracy: 1.000 ; loss: 1.609
2018-03-14 18:06:36,860:INFO: - Eval metrics : accuracy: 0.779 ; loss: 0.000
2018-03-14 18:06:36,872:INFO: Epoch 22/30
2018-03-14 18:06:44,633:INFO: - Train metrics: accuracy: 0.998 ; loss: 1.618
2018-03-14 18:06:45,484:INFO: - Eval metrics : accuracy: 0.774 ; loss: 0.000
2018-03-14 18:06:45,499:INFO: Epoch 23/30
2018-03-14 18:06:53,277:INFO: - Train metrics: accuracy: 0.998 ; loss: 1.599
2018-03-14 18:06:54,110:INFO: - Eval metrics : accuracy: 0.777 ; loss: 0.000
2018-03-14 18:06:54,129:INFO: Epoch 24/30
2018-03-14 18:07:01,897:INFO: - Train metrics: accuracy: 0.998 ; loss: 1.612
2018-03-14 18:07:02,746:INFO: - Eval metrics : accuracy: 0.773 ; loss: 0.000
2018-03-14 18:07:02,769:INFO: Epoch 25/30
2018-03-14 18:07:10,542:INFO: - Train metrics: accuracy: 1.000 ; loss: 1.596
2018-03-14 18:07:11,389:INFO: - Eval metrics : accuracy: 0.772 ; loss: 0.000
2018-03-14 18:07:11,402:INFO: Epoch 26/30
2018-03-14 18:07:19,176:INFO: - Train metrics: accuracy: 0.998 ; loss: 1.594
2018-03-14 18:07:20,027:INFO: - Eval metrics : accuracy: 0.769 ; loss: 0.000
2018-03-14 18:07:20,043:INFO: Epoch 27/30
2018-03-14 18:07:27,822:INFO: - Train metrics: accuracy: 1.000 ; loss: 1.586
2018-03-14 18:07:28,677:INFO: - Eval metrics : accuracy: 0.776 ; loss: 0.000
2018-03-14 18:07:28,693:INFO: Epoch 28/30
2018-03-14 18:07:36,494:INFO: - Train metrics: accuracy: 0.998 ; loss: 1.568
2018-03-14 18:07:37,355:INFO: - Eval metrics : accuracy: 0.774 ; loss: 0.000
2018-03-14 18:07:37,371:INFO: Epoch 29/30
2018-03-14 18:07:45,178:INFO: - Train metrics: accuracy: 1.000 ; loss: 1.568
2018-03-14 18:07:46,039:INFO: - Eval metrics : accuracy: 0.778 ; loss: 0.000
2018-03-14 18:07:46,055:INFO: Epoch 30/30
2018-03-14 18:07:53,799:INFO: - Train metrics: accuracy: 0.998 ; loss: 1.616
2018-03-14 18:07:54,651:INFO: - Eval metrics : accuracy: 0.774 ; loss: 0.000
