2018-03-14 18:50:00,327:INFO: Loading the datasets...
2018-03-14 18:50:03,963:INFO: - done.
2018-03-14 18:50:06,480:INFO: Experiment - model version: cnn_distill
2018-03-14 18:50:06,480:INFO: Starting training for 30 epoch(s)
2018-03-14 18:50:06,480:INFO: First, loading the teacher model and computing its outputs...
2018-03-14 18:50:55,709:INFO: - Finished computing teacher outputs after 50 secs..
2018-03-14 18:50:55,710:INFO: Epoch 1/30
2018-03-14 18:51:03,444:INFO: - Train metrics: accuracy: 0.492 ; loss: 1.523
2018-03-14 18:51:04,309:INFO: - Eval metrics : accuracy: 0.677 ; loss: 0.000
2018-03-14 18:51:04,327:INFO: - Found new best accuracy
2018-03-14 18:51:04,327:INFO: Epoch 2/30
2018-03-14 18:51:12,038:INFO: - Train metrics: accuracy: 0.730 ; loss: 1.309
2018-03-14 18:51:12,895:INFO: - Eval metrics : accuracy: 0.738 ; loss: 0.000
2018-03-14 18:51:12,930:INFO: - Found new best accuracy
2018-03-14 18:51:12,931:INFO: Epoch 3/30
2018-03-14 18:51:20,620:INFO: - Train metrics: accuracy: 0.754 ; loss: 1.270
2018-03-14 18:51:21,451:INFO: - Eval metrics : accuracy: 0.762 ; loss: 0.000
2018-03-14 18:51:21,480:INFO: - Found new best accuracy
2018-03-14 18:51:21,481:INFO: Epoch 4/30
2018-03-14 18:51:29,175:INFO: - Train metrics: accuracy: 0.836 ; loss: 1.218
2018-03-14 18:51:30,037:INFO: - Eval metrics : accuracy: 0.771 ; loss: 0.000
2018-03-14 18:51:30,065:INFO: - Found new best accuracy
2018-03-14 18:51:30,066:INFO: Epoch 5/30
2018-03-14 18:51:37,761:INFO: - Train metrics: accuracy: 0.869 ; loss: 1.214
2018-03-14 18:51:38,616:INFO: - Eval metrics : accuracy: 0.769 ; loss: 0.000
2018-03-14 18:51:38,637:INFO: Epoch 6/30
2018-03-14 18:51:46,351:INFO: - Train metrics: accuracy: 0.902 ; loss: 1.277
2018-03-14 18:51:47,186:INFO: - Eval metrics : accuracy: 0.770 ; loss: 0.000
2018-03-14 18:51:47,202:INFO: Epoch 7/30
2018-03-14 18:51:54,904:INFO: - Train metrics: accuracy: 0.934 ; loss: 1.207
2018-03-14 18:51:55,766:INFO: - Eval metrics : accuracy: 0.777 ; loss: 0.000
2018-03-14 18:51:55,796:INFO: - Found new best accuracy
2018-03-14 18:51:55,797:INFO: Epoch 8/30
2018-03-14 18:52:03,498:INFO: - Train metrics: accuracy: 0.930 ; loss: 1.236
2018-03-14 18:52:04,352:INFO: - Eval metrics : accuracy: 0.777 ; loss: 0.000
2018-03-14 18:52:04,367:INFO: Epoch 9/30
2018-03-14 18:52:12,060:INFO: - Train metrics: accuracy: 0.951 ; loss: 1.216
2018-03-14 18:52:12,931:INFO: - Eval metrics : accuracy: 0.775 ; loss: 0.000
2018-03-14 18:52:12,957:INFO: Epoch 10/30
2018-03-14 18:52:20,664:INFO: - Train metrics: accuracy: 0.971 ; loss: 1.251
2018-03-14 18:52:21,531:INFO: - Eval metrics : accuracy: 0.772 ; loss: 0.000
2018-03-14 18:52:21,553:INFO: Epoch 11/30
2018-03-14 18:52:29,256:INFO: - Train metrics: accuracy: 0.988 ; loss: 1.263
2018-03-14 18:52:30,091:INFO: - Eval metrics : accuracy: 0.772 ; loss: 0.000
2018-03-14 18:52:30,117:INFO: Epoch 12/30
2018-03-14 18:52:37,816:INFO: - Train metrics: accuracy: 0.984 ; loss: 1.211
2018-03-14 18:52:38,658:INFO: - Eval metrics : accuracy: 0.778 ; loss: 0.000
2018-03-14 18:52:38,694:INFO: - Found new best accuracy
2018-03-14 18:52:38,694:INFO: Epoch 13/30
2018-03-14 18:52:46,393:INFO: - Train metrics: accuracy: 1.000 ; loss: 1.194
2018-03-14 18:52:47,244:INFO: - Eval metrics : accuracy: 0.775 ; loss: 0.000
2018-03-14 18:52:47,260:INFO: Epoch 14/30
2018-03-14 18:52:54,965:INFO: - Train metrics: accuracy: 0.998 ; loss: 1.173
2018-03-14 18:52:55,817:INFO: - Eval metrics : accuracy: 0.772 ; loss: 0.000
2018-03-14 18:52:55,841:INFO: Epoch 15/30
2018-03-14 18:53:03,549:INFO: - Train metrics: accuracy: 0.988 ; loss: 1.168
2018-03-14 18:53:04,393:INFO: - Eval metrics : accuracy: 0.763 ; loss: 0.000
2018-03-14 18:53:04,408:INFO: Epoch 16/30
2018-03-14 18:53:12,122:INFO: - Train metrics: accuracy: 0.996 ; loss: 1.195
2018-03-14 18:53:12,996:INFO: - Eval metrics : accuracy: 0.768 ; loss: 0.000
2018-03-14 18:53:13,009:INFO: Epoch 17/30
2018-03-14 18:53:20,720:INFO: - Train metrics: accuracy: 1.000 ; loss: 1.175
2018-03-14 18:53:21,583:INFO: - Eval metrics : accuracy: 0.775 ; loss: 0.000
2018-03-14 18:53:21,601:INFO: Epoch 18/30
2018-03-14 18:53:29,308:INFO: - Train metrics: accuracy: 0.994 ; loss: 1.139
2018-03-14 18:53:30,175:INFO: - Eval metrics : accuracy: 0.774 ; loss: 0.000
2018-03-14 18:53:30,201:INFO: Epoch 19/30
2018-03-14 18:53:37,885:INFO: - Train metrics: accuracy: 0.996 ; loss: 1.135
2018-03-14 18:53:38,735:INFO: - Eval metrics : accuracy: 0.758 ; loss: 0.000
2018-03-14 18:53:38,753:INFO: Epoch 20/30
2018-03-14 18:53:46,464:INFO: - Train metrics: accuracy: 1.000 ; loss: 1.153
2018-03-14 18:53:47,317:INFO: - Eval metrics : accuracy: 0.781 ; loss: 0.000
2018-03-14 18:53:47,346:INFO: - Found new best accuracy
2018-03-14 18:53:47,347:INFO: Epoch 21/30
2018-03-14 18:53:55,040:INFO: - Train metrics: accuracy: 0.998 ; loss: 1.140
2018-03-14 18:53:55,904:INFO: - Eval metrics : accuracy: 0.777 ; loss: 0.000
2018-03-14 18:53:55,920:INFO: Epoch 22/30
2018-03-14 18:54:03,627:INFO: - Train metrics: accuracy: 1.000 ; loss: 1.127
2018-03-14 18:54:04,476:INFO: - Eval metrics : accuracy: 0.772 ; loss: 0.000
2018-03-14 18:54:04,492:INFO: Epoch 23/30
2018-03-14 18:54:12,192:INFO: - Train metrics: accuracy: 0.994 ; loss: 1.144
2018-03-14 18:54:13,047:INFO: - Eval metrics : accuracy: 0.765 ; loss: 0.000
2018-03-14 18:54:13,065:INFO: Epoch 24/30
2018-03-14 18:54:20,771:INFO: - Train metrics: accuracy: 0.979 ; loss: 1.180
2018-03-14 18:54:21,613:INFO: - Eval metrics : accuracy: 0.763 ; loss: 0.000
2018-03-14 18:54:21,628:INFO: Epoch 25/30
2018-03-14 18:54:29,332:INFO: - Train metrics: accuracy: 0.994 ; loss: 1.165
2018-03-14 18:54:30,191:INFO: - Eval metrics : accuracy: 0.780 ; loss: 0.000
2018-03-14 18:54:30,217:INFO: Epoch 26/30
2018-03-14 18:54:37,924:INFO: - Train metrics: accuracy: 0.998 ; loss: 1.113
2018-03-14 18:54:38,771:INFO: - Eval metrics : accuracy: 0.781 ; loss: 0.000
2018-03-14 18:54:38,797:INFO: - Found new best accuracy
2018-03-14 18:54:38,797:INFO: Epoch 27/30
2018-03-14 18:54:46,487:INFO: - Train metrics: accuracy: 1.000 ; loss: 1.083
2018-03-14 18:54:47,327:INFO: - Eval metrics : accuracy: 0.785 ; loss: 0.000
2018-03-14 18:54:47,356:INFO: - Found new best accuracy
2018-03-14 18:54:47,357:INFO: Epoch 28/30
2018-03-14 18:54:55,048:INFO: - Train metrics: accuracy: 1.000 ; loss: 1.072
2018-03-14 18:54:55,887:INFO: - Eval metrics : accuracy: 0.784 ; loss: 0.000
2018-03-14 18:54:55,902:INFO: Epoch 29/30
2018-03-14 18:55:03,608:INFO: - Train metrics: accuracy: 1.000 ; loss: 1.053
2018-03-14 18:55:04,451:INFO: - Eval metrics : accuracy: 0.779 ; loss: 0.000
2018-03-14 18:55:04,467:INFO: Epoch 30/30
2018-03-14 18:55:12,180:INFO: - Train metrics: accuracy: 1.000 ; loss: 1.080
2018-03-14 18:55:13,032:INFO: - Eval metrics : accuracy: 0.783 ; loss: 0.000
