2018-02-23 11:04:35,153:INFO: Loading the datasets...
2018-02-23 11:04:35,156:INFO: - done.
2018-02-23 11:04:35,168:INFO: Starting training for 10 epoch(s)
2018-02-23 11:04:35,169:INFO: Epoch 1/10
2018-02-23 11:04:43,183:INFO: - Train metrics: accuracy: 0.219 ; loss: 1.843
2018-02-23 11:04:44,055:INFO: - Eval metrics : accuracy: 0.240 ; loss: 1.953
2018-02-23 11:04:44,102:INFO: - Found new best accuracy
2018-02-23 11:04:44,104:INFO: Epoch 2/10
2018-02-23 11:04:52,111:INFO: - Train metrics: accuracy: 0.594 ; loss: 1.312
2018-02-23 11:04:52,958:INFO: - Eval metrics : accuracy: 0.656 ; loss: 1.169
2018-02-23 11:04:53,006:INFO: - Found new best accuracy
2018-02-23 11:04:53,008:INFO: Epoch 3/10
2018-02-23 11:05:01,957:INFO: - Train metrics: accuracy: 0.656 ; loss: 1.174
2018-02-23 11:05:02,821:INFO: - Eval metrics : accuracy: 0.848 ; loss: 0.843
2018-02-23 11:05:02,869:INFO: - Found new best accuracy
2018-02-23 11:05:02,870:INFO: Epoch 4/10
2018-02-23 11:05:10,940:INFO: - Train metrics: accuracy: 0.750 ; loss: 0.948
2018-02-23 11:05:11,796:INFO: - Eval metrics : accuracy: 0.812 ; loss: 0.708
2018-02-23 11:05:11,832:INFO: Epoch 5/10
2018-02-23 11:05:19,797:INFO: - Train metrics: accuracy: 0.906 ; loss: 0.621
2018-02-23 11:05:20,691:INFO: - Eval metrics : accuracy: 0.890 ; loss: 0.588
2018-02-23 11:05:20,738:INFO: - Found new best accuracy
2018-02-23 11:05:20,740:INFO: Epoch 6/10
2018-02-23 11:05:28,727:INFO: - Train metrics: accuracy: 0.875 ; loss: 0.513
2018-02-23 11:05:29,581:INFO: - Eval metrics : accuracy: 0.732 ; loss: 0.711
2018-02-23 11:05:29,635:INFO: Epoch 7/10
2018-02-23 11:05:37,646:INFO: - Train metrics: accuracy: 0.844 ; loss: 0.694
2018-02-23 11:05:38,479:INFO: - Eval metrics : accuracy: 0.817 ; loss: 0.518
2018-02-23 11:05:38,511:INFO: Epoch 8/10
2018-02-23 11:05:46,445:INFO: - Train metrics: accuracy: 0.875 ; loss: 0.464
2018-02-23 11:05:47,285:INFO: - Eval metrics : accuracy: 0.927 ; loss: 0.388
2018-02-23 11:05:47,330:INFO: - Found new best accuracy
2018-02-23 11:05:47,331:INFO: Epoch 9/10
2018-02-23 11:05:55,505:INFO: - Train metrics: accuracy: 0.844 ; loss: 0.448
2018-02-23 11:05:56,336:INFO: - Eval metrics : accuracy: 0.446 ; loss: 1.209
2018-02-23 11:05:56,368:INFO: Epoch 10/10
2018-02-23 11:06:04,256:INFO: - Train metrics: accuracy: 0.906 ; loss: 0.312
2018-02-23 11:06:05,086:INFO: - Eval metrics : accuracy: 0.863 ; loss: 0.422
2018-02-25 14:15:09,316:INFO: Loading the datasets...
2018-02-25 14:15:09,330:INFO: - done.
2018-02-25 14:15:09,341:INFO: Starting training for 10 epoch(s)
2018-02-25 14:15:09,342:INFO: Epoch 1/10
2018-02-25 14:15:17,228:INFO: - Train metrics: accuracy: 0.219 ; loss: 1.857
2018-02-25 14:15:18,098:INFO: - Eval metrics : accuracy: 0.237 ; loss: 1.967
2018-02-25 14:15:18,147:INFO: - Found new best accuracy
2018-02-25 14:15:18,148:INFO: Epoch 2/10
2018-03-08 12:25:34,588:INFO: Loading the datasets...
2018-03-08 12:28:37,760:INFO: Loading the datasets...
2018-03-08 12:28:41,101:INFO: - done.
2018-03-08 12:28:41,121:INFO: Starting training for 10 epoch(s)
2018-03-08 12:28:41,121:INFO: Epoch 1/10
2018-03-08 12:35:22,812:INFO: Loading the datasets...
2018-03-08 12:35:26,076:INFO: - done.
2018-03-08 12:35:26,085:INFO: Starting training for 10 epoch(s)
2018-03-08 12:35:26,085:INFO: Epoch 1/10
2018-03-08 12:38:12,944:INFO: Loading the datasets...
2018-03-08 12:38:16,364:INFO: - done.
2018-03-08 12:38:16,374:INFO: Starting training for 10 epoch(s)
2018-03-08 12:38:16,374:INFO: Epoch 1/10
2018-03-08 12:40:29,198:INFO: Loading the datasets...
2018-03-08 12:40:32,849:INFO: - done.
2018-03-08 12:40:32,862:INFO: Starting training for 10 epoch(s)
2018-03-08 12:40:32,862:INFO: Epoch 1/10
2018-03-08 12:41:10,110:INFO: Loading the datasets...
2018-03-08 12:41:13,700:INFO: - done.
2018-03-08 12:41:13,713:INFO: Starting training for 10 epoch(s)
2018-03-08 12:41:13,713:INFO: Epoch 1/10
2018-03-08 12:43:28,328:INFO: Loading the datasets...
2018-03-08 12:43:31,776:INFO: - done.
2018-03-08 12:43:31,786:INFO: Starting training for 10 epoch(s)
2018-03-08 12:43:31,786:INFO: Epoch 1/10
2018-03-08 12:50:13,535:INFO: Loading the datasets...
2018-03-08 12:50:16,723:INFO: - done.
2018-03-08 12:50:40,304:INFO: Loading the datasets...
2018-03-08 12:50:43,782:INFO: - done.
2018-03-08 12:50:43,783:INFO: Starting training for 10 epoch(s)
2018-03-08 12:50:43,783:INFO: Epoch 1/10
2018-03-08 12:50:59,694:INFO: - Train metrics: accuracy: 0.295 ; loss: 1.914
2018-03-08 12:51:01,424:INFO: - Eval metrics : accuracy: 0.433 ; loss: 1.528
2018-03-08 12:51:01,436:INFO: - Found new best accuracy
2018-03-08 12:51:01,438:INFO: Epoch 2/10
2018-03-08 12:51:16,450:INFO: - Train metrics: accuracy: 0.418 ; loss: 1.572
2018-03-08 12:51:18,144:INFO: - Eval metrics : accuracy: 0.497 ; loss: 1.390
2018-03-08 12:51:18,157:INFO: - Found new best accuracy
2018-03-08 12:51:18,158:INFO: Epoch 3/10
2018-03-08 12:51:33,502:INFO: - Train metrics: accuracy: 0.463 ; loss: 1.503
2018-03-08 12:51:35,187:INFO: - Eval metrics : accuracy: 0.519 ; loss: 1.329
2018-03-08 12:51:35,199:INFO: - Found new best accuracy
2018-03-08 12:51:35,200:INFO: Epoch 4/10
2018-03-08 12:51:50,888:INFO: - Train metrics: accuracy: 0.500 ; loss: 1.395
2018-03-08 12:51:52,534:INFO: - Eval metrics : accuracy: 0.558 ; loss: 1.231
2018-03-08 12:51:52,546:INFO: - Found new best accuracy
2018-03-08 12:51:52,547:INFO: Epoch 5/10
2018-03-08 12:52:08,765:INFO: - Train metrics: accuracy: 0.498 ; loss: 1.367
2018-03-08 12:52:10,889:INFO: - Eval metrics : accuracy: 0.561 ; loss: 1.205
2018-03-08 12:52:10,905:INFO: - Found new best accuracy
2018-03-08 12:52:10,906:INFO: Epoch 6/10
2018-03-08 12:52:27,425:INFO: - Train metrics: accuracy: 0.512 ; loss: 1.304
2018-03-08 12:52:29,552:INFO: - Eval metrics : accuracy: 0.577 ; loss: 1.184
2018-03-08 12:52:29,559:INFO: - Found new best accuracy
2018-03-08 12:52:29,560:INFO: Epoch 7/10
2018-03-08 12:52:45,644:INFO: - Train metrics: accuracy: 0.559 ; loss: 1.244
2018-03-08 12:52:47,325:INFO: - Eval metrics : accuracy: 0.573 ; loss: 1.190
2018-03-08 12:52:47,332:INFO: Epoch 8/10
2018-03-08 12:53:03,401:INFO: - Train metrics: accuracy: 0.590 ; loss: 1.151
2018-03-08 12:53:05,084:INFO: - Eval metrics : accuracy: 0.587 ; loss: 1.150
2018-03-08 12:53:05,095:INFO: - Found new best accuracy
2018-03-08 12:53:05,096:INFO: Epoch 9/10
2018-03-08 12:53:21,224:INFO: - Train metrics: accuracy: 0.566 ; loss: 1.259
2018-03-08 12:53:22,988:INFO: - Eval metrics : accuracy: 0.592 ; loss: 1.146
2018-03-08 12:53:23,000:INFO: - Found new best accuracy
2018-03-08 12:53:23,001:INFO: Epoch 10/10
2018-03-08 12:53:37,924:INFO: - Train metrics: accuracy: 0.570 ; loss: 1.208
2018-03-08 12:53:39,591:INFO: - Eval metrics : accuracy: 0.609 ; loss: 1.098
2018-03-08 12:53:39,602:INFO: - Found new best accuracy
2018-03-08 13:03:00,516:INFO: Loading the datasets...
2018-03-08 13:03:04,011:INFO: - done.
2018-03-08 13:03:04,013:INFO: Starting training for 10 epoch(s)
2018-03-08 13:03:04,013:INFO: Epoch 1/10
2018-03-08 13:03:19,451:INFO: - Train metrics: accuracy: 0.297 ; loss: 1.889
2018-03-08 13:03:21,191:INFO: - Eval metrics : accuracy: 0.436 ; loss: 1.539
2018-03-08 13:03:21,201:INFO: - Found new best accuracy
2018-03-08 13:03:21,203:INFO: Epoch 2/10
2018-03-08 13:03:36,411:INFO: - Train metrics: accuracy: 0.443 ; loss: 1.613
2018-03-08 13:03:38,203:INFO: - Eval metrics : accuracy: 0.486 ; loss: 1.423
2018-03-08 13:03:38,215:INFO: - Found new best accuracy
2018-03-08 13:03:38,216:INFO: Epoch 3/10
2018-03-08 13:03:53,900:INFO: - Train metrics: accuracy: 0.445 ; loss: 1.521
2018-03-08 13:03:55,655:INFO: - Eval metrics : accuracy: 0.502 ; loss: 1.371
2018-03-08 13:03:55,664:INFO: - Found new best accuracy
2018-03-08 13:03:55,665:INFO: Epoch 4/10
2018-03-08 13:04:11,061:INFO: - Train metrics: accuracy: 0.467 ; loss: 1.430
2018-03-08 13:04:12,844:INFO: - Eval metrics : accuracy: 0.547 ; loss: 1.248
2018-03-08 13:04:12,855:INFO: - Found new best accuracy
2018-03-08 13:04:12,856:INFO: Epoch 5/10
2018-03-08 13:04:29,981:INFO: - Train metrics: accuracy: 0.484 ; loss: 1.408
2018-03-08 13:04:32,098:INFO: - Eval metrics : accuracy: 0.558 ; loss: 1.232
2018-03-08 13:04:32,113:INFO: - Found new best accuracy
2018-03-08 13:04:32,115:INFO: Epoch 6/10
2018-03-08 13:04:48,875:INFO: - Train metrics: accuracy: 0.473 ; loss: 1.380
2018-03-08 13:04:50,504:INFO: - Eval metrics : accuracy: 0.579 ; loss: 1.194
2018-03-08 13:04:50,516:INFO: - Found new best accuracy
2018-03-08 13:04:50,518:INFO: Epoch 7/10
2018-03-08 13:05:05,243:INFO: - Train metrics: accuracy: 0.594 ; loss: 1.202
2018-03-08 13:05:06,991:INFO: - Eval metrics : accuracy: 0.571 ; loss: 1.209
2018-03-08 13:05:06,997:INFO: Epoch 8/10
2018-03-08 13:05:23,497:INFO: - Train metrics: accuracy: 0.561 ; loss: 1.195
2018-03-08 13:05:25,298:INFO: - Eval metrics : accuracy: 0.589 ; loss: 1.139
2018-03-08 13:05:25,314:INFO: - Found new best accuracy
2018-03-08 13:05:25,315:INFO: Epoch 9/10
2018-03-08 13:05:41,154:INFO: - Train metrics: accuracy: 0.580 ; loss: 1.170
2018-03-08 13:05:42,866:INFO: - Eval metrics : accuracy: 0.602 ; loss: 1.119
2018-03-08 13:05:42,879:INFO: - Found new best accuracy
2018-03-08 13:05:42,880:INFO: Epoch 10/10
2018-03-08 13:05:58,217:INFO: - Train metrics: accuracy: 0.590 ; loss: 1.183
2018-03-08 13:05:59,958:INFO: - Eval metrics : accuracy: 0.607 ; loss: 1.103
2018-03-08 13:05:59,971:INFO: - Found new best accuracy
2018-03-08 14:40:07,138:INFO: Loading the datasets...
2018-03-08 14:40:10,675:INFO: - done.
2018-03-08 14:40:10,690:INFO: Starting training for 10 epoch(s)
2018-03-08 14:40:10,690:INFO: Epoch 1/10
