2018-03-10 19:51:53,564:INFO: Loading the datasets...
2018-03-10 19:51:57,172:INFO: - done.
2018-03-10 19:51:59,675:INFO: Starting training for 30 epoch(s)
2018-03-10 19:51:59,675:INFO: Epoch 1/30
2018-03-10 19:52:58,329:INFO: - Train metrics: accuracy: 0.373 ; loss: 1.482
2018-03-10 19:52:59,197:INFO: - Eval metrics : accuracy: 0.620 ; loss: 0.000
2018-03-10 19:52:59,214:INFO: - Found new best accuracy
2018-03-10 19:52:59,215:INFO: Epoch 2/30
2018-03-10 19:53:57,163:INFO: - Train metrics: accuracy: 0.617 ; loss: 1.023
2018-03-10 19:53:58,042:INFO: - Eval metrics : accuracy: 0.684 ; loss: 0.000
2018-03-10 19:53:58,089:INFO: - Found new best accuracy
2018-03-10 19:53:58,089:INFO: Epoch 3/30
2018-03-10 19:54:56,195:INFO: - Train metrics: accuracy: 0.639 ; loss: 0.932
2018-03-10 19:54:57,049:INFO: - Eval metrics : accuracy: 0.717 ; loss: 0.000
2018-03-10 19:54:57,085:INFO: - Found new best accuracy
2018-03-10 19:54:57,085:INFO: Epoch 4/30
2018-03-10 19:55:55,262:INFO: - Train metrics: accuracy: 0.664 ; loss: 0.893
2018-03-10 19:55:56,107:INFO: - Eval metrics : accuracy: 0.741 ; loss: 0.000
2018-03-10 19:55:56,135:INFO: - Found new best accuracy
2018-03-10 19:55:56,136:INFO: Epoch 5/30
2018-03-10 19:56:54,204:INFO: - Train metrics: accuracy: 0.723 ; loss: 0.779
2018-03-10 19:56:55,078:INFO: - Eval metrics : accuracy: 0.759 ; loss: 0.000
2018-03-10 19:56:55,107:INFO: - Found new best accuracy
2018-03-10 19:56:55,108:INFO: Epoch 6/30
2018-03-10 19:57:53,171:INFO: - Train metrics: accuracy: 0.701 ; loss: 0.803
2018-03-10 19:57:54,067:INFO: - Eval metrics : accuracy: 0.758 ; loss: 0.000
2018-03-10 19:57:54,082:INFO: Epoch 7/30
2018-03-10 19:58:52,283:INFO: - Train metrics: accuracy: 0.729 ; loss: 0.734
2018-03-10 19:58:53,154:INFO: - Eval metrics : accuracy: 0.772 ; loss: 0.000
2018-03-10 19:58:53,181:INFO: - Found new best accuracy
2018-03-10 19:58:53,182:INFO: Epoch 8/30
2018-03-10 19:59:51,359:INFO: - Train metrics: accuracy: 0.752 ; loss: 0.662
2018-03-10 19:59:52,214:INFO: - Eval metrics : accuracy: 0.783 ; loss: 0.000
2018-03-10 19:59:52,242:INFO: - Found new best accuracy
2018-03-10 19:59:52,243:INFO: Epoch 9/30
2018-03-10 20:00:50,428:INFO: - Train metrics: accuracy: 0.764 ; loss: 0.640
2018-03-10 20:00:51,299:INFO: - Eval metrics : accuracy: 0.786 ; loss: 0.000
2018-03-10 20:00:51,327:INFO: - Found new best accuracy
2018-03-10 20:00:51,328:INFO: Epoch 10/30
2018-03-10 20:01:49,456:INFO: - Train metrics: accuracy: 0.771 ; loss: 0.653
2018-03-10 20:01:50,333:INFO: - Eval metrics : accuracy: 0.784 ; loss: 0.000
2018-03-10 20:01:50,349:INFO: Epoch 11/30
2018-03-10 20:02:48,530:INFO: - Train metrics: accuracy: 0.746 ; loss: 0.637
2018-03-10 20:02:49,381:INFO: - Eval metrics : accuracy: 0.796 ; loss: 0.000
2018-03-10 20:02:49,425:INFO: - Found new best accuracy
2018-03-10 20:02:49,426:INFO: Epoch 12/30
2018-03-10 20:03:47,603:INFO: - Train metrics: accuracy: 0.809 ; loss: 0.554
2018-03-10 20:03:48,459:INFO: - Eval metrics : accuracy: 0.797 ; loss: 0.000
2018-03-10 20:03:48,486:INFO: - Found new best accuracy
2018-03-10 20:03:48,486:INFO: Epoch 13/30
2018-03-10 20:04:46,604:INFO: - Train metrics: accuracy: 0.781 ; loss: 0.585
2018-03-10 20:04:47,490:INFO: - Eval metrics : accuracy: 0.802 ; loss: 0.000
2018-03-10 20:04:47,518:INFO: - Found new best accuracy
2018-03-10 20:04:47,519:INFO: Epoch 14/30
2018-03-10 20:05:45,685:INFO: - Train metrics: accuracy: 0.789 ; loss: 0.579
2018-03-10 20:05:46,571:INFO: - Eval metrics : accuracy: 0.804 ; loss: 0.000
2018-03-10 20:05:46,601:INFO: - Found new best accuracy
2018-03-10 20:05:46,602:INFO: Epoch 15/30
2018-03-10 20:06:44,754:INFO: - Train metrics: accuracy: 0.826 ; loss: 0.538
2018-03-10 20:06:45,604:INFO: - Eval metrics : accuracy: 0.809 ; loss: 0.000
2018-03-10 20:06:45,632:INFO: - Found new best accuracy
2018-03-10 20:06:45,633:INFO: Epoch 16/30
2018-03-10 20:07:43,856:INFO: - Train metrics: accuracy: 0.781 ; loss: 0.568
2018-03-10 20:07:44,719:INFO: - Eval metrics : accuracy: 0.810 ; loss: 0.000
2018-03-10 20:07:44,747:INFO: - Found new best accuracy
2018-03-10 20:07:44,748:INFO: Epoch 17/30
2018-03-10 20:08:42,910:INFO: - Train metrics: accuracy: 0.818 ; loss: 0.515
2018-03-10 20:08:43,787:INFO: - Eval metrics : accuracy: 0.817 ; loss: 0.000
2018-03-10 20:08:43,815:INFO: - Found new best accuracy
2018-03-10 20:08:43,816:INFO: Epoch 18/30
2018-03-10 20:09:41,939:INFO: - Train metrics: accuracy: 0.818 ; loss: 0.522
2018-03-10 20:09:42,812:INFO: - Eval metrics : accuracy: 0.810 ; loss: 0.000
2018-03-10 20:09:42,839:INFO: Epoch 19/30
2018-03-10 20:10:40,992:INFO: - Train metrics: accuracy: 0.814 ; loss: 0.523
2018-03-10 20:10:41,901:INFO: - Eval metrics : accuracy: 0.815 ; loss: 0.000
2018-03-10 20:10:41,919:INFO: Epoch 20/30
2018-03-10 20:11:40,135:INFO: - Train metrics: accuracy: 0.826 ; loss: 0.520
2018-03-10 20:11:40,989:INFO: - Eval metrics : accuracy: 0.820 ; loss: 0.000
2018-03-10 20:11:41,029:INFO: - Found new best accuracy
2018-03-10 20:11:41,030:INFO: Epoch 21/30
2018-03-10 20:12:39,260:INFO: - Train metrics: accuracy: 0.824 ; loss: 0.500
2018-03-10 20:12:40,124:INFO: - Eval metrics : accuracy: 0.825 ; loss: 0.000
2018-03-10 20:12:40,153:INFO: - Found new best accuracy
2018-03-10 20:12:40,169:INFO: Epoch 22/30
2018-03-10 20:13:38,358:INFO: - Train metrics: accuracy: 0.812 ; loss: 0.534
2018-03-10 20:13:39,211:INFO: - Eval metrics : accuracy: 0.829 ; loss: 0.000
2018-03-10 20:13:39,238:INFO: - Found new best accuracy
2018-03-10 20:13:39,239:INFO: Epoch 23/30
2018-03-10 20:14:37,469:INFO: - Train metrics: accuracy: 0.834 ; loss: 0.470
2018-03-10 20:14:38,333:INFO: - Eval metrics : accuracy: 0.821 ; loss: 0.000
2018-03-10 20:14:38,359:INFO: Epoch 24/30
2018-03-10 20:15:36,492:INFO: - Train metrics: accuracy: 0.818 ; loss: 0.492
2018-03-10 20:15:37,355:INFO: - Eval metrics : accuracy: 0.821 ; loss: 0.000
2018-03-10 20:15:37,373:INFO: Epoch 25/30
2018-03-10 20:16:35,593:INFO: - Train metrics: accuracy: 0.818 ; loss: 0.512
2018-03-10 20:16:36,460:INFO: - Eval metrics : accuracy: 0.828 ; loss: 0.000
2018-03-10 20:16:36,474:INFO: Epoch 26/30
2018-03-10 20:17:34,667:INFO: - Train metrics: accuracy: 0.812 ; loss: 0.498
2018-03-10 20:17:35,559:INFO: - Eval metrics : accuracy: 0.828 ; loss: 0.000
2018-03-10 20:17:35,579:INFO: Epoch 27/30
2018-03-10 20:18:33,750:INFO: - Train metrics: accuracy: 0.857 ; loss: 0.470
2018-03-10 20:18:34,609:INFO: - Eval metrics : accuracy: 0.822 ; loss: 0.000
2018-03-10 20:18:34,629:INFO: Epoch 28/30
2018-03-10 20:19:32,786:INFO: - Train metrics: accuracy: 0.824 ; loss: 0.465
2018-03-10 20:19:33,647:INFO: - Eval metrics : accuracy: 0.830 ; loss: 0.000
2018-03-10 20:19:33,676:INFO: - Found new best accuracy
2018-03-10 20:19:33,676:INFO: Epoch 29/30
2018-03-10 20:20:31,831:INFO: - Train metrics: accuracy: 0.820 ; loss: 0.502
2018-03-10 20:20:32,693:INFO: - Eval metrics : accuracy: 0.835 ; loss: 0.000
2018-03-10 20:20:32,729:INFO: - Found new best accuracy
2018-03-10 20:20:32,729:INFO: Epoch 30/30
2018-03-10 20:21:30,832:INFO: - Train metrics: accuracy: 0.842 ; loss: 0.467
2018-03-10 20:21:31,697:INFO: - Eval metrics : accuracy: 0.828 ; loss: 0.000
