2018-03-12 13:51:09,567:INFO: Loading the datasets...
2018-03-12 13:51:13,165:INFO: - done.
2018-03-12 13:51:16,811:INFO: Experiment: model version: cnn_distill
2018-03-12 13:51:16,811:INFO: Starting training for 30 epoch(s)
2018-03-12 13:51:16,811:INFO: First, loading the teacher model and computing its outputs...
2018-03-12 13:53:01,169:INFO: - Finished computing teacher outputs after 105 secs..
2018-03-12 13:53:01,169:INFO: Epoch 1/30
2018-03-12 13:53:23,206:INFO: - Train metrics: accuracy: 0.422 ; loss: 1.509
2018-03-12 13:53:24,797:INFO: - Eval metrics : accuracy: 0.658 ; loss: 0.000
2018-03-12 13:53:24,797:INFO: - Found new best accuracy
2018-03-12 13:53:24,798:INFO: Epoch 2/30
2018-03-12 13:53:48,573:INFO: - Train metrics: accuracy: 0.604 ; loss: 1.112
2018-03-12 13:53:50,090:INFO: - Eval metrics : accuracy: 0.715 ; loss: 0.000
2018-03-12 13:53:50,090:INFO: - Found new best accuracy
2018-03-12 13:53:50,091:INFO: Epoch 3/30
2018-03-12 13:54:13,933:INFO: - Train metrics: accuracy: 0.654 ; loss: 0.987
2018-03-12 13:54:15,423:INFO: - Eval metrics : accuracy: 0.739 ; loss: 0.000
2018-03-12 13:54:15,424:INFO: - Found new best accuracy
2018-03-12 13:54:15,425:INFO: Epoch 4/30
2018-03-12 13:54:39,111:INFO: - Train metrics: accuracy: 0.750 ; loss: 0.843
2018-03-12 13:54:40,651:INFO: - Eval metrics : accuracy: 0.757 ; loss: 0.000
2018-03-12 13:54:40,651:INFO: - Found new best accuracy
2018-03-12 13:54:40,652:INFO: Epoch 5/30
2018-03-12 13:55:04,576:INFO: - Train metrics: accuracy: 0.758 ; loss: 0.804
2018-03-12 13:55:06,159:INFO: - Eval metrics : accuracy: 0.759 ; loss: 0.000
2018-03-12 13:55:06,159:INFO: - Found new best accuracy
2018-03-12 13:55:06,160:INFO: Epoch 6/30
2018-03-12 13:55:29,868:INFO: - Train metrics: accuracy: 0.779 ; loss: 0.761
2018-03-12 13:55:31,437:INFO: - Eval metrics : accuracy: 0.778 ; loss: 0.000
2018-03-12 13:55:31,437:INFO: - Found new best accuracy
2018-03-12 13:55:31,438:INFO: Epoch 7/30
2018-03-12 13:55:55,223:INFO: - Train metrics: accuracy: 0.785 ; loss: 0.709
2018-03-12 13:55:56,747:INFO: - Eval metrics : accuracy: 0.789 ; loss: 0.000
2018-03-12 13:55:56,748:INFO: - Found new best accuracy
2018-03-12 13:55:56,749:INFO: Epoch 8/30
2018-03-12 13:56:20,573:INFO: - Train metrics: accuracy: 0.814 ; loss: 0.706
2018-03-12 13:56:22,094:INFO: - Eval metrics : accuracy: 0.798 ; loss: 0.000
2018-03-12 13:56:22,094:INFO: - Found new best accuracy
2018-03-12 13:56:22,095:INFO: Epoch 9/30
2018-03-12 13:56:45,798:INFO: - Train metrics: accuracy: 0.783 ; loss: 0.720
2018-03-12 13:56:47,286:INFO: - Eval metrics : accuracy: 0.789 ; loss: 0.000
2018-03-12 13:56:47,287:INFO: Epoch 10/30
2018-03-12 13:57:11,112:INFO: - Train metrics: accuracy: 0.818 ; loss: 0.704
2018-03-12 13:57:12,592:INFO: - Eval metrics : accuracy: 0.813 ; loss: 0.000
2018-03-12 13:57:12,593:INFO: - Found new best accuracy
2018-03-12 13:57:12,594:INFO: Epoch 11/30
2018-03-12 13:57:36,436:INFO: - Train metrics: accuracy: 0.852 ; loss: 0.609
2018-03-12 13:57:37,924:INFO: - Eval metrics : accuracy: 0.815 ; loss: 0.000
2018-03-12 13:57:37,925:INFO: - Found new best accuracy
2018-03-12 13:57:37,925:INFO: Epoch 12/30
2018-03-12 13:58:01,692:INFO: - Train metrics: accuracy: 0.824 ; loss: 0.669
2018-03-12 13:58:03,214:INFO: - Eval metrics : accuracy: 0.822 ; loss: 0.000
2018-03-12 13:58:03,215:INFO: - Found new best accuracy
2018-03-12 13:58:03,215:INFO: Epoch 13/30
2018-03-12 13:58:27,024:INFO: - Train metrics: accuracy: 0.842 ; loss: 0.649
2018-03-12 13:58:28,537:INFO: - Eval metrics : accuracy: 0.819 ; loss: 0.000
2018-03-12 13:58:28,538:INFO: Epoch 14/30
2018-03-12 13:58:52,212:INFO: - Train metrics: accuracy: 0.875 ; loss: 0.548
2018-03-12 13:58:53,726:INFO: - Eval metrics : accuracy: 0.827 ; loss: 0.000
2018-03-12 13:58:53,727:INFO: - Found new best accuracy
2018-03-12 13:58:53,728:INFO: Epoch 15/30
2018-03-12 13:59:14,822:INFO: - Train metrics: accuracy: 0.842 ; loss: 0.589
2018-03-12 13:59:16,369:INFO: - Eval metrics : accuracy: 0.827 ; loss: 0.000
2018-03-12 13:59:16,369:INFO: - Found new best accuracy
2018-03-12 13:59:16,370:INFO: Epoch 16/30
2018-03-12 13:59:40,178:INFO: - Train metrics: accuracy: 0.863 ; loss: 0.549
2018-03-12 13:59:41,752:INFO: - Eval metrics : accuracy: 0.827 ; loss: 0.000
2018-03-12 13:59:41,753:INFO: Epoch 17/30
2018-03-12 14:00:05,571:INFO: - Train metrics: accuracy: 0.840 ; loss: 0.597
2018-03-12 14:00:07,077:INFO: - Eval metrics : accuracy: 0.833 ; loss: 0.000
2018-03-12 14:00:07,077:INFO: - Found new best accuracy
2018-03-12 14:00:07,078:INFO: Epoch 18/30
2018-03-12 14:00:30,867:INFO: - Train metrics: accuracy: 0.838 ; loss: 0.585
2018-03-12 14:00:32,381:INFO: - Eval metrics : accuracy: 0.828 ; loss: 0.000
2018-03-12 14:00:32,382:INFO: Epoch 19/30
2018-03-12 14:00:56,134:INFO: - Train metrics: accuracy: 0.852 ; loss: 0.571
2018-03-12 14:00:57,650:INFO: - Eval metrics : accuracy: 0.832 ; loss: 0.000
2018-03-12 14:00:57,650:INFO: Epoch 20/30
2018-03-12 14:01:21,523:INFO: - Train metrics: accuracy: 0.846 ; loss: 0.599
2018-03-12 14:01:23,112:INFO: - Eval metrics : accuracy: 0.826 ; loss: 0.000
2018-03-12 14:01:23,113:INFO: Epoch 21/30
2018-03-12 14:01:46,925:INFO: - Train metrics: accuracy: 0.842 ; loss: 0.592
2018-03-12 14:01:48,437:INFO: - Eval metrics : accuracy: 0.834 ; loss: 0.000
2018-03-12 14:01:48,437:INFO: - Found new best accuracy
2018-03-12 14:01:48,438:INFO: Epoch 22/30
2018-03-12 14:02:12,284:INFO: - Train metrics: accuracy: 0.865 ; loss: 0.543
2018-03-12 14:02:13,844:INFO: - Eval metrics : accuracy: 0.835 ; loss: 0.000
2018-03-12 14:02:13,844:INFO: - Found new best accuracy
2018-03-12 14:02:13,845:INFO: Epoch 23/30
2018-03-12 14:02:37,574:INFO: - Train metrics: accuracy: 0.865 ; loss: 0.568
2018-03-12 14:02:39,098:INFO: - Eval metrics : accuracy: 0.836 ; loss: 0.000
2018-03-12 14:02:39,099:INFO: - Found new best accuracy
2018-03-12 14:02:39,099:INFO: Epoch 24/30
2018-03-12 14:03:02,976:INFO: - Train metrics: accuracy: 0.857 ; loss: 0.544
2018-03-12 14:03:04,507:INFO: - Eval metrics : accuracy: 0.838 ; loss: 0.000
2018-03-12 14:03:04,508:INFO: - Found new best accuracy
2018-03-12 14:03:04,508:INFO: Epoch 25/30
2018-03-12 14:03:28,318:INFO: - Train metrics: accuracy: 0.869 ; loss: 0.538
2018-03-12 14:03:29,893:INFO: - Eval metrics : accuracy: 0.828 ; loss: 0.000
2018-03-12 14:03:29,894:INFO: Epoch 26/30
2018-03-12 14:03:53,723:INFO: - Train metrics: accuracy: 0.859 ; loss: 0.553
2018-03-12 14:03:55,245:INFO: - Eval metrics : accuracy: 0.845 ; loss: 0.000
2018-03-12 14:03:55,245:INFO: - Found new best accuracy
2018-03-12 14:03:55,246:INFO: Epoch 27/30
2018-03-12 14:04:19,005:INFO: - Train metrics: accuracy: 0.885 ; loss: 0.510
2018-03-12 14:04:20,549:INFO: - Eval metrics : accuracy: 0.834 ; loss: 0.000
2018-03-12 14:04:20,550:INFO: Epoch 28/30
2018-03-12 14:04:44,364:INFO: - Train metrics: accuracy: 0.885 ; loss: 0.506
2018-03-12 14:04:45,886:INFO: - Eval metrics : accuracy: 0.839 ; loss: 0.000
2018-03-12 14:04:45,887:INFO: Epoch 29/30
2018-03-12 14:05:09,076:INFO: - Train metrics: accuracy: 0.857 ; loss: 0.510
2018-03-12 14:05:10,574:INFO: - Eval metrics : accuracy: 0.841 ; loss: 0.000
2018-03-12 14:05:10,574:INFO: Epoch 30/30
2018-03-12 14:05:32,227:INFO: - Train metrics: accuracy: 0.896 ; loss: 0.494
2018-03-12 14:05:33,761:INFO: - Eval metrics : accuracy: 0.843 ; loss: 0.000
