2018-03-10 09:31:48,475:INFO: Loading the datasets...
2018-03-10 09:31:52,066:INFO: - done.
2018-03-10 09:31:54,550:INFO: Starting training for 30 epoch(s)
2018-03-10 09:31:54,550:INFO: Epoch 1/30
2018-03-10 09:32:52,816:INFO: - Train metrics: accuracy: 0.393 ; loss: 0.890
2018-03-10 09:32:53,655:INFO: - Eval metrics : accuracy: 0.611 ; loss: 0.000
2018-03-10 09:32:53,673:INFO: - Found new best accuracy
2018-03-10 09:32:53,674:INFO: Epoch 2/30
2018-03-10 09:33:51,251:INFO: - Train metrics: accuracy: 0.605 ; loss: 0.672
2018-03-10 09:33:52,100:INFO: - Eval metrics : accuracy: 0.684 ; loss: 0.000
2018-03-10 09:33:52,128:INFO: - Found new best accuracy
2018-03-10 09:33:52,128:INFO: Epoch 3/30
2018-03-10 09:34:50,031:INFO: - Train metrics: accuracy: 0.633 ; loss: 0.625
2018-03-10 09:34:50,875:INFO: - Eval metrics : accuracy: 0.692 ; loss: 0.000
2018-03-10 09:34:50,903:INFO: - Found new best accuracy
2018-03-10 09:34:50,903:INFO: Epoch 4/30
2018-03-10 09:35:49,089:INFO: - Train metrics: accuracy: 0.648 ; loss: 0.569
2018-03-10 09:35:49,935:INFO: - Eval metrics : accuracy: 0.736 ; loss: 0.000
2018-03-10 09:35:49,962:INFO: - Found new best accuracy
2018-03-10 09:35:49,963:INFO: Epoch 5/30
2018-03-10 09:36:47,903:INFO: - Train metrics: accuracy: 0.715 ; loss: 0.547
2018-03-10 09:36:48,752:INFO: - Eval metrics : accuracy: 0.756 ; loss: 0.000
2018-03-10 09:36:48,783:INFO: - Found new best accuracy
2018-03-10 09:36:48,784:INFO: Epoch 6/30
2018-03-10 09:37:46,674:INFO: - Train metrics: accuracy: 0.684 ; loss: 0.538
2018-03-10 09:37:47,503:INFO: - Eval metrics : accuracy: 0.766 ; loss: 0.000
2018-03-10 09:37:47,529:INFO: - Found new best accuracy
2018-03-10 09:37:47,530:INFO: Epoch 7/30
2018-03-10 09:38:45,195:INFO: - Train metrics: accuracy: 0.730 ; loss: 0.519
2018-03-10 09:38:46,027:INFO: - Eval metrics : accuracy: 0.771 ; loss: 0.000
2018-03-10 09:38:46,055:INFO: - Found new best accuracy
2018-03-10 09:38:46,056:INFO: Epoch 8/30
2018-03-10 09:39:43,614:INFO: - Train metrics: accuracy: 0.764 ; loss: 0.498
2018-03-10 09:39:44,463:INFO: - Eval metrics : accuracy: 0.786 ; loss: 0.000
2018-03-10 09:39:44,496:INFO: - Found new best accuracy
2018-03-10 09:39:44,496:INFO: Epoch 9/30
2018-03-10 09:40:41,937:INFO: - Train metrics: accuracy: 0.775 ; loss: 0.485
2018-03-10 09:40:42,762:INFO: - Eval metrics : accuracy: 0.788 ; loss: 0.000
2018-03-10 09:40:42,790:INFO: - Found new best accuracy
2018-03-10 09:40:42,791:INFO: Epoch 10/30
2018-03-10 09:41:40,652:INFO: - Train metrics: accuracy: 0.754 ; loss: 0.462
2018-03-10 09:41:41,486:INFO: - Eval metrics : accuracy: 0.782 ; loss: 0.000
2018-03-10 09:41:41,503:INFO: Epoch 11/30
2018-03-10 09:42:39,562:INFO: - Train metrics: accuracy: 0.760 ; loss: 0.467
2018-03-10 09:42:40,410:INFO: - Eval metrics : accuracy: 0.799 ; loss: 0.000
2018-03-10 09:42:40,434:INFO: - Found new best accuracy
2018-03-10 09:42:40,436:INFO: Epoch 12/30
2018-03-10 09:43:38,113:INFO: - Train metrics: accuracy: 0.783 ; loss: 0.452
2018-03-10 09:43:38,940:INFO: - Eval metrics : accuracy: 0.799 ; loss: 0.000
2018-03-10 09:43:38,972:INFO: - Found new best accuracy
2018-03-10 09:43:38,973:INFO: Epoch 13/30
2018-03-10 09:44:36,522:INFO: - Train metrics: accuracy: 0.787 ; loss: 0.444
2018-03-10 09:44:37,355:INFO: - Eval metrics : accuracy: 0.795 ; loss: 0.000
2018-03-10 09:44:37,368:INFO: Epoch 14/30
2018-03-10 09:45:34,890:INFO: - Train metrics: accuracy: 0.785 ; loss: 0.444
2018-03-10 09:45:35,739:INFO: - Eval metrics : accuracy: 0.813 ; loss: 0.000
2018-03-10 09:45:35,766:INFO: - Found new best accuracy
2018-03-10 09:45:35,767:INFO: Epoch 15/30
2018-03-10 09:46:33,364:INFO: - Train metrics: accuracy: 0.822 ; loss: 0.427
2018-03-10 09:46:34,223:INFO: - Eval metrics : accuracy: 0.808 ; loss: 0.000
2018-03-10 09:46:34,239:INFO: Epoch 16/30
2018-03-10 09:47:32,072:INFO: - Train metrics: accuracy: 0.814 ; loss: 0.421
2018-03-10 09:47:32,904:INFO: - Eval metrics : accuracy: 0.812 ; loss: 0.000
2018-03-10 09:47:32,926:INFO: Epoch 17/30
2018-03-10 09:48:30,839:INFO: - Train metrics: accuracy: 0.795 ; loss: 0.419
2018-03-10 09:48:31,678:INFO: - Eval metrics : accuracy: 0.812 ; loss: 0.000
2018-03-10 09:48:31,693:INFO: Epoch 18/30
2018-03-10 09:49:29,297:INFO: - Train metrics: accuracy: 0.812 ; loss: 0.407
2018-03-10 09:49:30,137:INFO: - Eval metrics : accuracy: 0.803 ; loss: 0.000
2018-03-10 09:49:30,153:INFO: Epoch 19/30
2018-03-10 09:50:27,714:INFO: - Train metrics: accuracy: 0.801 ; loss: 0.410
2018-03-10 09:50:28,553:INFO: - Eval metrics : accuracy: 0.817 ; loss: 0.000
2018-03-10 09:50:28,580:INFO: - Found new best accuracy
2018-03-10 09:50:28,581:INFO: Epoch 20/30
2018-03-10 09:51:26,126:INFO: - Train metrics: accuracy: 0.834 ; loss: 0.414
2018-03-10 09:51:26,961:INFO: - Eval metrics : accuracy: 0.820 ; loss: 0.000
2018-03-10 09:51:26,987:INFO: - Found new best accuracy
2018-03-10 09:51:26,988:INFO: Epoch 21/30
2018-03-10 09:52:24,490:INFO: - Train metrics: accuracy: 0.809 ; loss: 0.416
2018-03-10 09:52:25,348:INFO: - Eval metrics : accuracy: 0.826 ; loss: 0.000
2018-03-10 09:52:25,374:INFO: - Found new best accuracy
2018-03-10 09:52:25,375:INFO: Epoch 22/30
2018-03-10 09:53:23,073:INFO: - Train metrics: accuracy: 0.789 ; loss: 0.419
2018-03-10 09:53:23,898:INFO: - Eval metrics : accuracy: 0.825 ; loss: 0.000
2018-03-10 09:53:23,912:INFO: Epoch 23/30
2018-03-10 09:54:21,751:INFO: - Train metrics: accuracy: 0.830 ; loss: 0.406
2018-03-10 09:54:22,572:INFO: - Eval metrics : accuracy: 0.820 ; loss: 0.000
2018-03-10 09:54:22,595:INFO: Epoch 24/30
2018-03-10 09:55:20,239:INFO: - Train metrics: accuracy: 0.812 ; loss: 0.400
2018-03-10 09:55:21,086:INFO: - Eval metrics : accuracy: 0.828 ; loss: 0.000
2018-03-10 09:55:21,114:INFO: - Found new best accuracy
2018-03-10 09:55:21,115:INFO: Epoch 25/30
2018-03-10 09:56:18,526:INFO: - Train metrics: accuracy: 0.824 ; loss: 0.385
2018-03-10 09:56:19,334:INFO: - Eval metrics : accuracy: 0.829 ; loss: 0.000
2018-03-10 09:56:19,359:INFO: - Found new best accuracy
2018-03-10 09:56:19,360:INFO: Epoch 26/30
2018-03-10 09:57:16,888:INFO: - Train metrics: accuracy: 0.801 ; loss: 0.398
2018-03-10 09:57:17,729:INFO: - Eval metrics : accuracy: 0.821 ; loss: 0.000
2018-03-10 09:57:17,745:INFO: Epoch 27/30
2018-03-10 09:58:15,318:INFO: - Train metrics: accuracy: 0.855 ; loss: 0.374
2018-03-10 09:58:16,161:INFO: - Eval metrics : accuracy: 0.834 ; loss: 0.000
2018-03-10 09:58:16,193:INFO: - Found new best accuracy
2018-03-10 09:58:16,193:INFO: Epoch 28/30
2018-03-10 09:59:13,964:INFO: - Train metrics: accuracy: 0.830 ; loss: 0.398
2018-03-10 09:59:14,797:INFO: - Eval metrics : accuracy: 0.831 ; loss: 0.000
2018-03-10 09:59:14,815:INFO: Epoch 29/30
2018-03-10 10:00:12,526:INFO: - Train metrics: accuracy: 0.830 ; loss: 0.382
2018-03-10 10:00:13,368:INFO: - Eval metrics : accuracy: 0.830 ; loss: 0.000
2018-03-10 10:00:13,386:INFO: Epoch 30/30
2018-03-10 10:01:10,971:INFO: - Train metrics: accuracy: 0.822 ; loss: 0.389
2018-03-10 10:01:11,832:INFO: - Eval metrics : accuracy: 0.835 ; loss: 0.000
2018-03-10 10:01:11,867:INFO: - Found new best accuracy
