2018-03-10 11:29:22,055:INFO: Loading the datasets...
2018-03-10 11:29:25,624:INFO: - done.
2018-03-10 11:29:28,066:INFO: Starting training for 30 epoch(s)
2018-03-10 11:29:28,066:INFO: Epoch 1/30
2018-03-10 11:30:26,515:INFO: - Train metrics: accuracy: 0.395 ; loss: 0.787
2018-03-10 11:30:27,365:INFO: - Eval metrics : accuracy: 0.612 ; loss: 0.000
2018-03-10 11:30:27,383:INFO: - Found new best accuracy
2018-03-10 11:30:27,384:INFO: Epoch 2/30
2018-03-10 11:31:25,160:INFO: - Train metrics: accuracy: 0.580 ; loss: 0.600
2018-03-10 11:31:26,004:INFO: - Eval metrics : accuracy: 0.687 ; loss: 0.000
2018-03-10 11:31:26,030:INFO: - Found new best accuracy
2018-03-10 11:31:26,031:INFO: Epoch 3/30
2018-03-10 11:32:23,930:INFO: - Train metrics: accuracy: 0.629 ; loss: 0.558
2018-03-10 11:32:24,761:INFO: - Eval metrics : accuracy: 0.729 ; loss: 0.000
2018-03-10 11:32:24,790:INFO: - Found new best accuracy
2018-03-10 11:32:24,791:INFO: Epoch 4/30
2018-03-10 11:33:22,649:INFO: - Train metrics: accuracy: 0.678 ; loss: 0.523
2018-03-10 11:33:23,494:INFO: - Eval metrics : accuracy: 0.741 ; loss: 0.000
2018-03-10 11:33:23,522:INFO: - Found new best accuracy
2018-03-10 11:33:23,523:INFO: Epoch 5/30
2018-03-10 11:34:21,404:INFO: - Train metrics: accuracy: 0.713 ; loss: 0.496
2018-03-10 11:34:22,236:INFO: - Eval metrics : accuracy: 0.755 ; loss: 0.000
2018-03-10 11:34:22,262:INFO: - Found new best accuracy
2018-03-10 11:34:22,263:INFO: Epoch 6/30
2018-03-10 11:35:20,100:INFO: - Train metrics: accuracy: 0.707 ; loss: 0.482
2018-03-10 11:35:20,935:INFO: - Eval metrics : accuracy: 0.752 ; loss: 0.000
2018-03-10 11:35:20,949:INFO: Epoch 7/30
2018-03-10 11:36:18,774:INFO: - Train metrics: accuracy: 0.756 ; loss: 0.477
2018-03-10 11:36:19,608:INFO: - Eval metrics : accuracy: 0.775 ; loss: 0.000
2018-03-10 11:36:19,635:INFO: - Found new best accuracy
2018-03-10 11:36:19,636:INFO: Epoch 8/30
2018-03-10 11:37:17,503:INFO: - Train metrics: accuracy: 0.746 ; loss: 0.477
2018-03-10 11:37:18,329:INFO: - Eval metrics : accuracy: 0.772 ; loss: 0.000
2018-03-10 11:37:18,344:INFO: Epoch 9/30
2018-03-10 11:38:16,137:INFO: - Train metrics: accuracy: 0.748 ; loss: 0.492
2018-03-10 11:38:16,987:INFO: - Eval metrics : accuracy: 0.792 ; loss: 0.000
2018-03-10 11:38:17,015:INFO: - Found new best accuracy
2018-03-10 11:38:17,015:INFO: Epoch 10/30
2018-03-10 11:39:14,802:INFO: - Train metrics: accuracy: 0.711 ; loss: 0.472
2018-03-10 11:39:15,637:INFO: - Eval metrics : accuracy: 0.795 ; loss: 0.000
2018-03-10 11:39:15,670:INFO: - Found new best accuracy
2018-03-10 11:39:15,670:INFO: Epoch 11/30
2018-03-10 11:40:13,477:INFO: - Train metrics: accuracy: 0.779 ; loss: 0.463
2018-03-10 11:40:14,301:INFO: - Eval metrics : accuracy: 0.797 ; loss: 0.000
2018-03-10 11:40:14,334:INFO: - Found new best accuracy
2018-03-10 11:40:14,335:INFO: Epoch 12/30
2018-03-10 11:41:12,144:INFO: - Train metrics: accuracy: 0.805 ; loss: 0.448
2018-03-10 11:41:12,997:INFO: - Eval metrics : accuracy: 0.803 ; loss: 0.000
2018-03-10 11:41:13,024:INFO: - Found new best accuracy
2018-03-10 11:41:13,025:INFO: Epoch 13/30
2018-03-10 11:42:10,807:INFO: - Train metrics: accuracy: 0.770 ; loss: 0.450
2018-03-10 11:42:11,661:INFO: - Eval metrics : accuracy: 0.803 ; loss: 0.000
2018-03-10 11:42:11,687:INFO: Epoch 14/30
2018-03-10 11:43:09,459:INFO: - Train metrics: accuracy: 0.787 ; loss: 0.442
2018-03-10 11:43:10,304:INFO: - Eval metrics : accuracy: 0.802 ; loss: 0.000
2018-03-10 11:43:10,323:INFO: Epoch 15/30
2018-03-10 11:44:08,157:INFO: - Train metrics: accuracy: 0.799 ; loss: 0.429
2018-03-10 11:44:09,002:INFO: - Eval metrics : accuracy: 0.803 ; loss: 0.000
2018-03-10 11:44:09,017:INFO: Epoch 16/30
2018-03-10 11:45:06,858:INFO: - Train metrics: accuracy: 0.793 ; loss: 0.438
2018-03-10 11:45:07,699:INFO: - Eval metrics : accuracy: 0.818 ; loss: 0.000
2018-03-10 11:45:07,726:INFO: - Found new best accuracy
2018-03-10 11:45:07,727:INFO: Epoch 17/30
2018-03-10 11:46:05,531:INFO: - Train metrics: accuracy: 0.818 ; loss: 0.431
2018-03-10 11:46:06,381:INFO: - Eval metrics : accuracy: 0.811 ; loss: 0.000
2018-03-10 11:46:06,406:INFO: Epoch 18/30
2018-03-10 11:47:04,184:INFO: - Train metrics: accuracy: 0.809 ; loss: 0.434
2018-03-10 11:47:05,012:INFO: - Eval metrics : accuracy: 0.805 ; loss: 0.000
2018-03-10 11:47:05,031:INFO: Epoch 19/30
2018-03-10 11:48:02,860:INFO: - Train metrics: accuracy: 0.812 ; loss: 0.462
2018-03-10 11:48:03,695:INFO: - Eval metrics : accuracy: 0.817 ; loss: 0.000
2018-03-10 11:48:03,710:INFO: Epoch 20/30
2018-03-10 11:49:01,557:INFO: - Train metrics: accuracy: 0.824 ; loss: 0.465
2018-03-10 11:49:02,407:INFO: - Eval metrics : accuracy: 0.819 ; loss: 0.000
2018-03-10 11:49:02,434:INFO: - Found new best accuracy
2018-03-10 11:49:02,435:INFO: Epoch 21/30
2018-03-10 11:50:00,224:INFO: - Train metrics: accuracy: 0.824 ; loss: 0.443
2018-03-10 11:50:01,072:INFO: - Eval metrics : accuracy: 0.817 ; loss: 0.000
2018-03-10 11:50:01,087:INFO: Epoch 22/30
2018-03-10 11:50:58,836:INFO: - Train metrics: accuracy: 0.795 ; loss: 0.465
2018-03-10 11:50:59,676:INFO: - Eval metrics : accuracy: 0.823 ; loss: 0.000
2018-03-10 11:50:59,704:INFO: - Found new best accuracy
2018-03-10 11:50:59,704:INFO: Epoch 23/30
2018-03-10 11:51:57,477:INFO: - Train metrics: accuracy: 0.834 ; loss: 0.450
2018-03-10 11:51:58,284:INFO: - Eval metrics : accuracy: 0.819 ; loss: 0.000
2018-03-10 11:51:58,299:INFO: Epoch 24/30
2018-03-10 11:52:56,100:INFO: - Train metrics: accuracy: 0.795 ; loss: 0.446
2018-03-10 11:52:56,939:INFO: - Eval metrics : accuracy: 0.822 ; loss: 0.000
2018-03-10 11:52:56,950:INFO: Epoch 25/30
2018-03-10 11:53:54,761:INFO: - Train metrics: accuracy: 0.807 ; loss: 0.451
2018-03-10 11:53:55,591:INFO: - Eval metrics : accuracy: 0.826 ; loss: 0.000
2018-03-10 11:53:55,618:INFO: - Found new best accuracy
2018-03-10 11:53:55,618:INFO: Epoch 26/30
2018-03-10 11:54:53,403:INFO: - Train metrics: accuracy: 0.818 ; loss: 0.454
2018-03-10 11:54:54,208:INFO: - Eval metrics : accuracy: 0.824 ; loss: 0.000
2018-03-10 11:54:54,223:INFO: Epoch 27/30
2018-03-10 11:55:52,042:INFO: - Train metrics: accuracy: 0.846 ; loss: 0.426
2018-03-10 11:55:52,865:INFO: - Eval metrics : accuracy: 0.828 ; loss: 0.000
2018-03-10 11:55:52,898:INFO: - Found new best accuracy
2018-03-10 11:55:52,898:INFO: Epoch 28/30
2018-03-10 11:56:50,655:INFO: - Train metrics: accuracy: 0.830 ; loss: 0.454
2018-03-10 11:56:51,492:INFO: - Eval metrics : accuracy: 0.824 ; loss: 0.000
2018-03-10 11:56:51,507:INFO: Epoch 29/30
2018-03-10 11:57:49,308:INFO: - Train metrics: accuracy: 0.840 ; loss: 0.436
2018-03-10 11:57:50,149:INFO: - Eval metrics : accuracy: 0.826 ; loss: 0.000
2018-03-10 11:57:50,165:INFO: Epoch 30/30
2018-03-10 11:58:47,977:INFO: - Train metrics: accuracy: 0.838 ; loss: 0.448
2018-03-10 11:58:48,832:INFO: - Eval metrics : accuracy: 0.827 ; loss: 0.000
