2018-03-10 11:58:49,692:INFO: Loading the datasets...
2018-03-10 11:58:53,271:INFO: - done.
2018-03-10 11:58:55,710:INFO: Starting training for 30 epoch(s)
2018-03-10 11:58:55,710:INFO: Epoch 1/30
2018-03-10 11:59:54,149:INFO: - Train metrics: accuracy: 0.377 ; loss: 0.933
2018-03-10 11:59:55,012:INFO: - Eval metrics : accuracy: 0.618 ; loss: 0.000
2018-03-10 11:59:55,033:INFO: - Found new best accuracy
2018-03-10 11:59:55,033:INFO: Epoch 2/30
2018-03-10 12:00:52,822:INFO: - Train metrics: accuracy: 0.582 ; loss: 0.713
2018-03-10 12:00:53,660:INFO: - Eval metrics : accuracy: 0.671 ; loss: 0.000
2018-03-10 12:00:53,697:INFO: - Found new best accuracy
2018-03-10 12:00:53,697:INFO: Epoch 3/30
2018-03-10 12:01:51,493:INFO: - Train metrics: accuracy: 0.645 ; loss: 0.653
2018-03-10 12:01:52,349:INFO: - Eval metrics : accuracy: 0.717 ; loss: 0.000
2018-03-10 12:01:52,378:INFO: - Found new best accuracy
2018-03-10 12:01:52,379:INFO: Epoch 4/30
2018-03-10 12:02:50,199:INFO: - Train metrics: accuracy: 0.676 ; loss: 0.604
2018-03-10 12:02:51,053:INFO: - Eval metrics : accuracy: 0.738 ; loss: 0.000
2018-03-10 12:02:51,086:INFO: - Found new best accuracy
2018-03-10 12:02:51,087:INFO: Epoch 5/30
2018-03-10 12:03:48,882:INFO: - Train metrics: accuracy: 0.703 ; loss: 0.559
2018-03-10 12:03:49,727:INFO: - Eval metrics : accuracy: 0.753 ; loss: 0.000
2018-03-10 12:03:49,751:INFO: - Found new best accuracy
2018-03-10 12:03:49,752:INFO: Epoch 6/30
2018-03-10 12:04:47,634:INFO: - Train metrics: accuracy: 0.705 ; loss: 0.567
2018-03-10 12:04:48,488:INFO: - Eval metrics : accuracy: 0.752 ; loss: 0.000
2018-03-10 12:04:48,502:INFO: Epoch 7/30
2018-03-10 12:05:46,372:INFO: - Train metrics: accuracy: 0.746 ; loss: 0.528
2018-03-10 12:05:47,256:INFO: - Eval metrics : accuracy: 0.774 ; loss: 0.000
2018-03-10 12:05:47,290:INFO: - Found new best accuracy
2018-03-10 12:05:47,290:INFO: Epoch 8/30
2018-03-10 12:06:45,165:INFO: - Train metrics: accuracy: 0.742 ; loss: 0.534
2018-03-10 12:06:46,000:INFO: - Eval metrics : accuracy: 0.780 ; loss: 0.000
2018-03-10 12:06:46,034:INFO: - Found new best accuracy
2018-03-10 12:06:46,035:INFO: Epoch 9/30
2018-03-10 12:07:43,835:INFO: - Train metrics: accuracy: 0.758 ; loss: 0.522
2018-03-10 12:07:44,685:INFO: - Eval metrics : accuracy: 0.791 ; loss: 0.000
2018-03-10 12:07:44,719:INFO: - Found new best accuracy
2018-03-10 12:07:44,719:INFO: Epoch 10/30
2018-03-10 12:08:42,620:INFO: - Train metrics: accuracy: 0.746 ; loss: 0.511
2018-03-10 12:08:43,476:INFO: - Eval metrics : accuracy: 0.786 ; loss: 0.000
2018-03-10 12:08:43,501:INFO: Epoch 11/30
2018-03-10 12:09:41,387:INFO: - Train metrics: accuracy: 0.768 ; loss: 0.497
2018-03-10 12:09:42,227:INFO: - Eval metrics : accuracy: 0.795 ; loss: 0.000
2018-03-10 12:09:42,254:INFO: - Found new best accuracy
2018-03-10 12:09:42,254:INFO: Epoch 12/30
2018-03-10 12:10:40,155:INFO: - Train metrics: accuracy: 0.803 ; loss: 0.477
2018-03-10 12:10:41,032:INFO: - Eval metrics : accuracy: 0.803 ; loss: 0.000
2018-03-10 12:10:41,067:INFO: - Found new best accuracy
2018-03-10 12:10:41,068:INFO: Epoch 13/30
2018-03-10 12:11:38,952:INFO: - Train metrics: accuracy: 0.781 ; loss: 0.478
2018-03-10 12:11:39,795:INFO: - Eval metrics : accuracy: 0.808 ; loss: 0.000
2018-03-10 12:11:39,821:INFO: - Found new best accuracy
2018-03-10 12:11:39,822:INFO: Epoch 14/30
2018-03-10 12:12:37,583:INFO: - Train metrics: accuracy: 0.807 ; loss: 0.469
2018-03-10 12:12:38,445:INFO: - Eval metrics : accuracy: 0.812 ; loss: 0.000
2018-03-10 12:12:38,479:INFO: - Found new best accuracy
2018-03-10 12:12:38,480:INFO: Epoch 15/30
2018-03-10 12:13:36,263:INFO: - Train metrics: accuracy: 0.816 ; loss: 0.456
2018-03-10 12:13:37,112:INFO: - Eval metrics : accuracy: 0.803 ; loss: 0.000
2018-03-10 12:13:37,135:INFO: Epoch 16/30
2018-03-10 12:14:34,984:INFO: - Train metrics: accuracy: 0.811 ; loss: 0.461
2018-03-10 12:14:35,836:INFO: - Eval metrics : accuracy: 0.818 ; loss: 0.000
2018-03-10 12:14:35,862:INFO: - Found new best accuracy
2018-03-10 12:14:35,863:INFO: Epoch 17/30
2018-03-10 12:15:33,766:INFO: - Train metrics: accuracy: 0.816 ; loss: 0.433
2018-03-10 12:15:34,607:INFO: - Eval metrics : accuracy: 0.820 ; loss: 0.000
2018-03-10 12:15:34,634:INFO: - Found new best accuracy
2018-03-10 12:15:34,634:INFO: Epoch 18/30
2018-03-10 12:16:32,316:INFO: - Train metrics: accuracy: 0.791 ; loss: 0.420
2018-03-10 12:16:33,159:INFO: - Eval metrics : accuracy: 0.811 ; loss: 0.000
2018-03-10 12:16:33,175:INFO: Epoch 19/30
2018-03-10 12:17:30,993:INFO: - Train metrics: accuracy: 0.805 ; loss: 0.447
2018-03-10 12:17:31,840:INFO: - Eval metrics : accuracy: 0.814 ; loss: 0.000
2018-03-10 12:17:31,858:INFO: Epoch 20/30
2018-03-10 12:18:29,691:INFO: - Train metrics: accuracy: 0.826 ; loss: 0.442
2018-03-10 12:18:30,523:INFO: - Eval metrics : accuracy: 0.825 ; loss: 0.000
2018-03-10 12:18:30,551:INFO: - Found new best accuracy
2018-03-10 12:18:30,552:INFO: Epoch 21/30
2018-03-10 12:19:28,406:INFO: - Train metrics: accuracy: 0.809 ; loss: 0.447
2018-03-10 12:19:29,255:INFO: - Eval metrics : accuracy: 0.824 ; loss: 0.000
2018-03-10 12:19:29,280:INFO: Epoch 22/30
2018-03-10 12:20:27,112:INFO: - Train metrics: accuracy: 0.820 ; loss: 0.430
2018-03-10 12:20:27,978:INFO: - Eval metrics : accuracy: 0.820 ; loss: 0.000
2018-03-10 12:20:27,993:INFO: Epoch 23/30
2018-03-10 12:21:25,774:INFO: - Train metrics: accuracy: 0.828 ; loss: 0.437
2018-03-10 12:21:26,620:INFO: - Eval metrics : accuracy: 0.822 ; loss: 0.000
2018-03-10 12:21:26,639:INFO: Epoch 24/30
2018-03-10 12:22:24,553:INFO: - Train metrics: accuracy: 0.812 ; loss: 0.423
2018-03-10 12:22:25,404:INFO: - Eval metrics : accuracy: 0.830 ; loss: 0.000
2018-03-10 12:22:25,438:INFO: - Found new best accuracy
2018-03-10 12:22:25,438:INFO: Epoch 25/30
2018-03-10 12:23:23,236:INFO: - Train metrics: accuracy: 0.812 ; loss: 0.434
2018-03-10 12:23:24,096:INFO: - Eval metrics : accuracy: 0.828 ; loss: 0.000
2018-03-10 12:23:24,115:INFO: Epoch 26/30
2018-03-10 12:24:21,956:INFO: - Train metrics: accuracy: 0.840 ; loss: 0.420
2018-03-10 12:24:22,788:INFO: - Eval metrics : accuracy: 0.827 ; loss: 0.000
2018-03-10 12:24:22,803:INFO: Epoch 27/30
2018-03-10 12:25:20,619:INFO: - Train metrics: accuracy: 0.844 ; loss: 0.393
2018-03-10 12:25:21,469:INFO: - Eval metrics : accuracy: 0.828 ; loss: 0.000
2018-03-10 12:25:21,487:INFO: Epoch 28/30
2018-03-10 12:26:19,254:INFO: - Train metrics: accuracy: 0.820 ; loss: 0.420
2018-03-10 12:26:20,105:INFO: - Eval metrics : accuracy: 0.833 ; loss: 0.000
2018-03-10 12:26:20,132:INFO: - Found new best accuracy
2018-03-10 12:26:20,135:INFO: Epoch 29/30
2018-03-10 12:27:17,983:INFO: - Train metrics: accuracy: 0.850 ; loss: 0.401
2018-03-10 12:27:18,822:INFO: - Eval metrics : accuracy: 0.830 ; loss: 0.000
2018-03-10 12:27:18,838:INFO: Epoch 30/30
2018-03-10 12:28:16,651:INFO: - Train metrics: accuracy: 0.842 ; loss: 0.403
2018-03-10 12:28:17,490:INFO: - Eval metrics : accuracy: 0.834 ; loss: 0.000
2018-03-10 12:28:17,517:INFO: - Found new best accuracy
