2018-03-10 13:27:15,929:INFO: Loading the datasets...
2018-03-10 13:27:19,534:INFO: - done.
2018-03-10 13:27:22,048:INFO: Starting training for 30 epoch(s)
2018-03-10 13:27:22,048:INFO: Epoch 1/30
2018-03-10 13:28:20,453:INFO: - Train metrics: accuracy: 0.389 ; loss: 0.944
2018-03-10 13:28:21,299:INFO: - Eval metrics : accuracy: 0.620 ; loss: 0.000
2018-03-10 13:28:21,317:INFO: - Found new best accuracy
2018-03-10 13:28:21,318:INFO: Epoch 2/30
2018-03-10 13:29:19,138:INFO: - Train metrics: accuracy: 0.598 ; loss: 0.674
2018-03-10 13:29:19,994:INFO: - Eval metrics : accuracy: 0.677 ; loss: 0.000
2018-03-10 13:29:20,022:INFO: - Found new best accuracy
2018-03-10 13:29:20,023:INFO: Epoch 3/30
2018-03-10 13:30:17,885:INFO: - Train metrics: accuracy: 0.629 ; loss: 0.642
2018-03-10 13:30:18,731:INFO: - Eval metrics : accuracy: 0.722 ; loss: 0.000
2018-03-10 13:30:18,758:INFO: - Found new best accuracy
2018-03-10 13:30:18,759:INFO: Epoch 4/30
2018-03-10 13:31:16,627:INFO: - Train metrics: accuracy: 0.676 ; loss: 0.610
2018-03-10 13:31:17,451:INFO: - Eval metrics : accuracy: 0.742 ; loss: 0.000
2018-03-10 13:31:17,477:INFO: - Found new best accuracy
2018-03-10 13:31:17,478:INFO: Epoch 5/30
2018-03-10 13:32:15,342:INFO: - Train metrics: accuracy: 0.697 ; loss: 0.566
2018-03-10 13:32:16,194:INFO: - Eval metrics : accuracy: 0.759 ; loss: 0.000
2018-03-10 13:32:16,223:INFO: - Found new best accuracy
2018-03-10 13:32:16,223:INFO: Epoch 6/30
2018-03-10 13:33:14,089:INFO: - Train metrics: accuracy: 0.695 ; loss: 0.568
2018-03-10 13:33:14,907:INFO: - Eval metrics : accuracy: 0.747 ; loss: 0.000
2018-03-10 13:33:14,923:INFO: Epoch 7/30
2018-03-10 13:34:12,822:INFO: - Train metrics: accuracy: 0.746 ; loss: 0.564
2018-03-10 13:34:13,698:INFO: - Eval metrics : accuracy: 0.785 ; loss: 0.000
2018-03-10 13:34:13,727:INFO: - Found new best accuracy
2018-03-10 13:34:13,728:INFO: Epoch 8/30
2018-03-10 13:35:11,560:INFO: - Train metrics: accuracy: 0.760 ; loss: 0.521
2018-03-10 13:35:12,379:INFO: - Eval metrics : accuracy: 0.785 ; loss: 0.000
2018-03-10 13:35:12,403:INFO: Epoch 9/30
2018-03-10 13:36:10,313:INFO: - Train metrics: accuracy: 0.773 ; loss: 0.510
2018-03-10 13:36:11,137:INFO: - Eval metrics : accuracy: 0.787 ; loss: 0.000
2018-03-10 13:36:11,169:INFO: - Found new best accuracy
2018-03-10 13:36:11,170:INFO: Epoch 10/30
2018-03-10 13:37:09,030:INFO: - Train metrics: accuracy: 0.750 ; loss: 0.520
2018-03-10 13:37:09,867:INFO: - Eval metrics : accuracy: 0.791 ; loss: 0.000
2018-03-10 13:37:09,894:INFO: - Found new best accuracy
2018-03-10 13:37:09,895:INFO: Epoch 11/30
2018-03-10 13:38:07,793:INFO: - Train metrics: accuracy: 0.789 ; loss: 0.523
2018-03-10 13:38:08,637:INFO: - Eval metrics : accuracy: 0.792 ; loss: 0.000
2018-03-10 13:38:08,670:INFO: - Found new best accuracy
2018-03-10 13:38:08,671:INFO: Epoch 12/30
2018-03-10 13:39:06,489:INFO: - Train metrics: accuracy: 0.805 ; loss: 0.476
2018-03-10 13:39:07,317:INFO: - Eval metrics : accuracy: 0.797 ; loss: 0.000
2018-03-10 13:39:07,352:INFO: - Found new best accuracy
2018-03-10 13:39:07,352:INFO: Epoch 13/30
2018-03-10 13:40:05,254:INFO: - Train metrics: accuracy: 0.777 ; loss: 0.507
2018-03-10 13:40:06,087:INFO: - Eval metrics : accuracy: 0.796 ; loss: 0.000
2018-03-10 13:40:06,103:INFO: Epoch 14/30
2018-03-10 13:41:03,885:INFO: - Train metrics: accuracy: 0.768 ; loss: 0.500
2018-03-10 13:41:04,717:INFO: - Eval metrics : accuracy: 0.804 ; loss: 0.000
2018-03-10 13:41:04,746:INFO: - Found new best accuracy
2018-03-10 13:41:04,746:INFO: Epoch 15/30
2018-03-10 13:42:02,623:INFO: - Train metrics: accuracy: 0.822 ; loss: 0.480
2018-03-10 13:42:03,470:INFO: - Eval metrics : accuracy: 0.811 ; loss: 0.000
2018-03-10 13:42:03,497:INFO: - Found new best accuracy
2018-03-10 13:42:03,498:INFO: Epoch 16/30
2018-03-10 13:43:01,342:INFO: - Train metrics: accuracy: 0.797 ; loss: 0.505
2018-03-10 13:43:02,187:INFO: - Eval metrics : accuracy: 0.812 ; loss: 0.000
2018-03-10 13:43:02,215:INFO: - Found new best accuracy
2018-03-10 13:43:02,215:INFO: Epoch 17/30
2018-03-10 13:44:00,025:INFO: - Train metrics: accuracy: 0.842 ; loss: 0.458
2018-03-10 13:44:00,859:INFO: - Eval metrics : accuracy: 0.816 ; loss: 0.000
2018-03-10 13:44:00,887:INFO: - Found new best accuracy
2018-03-10 13:44:00,887:INFO: Epoch 18/30
2018-03-10 13:44:58,643:INFO: - Train metrics: accuracy: 0.791 ; loss: 0.488
2018-03-10 13:44:59,482:INFO: - Eval metrics : accuracy: 0.818 ; loss: 0.000
2018-03-10 13:44:59,515:INFO: - Found new best accuracy
2018-03-10 13:44:59,516:INFO: Epoch 19/30
2018-03-10 13:45:57,390:INFO: - Train metrics: accuracy: 0.775 ; loss: 0.526
2018-03-10 13:45:58,197:INFO: - Eval metrics : accuracy: 0.817 ; loss: 0.000
2018-03-10 13:45:58,215:INFO: Epoch 20/30
2018-03-10 13:46:56,039:INFO: - Train metrics: accuracy: 0.861 ; loss: 0.520
2018-03-10 13:46:56,888:INFO: - Eval metrics : accuracy: 0.821 ; loss: 0.000
2018-03-10 13:46:56,918:INFO: - Found new best accuracy
2018-03-10 13:46:56,919:INFO: Epoch 21/30
2018-03-10 13:47:54,735:INFO: - Train metrics: accuracy: 0.787 ; loss: 0.549
2018-03-10 13:47:55,584:INFO: - Eval metrics : accuracy: 0.830 ; loss: 0.000
2018-03-10 13:47:55,613:INFO: - Found new best accuracy
2018-03-10 13:47:55,613:INFO: Epoch 22/30
2018-03-10 13:48:53,451:INFO: - Train metrics: accuracy: 0.809 ; loss: 0.541
2018-03-10 13:48:54,286:INFO: - Eval metrics : accuracy: 0.824 ; loss: 0.000
2018-03-10 13:48:54,321:INFO: Epoch 23/30
2018-03-10 13:49:52,165:INFO: - Train metrics: accuracy: 0.809 ; loss: 0.531
2018-03-10 13:49:53,010:INFO: - Eval metrics : accuracy: 0.824 ; loss: 0.000
2018-03-10 13:49:53,026:INFO: Epoch 24/30
2018-03-10 13:50:50,851:INFO: - Train metrics: accuracy: 0.797 ; loss: 0.526
2018-03-10 13:50:51,711:INFO: - Eval metrics : accuracy: 0.824 ; loss: 0.000
2018-03-10 13:50:51,727:INFO: Epoch 25/30
2018-03-10 13:51:49,601:INFO: - Train metrics: accuracy: 0.816 ; loss: 0.539
2018-03-10 13:51:50,460:INFO: - Eval metrics : accuracy: 0.817 ; loss: 0.000
2018-03-10 13:51:50,483:INFO: Epoch 26/30
2018-03-10 13:52:48,360:INFO: - Train metrics: accuracy: 0.836 ; loss: 0.513
2018-03-10 13:52:49,219:INFO: - Eval metrics : accuracy: 0.831 ; loss: 0.000
2018-03-10 13:52:49,250:INFO: - Found new best accuracy
2018-03-10 13:52:49,251:INFO: Epoch 27/30
2018-03-10 13:53:47,119:INFO: - Train metrics: accuracy: 0.840 ; loss: 0.533
2018-03-10 13:53:47,962:INFO: - Eval metrics : accuracy: 0.829 ; loss: 0.000
2018-03-10 13:53:47,979:INFO: Epoch 28/30
2018-03-10 13:54:45,773:INFO: - Train metrics: accuracy: 0.820 ; loss: 0.544
2018-03-10 13:54:46,603:INFO: - Eval metrics : accuracy: 0.833 ; loss: 0.000
2018-03-10 13:54:46,629:INFO: - Found new best accuracy
2018-03-10 13:54:46,630:INFO: Epoch 29/30
2018-03-10 13:55:44,521:INFO: - Train metrics: accuracy: 0.836 ; loss: 0.536
2018-03-10 13:55:45,376:INFO: - Eval metrics : accuracy: 0.835 ; loss: 0.000
2018-03-10 13:55:45,404:INFO: - Found new best accuracy
2018-03-10 13:55:45,404:INFO: Epoch 30/30
2018-03-10 13:56:43,513:INFO: - Train metrics: accuracy: 0.842 ; loss: 0.522
2018-03-10 13:56:44,363:INFO: - Eval metrics : accuracy: 0.839 ; loss: 0.000
2018-03-10 13:56:44,390:INFO: - Found new best accuracy
