2018-03-14 21:24:36,258:INFO: Loading the datasets...
2018-03-14 21:24:39,871:INFO: - done.
2018-03-14 21:24:42,431:INFO: Experiment - model version: cnn_distill
2018-03-14 21:24:42,431:INFO: Starting training for 30 epoch(s)
2018-03-14 21:24:42,431:INFO: First, loading the teacher model and computing its outputs...
2018-03-14 21:25:31,661:INFO: - Finished computing teacher outputs after 50 secs..
2018-03-14 21:25:31,662:INFO: Epoch 1/30
2018-03-14 21:25:39,388:INFO: - Train metrics: accuracy: 0.498 ; loss: 1.404
2018-03-14 21:25:40,218:INFO: - Eval metrics : accuracy: 0.688 ; loss: 0.000
2018-03-14 21:25:40,237:INFO: - Found new best accuracy
2018-03-14 21:25:40,238:INFO: Epoch 2/30
2018-03-14 21:25:47,945:INFO: - Train metrics: accuracy: 0.699 ; loss: 0.898
2018-03-14 21:25:48,798:INFO: - Eval metrics : accuracy: 0.738 ; loss: 0.000
2018-03-14 21:25:48,827:INFO: - Found new best accuracy
2018-03-14 21:25:48,828:INFO: Epoch 3/30
2018-03-14 21:25:56,527:INFO: - Train metrics: accuracy: 0.766 ; loss: 0.714
2018-03-14 21:25:57,378:INFO: - Eval metrics : accuracy: 0.750 ; loss: 0.000
2018-03-14 21:25:57,415:INFO: - Found new best accuracy
2018-03-14 21:25:57,415:INFO: Epoch 4/30
2018-03-14 21:26:05,121:INFO: - Train metrics: accuracy: 0.818 ; loss: 0.575
2018-03-14 21:26:05,972:INFO: - Eval metrics : accuracy: 0.755 ; loss: 0.000
2018-03-14 21:26:06,004:INFO: - Found new best accuracy
2018-03-14 21:26:06,005:INFO: Epoch 5/30
2018-03-14 21:26:13,704:INFO: - Train metrics: accuracy: 0.877 ; loss: 0.475
2018-03-14 21:26:14,547:INFO: - Eval metrics : accuracy: 0.757 ; loss: 0.000
2018-03-14 21:26:14,583:INFO: - Found new best accuracy
2018-03-14 21:26:14,583:INFO: Epoch 6/30
2018-03-14 21:26:22,281:INFO: - Train metrics: accuracy: 0.896 ; loss: 0.431
2018-03-14 21:26:23,138:INFO: - Eval metrics : accuracy: 0.771 ; loss: 0.000
2018-03-14 21:26:23,170:INFO: - Found new best accuracy
2018-03-14 21:26:23,171:INFO: Epoch 7/30
2018-03-14 21:26:30,886:INFO: - Train metrics: accuracy: 0.930 ; loss: 0.349
2018-03-14 21:26:31,726:INFO: - Eval metrics : accuracy: 0.775 ; loss: 0.000
2018-03-14 21:26:31,763:INFO: - Found new best accuracy
2018-03-14 21:26:31,764:INFO: Epoch 8/30
2018-03-14 21:26:39,462:INFO: - Train metrics: accuracy: 0.949 ; loss: 0.304
2018-03-14 21:26:40,310:INFO: - Eval metrics : accuracy: 0.779 ; loss: 0.000
2018-03-14 21:26:40,347:INFO: - Found new best accuracy
2018-03-14 21:26:40,347:INFO: Epoch 9/30
2018-03-14 21:26:48,032:INFO: - Train metrics: accuracy: 0.959 ; loss: 0.268
2018-03-14 21:26:48,881:INFO: - Eval metrics : accuracy: 0.780 ; loss: 0.000
2018-03-14 21:26:48,908:INFO: - Found new best accuracy
2018-03-14 21:26:48,909:INFO: Epoch 10/30
2018-03-14 21:26:56,617:INFO: - Train metrics: accuracy: 0.975 ; loss: 0.231
2018-03-14 21:26:57,448:INFO: - Eval metrics : accuracy: 0.774 ; loss: 0.000
2018-03-14 21:26:57,464:INFO: Epoch 11/30
2018-03-14 21:27:05,181:INFO: - Train metrics: accuracy: 0.982 ; loss: 0.209
2018-03-14 21:27:06,018:INFO: - Eval metrics : accuracy: 0.778 ; loss: 0.000
2018-03-14 21:27:06,045:INFO: Epoch 12/30
2018-03-14 21:27:13,749:INFO: - Train metrics: accuracy: 0.994 ; loss: 0.174
2018-03-14 21:27:14,594:INFO: - Eval metrics : accuracy: 0.774 ; loss: 0.000
2018-03-14 21:27:14,621:INFO: Epoch 13/30
2018-03-14 21:27:22,345:INFO: - Train metrics: accuracy: 0.992 ; loss: 0.185
2018-03-14 21:27:23,202:INFO: - Eval metrics : accuracy: 0.766 ; loss: 0.000
2018-03-14 21:27:23,217:INFO: Epoch 14/30
2018-03-14 21:27:30,941:INFO: - Train metrics: accuracy: 0.996 ; loss: 0.169
2018-03-14 21:27:31,787:INFO: - Eval metrics : accuracy: 0.774 ; loss: 0.000
2018-03-14 21:27:31,803:INFO: Epoch 15/30
2018-03-14 21:27:39,531:INFO: - Train metrics: accuracy: 0.994 ; loss: 0.175
2018-03-14 21:27:40,393:INFO: - Eval metrics : accuracy: 0.771 ; loss: 0.000
2018-03-14 21:27:40,409:INFO: Epoch 16/30
2018-03-14 21:27:48,126:INFO: - Train metrics: accuracy: 0.998 ; loss: 0.161
2018-03-14 21:27:48,951:INFO: - Eval metrics : accuracy: 0.773 ; loss: 0.000
2018-03-14 21:27:48,984:INFO: Epoch 17/30
2018-03-14 21:27:56,691:INFO: - Train metrics: accuracy: 1.000 ; loss: 0.152
2018-03-14 21:27:57,546:INFO: - Eval metrics : accuracy: 0.778 ; loss: 0.000
2018-03-14 21:27:57,565:INFO: Epoch 18/30
2018-03-14 21:28:05,283:INFO: - Train metrics: accuracy: 1.000 ; loss: 0.149
2018-03-14 21:28:06,104:INFO: - Eval metrics : accuracy: 0.770 ; loss: 0.000
2018-03-14 21:28:06,121:INFO: Epoch 19/30
2018-03-14 21:28:13,819:INFO: - Train metrics: accuracy: 0.998 ; loss: 0.151
2018-03-14 21:28:14,659:INFO: - Eval metrics : accuracy: 0.764 ; loss: 0.000
2018-03-14 21:28:14,681:INFO: Epoch 20/30
2018-03-14 21:28:22,398:INFO: - Train metrics: accuracy: 0.998 ; loss: 0.160
2018-03-14 21:28:23,225:INFO: - Eval metrics : accuracy: 0.769 ; loss: 0.000
2018-03-14 21:28:23,240:INFO: Epoch 21/30
2018-03-14 21:28:30,958:INFO: - Train metrics: accuracy: 0.990 ; loss: 0.170
2018-03-14 21:28:31,781:INFO: - Eval metrics : accuracy: 0.768 ; loss: 0.000
2018-03-14 21:28:31,820:INFO: Epoch 22/30
2018-03-14 21:28:39,519:INFO: - Train metrics: accuracy: 0.994 ; loss: 0.151
2018-03-14 21:28:40,341:INFO: - Eval metrics : accuracy: 0.775 ; loss: 0.000
2018-03-14 21:28:40,357:INFO: Epoch 23/30
2018-03-14 21:28:48,047:INFO: - Train metrics: accuracy: 1.000 ; loss: 0.140
2018-03-14 21:28:48,893:INFO: - Eval metrics : accuracy: 0.783 ; loss: 0.000
2018-03-14 21:28:48,925:INFO: - Found new best accuracy
2018-03-14 21:28:48,926:INFO: Epoch 24/30
2018-03-14 21:28:56,625:INFO: - Train metrics: accuracy: 1.000 ; loss: 0.133
2018-03-14 21:28:57,469:INFO: - Eval metrics : accuracy: 0.778 ; loss: 0.000
2018-03-14 21:28:57,489:INFO: Epoch 25/30
2018-03-14 21:29:05,183:INFO: - Train metrics: accuracy: 1.000 ; loss: 0.128
2018-03-14 21:29:06,007:INFO: - Eval metrics : accuracy: 0.784 ; loss: 0.000
2018-03-14 21:29:06,037:INFO: - Found new best accuracy
2018-03-14 21:29:06,038:INFO: Epoch 26/30
2018-03-14 21:29:13,734:INFO: - Train metrics: accuracy: 0.998 ; loss: 0.131
2018-03-14 21:29:14,557:INFO: - Eval metrics : accuracy: 0.773 ; loss: 0.000
2018-03-14 21:29:14,572:INFO: Epoch 27/30
2018-03-14 21:29:22,285:INFO: - Train metrics: accuracy: 0.994 ; loss: 0.149
2018-03-14 21:29:23,125:INFO: - Eval metrics : accuracy: 0.743 ; loss: 0.000
2018-03-14 21:29:23,141:INFO: Epoch 28/30
2018-03-14 21:29:30,851:INFO: - Train metrics: accuracy: 0.971 ; loss: 0.207
2018-03-14 21:29:31,694:INFO: - Eval metrics : accuracy: 0.774 ; loss: 0.000
2018-03-14 21:29:31,713:INFO: Epoch 29/30
2018-03-14 21:29:39,440:INFO: - Train metrics: accuracy: 1.000 ; loss: 0.136
2018-03-14 21:29:40,294:INFO: - Eval metrics : accuracy: 0.781 ; loss: 0.000
2018-03-14 21:29:40,311:INFO: Epoch 30/30
2018-03-14 21:29:48,042:INFO: - Train metrics: accuracy: 1.000 ; loss: 0.132
2018-03-14 21:29:48,878:INFO: - Eval metrics : accuracy: 0.788 ; loss: 0.000
2018-03-14 21:29:48,912:INFO: - Found new best accuracy
