2018-03-10 20:21:32,604:INFO: Loading the datasets...
2018-03-10 20:21:36,241:INFO: - done.
2018-03-10 20:21:38,833:INFO: Starting training for 30 epoch(s)
2018-03-10 20:21:38,833:INFO: Epoch 1/30
2018-03-10 20:22:37,597:INFO: - Train metrics: accuracy: 0.379 ; loss: 1.360
2018-03-10 20:22:38,487:INFO: - Eval metrics : accuracy: 0.581 ; loss: 0.000
2018-03-10 20:22:38,509:INFO: - Found new best accuracy
2018-03-10 20:22:38,509:INFO: Epoch 2/30
2018-03-10 20:23:36,433:INFO: - Train metrics: accuracy: 0.613 ; loss: 0.876
2018-03-10 20:23:37,312:INFO: - Eval metrics : accuracy: 0.704 ; loss: 0.000
2018-03-10 20:23:37,346:INFO: - Found new best accuracy
2018-03-10 20:23:37,346:INFO: Epoch 3/30
2018-03-10 20:24:35,348:INFO: - Train metrics: accuracy: 0.664 ; loss: 0.820
2018-03-10 20:24:36,216:INFO: - Eval metrics : accuracy: 0.718 ; loss: 0.000
2018-03-10 20:24:36,250:INFO: - Found new best accuracy
2018-03-10 20:24:36,251:INFO: Epoch 4/30
2018-03-10 20:25:34,336:INFO: - Train metrics: accuracy: 0.672 ; loss: 0.780
2018-03-10 20:25:35,205:INFO: - Eval metrics : accuracy: 0.735 ; loss: 0.000
2018-03-10 20:25:35,231:INFO: - Found new best accuracy
2018-03-10 20:25:35,232:INFO: Epoch 5/30
2018-03-10 20:26:33,329:INFO: - Train metrics: accuracy: 0.717 ; loss: 0.674
2018-03-10 20:26:34,196:INFO: - Eval metrics : accuracy: 0.763 ; loss: 0.000
2018-03-10 20:26:34,231:INFO: - Found new best accuracy
2018-03-10 20:26:34,232:INFO: Epoch 6/30
2018-03-10 20:27:32,459:INFO: - Train metrics: accuracy: 0.695 ; loss: 0.708
2018-03-10 20:27:33,284:INFO: - Eval metrics : accuracy: 0.759 ; loss: 0.000
2018-03-10 20:27:33,299:INFO: Epoch 7/30
2018-03-10 20:28:31,417:INFO: - Train metrics: accuracy: 0.729 ; loss: 0.617
2018-03-10 20:28:32,273:INFO: - Eval metrics : accuracy: 0.777 ; loss: 0.000
2018-03-10 20:28:32,308:INFO: - Found new best accuracy
2018-03-10 20:28:32,309:INFO: Epoch 8/30
2018-03-10 20:29:30,445:INFO: - Train metrics: accuracy: 0.754 ; loss: 0.593
2018-03-10 20:29:31,302:INFO: - Eval metrics : accuracy: 0.770 ; loss: 0.000
2018-03-10 20:29:31,319:INFO: Epoch 9/30
2018-03-10 20:30:29,424:INFO: - Train metrics: accuracy: 0.740 ; loss: 0.578
2018-03-10 20:30:30,283:INFO: - Eval metrics : accuracy: 0.789 ; loss: 0.000
2018-03-10 20:30:30,311:INFO: - Found new best accuracy
2018-03-10 20:30:30,312:INFO: Epoch 10/30
2018-03-10 20:31:28,430:INFO: - Train metrics: accuracy: 0.736 ; loss: 0.573
2018-03-10 20:31:29,258:INFO: - Eval metrics : accuracy: 0.792 ; loss: 0.000
2018-03-10 20:31:29,290:INFO: - Found new best accuracy
2018-03-10 20:31:29,291:INFO: Epoch 11/30
2018-03-10 20:32:27,434:INFO: - Train metrics: accuracy: 0.803 ; loss: 0.488
2018-03-10 20:32:28,310:INFO: - Eval metrics : accuracy: 0.799 ; loss: 0.000
2018-03-10 20:32:28,338:INFO: - Found new best accuracy
2018-03-10 20:32:28,339:INFO: Epoch 12/30
2018-03-10 20:33:26,467:INFO: - Train metrics: accuracy: 0.805 ; loss: 0.462
2018-03-10 20:33:27,316:INFO: - Eval metrics : accuracy: 0.800 ; loss: 0.000
2018-03-10 20:33:27,346:INFO: - Found new best accuracy
2018-03-10 20:33:27,347:INFO: Epoch 13/30
2018-03-10 20:34:25,413:INFO: - Train metrics: accuracy: 0.795 ; loss: 0.505
2018-03-10 20:34:26,253:INFO: - Eval metrics : accuracy: 0.803 ; loss: 0.000
2018-03-10 20:34:26,289:INFO: - Found new best accuracy
2018-03-10 20:34:26,290:INFO: Epoch 14/30
2018-03-10 20:35:24,376:INFO: - Train metrics: accuracy: 0.797 ; loss: 0.497
2018-03-10 20:35:25,237:INFO: - Eval metrics : accuracy: 0.803 ; loss: 0.000
2018-03-10 20:35:25,272:INFO: - Found new best accuracy
2018-03-10 20:35:25,273:INFO: Epoch 15/30
2018-03-10 20:36:23,428:INFO: - Train metrics: accuracy: 0.812 ; loss: 0.455
2018-03-10 20:36:24,277:INFO: - Eval metrics : accuracy: 0.812 ; loss: 0.000
2018-03-10 20:36:24,313:INFO: - Found new best accuracy
2018-03-10 20:36:24,313:INFO: Epoch 16/30
2018-03-10 20:37:22,437:INFO: - Train metrics: accuracy: 0.793 ; loss: 0.471
2018-03-10 20:37:23,313:INFO: - Eval metrics : accuracy: 0.813 ; loss: 0.000
2018-03-10 20:37:23,341:INFO: - Found new best accuracy
2018-03-10 20:37:23,343:INFO: Epoch 17/30
2018-03-10 20:38:21,508:INFO: - Train metrics: accuracy: 0.838 ; loss: 0.391
2018-03-10 20:38:22,388:INFO: - Eval metrics : accuracy: 0.811 ; loss: 0.000
2018-03-10 20:38:22,405:INFO: Epoch 18/30
2018-03-10 20:39:20,541:INFO: - Train metrics: accuracy: 0.807 ; loss: 0.444
2018-03-10 20:39:21,387:INFO: - Eval metrics : accuracy: 0.821 ; loss: 0.000
2018-03-10 20:39:21,416:INFO: - Found new best accuracy
2018-03-10 20:39:21,417:INFO: Epoch 19/30
2018-03-10 20:40:19,655:INFO: - Train metrics: accuracy: 0.814 ; loss: 0.446
2018-03-10 20:40:20,509:INFO: - Eval metrics : accuracy: 0.822 ; loss: 0.000
2018-03-10 20:40:20,538:INFO: - Found new best accuracy
2018-03-10 20:40:20,539:INFO: Epoch 20/30
2018-03-10 20:41:18,663:INFO: - Train metrics: accuracy: 0.848 ; loss: 0.428
2018-03-10 20:41:19,537:INFO: - Eval metrics : accuracy: 0.822 ; loss: 0.000
2018-03-10 20:41:19,569:INFO: - Found new best accuracy
2018-03-10 20:41:19,570:INFO: Epoch 21/30
2018-03-10 20:42:17,687:INFO: - Train metrics: accuracy: 0.773 ; loss: 0.486
2018-03-10 20:42:18,553:INFO: - Eval metrics : accuracy: 0.820 ; loss: 0.000
2018-03-10 20:42:18,571:INFO: Epoch 22/30
2018-03-10 20:43:16,830:INFO: - Train metrics: accuracy: 0.801 ; loss: 0.460
2018-03-10 20:43:17,707:INFO: - Eval metrics : accuracy: 0.821 ; loss: 0.000
2018-03-10 20:43:17,731:INFO: Epoch 23/30
2018-03-10 20:44:15,912:INFO: - Train metrics: accuracy: 0.846 ; loss: 0.381
2018-03-10 20:44:16,727:INFO: - Eval metrics : accuracy: 0.821 ; loss: 0.000
2018-03-10 20:44:16,743:INFO: Epoch 24/30
2018-03-10 20:45:14,886:INFO: - Train metrics: accuracy: 0.801 ; loss: 0.469
2018-03-10 20:45:15,747:INFO: - Eval metrics : accuracy: 0.825 ; loss: 0.000
2018-03-10 20:45:15,774:INFO: - Found new best accuracy
2018-03-10 20:45:15,775:INFO: Epoch 25/30
2018-03-10 20:46:13,913:INFO: - Train metrics: accuracy: 0.824 ; loss: 0.396
2018-03-10 20:46:14,781:INFO: - Eval metrics : accuracy: 0.829 ; loss: 0.000
2018-03-10 20:46:14,809:INFO: - Found new best accuracy
2018-03-10 20:46:14,810:INFO: Epoch 26/30
2018-03-10 20:47:12,942:INFO: - Train metrics: accuracy: 0.838 ; loss: 0.392
2018-03-10 20:47:13,819:INFO: - Eval metrics : accuracy: 0.826 ; loss: 0.000
2018-03-10 20:47:13,839:INFO: Epoch 27/30
2018-03-10 20:48:11,982:INFO: - Train metrics: accuracy: 0.834 ; loss: 0.392
2018-03-10 20:48:12,863:INFO: - Eval metrics : accuracy: 0.822 ; loss: 0.000
2018-03-10 20:48:12,879:INFO: Epoch 28/30
2018-03-10 20:49:11,046:INFO: - Train metrics: accuracy: 0.820 ; loss: 0.404
2018-03-10 20:49:11,905:INFO: - Eval metrics : accuracy: 0.837 ; loss: 0.000
2018-03-10 20:49:11,935:INFO: - Found new best accuracy
2018-03-10 20:49:11,936:INFO: Epoch 29/30
2018-03-10 20:50:10,049:INFO: - Train metrics: accuracy: 0.816 ; loss: 0.414
2018-03-10 20:50:10,900:INFO: - Eval metrics : accuracy: 0.825 ; loss: 0.000
2018-03-10 20:50:10,917:INFO: Epoch 30/30
2018-03-10 20:51:09,065:INFO: - Train metrics: accuracy: 0.855 ; loss: 0.351
2018-03-10 20:51:09,929:INFO: - Eval metrics : accuracy: 0.837 ; loss: 0.000
