2018-03-14 17:41:31,650:INFO: Loading the datasets...
2018-03-14 17:41:35,270:INFO: - done.
2018-03-14 17:41:37,814:INFO: Experiment - model version: cnn_distill
2018-03-14 17:41:37,814:INFO: Starting training for 30 epoch(s)
2018-03-14 17:41:37,815:INFO: First, loading the teacher model and computing its outputs...
2018-03-14 17:42:27,432:INFO: - Finished computing teacher outputs after 50 secs..
2018-03-14 17:42:27,433:INFO: Epoch 1/30
2018-03-14 17:42:35,264:INFO: - Train metrics: accuracy: 0.334 ; loss: 0.826
2018-03-14 17:42:36,098:INFO: - Eval metrics : accuracy: 0.424 ; loss: 0.000
2018-03-14 17:42:36,116:INFO: - Found new best accuracy
2018-03-14 17:42:36,117:INFO: Epoch 2/30
2018-03-14 17:42:43,857:INFO: - Train metrics: accuracy: 0.465 ; loss: 0.821
2018-03-14 17:42:44,688:INFO: - Eval metrics : accuracy: 0.479 ; loss: 0.000
2018-03-14 17:42:44,713:INFO: - Found new best accuracy
2018-03-14 17:42:44,715:INFO: Epoch 3/30
2018-03-14 17:42:52,470:INFO: - Train metrics: accuracy: 0.504 ; loss: 0.820
2018-03-14 17:42:53,317:INFO: - Eval metrics : accuracy: 0.544 ; loss: 0.000
2018-03-14 17:42:53,346:INFO: - Found new best accuracy
2018-03-14 17:42:53,347:INFO: Epoch 4/30
2018-03-14 17:43:01,068:INFO: - Train metrics: accuracy: 0.582 ; loss: 0.821
2018-03-14 17:43:01,912:INFO: - Eval metrics : accuracy: 0.583 ; loss: 0.000
2018-03-14 17:43:01,941:INFO: - Found new best accuracy
2018-03-14 17:43:01,941:INFO: Epoch 5/30
2018-03-14 17:43:09,706:INFO: - Train metrics: accuracy: 0.598 ; loss: 0.820
2018-03-14 17:43:10,566:INFO: - Eval metrics : accuracy: 0.587 ; loss: 0.000
2018-03-14 17:43:10,600:INFO: - Found new best accuracy
2018-03-14 17:43:10,601:INFO: Epoch 6/30
2018-03-14 17:43:18,404:INFO: - Train metrics: accuracy: 0.611 ; loss: 0.831
2018-03-14 17:43:19,253:INFO: - Eval metrics : accuracy: 0.592 ; loss: 0.000
2018-03-14 17:43:19,288:INFO: - Found new best accuracy
2018-03-14 17:43:19,289:INFO: Epoch 7/30
2018-03-14 17:43:27,013:INFO: - Train metrics: accuracy: 0.650 ; loss: 0.822
2018-03-14 17:43:27,865:INFO: - Eval metrics : accuracy: 0.632 ; loss: 0.000
2018-03-14 17:43:27,894:INFO: - Found new best accuracy
2018-03-14 17:43:27,895:INFO: Epoch 8/30
2018-03-14 17:43:35,682:INFO: - Train metrics: accuracy: 0.678 ; loss: 0.819
2018-03-14 17:43:36,496:INFO: - Eval metrics : accuracy: 0.649 ; loss: 0.000
2018-03-14 17:43:36,527:INFO: - Found new best accuracy
2018-03-14 17:43:36,529:INFO: Epoch 9/30
2018-03-14 17:43:44,293:INFO: - Train metrics: accuracy: 0.611 ; loss: 0.825
2018-03-14 17:43:45,138:INFO: - Eval metrics : accuracy: 0.638 ; loss: 0.000
2018-03-14 17:43:45,161:INFO: Epoch 10/30
2018-03-14 17:43:52,904:INFO: - Train metrics: accuracy: 0.699 ; loss: 0.825
2018-03-14 17:43:53,740:INFO: - Eval metrics : accuracy: 0.668 ; loss: 0.000
2018-03-14 17:43:53,768:INFO: - Found new best accuracy
2018-03-14 17:43:53,770:INFO: Epoch 11/30
2018-03-14 17:44:01,521:INFO: - Train metrics: accuracy: 0.695 ; loss: 0.829
2018-03-14 17:44:02,369:INFO: - Eval metrics : accuracy: 0.670 ; loss: 0.000
2018-03-14 17:44:02,400:INFO: - Found new best accuracy
2018-03-14 17:44:02,401:INFO: Epoch 12/30
2018-03-14 17:44:10,170:INFO: - Train metrics: accuracy: 0.686 ; loss: 0.827
2018-03-14 17:44:11,030:INFO: - Eval metrics : accuracy: 0.676 ; loss: 0.000
2018-03-14 17:44:11,060:INFO: - Found new best accuracy
2018-03-14 17:44:11,061:INFO: Epoch 13/30
2018-03-14 17:44:18,855:INFO: - Train metrics: accuracy: 0.691 ; loss: 0.829
2018-03-14 17:44:19,706:INFO: - Eval metrics : accuracy: 0.694 ; loss: 0.000
2018-03-14 17:44:19,739:INFO: - Found new best accuracy
2018-03-14 17:44:19,740:INFO: Epoch 14/30
2018-03-14 17:44:27,493:INFO: - Train metrics: accuracy: 0.713 ; loss: 0.823
2018-03-14 17:44:28,326:INFO: - Eval metrics : accuracy: 0.690 ; loss: 0.000
2018-03-14 17:44:28,343:INFO: Epoch 15/30
2018-03-14 17:44:36,124:INFO: - Train metrics: accuracy: 0.713 ; loss: 0.821
2018-03-14 17:44:36,974:INFO: - Eval metrics : accuracy: 0.708 ; loss: 0.000
2018-03-14 17:44:37,007:INFO: - Found new best accuracy
2018-03-14 17:44:37,008:INFO: Epoch 16/30
2018-03-14 17:44:44,762:INFO: - Train metrics: accuracy: 0.738 ; loss: 0.823
2018-03-14 17:44:45,590:INFO: - Eval metrics : accuracy: 0.705 ; loss: 0.000
2018-03-14 17:44:45,609:INFO: Epoch 17/30
2018-03-14 17:44:53,372:INFO: - Train metrics: accuracy: 0.719 ; loss: 0.819
2018-03-14 17:44:54,221:INFO: - Eval metrics : accuracy: 0.715 ; loss: 0.000
2018-03-14 17:44:54,248:INFO: - Found new best accuracy
2018-03-14 17:44:54,249:INFO: Epoch 18/30
2018-03-14 17:45:02,013:INFO: - Train metrics: accuracy: 0.723 ; loss: 0.819
2018-03-14 17:45:02,896:INFO: - Eval metrics : accuracy: 0.717 ; loss: 0.000
2018-03-14 17:45:02,925:INFO: - Found new best accuracy
2018-03-14 17:45:02,926:INFO: Epoch 19/30
2018-03-14 17:45:10,717:INFO: - Train metrics: accuracy: 0.754 ; loss: 0.820
2018-03-14 17:45:11,558:INFO: - Eval metrics : accuracy: 0.713 ; loss: 0.000
2018-03-14 17:45:11,577:INFO: Epoch 20/30
2018-03-14 17:45:19,373:INFO: - Train metrics: accuracy: 0.734 ; loss: 0.828
2018-03-14 17:45:20,231:INFO: - Eval metrics : accuracy: 0.727 ; loss: 0.000
2018-03-14 17:45:20,260:INFO: - Found new best accuracy
2018-03-14 17:45:20,261:INFO: Epoch 21/30
2018-03-14 17:45:28,010:INFO: - Train metrics: accuracy: 0.750 ; loss: 0.826
2018-03-14 17:45:28,844:INFO: - Eval metrics : accuracy: 0.727 ; loss: 0.000
2018-03-14 17:45:28,875:INFO: - Found new best accuracy
2018-03-14 17:45:28,876:INFO: Epoch 22/30
2018-03-14 17:45:36,676:INFO: - Train metrics: accuracy: 0.777 ; loss: 0.825
2018-03-14 17:45:37,514:INFO: - Eval metrics : accuracy: 0.723 ; loss: 0.000
2018-03-14 17:45:37,531:INFO: Epoch 23/30
2018-03-14 17:45:45,275:INFO: - Train metrics: accuracy: 0.783 ; loss: 0.827
2018-03-14 17:45:46,113:INFO: - Eval metrics : accuracy: 0.731 ; loss: 0.000
2018-03-14 17:45:46,144:INFO: - Found new best accuracy
2018-03-14 17:45:46,145:INFO: Epoch 24/30
2018-03-14 17:45:53,875:INFO: - Train metrics: accuracy: 0.742 ; loss: 0.825
2018-03-14 17:45:54,710:INFO: - Eval metrics : accuracy: 0.725 ; loss: 0.000
2018-03-14 17:45:54,729:INFO: Epoch 25/30
2018-03-14 17:46:02,477:INFO: - Train metrics: accuracy: 0.742 ; loss: 0.824
2018-03-14 17:46:03,322:INFO: - Eval metrics : accuracy: 0.731 ; loss: 0.000
2018-03-14 17:46:03,350:INFO: - Found new best accuracy
2018-03-14 17:46:03,351:INFO: Epoch 26/30
2018-03-14 17:46:11,119:INFO: - Train metrics: accuracy: 0.781 ; loss: 0.822
2018-03-14 17:46:11,994:INFO: - Eval metrics : accuracy: 0.735 ; loss: 0.000
2018-03-14 17:46:12,024:INFO: - Found new best accuracy
2018-03-14 17:46:12,025:INFO: Epoch 27/30
2018-03-14 17:46:19,795:INFO: - Train metrics: accuracy: 0.762 ; loss: 0.823
2018-03-14 17:46:20,654:INFO: - Eval metrics : accuracy: 0.730 ; loss: 0.000
2018-03-14 17:46:20,673:INFO: Epoch 28/30
2018-03-14 17:46:28,469:INFO: - Train metrics: accuracy: 0.768 ; loss: 0.821
2018-03-14 17:46:29,302:INFO: - Eval metrics : accuracy: 0.739 ; loss: 0.000
2018-03-14 17:46:29,332:INFO: - Found new best accuracy
2018-03-14 17:46:29,333:INFO: Epoch 29/30
2018-03-14 17:46:37,102:INFO: - Train metrics: accuracy: 0.799 ; loss: 0.822
2018-03-14 17:46:37,954:INFO: - Eval metrics : accuracy: 0.748 ; loss: 0.000
2018-03-14 17:46:37,988:INFO: - Found new best accuracy
2018-03-14 17:46:37,989:INFO: Epoch 30/30
2018-03-14 17:46:45,754:INFO: - Train metrics: accuracy: 0.789 ; loss: 0.830
2018-03-14 17:46:46,601:INFO: - Eval metrics : accuracy: 0.745 ; loss: 0.000
