2018-03-14 19:26:44,196:INFO: Loading the datasets...
2018-03-14 19:26:47,811:INFO: - done.
2018-03-14 19:26:50,392:INFO: Experiment - model version: cnn_distill
2018-03-14 19:26:50,392:INFO: Starting training for 30 epoch(s)
2018-03-14 19:26:50,392:INFO: First, loading the teacher model and computing its outputs...
2018-03-14 19:27:39,668:INFO: - Finished computing teacher outputs after 50 secs..
2018-03-14 19:27:39,668:INFO: Epoch 1/30
2018-03-14 19:27:47,414:INFO: - Train metrics: accuracy: 0.488 ; loss: 1.404
2018-03-14 19:27:48,266:INFO: - Eval metrics : accuracy: 0.681 ; loss: 0.000
2018-03-14 19:27:48,284:INFO: - Found new best accuracy
2018-03-14 19:27:48,285:INFO: Epoch 2/30
2018-03-14 19:27:56,001:INFO: - Train metrics: accuracy: 0.719 ; loss: 0.918
2018-03-14 19:27:56,836:INFO: - Eval metrics : accuracy: 0.729 ; loss: 0.000
2018-03-14 19:27:56,872:INFO: - Found new best accuracy
2018-03-14 19:27:56,872:INFO: Epoch 3/30
2018-03-14 19:28:04,570:INFO: - Train metrics: accuracy: 0.766 ; loss: 0.764
2018-03-14 19:28:05,415:INFO: - Eval metrics : accuracy: 0.755 ; loss: 0.000
2018-03-14 19:28:05,445:INFO: - Found new best accuracy
2018-03-14 19:28:05,446:INFO: Epoch 4/30
2018-03-14 19:28:13,137:INFO: - Train metrics: accuracy: 0.848 ; loss: 0.618
2018-03-14 19:28:13,988:INFO: - Eval metrics : accuracy: 0.769 ; loss: 0.000
2018-03-14 19:28:14,019:INFO: - Found new best accuracy
2018-03-14 19:28:14,020:INFO: Epoch 5/30
2018-03-14 19:28:21,738:INFO: - Train metrics: accuracy: 0.881 ; loss: 0.528
2018-03-14 19:28:22,578:INFO: - Eval metrics : accuracy: 0.767 ; loss: 0.000
2018-03-14 19:28:22,597:INFO: Epoch 6/30
2018-03-14 19:28:30,288:INFO: - Train metrics: accuracy: 0.891 ; loss: 0.517
2018-03-14 19:28:31,137:INFO: - Eval metrics : accuracy: 0.765 ; loss: 0.000
2018-03-14 19:28:31,160:INFO: Epoch 7/30
2018-03-14 19:28:38,854:INFO: - Train metrics: accuracy: 0.938 ; loss: 0.416
2018-03-14 19:28:39,695:INFO: - Eval metrics : accuracy: 0.775 ; loss: 0.000
2018-03-14 19:28:39,723:INFO: - Found new best accuracy
2018-03-14 19:28:39,724:INFO: Epoch 8/30
2018-03-14 19:28:47,416:INFO: - Train metrics: accuracy: 0.955 ; loss: 0.411
2018-03-14 19:28:48,245:INFO: - Eval metrics : accuracy: 0.774 ; loss: 0.000
2018-03-14 19:28:48,269:INFO: Epoch 9/30
2018-03-14 19:28:55,975:INFO: - Train metrics: accuracy: 0.947 ; loss: 0.403
2018-03-14 19:28:56,818:INFO: - Eval metrics : accuracy: 0.774 ; loss: 0.000
2018-03-14 19:28:56,836:INFO: Epoch 10/30
2018-03-14 19:29:04,539:INFO: - Train metrics: accuracy: 0.969 ; loss: 0.376
2018-03-14 19:29:05,386:INFO: - Eval metrics : accuracy: 0.770 ; loss: 0.000
2018-03-14 19:29:05,413:INFO: Epoch 11/30
2018-03-14 19:29:13,115:INFO: - Train metrics: accuracy: 0.979 ; loss: 0.350
2018-03-14 19:29:13,960:INFO: - Eval metrics : accuracy: 0.772 ; loss: 0.000
2018-03-14 19:29:13,975:INFO: Epoch 12/30
2018-03-14 19:29:21,668:INFO: - Train metrics: accuracy: 0.992 ; loss: 0.323
2018-03-14 19:29:22,525:INFO: - Eval metrics : accuracy: 0.769 ; loss: 0.000
2018-03-14 19:29:22,540:INFO: Epoch 13/30
2018-03-14 19:29:30,248:INFO: - Train metrics: accuracy: 0.982 ; loss: 0.331
2018-03-14 19:29:31,113:INFO: - Eval metrics : accuracy: 0.761 ; loss: 0.000
2018-03-14 19:29:31,129:INFO: Epoch 14/30
2018-03-14 19:29:38,835:INFO: - Train metrics: accuracy: 0.986 ; loss: 0.324
2018-03-14 19:29:39,686:INFO: - Eval metrics : accuracy: 0.776 ; loss: 0.000
2018-03-14 19:29:39,719:INFO: - Found new best accuracy
2018-03-14 19:29:39,720:INFO: Epoch 15/30
2018-03-14 19:29:47,417:INFO: - Train metrics: accuracy: 0.977 ; loss: 0.351
2018-03-14 19:29:48,269:INFO: - Eval metrics : accuracy: 0.774 ; loss: 0.000
2018-03-14 19:29:48,284:INFO: Epoch 16/30
2018-03-14 19:29:55,999:INFO: - Train metrics: accuracy: 0.994 ; loss: 0.312
2018-03-14 19:29:56,854:INFO: - Eval metrics : accuracy: 0.769 ; loss: 0.000
2018-03-14 19:29:56,873:INFO: Epoch 17/30
2018-03-14 19:30:04,607:INFO: - Train metrics: accuracy: 0.990 ; loss: 0.304
2018-03-14 19:30:05,464:INFO: - Eval metrics : accuracy: 0.777 ; loss: 0.000
2018-03-14 19:30:05,493:INFO: - Found new best accuracy
2018-03-14 19:30:05,493:INFO: Epoch 18/30
2018-03-14 19:30:13,202:INFO: - Train metrics: accuracy: 0.994 ; loss: 0.300
2018-03-14 19:30:14,025:INFO: - Eval metrics : accuracy: 0.762 ; loss: 0.000
2018-03-14 19:30:14,042:INFO: Epoch 19/30
2018-03-14 19:30:21,762:INFO: - Train metrics: accuracy: 0.998 ; loss: 0.290
2018-03-14 19:30:22,605:INFO: - Eval metrics : accuracy: 0.762 ; loss: 0.000
2018-03-14 19:30:22,620:INFO: Epoch 20/30
2018-03-14 19:30:30,655:INFO: - Train metrics: accuracy: 0.990 ; loss: 0.318
2018-03-14 19:30:31,505:INFO: - Eval metrics : accuracy: 0.769 ; loss: 0.000
2018-03-14 19:30:31,520:INFO: Epoch 21/30
2018-03-14 19:30:39,234:INFO: - Train metrics: accuracy: 0.994 ; loss: 0.317
2018-03-14 19:30:40,090:INFO: - Eval metrics : accuracy: 0.770 ; loss: 0.000
2018-03-14 19:30:40,106:INFO: Epoch 22/30
2018-03-14 19:30:47,817:INFO: - Train metrics: accuracy: 0.998 ; loss: 0.298
2018-03-14 19:30:48,649:INFO: - Eval metrics : accuracy: 0.778 ; loss: 0.000
2018-03-14 19:30:48,678:INFO: - Found new best accuracy
2018-03-14 19:30:48,678:INFO: Epoch 23/30
2018-03-14 19:30:56,377:INFO: - Train metrics: accuracy: 1.000 ; loss: 0.281
2018-03-14 19:30:57,210:INFO: - Eval metrics : accuracy: 0.777 ; loss: 0.000
2018-03-14 19:30:57,229:INFO: Epoch 24/30
2018-03-14 19:31:04,941:INFO: - Train metrics: accuracy: 1.000 ; loss: 0.268
2018-03-14 19:31:05,781:INFO: - Eval metrics : accuracy: 0.772 ; loss: 0.000
2018-03-14 19:31:05,798:INFO: Epoch 25/30
2018-03-14 19:31:13,511:INFO: - Train metrics: accuracy: 1.000 ; loss: 0.252
2018-03-14 19:31:14,359:INFO: - Eval metrics : accuracy: 0.782 ; loss: 0.000
2018-03-14 19:31:14,388:INFO: - Found new best accuracy
2018-03-14 19:31:14,389:INFO: Epoch 26/30
2018-03-14 19:31:22,099:INFO: - Train metrics: accuracy: 0.998 ; loss: 0.257
2018-03-14 19:31:22,950:INFO: - Eval metrics : accuracy: 0.769 ; loss: 0.000
2018-03-14 19:31:22,977:INFO: Epoch 27/30
2018-03-14 19:31:30,681:INFO: - Train metrics: accuracy: 0.953 ; loss: 0.373
2018-03-14 19:31:31,516:INFO: - Eval metrics : accuracy: 0.766 ; loss: 0.000
2018-03-14 19:31:31,539:INFO: Epoch 28/30
2018-03-14 19:31:39,245:INFO: - Train metrics: accuracy: 0.990 ; loss: 0.306
2018-03-14 19:31:40,092:INFO: - Eval metrics : accuracy: 0.781 ; loss: 0.000
2018-03-14 19:31:40,108:INFO: Epoch 29/30
2018-03-14 19:31:47,817:INFO: - Train metrics: accuracy: 0.998 ; loss: 0.272
2018-03-14 19:31:48,637:INFO: - Eval metrics : accuracy: 0.784 ; loss: 0.000
2018-03-14 19:31:48,666:INFO: - Found new best accuracy
2018-03-14 19:31:48,667:INFO: Epoch 30/30
2018-03-14 19:31:56,368:INFO: - Train metrics: accuracy: 1.000 ; loss: 0.262
2018-03-14 19:31:57,216:INFO: - Eval metrics : accuracy: 0.785 ; loss: 0.000
2018-03-14 19:31:57,244:INFO: - Found new best accuracy
2018-03-14 20:32:00,564:INFO: Loading the datasets...
2018-03-14 20:32:04,195:INFO: - done.
2018-03-14 20:32:06,784:INFO: Experiment - model version: cnn_distill
2018-03-14 20:32:06,784:INFO: Starting training for 30 epoch(s)
2018-03-14 20:32:06,784:INFO: First, loading the teacher model and computing its outputs...
2018-03-14 20:32:55,973:INFO: - Finished computing teacher outputs after 50 secs..
2018-03-14 20:32:55,975:INFO: Epoch 1/30
2018-03-14 20:33:03,737:INFO: - Train metrics: accuracy: 0.498 ; loss: 1.403
2018-03-14 20:33:04,595:INFO: - Eval metrics : accuracy: 0.685 ; loss: 0.000
2018-03-14 20:33:04,624:INFO: - Found new best accuracy
2018-03-14 20:33:04,625:INFO: Epoch 2/30
2018-03-14 20:33:12,343:INFO: - Train metrics: accuracy: 0.713 ; loss: 0.924
2018-03-14 20:33:13,177:INFO: - Eval metrics : accuracy: 0.725 ; loss: 0.000
2018-03-14 20:33:13,209:INFO: - Found new best accuracy
2018-03-14 20:33:13,210:INFO: Epoch 3/30
2018-03-14 20:33:20,905:INFO: - Train metrics: accuracy: 0.775 ; loss: 0.770
2018-03-14 20:33:21,742:INFO: - Eval metrics : accuracy: 0.760 ; loss: 0.000
2018-03-14 20:33:21,780:INFO: - Found new best accuracy
2018-03-14 20:33:21,780:INFO: Epoch 4/30
2018-03-14 20:33:29,514:INFO: - Train metrics: accuracy: 0.822 ; loss: 0.620
2018-03-14 20:33:30,352:INFO: - Eval metrics : accuracy: 0.759 ; loss: 0.000
2018-03-14 20:33:30,368:INFO: Epoch 5/30
2018-03-14 20:33:38,092:INFO: - Train metrics: accuracy: 0.863 ; loss: 0.559
2018-03-14 20:33:38,940:INFO: - Eval metrics : accuracy: 0.768 ; loss: 0.000
2018-03-14 20:33:38,968:INFO: - Found new best accuracy
2018-03-14 20:33:38,969:INFO: Epoch 6/30
2018-03-14 20:33:46,697:INFO: - Train metrics: accuracy: 0.896 ; loss: 0.507
2018-03-14 20:33:47,539:INFO: - Eval metrics : accuracy: 0.774 ; loss: 0.000
2018-03-14 20:33:47,564:INFO: - Found new best accuracy
2018-03-14 20:33:47,565:INFO: Epoch 7/30
2018-03-14 20:33:55,291:INFO: - Train metrics: accuracy: 0.938 ; loss: 0.427
2018-03-14 20:33:56,131:INFO: - Eval metrics : accuracy: 0.780 ; loss: 0.000
2018-03-14 20:33:56,172:INFO: - Found new best accuracy
2018-03-14 20:33:56,173:INFO: Epoch 8/30
2018-03-14 20:34:03,900:INFO: - Train metrics: accuracy: 0.930 ; loss: 0.419
2018-03-14 20:34:04,764:INFO: - Eval metrics : accuracy: 0.777 ; loss: 0.000
2018-03-14 20:34:04,780:INFO: Epoch 9/30
2018-03-14 20:34:12,513:INFO: - Train metrics: accuracy: 0.955 ; loss: 0.378
2018-03-14 20:34:13,353:INFO: - Eval metrics : accuracy: 0.783 ; loss: 0.000
2018-03-14 20:34:13,382:INFO: - Found new best accuracy
2018-03-14 20:34:13,383:INFO: Epoch 10/30
2018-03-14 20:34:21,102:INFO: - Train metrics: accuracy: 0.963 ; loss: 0.373
2018-03-14 20:34:21,962:INFO: - Eval metrics : accuracy: 0.775 ; loss: 0.000
2018-03-14 20:34:21,989:INFO: Epoch 11/30
2018-03-14 20:34:29,710:INFO: - Train metrics: accuracy: 0.988 ; loss: 0.343
2018-03-14 20:34:30,548:INFO: - Eval metrics : accuracy: 0.768 ; loss: 0.000
2018-03-14 20:34:30,569:INFO: Epoch 12/30
2018-03-14 20:34:38,297:INFO: - Train metrics: accuracy: 0.982 ; loss: 0.333
2018-03-14 20:34:39,147:INFO: - Eval metrics : accuracy: 0.779 ; loss: 0.000
2018-03-14 20:34:39,163:INFO: Epoch 13/30
2018-03-14 20:34:46,881:INFO: - Train metrics: accuracy: 0.982 ; loss: 0.344
2018-03-14 20:34:47,742:INFO: - Eval metrics : accuracy: 0.773 ; loss: 0.000
2018-03-14 20:34:47,765:INFO: Epoch 14/30
2018-03-14 20:34:55,482:INFO: - Train metrics: accuracy: 0.996 ; loss: 0.319
2018-03-14 20:34:56,330:INFO: - Eval metrics : accuracy: 0.775 ; loss: 0.000
2018-03-14 20:34:56,357:INFO: Epoch 15/30
2018-03-14 20:35:04,086:INFO: - Train metrics: accuracy: 0.979 ; loss: 0.327
2018-03-14 20:35:04,933:INFO: - Eval metrics : accuracy: 0.771 ; loss: 0.000
2018-03-14 20:35:04,953:INFO: Epoch 16/30
2018-03-14 20:35:12,672:INFO: - Train metrics: accuracy: 0.992 ; loss: 0.317
2018-03-14 20:35:13,525:INFO: - Eval metrics : accuracy: 0.773 ; loss: 0.000
2018-03-14 20:35:13,541:INFO: Epoch 17/30
2018-03-14 20:35:21,238:INFO: - Train metrics: accuracy: 0.998 ; loss: 0.303
2018-03-14 20:35:22,074:INFO: - Eval metrics : accuracy: 0.776 ; loss: 0.000
2018-03-14 20:35:22,101:INFO: Epoch 18/30
2018-03-14 20:35:29,817:INFO: - Train metrics: accuracy: 0.986 ; loss: 0.317
2018-03-14 20:35:30,653:INFO: - Eval metrics : accuracy: 0.770 ; loss: 0.000
2018-03-14 20:35:30,673:INFO: Epoch 19/30
2018-03-14 20:35:38,393:INFO: - Train metrics: accuracy: 0.992 ; loss: 0.300
2018-03-14 20:35:39,258:INFO: - Eval metrics : accuracy: 0.769 ; loss: 0.000
2018-03-14 20:35:39,285:INFO: Epoch 20/30
2018-03-14 20:35:47,320:INFO: - Train metrics: accuracy: 0.998 ; loss: 0.307
2018-03-14 20:35:48,159:INFO: - Eval metrics : accuracy: 0.774 ; loss: 0.000
2018-03-14 20:35:48,191:INFO: Epoch 21/30
2018-03-14 20:35:55,902:INFO: - Train metrics: accuracy: 1.000 ; loss: 0.292
2018-03-14 20:35:56,774:INFO: - Eval metrics : accuracy: 0.779 ; loss: 0.000
2018-03-14 20:35:56,795:INFO: Epoch 22/30
2018-03-14 20:36:04,521:INFO: - Train metrics: accuracy: 1.000 ; loss: 0.278
2018-03-14 20:36:05,377:INFO: - Eval metrics : accuracy: 0.769 ; loss: 0.000
2018-03-14 20:36:05,392:INFO: Epoch 23/30
2018-03-14 20:36:13,106:INFO: - Train metrics: accuracy: 1.000 ; loss: 0.263
2018-03-14 20:36:13,966:INFO: - Eval metrics : accuracy: 0.773 ; loss: 0.000
2018-03-14 20:36:13,985:INFO: Epoch 24/30
2018-03-14 20:36:21,713:INFO: - Train metrics: accuracy: 0.998 ; loss: 0.284
2018-03-14 20:36:22,565:INFO: - Eval metrics : accuracy: 0.753 ; loss: 0.000
2018-03-14 20:36:22,581:INFO: Epoch 25/30
2018-03-14 20:36:30,310:INFO: - Train metrics: accuracy: 0.977 ; loss: 0.341
2018-03-14 20:36:31,169:INFO: - Eval metrics : accuracy: 0.769 ; loss: 0.000
2018-03-14 20:36:31,185:INFO: Epoch 26/30
2018-03-14 20:36:38,921:INFO: - Train metrics: accuracy: 0.996 ; loss: 0.294
2018-03-14 20:36:39,738:INFO: - Eval metrics : accuracy: 0.778 ; loss: 0.000
2018-03-14 20:36:39,776:INFO: Epoch 27/30
2018-03-14 20:36:47,487:INFO: - Train metrics: accuracy: 1.000 ; loss: 0.267
2018-03-14 20:36:48,340:INFO: - Eval metrics : accuracy: 0.780 ; loss: 0.000
2018-03-14 20:36:48,355:INFO: Epoch 28/30
2018-03-14 20:36:56,071:INFO: - Train metrics: accuracy: 1.000 ; loss: 0.256
2018-03-14 20:36:56,921:INFO: - Eval metrics : accuracy: 0.786 ; loss: 0.000
2018-03-14 20:36:56,950:INFO: - Found new best accuracy
2018-03-14 20:36:56,951:INFO: Epoch 29/30
2018-03-14 20:37:04,664:INFO: - Train metrics: accuracy: 1.000 ; loss: 0.244
2018-03-14 20:37:05,520:INFO: - Eval metrics : accuracy: 0.783 ; loss: 0.000
2018-03-14 20:37:05,535:INFO: Epoch 30/30
2018-03-14 20:37:13,250:INFO: - Train metrics: accuracy: 1.000 ; loss: 0.247
2018-03-14 20:37:14,106:INFO: - Eval metrics : accuracy: 0.785 ; loss: 0.000
