2018-03-14 19:47:47,611:INFO: Loading the datasets...
2018-03-14 19:47:51,231:INFO: - done.
2018-03-14 19:47:53,795:INFO: Experiment - model version: cnn_distill
2018-03-14 19:47:53,796:INFO: Starting training for 30 epoch(s)
2018-03-14 19:47:53,796:INFO: First, loading the teacher model and computing its outputs...
2018-03-14 19:48:43,010:INFO: - Finished computing teacher outputs after 50 secs..
2018-03-14 19:48:43,011:INFO: Epoch 1/30
2018-03-14 19:48:50,757:INFO: - Train metrics: accuracy: 0.490 ; loss: 1.342
2018-03-14 19:48:51,609:INFO: - Eval metrics : accuracy: 0.679 ; loss: 0.000
2018-03-14 19:48:51,627:INFO: - Found new best accuracy
2018-03-14 19:48:51,627:INFO: Epoch 2/30
2018-03-14 19:48:59,333:INFO: - Train metrics: accuracy: 0.721 ; loss: 0.862
2018-03-14 19:49:00,164:INFO: - Eval metrics : accuracy: 0.740 ; loss: 0.000
2018-03-14 19:49:00,193:INFO: - Found new best accuracy
2018-03-14 19:49:00,193:INFO: Epoch 3/30
2018-03-14 19:49:07,898:INFO: - Train metrics: accuracy: 0.779 ; loss: 0.721
2018-03-14 19:49:08,723:INFO: - Eval metrics : accuracy: 0.759 ; loss: 0.000
2018-03-14 19:49:08,759:INFO: - Found new best accuracy
2018-03-14 19:49:08,759:INFO: Epoch 4/30
2018-03-14 19:49:16,439:INFO: - Train metrics: accuracy: 0.820 ; loss: 0.572
2018-03-14 19:49:17,267:INFO: - Eval metrics : accuracy: 0.767 ; loss: 0.000
2018-03-14 19:49:17,304:INFO: - Found new best accuracy
2018-03-14 19:49:17,304:INFO: Epoch 5/30
2018-03-14 19:49:24,986:INFO: - Train metrics: accuracy: 0.863 ; loss: 0.510
2018-03-14 19:49:25,819:INFO: - Eval metrics : accuracy: 0.770 ; loss: 0.000
2018-03-14 19:49:25,853:INFO: - Found new best accuracy
2018-03-14 19:49:25,854:INFO: Epoch 6/30
2018-03-14 19:49:33,516:INFO: - Train metrics: accuracy: 0.918 ; loss: 0.445
2018-03-14 19:49:34,371:INFO: - Eval metrics : accuracy: 0.767 ; loss: 0.000
2018-03-14 19:49:34,389:INFO: Epoch 7/30
2018-03-14 19:49:42,094:INFO: - Train metrics: accuracy: 0.928 ; loss: 0.367
2018-03-14 19:49:42,934:INFO: - Eval metrics : accuracy: 0.778 ; loss: 0.000
2018-03-14 19:49:42,971:INFO: - Found new best accuracy
2018-03-14 19:49:42,971:INFO: Epoch 8/30
2018-03-14 19:49:50,647:INFO: - Train metrics: accuracy: 0.932 ; loss: 0.345
2018-03-14 19:49:51,499:INFO: - Eval metrics : accuracy: 0.772 ; loss: 0.000
2018-03-14 19:49:51,517:INFO: Epoch 9/30
2018-03-14 19:49:59,194:INFO: - Train metrics: accuracy: 0.951 ; loss: 0.308
2018-03-14 19:50:00,026:INFO: - Eval metrics : accuracy: 0.764 ; loss: 0.000
2018-03-14 19:50:00,049:INFO: Epoch 10/30
2018-03-14 19:50:07,748:INFO: - Train metrics: accuracy: 0.967 ; loss: 0.264
2018-03-14 19:50:08,587:INFO: - Eval metrics : accuracy: 0.768 ; loss: 0.000
2018-03-14 19:50:08,609:INFO: Epoch 11/30
2018-03-14 19:50:16,306:INFO: - Train metrics: accuracy: 0.992 ; loss: 0.227
2018-03-14 19:50:17,159:INFO: - Eval metrics : accuracy: 0.774 ; loss: 0.000
2018-03-14 19:50:17,177:INFO: Epoch 12/30
2018-03-14 19:50:24,873:INFO: - Train metrics: accuracy: 0.992 ; loss: 0.218
2018-03-14 19:50:25,722:INFO: - Eval metrics : accuracy: 0.774 ; loss: 0.000
2018-03-14 19:50:25,735:INFO: Epoch 13/30
2018-03-14 19:50:33,438:INFO: - Train metrics: accuracy: 0.994 ; loss: 0.209
2018-03-14 19:50:34,291:INFO: - Eval metrics : accuracy: 0.774 ; loss: 0.000
2018-03-14 19:50:34,306:INFO: Epoch 14/30
2018-03-14 19:50:41,991:INFO: - Train metrics: accuracy: 1.000 ; loss: 0.192
2018-03-14 19:50:42,827:INFO: - Eval metrics : accuracy: 0.776 ; loss: 0.000
2018-03-14 19:50:42,845:INFO: Epoch 15/30
2018-03-14 19:50:50,543:INFO: - Train metrics: accuracy: 0.998 ; loss: 0.197
2018-03-14 19:50:51,723:INFO: - Eval metrics : accuracy: 0.764 ; loss: 0.000
2018-03-14 19:50:51,741:INFO: Epoch 16/30
2018-03-14 19:50:59,433:INFO: - Train metrics: accuracy: 0.998 ; loss: 0.192
2018-03-14 19:51:00,268:INFO: - Eval metrics : accuracy: 0.776 ; loss: 0.000
2018-03-14 19:51:00,284:INFO: Epoch 17/30
2018-03-14 19:51:07,979:INFO: - Train metrics: accuracy: 1.000 ; loss: 0.188
2018-03-14 19:51:08,819:INFO: - Eval metrics : accuracy: 0.771 ; loss: 0.000
2018-03-14 19:51:08,837:INFO: Epoch 18/30
2018-03-14 19:51:16,543:INFO: - Train metrics: accuracy: 1.000 ; loss: 0.177
2018-03-14 19:51:17,384:INFO: - Eval metrics : accuracy: 0.768 ; loss: 0.000
2018-03-14 19:51:17,399:INFO: Epoch 19/30
2018-03-14 19:51:25,094:INFO: - Train metrics: accuracy: 0.996 ; loss: 0.182
2018-03-14 19:51:25,936:INFO: - Eval metrics : accuracy: 0.763 ; loss: 0.000
2018-03-14 19:51:25,952:INFO: Epoch 20/30
2018-03-14 19:51:33,656:INFO: - Train metrics: accuracy: 1.000 ; loss: 0.185
2018-03-14 19:51:34,499:INFO: - Eval metrics : accuracy: 0.770 ; loss: 0.000
2018-03-14 19:51:34,514:INFO: Epoch 21/30
2018-03-14 19:51:42,219:INFO: - Train metrics: accuracy: 1.000 ; loss: 0.181
2018-03-14 19:51:43,063:INFO: - Eval metrics : accuracy: 0.773 ; loss: 0.000
2018-03-14 19:51:43,085:INFO: Epoch 22/30
2018-03-14 19:51:50,786:INFO: - Train metrics: accuracy: 0.998 ; loss: 0.175
2018-03-14 19:51:51,615:INFO: - Eval metrics : accuracy: 0.773 ; loss: 0.000
2018-03-14 19:51:51,630:INFO: Epoch 23/30
2018-03-14 19:51:59,317:INFO: - Train metrics: accuracy: 0.998 ; loss: 0.169
2018-03-14 19:52:00,134:INFO: - Eval metrics : accuracy: 0.777 ; loss: 0.000
2018-03-14 19:52:00,157:INFO: Epoch 24/30
2018-03-14 19:52:07,867:INFO: - Train metrics: accuracy: 1.000 ; loss: 0.170
2018-03-14 19:52:08,698:INFO: - Eval metrics : accuracy: 0.773 ; loss: 0.000
2018-03-14 19:52:08,725:INFO: Epoch 25/30
2018-03-14 19:52:16,419:INFO: - Train metrics: accuracy: 1.000 ; loss: 0.170
2018-03-14 19:52:17,259:INFO: - Eval metrics : accuracy: 0.766 ; loss: 0.000
2018-03-14 19:52:17,291:INFO: Epoch 26/30
2018-03-14 19:52:24,973:INFO: - Train metrics: accuracy: 1.000 ; loss: 0.170
2018-03-14 19:52:25,815:INFO: - Eval metrics : accuracy: 0.769 ; loss: 0.000
2018-03-14 19:52:25,830:INFO: Epoch 27/30
2018-03-14 19:52:33,523:INFO: - Train metrics: accuracy: 1.000 ; loss: 0.170
2018-03-14 19:52:34,359:INFO: - Eval metrics : accuracy: 0.773 ; loss: 0.000
2018-03-14 19:52:34,377:INFO: Epoch 28/30
2018-03-14 19:52:42,078:INFO: - Train metrics: accuracy: 1.000 ; loss: 0.163
2018-03-14 19:52:42,890:INFO: - Eval metrics : accuracy: 0.769 ; loss: 0.000
2018-03-14 19:52:42,906:INFO: Epoch 29/30
2018-03-14 19:52:50,601:INFO: - Train metrics: accuracy: 0.998 ; loss: 0.164
2018-03-14 19:52:51,447:INFO: - Eval metrics : accuracy: 0.766 ; loss: 0.000
2018-03-14 19:52:51,463:INFO: Epoch 30/30
2018-03-14 19:52:59,156:INFO: - Train metrics: accuracy: 1.000 ; loss: 0.168
2018-03-14 19:52:59,981:INFO: - Eval metrics : accuracy: 0.765 ; loss: 0.000
2018-03-14 20:53:02,740:INFO: Loading the datasets...
2018-03-14 20:53:06,365:INFO: - done.
2018-03-14 20:53:08,884:INFO: Experiment - model version: cnn_distill
2018-03-14 20:53:08,884:INFO: Starting training for 30 epoch(s)
2018-03-14 20:53:08,885:INFO: First, loading the teacher model and computing its outputs...
2018-03-14 20:53:58,146:INFO: - Finished computing teacher outputs after 50 secs..
2018-03-14 20:53:58,146:INFO: Epoch 1/30
2018-03-14 20:54:05,917:INFO: - Train metrics: accuracy: 0.500 ; loss: 1.341
2018-03-14 20:54:06,789:INFO: - Eval metrics : accuracy: 0.682 ; loss: 0.000
2018-03-14 20:54:06,819:INFO: - Found new best accuracy
2018-03-14 20:54:06,820:INFO: Epoch 2/30
2018-03-14 20:54:14,545:INFO: - Train metrics: accuracy: 0.717 ; loss: 0.865
2018-03-14 20:54:15,394:INFO: - Eval metrics : accuracy: 0.730 ; loss: 0.000
2018-03-14 20:54:15,427:INFO: - Found new best accuracy
2018-03-14 20:54:15,428:INFO: Epoch 3/30
2018-03-14 20:54:23,171:INFO: - Train metrics: accuracy: 0.768 ; loss: 0.722
2018-03-14 20:54:24,025:INFO: - Eval metrics : accuracy: 0.758 ; loss: 0.000
2018-03-14 20:54:24,059:INFO: - Found new best accuracy
2018-03-14 20:54:24,060:INFO: Epoch 4/30
2018-03-14 20:54:31,763:INFO: - Train metrics: accuracy: 0.822 ; loss: 0.560
2018-03-14 20:54:32,621:INFO: - Eval metrics : accuracy: 0.764 ; loss: 0.000
2018-03-14 20:54:32,651:INFO: - Found new best accuracy
2018-03-14 20:54:32,652:INFO: Epoch 5/30
2018-03-14 20:54:40,379:INFO: - Train metrics: accuracy: 0.871 ; loss: 0.481
2018-03-14 20:54:41,254:INFO: - Eval metrics : accuracy: 0.773 ; loss: 0.000
2018-03-14 20:54:41,291:INFO: - Found new best accuracy
2018-03-14 20:54:41,291:INFO: Epoch 6/30
2018-03-14 20:54:48,986:INFO: - Train metrics: accuracy: 0.912 ; loss: 0.460
2018-03-14 20:54:49,845:INFO: - Eval metrics : accuracy: 0.766 ; loss: 0.000
2018-03-14 20:54:49,860:INFO: Epoch 7/30
2018-03-14 20:54:57,575:INFO: - Train metrics: accuracy: 0.930 ; loss: 0.354
2018-03-14 20:54:58,413:INFO: - Eval metrics : accuracy: 0.778 ; loss: 0.000
2018-03-14 20:54:58,448:INFO: - Found new best accuracy
2018-03-14 20:54:58,449:INFO: Epoch 8/30
2018-03-14 20:55:06,176:INFO: - Train metrics: accuracy: 0.936 ; loss: 0.334
2018-03-14 20:55:07,041:INFO: - Eval metrics : accuracy: 0.773 ; loss: 0.000
2018-03-14 20:55:07,057:INFO: Epoch 9/30
2018-03-14 20:55:14,779:INFO: - Train metrics: accuracy: 0.953 ; loss: 0.311
2018-03-14 20:55:15,631:INFO: - Eval metrics : accuracy: 0.777 ; loss: 0.000
2018-03-14 20:55:15,647:INFO: Epoch 10/30
2018-03-14 20:55:23,356:INFO: - Train metrics: accuracy: 0.971 ; loss: 0.276
2018-03-14 20:55:24,206:INFO: - Eval metrics : accuracy: 0.769 ; loss: 0.000
2018-03-14 20:55:24,225:INFO: Epoch 11/30
2018-03-14 20:55:31,923:INFO: - Train metrics: accuracy: 0.986 ; loss: 0.226
2018-03-14 20:55:32,753:INFO: - Eval metrics : accuracy: 0.772 ; loss: 0.000
2018-03-14 20:55:32,769:INFO: Epoch 12/30
2018-03-14 20:55:40,476:INFO: - Train metrics: accuracy: 0.996 ; loss: 0.214
2018-03-14 20:55:41,328:INFO: - Eval metrics : accuracy: 0.775 ; loss: 0.000
2018-03-14 20:55:41,344:INFO: Epoch 13/30
2018-03-14 20:55:49,072:INFO: - Train metrics: accuracy: 0.996 ; loss: 0.212
2018-03-14 20:55:49,935:INFO: - Eval metrics : accuracy: 0.766 ; loss: 0.000
2018-03-14 20:55:49,961:INFO: Epoch 14/30
2018-03-14 20:55:57,668:INFO: - Train metrics: accuracy: 0.996 ; loss: 0.202
2018-03-14 20:55:58,527:INFO: - Eval metrics : accuracy: 0.775 ; loss: 0.000
2018-03-14 20:55:58,553:INFO: Epoch 15/30
2018-03-14 20:56:06,279:INFO: - Train metrics: accuracy: 1.000 ; loss: 0.198
2018-03-14 20:56:07,147:INFO: - Eval metrics : accuracy: 0.764 ; loss: 0.000
2018-03-14 20:56:07,165:INFO: Epoch 16/30
2018-03-14 20:56:14,887:INFO: - Train metrics: accuracy: 0.998 ; loss: 0.189
2018-03-14 20:56:15,722:INFO: - Eval metrics : accuracy: 0.772 ; loss: 0.000
2018-03-14 20:56:15,741:INFO: Epoch 17/30
2018-03-14 20:56:23,453:INFO: - Train metrics: accuracy: 1.000 ; loss: 0.185
2018-03-14 20:56:24,302:INFO: - Eval metrics : accuracy: 0.778 ; loss: 0.000
2018-03-14 20:56:24,321:INFO: Epoch 18/30
2018-03-14 20:56:32,025:INFO: - Train metrics: accuracy: 1.000 ; loss: 0.178
2018-03-14 20:56:32,860:INFO: - Eval metrics : accuracy: 0.765 ; loss: 0.000
2018-03-14 20:56:32,875:INFO: Epoch 19/30
2018-03-14 20:56:40,591:INFO: - Train metrics: accuracy: 0.998 ; loss: 0.181
2018-03-14 20:56:41,450:INFO: - Eval metrics : accuracy: 0.767 ; loss: 0.000
2018-03-14 20:56:41,466:INFO: Epoch 20/30
2018-03-14 20:56:49,177:INFO: - Train metrics: accuracy: 1.000 ; loss: 0.186
2018-03-14 20:56:50,026:INFO: - Eval metrics : accuracy: 0.772 ; loss: 0.000
2018-03-14 20:56:50,049:INFO: Epoch 21/30
2018-03-14 20:56:57,766:INFO: - Train metrics: accuracy: 1.000 ; loss: 0.176
2018-03-14 20:56:58,623:INFO: - Eval metrics : accuracy: 0.776 ; loss: 0.000
2018-03-14 20:56:58,638:INFO: Epoch 22/30
2018-03-14 20:57:06,344:INFO: - Train metrics: accuracy: 1.000 ; loss: 0.179
2018-03-14 20:57:07,197:INFO: - Eval metrics : accuracy: 0.777 ; loss: 0.000
2018-03-14 20:57:07,212:INFO: Epoch 23/30
2018-03-14 20:57:14,916:INFO: - Train metrics: accuracy: 1.000 ; loss: 0.173
2018-03-14 20:57:15,782:INFO: - Eval metrics : accuracy: 0.770 ; loss: 0.000
2018-03-14 20:57:15,809:INFO: Epoch 24/30
2018-03-14 20:57:23,527:INFO: - Train metrics: accuracy: 1.000 ; loss: 0.173
2018-03-14 20:57:24,358:INFO: - Eval metrics : accuracy: 0.767 ; loss: 0.000
2018-03-14 20:57:24,385:INFO: Epoch 25/30
2018-03-14 20:57:32,089:INFO: - Train metrics: accuracy: 1.000 ; loss: 0.171
2018-03-14 20:57:32,964:INFO: - Eval metrics : accuracy: 0.768 ; loss: 0.000
2018-03-14 20:57:32,979:INFO: Epoch 26/30
2018-03-14 20:57:40,696:INFO: - Train metrics: accuracy: 0.998 ; loss: 0.171
2018-03-14 20:57:41,540:INFO: - Eval metrics : accuracy: 0.778 ; loss: 0.000
2018-03-14 20:57:41,569:INFO: - Found new best accuracy
2018-03-14 20:57:41,569:INFO: Epoch 27/30
2018-03-14 20:57:49,268:INFO: - Train metrics: accuracy: 1.000 ; loss: 0.164
2018-03-14 20:57:50,121:INFO: - Eval metrics : accuracy: 0.770 ; loss: 0.000
2018-03-14 20:57:50,137:INFO: Epoch 28/30
2018-03-14 20:57:57,842:INFO: - Train metrics: accuracy: 1.000 ; loss: 0.165
2018-03-14 20:57:58,693:INFO: - Eval metrics : accuracy: 0.769 ; loss: 0.000
2018-03-14 20:57:58,713:INFO: Epoch 29/30
2018-03-14 20:58:06,428:INFO: - Train metrics: accuracy: 1.000 ; loss: 0.163
2018-03-14 20:58:07,270:INFO: - Eval metrics : accuracy: 0.776 ; loss: 0.000
2018-03-14 20:58:07,289:INFO: Epoch 30/30
2018-03-14 20:58:15,007:INFO: - Train metrics: accuracy: 0.998 ; loss: 0.172
2018-03-14 20:58:15,867:INFO: - Eval metrics : accuracy: 0.769 ; loss: 0.000
