2018-03-10 07:40:17,245:INFO: Loading the datasets...
2018-03-10 07:40:20,827:INFO: - done.
2018-03-10 07:40:23,200:INFO: Starting training for 30 epoch(s)
2018-03-10 07:40:23,200:INFO: Epoch 1/30
2018-03-10 07:40:32,069:INFO: - Train metrics: accuracy: 0.412 ; loss: 1.609
2018-03-10 07:40:32,893:INFO: - Eval metrics : accuracy: 0.616 ; loss: 1.077
2018-03-10 07:40:32,912:INFO: - Found new best accuracy
2018-03-10 07:40:32,913:INFO: Epoch 2/30
2018-03-10 07:40:41,057:INFO: - Train metrics: accuracy: 0.576 ; loss: 1.196
2018-03-10 07:40:41,909:INFO: - Eval metrics : accuracy: 0.677 ; loss: 0.919
2018-03-10 07:40:41,935:INFO: - Found new best accuracy
2018-03-10 07:40:41,936:INFO: Epoch 3/30
2018-03-10 07:40:50,081:INFO: - Train metrics: accuracy: 0.656 ; loss: 0.996
2018-03-10 07:40:50,907:INFO: - Eval metrics : accuracy: 0.703 ; loss: 0.846
2018-03-10 07:40:50,931:INFO: - Found new best accuracy
2018-03-10 07:40:50,932:INFO: Epoch 4/30
2018-03-10 07:40:59,035:INFO: - Train metrics: accuracy: 0.650 ; loss: 0.968
2018-03-10 07:40:59,871:INFO: - Eval metrics : accuracy: 0.749 ; loss: 0.725
2018-03-10 07:40:59,898:INFO: - Found new best accuracy
2018-03-10 07:40:59,899:INFO: Epoch 5/30
2018-03-10 07:41:08,000:INFO: - Train metrics: accuracy: 0.678 ; loss: 0.856
2018-03-10 07:41:08,807:INFO: - Eval metrics : accuracy: 0.751 ; loss: 0.700
2018-03-10 07:41:08,834:INFO: - Found new best accuracy
2018-03-10 07:41:08,834:INFO: Epoch 6/30
2018-03-10 07:41:16,950:INFO: - Train metrics: accuracy: 0.721 ; loss: 0.818
2018-03-10 07:41:17,784:INFO: - Eval metrics : accuracy: 0.762 ; loss: 0.674
2018-03-10 07:41:17,811:INFO: - Found new best accuracy
2018-03-10 07:41:17,811:INFO: Epoch 7/30
2018-03-10 07:41:25,875:INFO: - Train metrics: accuracy: 0.717 ; loss: 0.797
2018-03-10 07:41:26,701:INFO: - Eval metrics : accuracy: 0.729 ; loss: 0.795
2018-03-10 07:41:26,719:INFO: Epoch 8/30
2018-03-10 07:41:34,809:INFO: - Train metrics: accuracy: 0.770 ; loss: 0.703
2018-03-10 07:41:35,640:INFO: - Eval metrics : accuracy: 0.784 ; loss: 0.612
2018-03-10 07:41:35,667:INFO: - Found new best accuracy
2018-03-10 07:41:35,668:INFO: Epoch 9/30
2018-03-10 07:41:43,770:INFO: - Train metrics: accuracy: 0.768 ; loss: 0.681
2018-03-10 07:41:44,567:INFO: - Eval metrics : accuracy: 0.785 ; loss: 0.623
2018-03-10 07:41:44,595:INFO: - Found new best accuracy
2018-03-10 07:41:44,596:INFO: Epoch 10/30
2018-03-10 07:41:52,627:INFO: - Train metrics: accuracy: 0.797 ; loss: 0.618
2018-03-10 07:41:53,469:INFO: - Eval metrics : accuracy: 0.794 ; loss: 0.591
2018-03-10 07:41:53,498:INFO: - Found new best accuracy
2018-03-10 07:41:53,499:INFO: Epoch 11/30
2018-03-10 07:42:01,565:INFO: - Train metrics: accuracy: 0.773 ; loss: 0.636
2018-03-10 07:42:02,385:INFO: - Eval metrics : accuracy: 0.795 ; loss: 0.591
2018-03-10 07:42:02,412:INFO: - Found new best accuracy
2018-03-10 07:42:02,414:INFO: Epoch 12/30
2018-03-10 07:42:10,495:INFO: - Train metrics: accuracy: 0.787 ; loss: 0.640
2018-03-10 07:42:11,325:INFO: - Eval metrics : accuracy: 0.800 ; loss: 0.584
2018-03-10 07:42:11,353:INFO: - Found new best accuracy
2018-03-10 07:42:11,353:INFO: Epoch 13/30
2018-03-10 07:42:19,437:INFO: - Train metrics: accuracy: 0.770 ; loss: 0.654
2018-03-10 07:42:20,261:INFO: - Eval metrics : accuracy: 0.808 ; loss: 0.569
2018-03-10 07:42:20,288:INFO: - Found new best accuracy
2018-03-10 07:42:20,289:INFO: Epoch 14/30
2018-03-10 07:42:28,326:INFO: - Train metrics: accuracy: 0.795 ; loss: 0.596
2018-03-10 07:42:29,131:INFO: - Eval metrics : accuracy: 0.812 ; loss: 0.546
2018-03-10 07:42:29,158:INFO: - Found new best accuracy
2018-03-10 07:42:29,158:INFO: Epoch 15/30
2018-03-10 07:42:37,195:INFO: - Train metrics: accuracy: 0.781 ; loss: 0.642
2018-03-10 07:42:38,014:INFO: - Eval metrics : accuracy: 0.815 ; loss: 0.537
2018-03-10 07:42:38,041:INFO: - Found new best accuracy
2018-03-10 07:42:38,042:INFO: Epoch 16/30
2018-03-10 07:42:46,181:INFO: - Train metrics: accuracy: 0.799 ; loss: 0.598
2018-03-10 07:42:47,008:INFO: - Eval metrics : accuracy: 0.817 ; loss: 0.522
2018-03-10 07:42:47,035:INFO: - Found new best accuracy
2018-03-10 07:42:47,037:INFO: Epoch 17/30
2018-03-10 07:42:55,156:INFO: - Train metrics: accuracy: 0.789 ; loss: 0.574
2018-03-10 07:42:55,989:INFO: - Eval metrics : accuracy: 0.808 ; loss: 0.557
2018-03-10 07:42:56,011:INFO: Epoch 18/30
2018-03-10 07:43:04,088:INFO: - Train metrics: accuracy: 0.838 ; loss: 0.498
2018-03-10 07:43:04,918:INFO: - Eval metrics : accuracy: 0.802 ; loss: 0.568
2018-03-10 07:43:04,933:INFO: Epoch 19/30
2018-03-10 07:43:13,104:INFO: - Train metrics: accuracy: 0.836 ; loss: 0.527
2018-03-10 07:43:13,932:INFO: - Eval metrics : accuracy: 0.822 ; loss: 0.507
2018-03-10 07:43:13,971:INFO: - Found new best accuracy
2018-03-10 07:43:13,971:INFO: Epoch 20/30
2018-03-10 07:43:22,036:INFO: - Train metrics: accuracy: 0.799 ; loss: 0.585
2018-03-10 07:43:22,861:INFO: - Eval metrics : accuracy: 0.826 ; loss: 0.506
2018-03-10 07:43:22,892:INFO: - Found new best accuracy
2018-03-10 07:43:22,893:INFO: Epoch 21/30
2018-03-10 07:43:31,025:INFO: - Train metrics: accuracy: 0.811 ; loss: 0.591
2018-03-10 07:43:31,847:INFO: - Eval metrics : accuracy: 0.820 ; loss: 0.524
2018-03-10 07:43:31,863:INFO: Epoch 22/30
2018-03-10 07:43:39,969:INFO: - Train metrics: accuracy: 0.803 ; loss: 0.661
2018-03-10 07:43:40,797:INFO: - Eval metrics : accuracy: 0.828 ; loss: 0.502
2018-03-10 07:43:40,827:INFO: - Found new best accuracy
2018-03-10 07:43:40,828:INFO: Epoch 23/30
2018-03-10 07:43:48,960:INFO: - Train metrics: accuracy: 0.803 ; loss: 0.602
2018-03-10 07:43:49,764:INFO: - Eval metrics : accuracy: 0.830 ; loss: 0.502
2018-03-10 07:43:49,794:INFO: - Found new best accuracy
2018-03-10 07:43:49,795:INFO: Epoch 24/30
2018-03-10 07:43:57,903:INFO: - Train metrics: accuracy: 0.812 ; loss: 0.535
2018-03-10 07:43:58,728:INFO: - Eval metrics : accuracy: 0.825 ; loss: 0.505
2018-03-10 07:43:58,743:INFO: Epoch 25/30
2018-03-10 07:44:06,879:INFO: - Train metrics: accuracy: 0.836 ; loss: 0.484
2018-03-10 07:44:07,702:INFO: - Eval metrics : accuracy: 0.830 ; loss: 0.493
2018-03-10 07:44:07,730:INFO: - Found new best accuracy
2018-03-10 07:44:07,730:INFO: Epoch 26/30
2018-03-10 07:44:15,858:INFO: - Train metrics: accuracy: 0.826 ; loss: 0.488
2018-03-10 07:44:16,697:INFO: - Eval metrics : accuracy: 0.834 ; loss: 0.490
2018-03-10 07:44:16,730:INFO: - Found new best accuracy
2018-03-10 07:44:16,731:INFO: Epoch 27/30
2018-03-10 07:44:24,779:INFO: - Train metrics: accuracy: 0.840 ; loss: 0.471
2018-03-10 07:44:25,607:INFO: - Eval metrics : accuracy: 0.818 ; loss: 0.528
2018-03-10 07:44:25,627:INFO: Epoch 28/30
2018-03-10 07:44:33,696:INFO: - Train metrics: accuracy: 0.863 ; loss: 0.429
2018-03-10 07:44:34,519:INFO: - Eval metrics : accuracy: 0.834 ; loss: 0.490
2018-03-10 07:44:34,535:INFO: Epoch 29/30
2018-03-10 07:44:42,620:INFO: - Train metrics: accuracy: 0.832 ; loss: 0.500
2018-03-10 07:44:43,440:INFO: - Eval metrics : accuracy: 0.829 ; loss: 0.487
2018-03-10 07:44:43,456:INFO: Epoch 30/30
2018-03-10 07:44:51,570:INFO: - Train metrics: accuracy: 0.855 ; loss: 0.445
2018-03-10 07:44:52,376:INFO: - Eval metrics : accuracy: 0.825 ; loss: 0.503
