2018-03-12 07:50:11,365:INFO: Loading the datasets...
2018-03-12 07:50:14,886:INFO: - done.
2018-03-12 07:50:18,437:INFO: Experiment: model version: cnn_distill
2018-03-12 07:50:18,437:INFO: Starting training for 30 epoch(s)
2018-03-12 07:50:18,437:INFO: First, loading the teacher model and computing its outputs...
2018-03-12 07:52:02,672:INFO: - Finished computing teacher outputs after 105 secs..
2018-03-12 07:52:02,673:INFO: Epoch 1/30
2018-03-12 07:52:26,399:INFO: - Train metrics: accuracy: 0.430 ; loss: 1.252
2018-03-12 07:52:27,924:INFO: - Eval metrics : accuracy: 0.632 ; loss: 0.000
2018-03-12 07:52:27,924:INFO: - Found new best accuracy
2018-03-12 07:52:27,925:INFO: Epoch 2/30
2018-03-12 07:52:51,684:INFO: - Train metrics: accuracy: 0.637 ; loss: 1.272
2018-03-12 07:52:53,195:INFO: - Eval metrics : accuracy: 0.697 ; loss: 0.000
2018-03-12 07:52:53,196:INFO: - Found new best accuracy
2018-03-12 07:52:53,197:INFO: Epoch 3/30
2018-03-12 07:53:16,925:INFO: - Train metrics: accuracy: 0.680 ; loss: 1.268
2018-03-12 07:53:18,432:INFO: - Eval metrics : accuracy: 0.737 ; loss: 0.000
2018-03-12 07:53:18,433:INFO: - Found new best accuracy
2018-03-12 07:53:18,433:INFO: Epoch 4/30
2018-03-12 07:53:42,185:INFO: - Train metrics: accuracy: 0.729 ; loss: 1.279
2018-03-12 07:53:43,679:INFO: - Eval metrics : accuracy: 0.751 ; loss: 0.000
2018-03-12 07:53:43,679:INFO: - Found new best accuracy
2018-03-12 07:53:43,680:INFO: Epoch 5/30
2018-03-12 07:54:07,318:INFO: - Train metrics: accuracy: 0.729 ; loss: 1.280
2018-03-12 07:54:08,857:INFO: - Eval metrics : accuracy: 0.761 ; loss: 0.000
2018-03-12 07:54:08,858:INFO: - Found new best accuracy
2018-03-12 07:54:08,859:INFO: Epoch 6/30
2018-03-12 07:54:32,661:INFO: - Train metrics: accuracy: 0.783 ; loss: 1.318
2018-03-12 07:54:34,158:INFO: - Eval metrics : accuracy: 0.787 ; loss: 0.000
2018-03-12 07:54:34,158:INFO: - Found new best accuracy
2018-03-12 07:54:34,159:INFO: Epoch 7/30
2018-03-12 07:54:57,790:INFO: - Train metrics: accuracy: 0.793 ; loss: 1.281
2018-03-12 07:54:59,323:INFO: - Eval metrics : accuracy: 0.785 ; loss: 0.000
2018-03-12 07:54:59,324:INFO: Epoch 8/30
2018-03-12 07:55:22,621:INFO: - Train metrics: accuracy: 0.787 ; loss: 1.292
2018-03-12 07:55:24,099:INFO: - Eval metrics : accuracy: 0.795 ; loss: 0.000
2018-03-12 07:55:24,099:INFO: - Found new best accuracy
2018-03-12 07:55:24,100:INFO: Epoch 9/30
2018-03-12 07:55:45,227:INFO: - Train metrics: accuracy: 0.783 ; loss: 1.289
2018-03-12 07:55:46,754:INFO: - Eval metrics : accuracy: 0.801 ; loss: 0.000
2018-03-12 07:55:46,754:INFO: - Found new best accuracy
2018-03-12 07:55:46,755:INFO: Epoch 10/30
2018-03-12 07:56:10,436:INFO: - Train metrics: accuracy: 0.812 ; loss: 1.307
2018-03-12 07:56:11,968:INFO: - Eval metrics : accuracy: 0.803 ; loss: 0.000
2018-03-12 07:56:11,968:INFO: - Found new best accuracy
2018-03-12 07:56:11,969:INFO: Epoch 11/30
2018-03-12 07:56:35,651:INFO: - Train metrics: accuracy: 0.848 ; loss: 1.321
2018-03-12 07:56:37,129:INFO: - Eval metrics : accuracy: 0.814 ; loss: 0.000
2018-03-12 07:56:37,129:INFO: - Found new best accuracy
2018-03-12 07:56:37,130:INFO: Epoch 12/30
2018-03-12 07:57:00,787:INFO: - Train metrics: accuracy: 0.799 ; loss: 1.294
2018-03-12 07:57:02,283:INFO: - Eval metrics : accuracy: 0.820 ; loss: 0.000
2018-03-12 07:57:02,284:INFO: - Found new best accuracy
2018-03-12 07:57:02,285:INFO: Epoch 13/30
2018-03-12 07:57:26,050:INFO: - Train metrics: accuracy: 0.828 ; loss: 1.305
2018-03-12 07:57:27,533:INFO: - Eval metrics : accuracy: 0.811 ; loss: 0.000
2018-03-12 07:57:27,534:INFO: Epoch 14/30
2018-03-12 07:57:51,173:INFO: - Train metrics: accuracy: 0.838 ; loss: 1.289
2018-03-12 07:57:52,662:INFO: - Eval metrics : accuracy: 0.828 ; loss: 0.000
2018-03-12 07:57:52,663:INFO: - Found new best accuracy
2018-03-12 07:57:52,664:INFO: Epoch 15/30
2018-03-12 07:58:16,342:INFO: - Train metrics: accuracy: 0.826 ; loss: 1.286
2018-03-12 07:58:17,832:INFO: - Eval metrics : accuracy: 0.812 ; loss: 0.000
2018-03-12 07:58:17,833:INFO: Epoch 16/30
2018-03-12 07:58:41,567:INFO: - Train metrics: accuracy: 0.867 ; loss: 1.301
2018-03-12 07:58:43,056:INFO: - Eval metrics : accuracy: 0.824 ; loss: 0.000
2018-03-12 07:58:43,057:INFO: Epoch 17/30
2018-03-12 07:59:06,708:INFO: - Train metrics: accuracy: 0.850 ; loss: 1.288
2018-03-12 07:59:08,237:INFO: - Eval metrics : accuracy: 0.826 ; loss: 0.000
2018-03-12 07:59:08,238:INFO: Epoch 18/30
2018-03-12 07:59:32,000:INFO: - Train metrics: accuracy: 0.830 ; loss: 1.282
2018-03-12 07:59:33,475:INFO: - Eval metrics : accuracy: 0.823 ; loss: 0.000
2018-03-12 07:59:33,476:INFO: Epoch 19/30
2018-03-12 07:59:57,149:INFO: - Train metrics: accuracy: 0.855 ; loss: 1.268
2018-03-12 07:59:58,634:INFO: - Eval metrics : accuracy: 0.838 ; loss: 0.000
2018-03-12 07:59:58,634:INFO: - Found new best accuracy
2018-03-12 07:59:58,636:INFO: Epoch 20/30
2018-03-12 08:00:22,249:INFO: - Train metrics: accuracy: 0.846 ; loss: 1.307
2018-03-12 08:00:23,710:INFO: - Eval metrics : accuracy: 0.834 ; loss: 0.000
2018-03-12 08:00:23,711:INFO: Epoch 21/30
2018-03-12 08:00:47,443:INFO: - Train metrics: accuracy: 0.826 ; loss: 1.305
2018-03-12 08:00:48,901:INFO: - Eval metrics : accuracy: 0.831 ; loss: 0.000
2018-03-12 08:00:48,901:INFO: Epoch 22/30
2018-03-12 08:01:12,668:INFO: - Train metrics: accuracy: 0.863 ; loss: 1.306
2018-03-12 08:01:14,163:INFO: - Eval metrics : accuracy: 0.832 ; loss: 0.000
2018-03-12 08:01:14,164:INFO: Epoch 23/30
2018-03-12 08:01:37,163:INFO: - Train metrics: accuracy: 0.861 ; loss: 1.303
2018-03-12 08:01:38,654:INFO: - Eval metrics : accuracy: 0.837 ; loss: 0.000
2018-03-12 08:01:38,655:INFO: Epoch 24/30
2018-03-12 08:02:00,318:INFO: - Train metrics: accuracy: 0.836 ; loss: 1.294
2018-03-12 08:02:01,821:INFO: - Eval metrics : accuracy: 0.838 ; loss: 0.000
2018-03-12 08:02:01,821:INFO: - Found new best accuracy
2018-03-12 08:02:01,822:INFO: Epoch 25/30
2018-03-12 08:02:25,571:INFO: - Train metrics: accuracy: 0.869 ; loss: 1.294
2018-03-12 08:02:27,080:INFO: - Eval metrics : accuracy: 0.837 ; loss: 0.000
2018-03-12 08:02:27,081:INFO: Epoch 26/30
2018-03-12 08:02:50,719:INFO: - Train metrics: accuracy: 0.881 ; loss: 1.293
2018-03-12 08:02:52,229:INFO: - Eval metrics : accuracy: 0.845 ; loss: 0.000
2018-03-12 08:02:52,229:INFO: - Found new best accuracy
2018-03-12 08:02:52,239:INFO: Epoch 27/30
2018-03-12 08:03:16,136:INFO: - Train metrics: accuracy: 0.879 ; loss: 1.292
2018-03-12 08:03:17,633:INFO: - Eval metrics : accuracy: 0.841 ; loss: 0.000
2018-03-12 08:03:17,634:INFO: Epoch 28/30
2018-03-12 08:03:41,205:INFO: - Train metrics: accuracy: 0.877 ; loss: 1.283
2018-03-12 08:03:42,705:INFO: - Eval metrics : accuracy: 0.842 ; loss: 0.000
2018-03-12 08:03:42,706:INFO: Epoch 29/30
2018-03-12 08:04:06,390:INFO: - Train metrics: accuracy: 0.873 ; loss: 1.292
2018-03-12 08:04:07,882:INFO: - Eval metrics : accuracy: 0.851 ; loss: 0.000
2018-03-12 08:04:07,883:INFO: - Found new best accuracy
2018-03-12 08:04:07,884:INFO: Epoch 30/30
2018-03-12 08:04:31,491:INFO: - Train metrics: accuracy: 0.885 ; loss: 1.327
2018-03-12 08:04:33,011:INFO: - Eval metrics : accuracy: 0.840 ; loss: 0.000
