2018-03-14 17:32:41,323:INFO: Loading the datasets...
2018-03-14 17:32:45,372:INFO: - done.
2018-03-14 17:32:49,184:INFO: Experiment - model version: cnn_distill
2018-03-14 17:32:49,184:INFO: Starting training for 30 epoch(s)
2018-03-14 17:32:49,184:INFO: First, loading the teacher model and computing its outputs...
2018-03-14 17:34:11,522:INFO: - Finished computing teacher outputs after 83 secs..
2018-03-14 17:34:11,545:INFO: Epoch 1/30
2018-03-14 17:34:27,589:INFO: - Train metrics: accuracy: 0.412 ; loss: 1.348
2018-03-14 17:34:29,045:INFO: - Eval metrics : accuracy: 0.523 ; loss: 0.000
2018-03-14 17:34:29,064:INFO: - Found new best accuracy
2018-03-14 17:34:29,064:INFO: Epoch 2/30
2018-03-14 17:34:44,807:INFO: - Train metrics: accuracy: 0.531 ; loss: 1.340
2018-03-14 17:34:46,268:INFO: - Eval metrics : accuracy: 0.603 ; loss: 0.000
2018-03-14 17:34:46,304:INFO: - Found new best accuracy
2018-03-14 17:34:46,305:INFO: Epoch 3/30
2018-03-14 17:35:02,028:INFO: - Train metrics: accuracy: 0.572 ; loss: 1.336
2018-03-14 17:35:03,602:INFO: - Eval metrics : accuracy: 0.613 ; loss: 0.000
2018-03-14 17:35:03,651:INFO: - Found new best accuracy
2018-03-14 17:35:03,652:INFO: Epoch 4/30
2018-03-14 17:35:19,533:INFO: - Train metrics: accuracy: 0.672 ; loss: 1.346
2018-03-14 17:35:21,197:INFO: - Eval metrics : accuracy: 0.661 ; loss: 0.000
2018-03-14 17:35:21,255:INFO: - Found new best accuracy
2018-03-14 17:35:21,256:INFO: Epoch 5/30
2018-03-14 17:35:37,098:INFO: - Train metrics: accuracy: 0.678 ; loss: 1.343
2018-03-14 17:35:38,812:INFO: - Eval metrics : accuracy: 0.669 ; loss: 0.000
2018-03-14 17:35:38,841:INFO: - Found new best accuracy
2018-03-14 17:35:38,841:INFO: Epoch 6/30
2018-03-14 17:35:54,585:INFO: - Train metrics: accuracy: 0.695 ; loss: 1.367
2018-03-14 17:35:56,147:INFO: - Eval metrics : accuracy: 0.687 ; loss: 0.000
2018-03-14 17:35:56,184:INFO: - Found new best accuracy
2018-03-14 17:35:56,184:INFO: Epoch 7/30
2018-03-14 17:36:11,861:INFO: - Train metrics: accuracy: 0.711 ; loss: 1.348
2018-03-14 17:36:13,419:INFO: - Eval metrics : accuracy: 0.706 ; loss: 0.000
2018-03-14 17:36:13,464:INFO: - Found new best accuracy
2018-03-14 17:36:13,465:INFO: Epoch 8/30
2018-03-14 17:36:29,666:INFO: - Train metrics: accuracy: 0.754 ; loss: 1.342
2018-03-14 17:36:31,073:INFO: - Eval metrics : accuracy: 0.708 ; loss: 0.000
2018-03-14 17:36:31,120:INFO: - Found new best accuracy
2018-03-14 17:36:31,121:INFO: Epoch 9/30
2018-03-14 17:36:47,099:INFO: - Train metrics: accuracy: 0.713 ; loss: 1.349
2018-03-14 17:36:48,569:INFO: - Eval metrics : accuracy: 0.730 ; loss: 0.000
2018-03-14 17:36:48,611:INFO: - Found new best accuracy
2018-03-14 17:36:48,612:INFO: Epoch 10/30
2018-03-14 17:37:04,093:INFO: - Train metrics: accuracy: 0.770 ; loss: 1.354
2018-03-14 17:37:05,768:INFO: - Eval metrics : accuracy: 0.728 ; loss: 0.000
2018-03-14 17:37:05,797:INFO: Epoch 11/30
2018-03-14 17:37:21,667:INFO: - Train metrics: accuracy: 0.779 ; loss: 1.371
2018-03-14 17:37:23,370:INFO: - Eval metrics : accuracy: 0.740 ; loss: 0.000
2018-03-14 17:37:23,399:INFO: - Found new best accuracy
2018-03-14 17:37:23,400:INFO: Epoch 12/30
2018-03-14 17:37:39,540:INFO: - Train metrics: accuracy: 0.775 ; loss: 1.354
2018-03-14 17:37:41,146:INFO: - Eval metrics : accuracy: 0.744 ; loss: 0.000
2018-03-14 17:37:41,193:INFO: - Found new best accuracy
2018-03-14 17:37:41,193:INFO: Epoch 13/30
2018-03-14 17:37:57,135:INFO: - Train metrics: accuracy: 0.783 ; loss: 1.359
2018-03-14 17:37:58,804:INFO: - Eval metrics : accuracy: 0.755 ; loss: 0.000
2018-03-14 17:37:58,850:INFO: - Found new best accuracy
2018-03-14 17:37:58,851:INFO: Epoch 14/30
2018-03-14 17:38:15,226:INFO: - Train metrics: accuracy: 0.822 ; loss: 1.348
2018-03-14 17:38:16,687:INFO: - Eval metrics : accuracy: 0.753 ; loss: 0.000
2018-03-14 17:38:16,713:INFO: Epoch 15/30
2018-03-14 17:38:32,811:INFO: - Train metrics: accuracy: 0.789 ; loss: 1.346
2018-03-14 17:38:34,224:INFO: - Eval metrics : accuracy: 0.761 ; loss: 0.000
2018-03-14 17:38:34,257:INFO: - Found new best accuracy
2018-03-14 17:38:34,258:INFO: Epoch 16/30
2018-03-14 17:38:50,088:INFO: - Train metrics: accuracy: 0.807 ; loss: 1.353
2018-03-14 17:38:51,599:INFO: - Eval metrics : accuracy: 0.762 ; loss: 0.000
2018-03-14 17:38:51,636:INFO: - Found new best accuracy
2018-03-14 17:38:51,638:INFO: Epoch 17/30
2018-03-14 17:39:07,331:INFO: - Train metrics: accuracy: 0.818 ; loss: 1.342
2018-03-14 17:39:09,212:INFO: - Eval metrics : accuracy: 0.761 ; loss: 0.000
2018-03-14 17:39:09,237:INFO: Epoch 18/30
2018-03-14 17:39:25,031:INFO: - Train metrics: accuracy: 0.814 ; loss: 1.341
2018-03-14 17:39:26,737:INFO: - Eval metrics : accuracy: 0.761 ; loss: 0.000
2018-03-14 17:39:26,768:INFO: Epoch 19/30
2018-03-14 17:39:42,738:INFO: - Train metrics: accuracy: 0.840 ; loss: 1.342
2018-03-14 17:39:44,301:INFO: - Eval metrics : accuracy: 0.766 ; loss: 0.000
2018-03-14 17:39:44,364:INFO: - Found new best accuracy
2018-03-14 17:39:44,365:INFO: Epoch 20/30
2018-03-14 17:40:00,245:INFO: - Train metrics: accuracy: 0.836 ; loss: 1.357
2018-03-14 17:40:01,738:INFO: - Eval metrics : accuracy: 0.759 ; loss: 0.000
2018-03-14 17:40:01,755:INFO: Epoch 21/30
2018-03-14 17:40:10,305:INFO: - Train metrics: accuracy: 0.814 ; loss: 1.356
2018-03-14 17:40:11,160:INFO: - Eval metrics : accuracy: 0.773 ; loss: 0.000
2018-03-14 17:40:11,190:INFO: - Found new best accuracy
2018-03-14 17:40:11,191:INFO: Epoch 22/30
2018-03-14 17:40:18,981:INFO: - Train metrics: accuracy: 0.857 ; loss: 1.351
2018-03-14 17:40:19,814:INFO: - Eval metrics : accuracy: 0.768 ; loss: 0.000
2018-03-14 17:40:19,839:INFO: Epoch 23/30
2018-03-14 17:40:27,563:INFO: - Train metrics: accuracy: 0.844 ; loss: 1.358
2018-03-14 17:40:28,422:INFO: - Eval metrics : accuracy: 0.765 ; loss: 0.000
2018-03-14 17:40:28,439:INFO: Epoch 24/30
2018-03-14 17:40:36,190:INFO: - Train metrics: accuracy: 0.850 ; loss: 1.358
2018-03-14 17:40:37,022:INFO: - Eval metrics : accuracy: 0.768 ; loss: 0.000
2018-03-14 17:40:37,038:INFO: Epoch 25/30
2018-03-14 17:40:44,771:INFO: - Train metrics: accuracy: 0.850 ; loss: 1.356
2018-03-14 17:40:45,603:INFO: - Eval metrics : accuracy: 0.777 ; loss: 0.000
2018-03-14 17:40:45,636:INFO: - Found new best accuracy
2018-03-14 17:40:45,637:INFO: Epoch 26/30
2018-03-14 17:40:53,677:INFO: - Train metrics: accuracy: 0.863 ; loss: 1.349
2018-03-14 17:40:54,498:INFO: - Eval metrics : accuracy: 0.775 ; loss: 0.000
2018-03-14 17:40:54,522:INFO: Epoch 27/30
2018-03-14 17:41:02,274:INFO: - Train metrics: accuracy: 0.859 ; loss: 1.350
2018-03-14 17:41:03,127:INFO: - Eval metrics : accuracy: 0.776 ; loss: 0.000
2018-03-14 17:41:03,145:INFO: Epoch 28/30
2018-03-14 17:41:10,892:INFO: - Train metrics: accuracy: 0.873 ; loss: 1.347
2018-03-14 17:41:11,738:INFO: - Eval metrics : accuracy: 0.776 ; loss: 0.000
2018-03-14 17:41:11,761:INFO: Epoch 29/30
2018-03-14 17:41:19,549:INFO: - Train metrics: accuracy: 0.879 ; loss: 1.351
2018-03-14 17:41:20,387:INFO: - Eval metrics : accuracy: 0.774 ; loss: 0.000
2018-03-14 17:41:20,405:INFO: Epoch 30/30
2018-03-14 17:41:28,470:INFO: - Train metrics: accuracy: 0.855 ; loss: 1.366
2018-03-14 17:41:29,347:INFO: - Eval metrics : accuracy: 0.786 ; loss: 0.000
2018-03-14 17:41:29,377:INFO: - Found new best accuracy
