2018-03-10 09:02:25,773:INFO: Loading the datasets...
2018-03-10 09:02:29,350:INFO: - done.
2018-03-10 09:02:31,860:INFO: Starting training for 30 epoch(s)
2018-03-10 09:02:31,860:INFO: Epoch 1/30
2018-03-10 09:03:30,104:INFO: - Train metrics: accuracy: 0.396 ; loss: 0.735
2018-03-10 09:03:30,944:INFO: - Eval metrics : accuracy: 0.614 ; loss: 0.000
2018-03-10 09:03:30,962:INFO: - Found new best accuracy
2018-03-10 09:03:30,963:INFO: Epoch 2/30
2018-03-10 09:04:28,525:INFO: - Train metrics: accuracy: 0.627 ; loss: 0.566
2018-03-10 09:04:29,359:INFO: - Eval metrics : accuracy: 0.678 ; loss: 0.000
2018-03-10 09:04:29,386:INFO: - Found new best accuracy
2018-03-10 09:04:29,387:INFO: Epoch 3/30
2018-03-10 09:05:26,918:INFO: - Train metrics: accuracy: 0.635 ; loss: 0.520
2018-03-10 09:05:27,752:INFO: - Eval metrics : accuracy: 0.724 ; loss: 0.000
2018-03-10 09:05:27,782:INFO: - Found new best accuracy
2018-03-10 09:05:27,783:INFO: Epoch 4/30
2018-03-10 09:06:25,286:INFO: - Train metrics: accuracy: 0.695 ; loss: 0.493
2018-03-10 09:06:26,102:INFO: - Eval metrics : accuracy: 0.733 ; loss: 0.000
2018-03-10 09:06:26,137:INFO: - Found new best accuracy
2018-03-10 09:06:26,137:INFO: Epoch 5/30
2018-03-10 09:07:23,873:INFO: - Train metrics: accuracy: 0.705 ; loss: 0.459
2018-03-10 09:07:24,725:INFO: - Eval metrics : accuracy: 0.753 ; loss: 0.000
2018-03-10 09:07:24,756:INFO: - Found new best accuracy
2018-03-10 09:07:24,757:INFO: Epoch 6/30
2018-03-10 09:08:22,458:INFO: - Train metrics: accuracy: 0.701 ; loss: 0.478
2018-03-10 09:08:23,301:INFO: - Eval metrics : accuracy: 0.760 ; loss: 0.000
2018-03-10 09:08:23,332:INFO: - Found new best accuracy
2018-03-10 09:08:23,333:INFO: Epoch 7/30
2018-03-10 09:09:20,910:INFO: - Train metrics: accuracy: 0.729 ; loss: 0.467
2018-03-10 09:09:21,742:INFO: - Eval metrics : accuracy: 0.772 ; loss: 0.000
2018-03-10 09:09:21,772:INFO: - Found new best accuracy
2018-03-10 09:09:21,773:INFO: Epoch 8/30
2018-03-10 09:10:19,484:INFO: - Train metrics: accuracy: 0.764 ; loss: 0.459
2018-03-10 09:10:20,320:INFO: - Eval metrics : accuracy: 0.781 ; loss: 0.000
2018-03-10 09:10:20,345:INFO: - Found new best accuracy
2018-03-10 09:10:20,346:INFO: Epoch 9/30
2018-03-10 09:11:18,116:INFO: - Train metrics: accuracy: 0.787 ; loss: 0.448
2018-03-10 09:11:18,956:INFO: - Eval metrics : accuracy: 0.784 ; loss: 0.000
2018-03-10 09:11:18,983:INFO: - Found new best accuracy
2018-03-10 09:11:18,983:INFO: Epoch 10/30
2018-03-10 09:12:16,536:INFO: - Train metrics: accuracy: 0.758 ; loss: 0.429
2018-03-10 09:12:17,370:INFO: - Eval metrics : accuracy: 0.786 ; loss: 0.000
2018-03-10 09:12:17,399:INFO: - Found new best accuracy
2018-03-10 09:12:17,400:INFO: Epoch 11/30
2018-03-10 09:13:15,054:INFO: - Train metrics: accuracy: 0.785 ; loss: 0.434
2018-03-10 09:13:15,883:INFO: - Eval metrics : accuracy: 0.803 ; loss: 0.000
2018-03-10 09:13:15,910:INFO: - Found new best accuracy
2018-03-10 09:13:15,911:INFO: Epoch 12/30
2018-03-10 09:14:13,629:INFO: - Train metrics: accuracy: 0.834 ; loss: 0.419
2018-03-10 09:14:14,461:INFO: - Eval metrics : accuracy: 0.790 ; loss: 0.000
2018-03-10 09:14:14,477:INFO: Epoch 13/30
2018-03-10 09:15:12,017:INFO: - Train metrics: accuracy: 0.793 ; loss: 0.426
2018-03-10 09:15:12,858:INFO: - Eval metrics : accuracy: 0.796 ; loss: 0.000
2018-03-10 09:15:12,874:INFO: Epoch 14/30
2018-03-10 09:16:10,485:INFO: - Train metrics: accuracy: 0.807 ; loss: 0.412
2018-03-10 09:16:11,324:INFO: - Eval metrics : accuracy: 0.809 ; loss: 0.000
2018-03-10 09:16:11,350:INFO: - Found new best accuracy
2018-03-10 09:16:11,351:INFO: Epoch 15/30
2018-03-10 09:17:09,132:INFO: - Train metrics: accuracy: 0.801 ; loss: 0.406
2018-03-10 09:17:09,954:INFO: - Eval metrics : accuracy: 0.807 ; loss: 0.000
2018-03-10 09:17:09,969:INFO: Epoch 16/30
2018-03-10 09:18:07,527:INFO: - Train metrics: accuracy: 0.822 ; loss: 0.417
2018-03-10 09:18:08,375:INFO: - Eval metrics : accuracy: 0.808 ; loss: 0.000
2018-03-10 09:18:08,390:INFO: Epoch 17/30
2018-03-10 09:19:06,050:INFO: - Train metrics: accuracy: 0.826 ; loss: 0.393
2018-03-10 09:19:06,881:INFO: - Eval metrics : accuracy: 0.811 ; loss: 0.000
2018-03-10 09:19:06,913:INFO: - Found new best accuracy
2018-03-10 09:19:06,913:INFO: Epoch 18/30
2018-03-10 09:20:04,655:INFO: - Train metrics: accuracy: 0.791 ; loss: 0.401
2018-03-10 09:20:05,504:INFO: - Eval metrics : accuracy: 0.816 ; loss: 0.000
2018-03-10 09:20:05,532:INFO: - Found new best accuracy
2018-03-10 09:20:05,533:INFO: Epoch 19/30
2018-03-10 09:21:03,096:INFO: - Train metrics: accuracy: 0.791 ; loss: 0.400
2018-03-10 09:21:03,926:INFO: - Eval metrics : accuracy: 0.817 ; loss: 0.000
2018-03-10 09:21:03,954:INFO: - Found new best accuracy
2018-03-10 09:21:03,954:INFO: Epoch 20/30
2018-03-10 09:22:01,678:INFO: - Train metrics: accuracy: 0.828 ; loss: 0.410
2018-03-10 09:22:02,521:INFO: - Eval metrics : accuracy: 0.824 ; loss: 0.000
2018-03-10 09:22:02,549:INFO: - Found new best accuracy
2018-03-10 09:22:02,550:INFO: Epoch 21/30
2018-03-10 09:23:00,266:INFO: - Train metrics: accuracy: 0.811 ; loss: 0.417
2018-03-10 09:23:01,102:INFO: - Eval metrics : accuracy: 0.816 ; loss: 0.000
2018-03-10 09:23:01,125:INFO: Epoch 22/30
2018-03-10 09:23:58,704:INFO: - Train metrics: accuracy: 0.824 ; loss: 0.398
2018-03-10 09:23:59,540:INFO: - Eval metrics : accuracy: 0.822 ; loss: 0.000
2018-03-10 09:23:59,559:INFO: Epoch 23/30
2018-03-10 09:24:57,159:INFO: - Train metrics: accuracy: 0.830 ; loss: 0.412
2018-03-10 09:24:58,000:INFO: - Eval metrics : accuracy: 0.819 ; loss: 0.000
2018-03-10 09:24:58,023:INFO: Epoch 24/30
2018-03-10 09:25:55,779:INFO: - Train metrics: accuracy: 0.838 ; loss: 0.393
2018-03-10 09:25:56,605:INFO: - Eval metrics : accuracy: 0.823 ; loss: 0.000
2018-03-10 09:25:56,621:INFO: Epoch 25/30
2018-03-10 09:26:54,123:INFO: - Train metrics: accuracy: 0.824 ; loss: 0.405
2018-03-10 09:26:54,922:INFO: - Eval metrics : accuracy: 0.821 ; loss: 0.000
2018-03-10 09:26:54,945:INFO: Epoch 26/30
2018-03-10 09:27:52,533:INFO: - Train metrics: accuracy: 0.797 ; loss: 0.402
2018-03-10 09:27:53,354:INFO: - Eval metrics : accuracy: 0.824 ; loss: 0.000
2018-03-10 09:27:53,370:INFO: Epoch 27/30
2018-03-10 09:28:51,069:INFO: - Train metrics: accuracy: 0.836 ; loss: 0.385
2018-03-10 09:28:51,945:INFO: - Eval metrics : accuracy: 0.824 ; loss: 0.000
2018-03-10 09:28:51,977:INFO: - Found new best accuracy
2018-03-10 09:28:51,978:INFO: Epoch 28/30
2018-03-10 09:29:49,566:INFO: - Train metrics: accuracy: 0.828 ; loss: 0.410
2018-03-10 09:29:50,381:INFO: - Eval metrics : accuracy: 0.824 ; loss: 0.000
2018-03-10 09:29:50,402:INFO: Epoch 29/30
2018-03-10 09:30:48,028:INFO: - Train metrics: accuracy: 0.838 ; loss: 0.396
2018-03-10 09:30:48,851:INFO: - Eval metrics : accuracy: 0.826 ; loss: 0.000
2018-03-10 09:30:48,877:INFO: - Found new best accuracy
2018-03-10 09:30:48,878:INFO: Epoch 30/30
2018-03-10 09:31:46,773:INFO: - Train metrics: accuracy: 0.850 ; loss: 0.397
2018-03-10 09:31:47,605:INFO: - Eval metrics : accuracy: 0.833 ; loss: 0.000
2018-03-10 09:31:47,635:INFO: - Found new best accuracy
