2018-03-12 14:34:34,035:INFO: Loading the datasets...
2018-03-12 14:34:37,593:INFO: - done.
2018-03-12 14:34:41,199:INFO: Experiment: model version: cnn_distill
2018-03-12 14:34:41,199:INFO: Starting training for 30 epoch(s)
2018-03-12 14:34:41,199:INFO: First, loading the teacher model and computing its outputs...
2018-03-12 14:36:26,052:INFO: - Finished computing teacher outputs after 105 secs..
2018-03-12 14:36:26,053:INFO: Epoch 1/30
2018-03-12 14:36:48,992:INFO: - Train metrics: accuracy: 0.412 ; loss: 1.479
2018-03-12 14:36:50,532:INFO: - Eval metrics : accuracy: 0.614 ; loss: 0.000
2018-03-12 14:36:50,533:INFO: - Found new best accuracy
2018-03-12 14:36:50,533:INFO: Epoch 2/30
2018-03-12 14:37:12,155:INFO: - Train metrics: accuracy: 0.615 ; loss: 1.033
2018-03-12 14:37:13,711:INFO: - Eval metrics : accuracy: 0.696 ; loss: 0.000
2018-03-12 14:37:13,712:INFO: - Found new best accuracy
2018-03-12 14:37:13,713:INFO: Epoch 3/30
2018-03-12 14:37:37,465:INFO: - Train metrics: accuracy: 0.676 ; loss: 0.940
2018-03-12 14:37:38,992:INFO: - Eval metrics : accuracy: 0.744 ; loss: 0.000
2018-03-12 14:37:38,993:INFO: - Found new best accuracy
2018-03-12 14:37:38,993:INFO: Epoch 4/30
2018-03-12 14:38:02,843:INFO: - Train metrics: accuracy: 0.744 ; loss: 0.767
2018-03-12 14:38:04,436:INFO: - Eval metrics : accuracy: 0.766 ; loss: 0.000
2018-03-12 14:38:04,437:INFO: - Found new best accuracy
2018-03-12 14:38:04,438:INFO: Epoch 5/30
2018-03-12 14:38:28,268:INFO: - Train metrics: accuracy: 0.740 ; loss: 0.754
2018-03-12 14:38:29,834:INFO: - Eval metrics : accuracy: 0.775 ; loss: 0.000
2018-03-12 14:38:29,834:INFO: - Found new best accuracy
2018-03-12 14:38:29,835:INFO: Epoch 6/30
2018-03-12 14:38:53,582:INFO: - Train metrics: accuracy: 0.781 ; loss: 0.725
2018-03-12 14:38:55,115:INFO: - Eval metrics : accuracy: 0.782 ; loss: 0.000
2018-03-12 14:38:55,116:INFO: - Found new best accuracy
2018-03-12 14:38:55,117:INFO: Epoch 7/30
2018-03-12 14:39:18,960:INFO: - Train metrics: accuracy: 0.799 ; loss: 0.658
2018-03-12 14:39:20,549:INFO: - Eval metrics : accuracy: 0.800 ; loss: 0.000
2018-03-12 14:39:20,549:INFO: - Found new best accuracy
2018-03-12 14:39:20,550:INFO: Epoch 8/30
2018-03-12 14:39:44,405:INFO: - Train metrics: accuracy: 0.795 ; loss: 0.649
2018-03-12 14:39:45,954:INFO: - Eval metrics : accuracy: 0.800 ; loss: 0.000
2018-03-12 14:39:45,956:INFO: Epoch 9/30
2018-03-12 14:40:09,853:INFO: - Train metrics: accuracy: 0.812 ; loss: 0.648
2018-03-12 14:40:11,421:INFO: - Eval metrics : accuracy: 0.788 ; loss: 0.000
2018-03-12 14:40:11,422:INFO: Epoch 10/30
2018-03-12 14:40:35,175:INFO: - Train metrics: accuracy: 0.824 ; loss: 0.628
2018-03-12 14:40:36,714:INFO: - Eval metrics : accuracy: 0.812 ; loss: 0.000
2018-03-12 14:40:36,714:INFO: - Found new best accuracy
2018-03-12 14:40:36,715:INFO: Epoch 11/30
2018-03-12 14:41:00,649:INFO: - Train metrics: accuracy: 0.850 ; loss: 0.557
2018-03-12 14:41:02,220:INFO: - Eval metrics : accuracy: 0.810 ; loss: 0.000
2018-03-12 14:41:02,221:INFO: Epoch 12/30
2018-03-12 14:41:26,147:INFO: - Train metrics: accuracy: 0.809 ; loss: 0.627
2018-03-12 14:41:27,706:INFO: - Eval metrics : accuracy: 0.815 ; loss: 0.000
2018-03-12 14:41:27,707:INFO: - Found new best accuracy
2018-03-12 14:41:27,707:INFO: Epoch 13/30
2018-03-12 14:41:51,620:INFO: - Train metrics: accuracy: 0.826 ; loss: 0.585
2018-03-12 14:41:53,163:INFO: - Eval metrics : accuracy: 0.819 ; loss: 0.000
2018-03-12 14:41:53,164:INFO: - Found new best accuracy
2018-03-12 14:41:53,165:INFO: Epoch 14/30
2018-03-12 14:42:16,903:INFO: - Train metrics: accuracy: 0.844 ; loss: 0.536
2018-03-12 14:42:18,456:INFO: - Eval metrics : accuracy: 0.824 ; loss: 0.000
2018-03-12 14:42:18,457:INFO: - Found new best accuracy
2018-03-12 14:42:18,458:INFO: Epoch 15/30
2018-03-12 14:42:42,227:INFO: - Train metrics: accuracy: 0.832 ; loss: 0.554
2018-03-12 14:42:43,767:INFO: - Eval metrics : accuracy: 0.826 ; loss: 0.000
2018-03-12 14:42:43,768:INFO: - Found new best accuracy
2018-03-12 14:42:43,769:INFO: Epoch 16/30
2018-03-12 14:43:04,817:INFO: - Train metrics: accuracy: 0.850 ; loss: 0.515
2018-03-12 14:43:06,417:INFO: - Eval metrics : accuracy: 0.829 ; loss: 0.000
2018-03-12 14:43:06,417:INFO: - Found new best accuracy
2018-03-12 14:43:06,418:INFO: Epoch 17/30
2018-03-12 14:43:30,271:INFO: - Train metrics: accuracy: 0.850 ; loss: 0.526
2018-03-12 14:43:31,784:INFO: - Eval metrics : accuracy: 0.831 ; loss: 0.000
2018-03-12 14:43:31,784:INFO: - Found new best accuracy
2018-03-12 14:43:31,785:INFO: Epoch 18/30
2018-03-12 14:43:55,693:INFO: - Train metrics: accuracy: 0.846 ; loss: 0.522
2018-03-12 14:43:57,260:INFO: - Eval metrics : accuracy: 0.831 ; loss: 0.000
2018-03-12 14:43:57,260:INFO: - Found new best accuracy
2018-03-12 14:43:57,271:INFO: Epoch 19/30
2018-03-12 14:44:21,096:INFO: - Train metrics: accuracy: 0.865 ; loss: 0.506
2018-03-12 14:44:22,634:INFO: - Eval metrics : accuracy: 0.838 ; loss: 0.000
2018-03-12 14:44:22,635:INFO: - Found new best accuracy
2018-03-12 14:44:22,635:INFO: Epoch 20/30
2018-03-12 14:44:46,562:INFO: - Train metrics: accuracy: 0.848 ; loss: 0.516
2018-03-12 14:44:48,108:INFO: - Eval metrics : accuracy: 0.840 ; loss: 0.000
2018-03-12 14:44:48,109:INFO: - Found new best accuracy
2018-03-12 14:44:48,109:INFO: Epoch 21/30
2018-03-12 14:45:12,093:INFO: - Train metrics: accuracy: 0.830 ; loss: 0.556
2018-03-12 14:45:13,677:INFO: - Eval metrics : accuracy: 0.839 ; loss: 0.000
2018-03-12 14:45:13,678:INFO: Epoch 22/30
2018-03-12 14:45:37,550:INFO: - Train metrics: accuracy: 0.885 ; loss: 0.445
2018-03-12 14:45:39,090:INFO: - Eval metrics : accuracy: 0.841 ; loss: 0.000
2018-03-12 14:45:39,091:INFO: - Found new best accuracy
2018-03-12 14:45:39,092:INFO: Epoch 23/30
2018-03-12 14:46:02,923:INFO: - Train metrics: accuracy: 0.863 ; loss: 0.482
2018-03-12 14:46:04,428:INFO: - Eval metrics : accuracy: 0.844 ; loss: 0.000
2018-03-12 14:46:04,428:INFO: - Found new best accuracy
2018-03-12 14:46:04,429:INFO: Epoch 24/30
2018-03-12 14:46:28,206:INFO: - Train metrics: accuracy: 0.863 ; loss: 0.483
2018-03-12 14:46:29,752:INFO: - Eval metrics : accuracy: 0.845 ; loss: 0.000
2018-03-12 14:46:29,753:INFO: - Found new best accuracy
2018-03-12 14:46:29,753:INFO: Epoch 25/30
2018-03-12 14:46:53,406:INFO: - Train metrics: accuracy: 0.877 ; loss: 0.471
2018-03-12 14:46:54,948:INFO: - Eval metrics : accuracy: 0.843 ; loss: 0.000
2018-03-12 14:46:54,949:INFO: Epoch 26/30
2018-03-12 14:47:18,831:INFO: - Train metrics: accuracy: 0.879 ; loss: 0.448
2018-03-12 14:47:20,405:INFO: - Eval metrics : accuracy: 0.846 ; loss: 0.000
2018-03-12 14:47:20,405:INFO: - Found new best accuracy
2018-03-12 14:47:20,406:INFO: Epoch 27/30
2018-03-12 14:47:44,249:INFO: - Train metrics: accuracy: 0.873 ; loss: 0.446
2018-03-12 14:47:45,794:INFO: - Eval metrics : accuracy: 0.845 ; loss: 0.000
2018-03-12 14:47:45,795:INFO: Epoch 28/30
2018-03-12 14:48:09,579:INFO: - Train metrics: accuracy: 0.887 ; loss: 0.457
2018-03-12 14:48:11,092:INFO: - Eval metrics : accuracy: 0.848 ; loss: 0.000
2018-03-12 14:48:11,092:INFO: - Found new best accuracy
2018-03-12 14:48:11,093:INFO: Epoch 29/30
2018-03-12 14:48:34,769:INFO: - Train metrics: accuracy: 0.893 ; loss: 0.420
2018-03-12 14:48:36,258:INFO: - Eval metrics : accuracy: 0.853 ; loss: 0.000
2018-03-12 14:48:36,259:INFO: - Found new best accuracy
2018-03-12 14:48:36,260:INFO: Epoch 30/30
2018-03-12 14:48:59,588:INFO: - Train metrics: accuracy: 0.891 ; loss: 0.429
2018-03-12 14:49:01,112:INFO: - Eval metrics : accuracy: 0.853 ; loss: 0.000
2018-03-12 14:49:01,113:INFO: - Found new best accuracy
