2018-03-12 06:11:54,600:INFO: Loading the datasets...
2018-03-12 06:11:58,123:INFO: - done.
2018-03-12 06:12:00,922:INFO: Starting training for 30 epoch(s)
2018-03-12 06:12:00,923:INFO: Epoch 1/30
2018-03-12 06:12:21,574:INFO: - Train metrics: accuracy: 0.453 ; loss: 1.503
2018-03-12 06:12:23,103:INFO: - Eval metrics : accuracy: 0.646 ; loss: 1.003
2018-03-12 06:12:23,104:INFO: - Found new best accuracy
2018-03-12 06:12:23,104:INFO: Epoch 2/30
2018-03-12 06:12:42,630:INFO: - Train metrics: accuracy: 0.629 ; loss: 1.068
2018-03-12 06:12:44,143:INFO: - Eval metrics : accuracy: 0.676 ; loss: 0.914
2018-03-12 06:12:44,144:INFO: - Found new best accuracy
2018-03-12 06:12:44,144:INFO: Epoch 3/30
2018-03-12 06:13:03,681:INFO: - Train metrics: accuracy: 0.713 ; loss: 0.857
2018-03-12 06:13:05,153:INFO: - Eval metrics : accuracy: 0.716 ; loss: 0.800
2018-03-12 06:13:05,154:INFO: - Found new best accuracy
2018-03-12 06:13:05,155:INFO: Epoch 4/30
2018-03-12 06:13:24,556:INFO: - Train metrics: accuracy: 0.709 ; loss: 0.808
2018-03-12 06:13:26,032:INFO: - Eval metrics : accuracy: 0.757 ; loss: 0.700
2018-03-12 06:13:26,033:INFO: - Found new best accuracy
2018-03-12 06:13:26,033:INFO: Epoch 5/30
2018-03-12 06:13:45,499:INFO: - Train metrics: accuracy: 0.748 ; loss: 0.688
2018-03-12 06:13:46,908:INFO: - Eval metrics : accuracy: 0.764 ; loss: 0.672
2018-03-12 06:13:46,908:INFO: - Found new best accuracy
2018-03-12 06:13:46,909:INFO: Epoch 6/30
2018-03-12 06:14:04,644:INFO: - Train metrics: accuracy: 0.760 ; loss: 0.689
2018-03-12 06:14:06,221:INFO: - Eval metrics : accuracy: 0.773 ; loss: 0.649
2018-03-12 06:14:06,222:INFO: - Found new best accuracy
2018-03-12 06:14:06,222:INFO: Epoch 7/30
2018-03-12 06:14:25,764:INFO: - Train metrics: accuracy: 0.760 ; loss: 0.671
2018-03-12 06:14:27,269:INFO: - Eval metrics : accuracy: 0.773 ; loss: 0.654
2018-03-12 06:14:27,270:INFO: Epoch 8/30
2018-03-12 06:14:46,784:INFO: - Train metrics: accuracy: 0.795 ; loss: 0.598
2018-03-12 06:14:48,281:INFO: - Eval metrics : accuracy: 0.799 ; loss: 0.577
2018-03-12 06:14:48,282:INFO: - Found new best accuracy
2018-03-12 06:14:48,283:INFO: Epoch 9/30
2018-03-12 06:15:07,963:INFO: - Train metrics: accuracy: 0.791 ; loss: 0.564
2018-03-12 06:15:09,455:INFO: - Eval metrics : accuracy: 0.805 ; loss: 0.564
2018-03-12 06:15:09,456:INFO: - Found new best accuracy
2018-03-12 06:15:09,456:INFO: Epoch 10/30
2018-03-12 06:15:29,114:INFO: - Train metrics: accuracy: 0.834 ; loss: 0.489
2018-03-12 06:15:30,673:INFO: - Eval metrics : accuracy: 0.799 ; loss: 0.580
2018-03-12 06:15:30,674:INFO: Epoch 11/30
2018-03-12 06:15:50,395:INFO: - Train metrics: accuracy: 0.828 ; loss: 0.501
2018-03-12 06:15:51,901:INFO: - Eval metrics : accuracy: 0.814 ; loss: 0.538
2018-03-12 06:15:51,902:INFO: - Found new best accuracy
2018-03-12 06:15:51,903:INFO: Epoch 12/30
2018-03-12 06:16:11,432:INFO: - Train metrics: accuracy: 0.826 ; loss: 0.545
2018-03-12 06:16:12,952:INFO: - Eval metrics : accuracy: 0.817 ; loss: 0.533
2018-03-12 06:16:12,953:INFO: - Found new best accuracy
2018-03-12 06:16:12,954:INFO: Epoch 13/30
2018-03-12 06:16:32,605:INFO: - Train metrics: accuracy: 0.832 ; loss: 0.463
2018-03-12 06:16:34,166:INFO: - Eval metrics : accuracy: 0.809 ; loss: 0.550
2018-03-12 06:16:34,167:INFO: Epoch 14/30
2018-03-12 06:16:53,876:INFO: - Train metrics: accuracy: 0.850 ; loss: 0.415
2018-03-12 06:16:55,354:INFO: - Eval metrics : accuracy: 0.825 ; loss: 0.505
2018-03-12 06:16:55,354:INFO: - Found new best accuracy
2018-03-12 06:16:55,355:INFO: Epoch 15/30
2018-03-12 06:17:14,866:INFO: - Train metrics: accuracy: 0.842 ; loss: 0.431
2018-03-12 06:17:16,358:INFO: - Eval metrics : accuracy: 0.819 ; loss: 0.532
2018-03-12 06:17:16,359:INFO: Epoch 16/30
2018-03-12 06:17:35,985:INFO: - Train metrics: accuracy: 0.848 ; loss: 0.468
2018-03-12 06:17:37,533:INFO: - Eval metrics : accuracy: 0.821 ; loss: 0.510
2018-03-12 06:17:37,534:INFO: Epoch 17/30
2018-03-12 06:17:57,129:INFO: - Train metrics: accuracy: 0.859 ; loss: 0.446
2018-03-12 06:17:58,606:INFO: - Eval metrics : accuracy: 0.825 ; loss: 0.509
2018-03-12 06:17:58,607:INFO: Epoch 18/30
2018-03-12 06:18:18,148:INFO: - Train metrics: accuracy: 0.865 ; loss: 0.406
2018-03-12 06:18:19,648:INFO: - Eval metrics : accuracy: 0.831 ; loss: 0.494
2018-03-12 06:18:19,649:INFO: - Found new best accuracy
2018-03-12 06:18:19,649:INFO: Epoch 19/30
2018-03-12 06:18:39,272:INFO: - Train metrics: accuracy: 0.863 ; loss: 0.389
2018-03-12 06:18:40,816:INFO: - Eval metrics : accuracy: 0.836 ; loss: 0.484
2018-03-12 06:18:40,816:INFO: - Found new best accuracy
2018-03-12 06:18:40,817:INFO: Epoch 20/30
2018-03-12 06:19:00,247:INFO: - Train metrics: accuracy: 0.854 ; loss: 0.422
2018-03-12 06:19:01,777:INFO: - Eval metrics : accuracy: 0.834 ; loss: 0.497
2018-03-12 06:19:01,778:INFO: Epoch 21/30
2018-03-12 06:19:21,259:INFO: - Train metrics: accuracy: 0.861 ; loss: 0.431
2018-03-12 06:19:22,735:INFO: - Eval metrics : accuracy: 0.829 ; loss: 0.507
2018-03-12 06:19:22,736:INFO: Epoch 22/30
2018-03-12 06:19:42,313:INFO: - Train metrics: accuracy: 0.865 ; loss: 0.402
2018-03-12 06:19:43,800:INFO: - Eval metrics : accuracy: 0.828 ; loss: 0.510
2018-03-12 06:19:43,801:INFO: Epoch 23/30
2018-03-12 06:20:03,352:INFO: - Train metrics: accuracy: 0.840 ; loss: 0.477
2018-03-12 06:20:04,821:INFO: - Eval metrics : accuracy: 0.839 ; loss: 0.477
2018-03-12 06:20:04,835:INFO: - Found new best accuracy
2018-03-12 06:20:04,836:INFO: Epoch 24/30
2018-03-12 06:20:24,391:INFO: - Train metrics: accuracy: 0.863 ; loss: 0.402
2018-03-12 06:20:25,899:INFO: - Eval metrics : accuracy: 0.838 ; loss: 0.485
2018-03-12 06:20:25,900:INFO: Epoch 25/30
2018-03-12 06:20:44,450:INFO: - Train metrics: accuracy: 0.873 ; loss: 0.340
2018-03-12 06:20:45,957:INFO: - Eval metrics : accuracy: 0.835 ; loss: 0.485
2018-03-12 06:20:45,958:INFO: Epoch 26/30
2018-03-12 06:21:04,135:INFO: - Train metrics: accuracy: 0.871 ; loss: 0.350
2018-03-12 06:21:05,615:INFO: - Eval metrics : accuracy: 0.833 ; loss: 0.518
2018-03-12 06:21:05,616:INFO: Epoch 27/30
2018-03-12 06:21:25,197:INFO: - Train metrics: accuracy: 0.893 ; loss: 0.324
2018-03-12 06:21:26,660:INFO: - Eval metrics : accuracy: 0.841 ; loss: 0.473
2018-03-12 06:21:26,660:INFO: - Found new best accuracy
2018-03-12 06:21:26,661:INFO: Epoch 28/30
2018-03-12 06:21:46,170:INFO: - Train metrics: accuracy: 0.906 ; loss: 0.281
2018-03-12 06:21:47,706:INFO: - Eval metrics : accuracy: 0.838 ; loss: 0.487
2018-03-12 06:21:47,707:INFO: Epoch 29/30
2018-03-12 06:22:07,203:INFO: - Train metrics: accuracy: 0.869 ; loss: 0.336
2018-03-12 06:22:08,771:INFO: - Eval metrics : accuracy: 0.847 ; loss: 0.468
2018-03-12 06:22:08,772:INFO: - Found new best accuracy
2018-03-12 06:22:08,772:INFO: Epoch 30/30
2018-03-12 06:22:28,323:INFO: - Train metrics: accuracy: 0.879 ; loss: 0.356
2018-03-12 06:22:29,837:INFO: - Eval metrics : accuracy: 0.837 ; loss: 0.483
