2018-03-12 15:17:59,242:INFO: Loading the datasets...
2018-03-12 15:18:02,815:INFO: - done.
2018-03-12 15:18:06,380:INFO: Experiment: model version: cnn_distill
2018-03-12 15:18:06,381:INFO: Starting training for 30 epoch(s)
2018-03-12 15:18:06,381:INFO: First, loading the teacher model and computing its outputs...
2018-03-12 15:19:51,131:INFO: - Finished computing teacher outputs after 105 secs..
2018-03-12 15:19:51,132:INFO: Epoch 1/30
2018-03-12 15:20:14,884:INFO: - Train metrics: accuracy: 0.414 ; loss: 1.528
2018-03-12 15:20:16,384:INFO: - Eval metrics : accuracy: 0.624 ; loss: 0.000
2018-03-12 15:20:16,384:INFO: - Found new best accuracy
2018-03-12 15:20:16,385:INFO: Epoch 2/30
2018-03-12 15:20:39,491:INFO: - Train metrics: accuracy: 0.635 ; loss: 1.056
2018-03-12 15:20:41,036:INFO: - Eval metrics : accuracy: 0.706 ; loss: 0.000
2018-03-12 15:20:41,036:INFO: - Found new best accuracy
2018-03-12 15:20:41,037:INFO: Epoch 3/30
2018-03-12 15:21:02,520:INFO: - Train metrics: accuracy: 0.691 ; loss: 0.910
2018-03-12 15:21:04,065:INFO: - Eval metrics : accuracy: 0.738 ; loss: 0.000
2018-03-12 15:21:04,068:INFO: - Found new best accuracy
2018-03-12 15:21:04,069:INFO: Epoch 4/30
2018-03-12 15:21:27,712:INFO: - Train metrics: accuracy: 0.766 ; loss: 0.749
2018-03-12 15:21:29,249:INFO: - Eval metrics : accuracy: 0.765 ; loss: 0.000
2018-03-12 15:21:29,250:INFO: - Found new best accuracy
2018-03-12 15:21:29,251:INFO: Epoch 5/30
2018-03-12 15:21:52,928:INFO: - Train metrics: accuracy: 0.744 ; loss: 0.792
2018-03-12 15:21:54,435:INFO: - Eval metrics : accuracy: 0.764 ; loss: 0.000
2018-03-12 15:21:54,436:INFO: Epoch 6/30
2018-03-12 15:22:18,385:INFO: - Train metrics: accuracy: 0.777 ; loss: 0.710
2018-03-12 15:22:19,966:INFO: - Eval metrics : accuracy: 0.770 ; loss: 0.000
2018-03-12 15:22:19,966:INFO: - Found new best accuracy
2018-03-12 15:22:19,967:INFO: Epoch 7/30
2018-03-12 15:22:43,745:INFO: - Train metrics: accuracy: 0.799 ; loss: 0.657
2018-03-12 15:22:45,281:INFO: - Eval metrics : accuracy: 0.779 ; loss: 0.000
2018-03-12 15:22:45,282:INFO: - Found new best accuracy
2018-03-12 15:22:45,282:INFO: Epoch 8/30
2018-03-12 15:23:08,994:INFO: - Train metrics: accuracy: 0.805 ; loss: 0.597
2018-03-12 15:23:10,539:INFO: - Eval metrics : accuracy: 0.801 ; loss: 0.000
2018-03-12 15:23:10,539:INFO: - Found new best accuracy
2018-03-12 15:23:10,540:INFO: Epoch 9/30
2018-03-12 15:23:34,244:INFO: - Train metrics: accuracy: 0.789 ; loss: 0.660
2018-03-12 15:23:35,771:INFO: - Eval metrics : accuracy: 0.788 ; loss: 0.000
2018-03-12 15:23:35,772:INFO: Epoch 10/30
2018-03-12 15:23:59,405:INFO: - Train metrics: accuracy: 0.826 ; loss: 0.597
2018-03-12 15:24:00,952:INFO: - Eval metrics : accuracy: 0.807 ; loss: 0.000
2018-03-12 15:24:00,953:INFO: - Found new best accuracy
2018-03-12 15:24:00,954:INFO: Epoch 11/30
2018-03-12 15:24:24,767:INFO: - Train metrics: accuracy: 0.840 ; loss: 0.534
2018-03-12 15:24:26,299:INFO: - Eval metrics : accuracy: 0.798 ; loss: 0.000
2018-03-12 15:24:26,300:INFO: Epoch 12/30
2018-03-12 15:24:49,977:INFO: - Train metrics: accuracy: 0.836 ; loss: 0.567
2018-03-12 15:24:51,508:INFO: - Eval metrics : accuracy: 0.812 ; loss: 0.000
2018-03-12 15:24:51,508:INFO: - Found new best accuracy
2018-03-12 15:24:51,509:INFO: Epoch 13/30
2018-03-12 15:25:15,234:INFO: - Train metrics: accuracy: 0.816 ; loss: 0.572
2018-03-12 15:25:16,767:INFO: - Eval metrics : accuracy: 0.814 ; loss: 0.000
2018-03-12 15:25:16,767:INFO: - Found new best accuracy
2018-03-12 15:25:16,768:INFO: Epoch 14/30
2018-03-12 15:25:40,523:INFO: - Train metrics: accuracy: 0.852 ; loss: 0.509
2018-03-12 15:25:42,069:INFO: - Eval metrics : accuracy: 0.822 ; loss: 0.000
2018-03-12 15:25:42,069:INFO: - Found new best accuracy
2018-03-12 15:25:42,070:INFO: Epoch 15/30
2018-03-12 15:26:05,824:INFO: - Train metrics: accuracy: 0.824 ; loss: 0.547
2018-03-12 15:26:07,323:INFO: - Eval metrics : accuracy: 0.818 ; loss: 0.000
2018-03-12 15:26:07,324:INFO: Epoch 16/30
2018-03-12 15:26:31,189:INFO: - Train metrics: accuracy: 0.867 ; loss: 0.464
2018-03-12 15:26:32,744:INFO: - Eval metrics : accuracy: 0.825 ; loss: 0.000
2018-03-12 15:26:32,744:INFO: - Found new best accuracy
2018-03-12 15:26:32,745:INFO: Epoch 17/30
2018-03-12 15:26:55,196:INFO: - Train metrics: accuracy: 0.859 ; loss: 0.484
2018-03-12 15:26:56,668:INFO: - Eval metrics : accuracy: 0.831 ; loss: 0.000
2018-03-12 15:26:56,669:INFO: - Found new best accuracy
2018-03-12 15:26:56,669:INFO: Epoch 18/30
2018-03-12 15:27:18,891:INFO: - Train metrics: accuracy: 0.861 ; loss: 0.488
2018-03-12 15:27:20,402:INFO: - Eval metrics : accuracy: 0.819 ; loss: 0.000
2018-03-12 15:27:20,403:INFO: Epoch 19/30
2018-03-12 15:27:44,253:INFO: - Train metrics: accuracy: 0.854 ; loss: 0.466
2018-03-12 15:27:45,832:INFO: - Eval metrics : accuracy: 0.841 ; loss: 0.000
2018-03-12 15:27:45,833:INFO: - Found new best accuracy
2018-03-12 15:27:45,834:INFO: Epoch 20/30
2018-03-12 15:28:09,573:INFO: - Train metrics: accuracy: 0.857 ; loss: 0.475
2018-03-12 15:28:11,179:INFO: - Eval metrics : accuracy: 0.828 ; loss: 0.000
2018-03-12 15:28:11,180:INFO: Epoch 21/30
2018-03-12 15:28:35,021:INFO: - Train metrics: accuracy: 0.838 ; loss: 0.555
2018-03-12 15:28:36,537:INFO: - Eval metrics : accuracy: 0.837 ; loss: 0.000
2018-03-12 15:28:36,538:INFO: Epoch 22/30
2018-03-12 15:29:00,341:INFO: - Train metrics: accuracy: 0.877 ; loss: 0.450
2018-03-12 15:29:01,864:INFO: - Eval metrics : accuracy: 0.828 ; loss: 0.000
2018-03-12 15:29:01,865:INFO: Epoch 23/30
2018-03-12 15:29:25,638:INFO: - Train metrics: accuracy: 0.846 ; loss: 0.472
2018-03-12 15:29:27,155:INFO: - Eval metrics : accuracy: 0.836 ; loss: 0.000
2018-03-12 15:29:27,156:INFO: Epoch 24/30
2018-03-12 15:29:50,797:INFO: - Train metrics: accuracy: 0.867 ; loss: 0.475
2018-03-12 15:29:52,327:INFO: - Eval metrics : accuracy: 0.840 ; loss: 0.000
2018-03-12 15:29:52,328:INFO: Epoch 25/30
2018-03-12 15:30:16,281:INFO: - Train metrics: accuracy: 0.877 ; loss: 0.432
2018-03-12 15:30:17,847:INFO: - Eval metrics : accuracy: 0.837 ; loss: 0.000
2018-03-12 15:30:17,848:INFO: Epoch 26/30
2018-03-12 15:30:41,673:INFO: - Train metrics: accuracy: 0.887 ; loss: 0.419
2018-03-12 15:30:43,213:INFO: - Eval metrics : accuracy: 0.846 ; loss: 0.000
2018-03-12 15:30:43,213:INFO: - Found new best accuracy
2018-03-12 15:30:43,214:INFO: Epoch 27/30
2018-03-12 15:31:06,969:INFO: - Train metrics: accuracy: 0.867 ; loss: 0.438
2018-03-12 15:31:08,502:INFO: - Eval metrics : accuracy: 0.841 ; loss: 0.000
2018-03-12 15:31:08,503:INFO: Epoch 28/30
2018-03-12 15:31:32,310:INFO: - Train metrics: accuracy: 0.879 ; loss: 0.459
2018-03-12 15:31:33,846:INFO: - Eval metrics : accuracy: 0.842 ; loss: 0.000
2018-03-12 15:31:33,859:INFO: Epoch 29/30
2018-03-12 15:31:57,749:INFO: - Train metrics: accuracy: 0.885 ; loss: 0.408
2018-03-12 15:31:59,280:INFO: - Eval metrics : accuracy: 0.844 ; loss: 0.000
2018-03-12 15:31:59,281:INFO: Epoch 30/30
2018-03-12 15:32:23,201:INFO: - Train metrics: accuracy: 0.900 ; loss: 0.396
2018-03-12 15:32:24,714:INFO: - Eval metrics : accuracy: 0.837 ; loss: 0.000
