2018-03-14 19:31:59,374:INFO: Loading the datasets...
2018-03-14 19:32:03,003:INFO: - done.
2018-03-14 19:32:05,552:INFO: Experiment - model version: cnn_distill
2018-03-14 19:32:05,552:INFO: Starting training for 30 epoch(s)
2018-03-14 19:32:05,552:INFO: First, loading the teacher model and computing its outputs...
2018-03-14 19:32:54,785:INFO: - Finished computing teacher outputs after 50 secs..
2018-03-14 19:32:54,786:INFO: Epoch 1/30
2018-03-14 19:33:02,549:INFO: - Train metrics: accuracy: 0.494 ; loss: 1.423
2018-03-14 19:33:03,419:INFO: - Eval metrics : accuracy: 0.682 ; loss: 0.000
2018-03-14 19:33:03,438:INFO: - Found new best accuracy
2018-03-14 19:33:03,438:INFO: Epoch 2/30
2018-03-14 19:33:11,233:INFO: - Train metrics: accuracy: 0.727 ; loss: 0.935
2018-03-14 19:33:12,137:INFO: - Eval metrics : accuracy: 0.728 ; loss: 0.000
2018-03-14 19:33:12,165:INFO: - Found new best accuracy
2018-03-14 19:33:12,167:INFO: Epoch 3/30
2018-03-14 19:33:19,896:INFO: - Train metrics: accuracy: 0.768 ; loss: 0.783
2018-03-14 19:33:20,786:INFO: - Eval metrics : accuracy: 0.759 ; loss: 0.000
2018-03-14 19:33:20,824:INFO: - Found new best accuracy
2018-03-14 19:33:20,825:INFO: Epoch 4/30
2018-03-14 19:33:28,539:INFO: - Train metrics: accuracy: 0.840 ; loss: 0.634
2018-03-14 19:33:29,422:INFO: - Eval metrics : accuracy: 0.751 ; loss: 0.000
2018-03-14 19:33:29,445:INFO: Epoch 5/30
2018-03-14 19:33:37,263:INFO: - Train metrics: accuracy: 0.873 ; loss: 0.550
2018-03-14 19:33:38,128:INFO: - Eval metrics : accuracy: 0.771 ; loss: 0.000
2018-03-14 19:33:38,161:INFO: - Found new best accuracy
2018-03-14 19:33:38,161:INFO: Epoch 6/30
2018-03-14 19:33:45,923:INFO: - Train metrics: accuracy: 0.893 ; loss: 0.525
2018-03-14 19:33:46,800:INFO: - Eval metrics : accuracy: 0.774 ; loss: 0.000
2018-03-14 19:33:46,833:INFO: - Found new best accuracy
2018-03-14 19:33:46,834:INFO: Epoch 7/30
2018-03-14 19:33:54,600:INFO: - Train metrics: accuracy: 0.936 ; loss: 0.428
2018-03-14 19:33:55,462:INFO: - Eval metrics : accuracy: 0.776 ; loss: 0.000
2018-03-14 19:33:55,498:INFO: - Found new best accuracy
2018-03-14 19:33:55,498:INFO: Epoch 8/30
2018-03-14 19:34:03,282:INFO: - Train metrics: accuracy: 0.920 ; loss: 0.439
2018-03-14 19:34:04,146:INFO: - Eval metrics : accuracy: 0.778 ; loss: 0.000
2018-03-14 19:34:04,173:INFO: - Found new best accuracy
2018-03-14 19:34:04,174:INFO: Epoch 9/30
2018-03-14 19:34:11,906:INFO: - Train metrics: accuracy: 0.961 ; loss: 0.382
2018-03-14 19:34:12,782:INFO: - Eval metrics : accuracy: 0.772 ; loss: 0.000
2018-03-14 19:34:12,809:INFO: Epoch 10/30
2018-03-14 19:34:20,533:INFO: - Train metrics: accuracy: 0.965 ; loss: 0.374
2018-03-14 19:34:21,426:INFO: - Eval metrics : accuracy: 0.774 ; loss: 0.000
2018-03-14 19:34:21,445:INFO: Epoch 11/30
2018-03-14 19:34:29,198:INFO: - Train metrics: accuracy: 0.990 ; loss: 0.331
2018-03-14 19:34:30,072:INFO: - Eval metrics : accuracy: 0.773 ; loss: 0.000
2018-03-14 19:34:30,087:INFO: Epoch 12/30
2018-03-14 19:34:37,872:INFO: - Train metrics: accuracy: 0.986 ; loss: 0.313
2018-03-14 19:34:38,758:INFO: - Eval metrics : accuracy: 0.773 ; loss: 0.000
2018-03-14 19:34:38,785:INFO: Epoch 13/30
2018-03-14 19:34:46,532:INFO: - Train metrics: accuracy: 0.994 ; loss: 0.308
2018-03-14 19:34:47,409:INFO: - Eval metrics : accuracy: 0.775 ; loss: 0.000
2018-03-14 19:34:47,425:INFO: Epoch 14/30
2018-03-14 19:34:55,169:INFO: - Train metrics: accuracy: 0.988 ; loss: 0.307
2018-03-14 19:34:56,063:INFO: - Eval metrics : accuracy: 0.772 ; loss: 0.000
2018-03-14 19:34:56,079:INFO: Epoch 15/30
2018-03-14 19:35:03,880:INFO: - Train metrics: accuracy: 0.994 ; loss: 0.298
2018-03-14 19:35:04,739:INFO: - Eval metrics : accuracy: 0.760 ; loss: 0.000
2018-03-14 19:35:04,754:INFO: Epoch 16/30
2018-03-14 19:35:12,472:INFO: - Train metrics: accuracy: 0.998 ; loss: 0.293
2018-03-14 19:35:13,333:INFO: - Eval metrics : accuracy: 0.775 ; loss: 0.000
2018-03-14 19:35:13,348:INFO: Epoch 17/30
2018-03-14 19:35:21,057:INFO: - Train metrics: accuracy: 0.996 ; loss: 0.285
2018-03-14 19:35:21,928:INFO: - Eval metrics : accuracy: 0.777 ; loss: 0.000
2018-03-14 19:35:21,944:INFO: Epoch 18/30
2018-03-14 19:35:29,655:INFO: - Train metrics: accuracy: 0.996 ; loss: 0.273
2018-03-14 19:35:30,526:INFO: - Eval metrics : accuracy: 0.773 ; loss: 0.000
2018-03-14 19:35:30,545:INFO: Epoch 19/30
2018-03-14 19:35:38,256:INFO: - Train metrics: accuracy: 1.000 ; loss: 0.267
2018-03-14 19:35:39,081:INFO: - Eval metrics : accuracy: 0.775 ; loss: 0.000
2018-03-14 19:35:39,101:INFO: Epoch 20/30
2018-03-14 19:35:46,843:INFO: - Train metrics: accuracy: 0.998 ; loss: 0.280
2018-03-14 19:35:47,713:INFO: - Eval metrics : accuracy: 0.771 ; loss: 0.000
2018-03-14 19:35:47,729:INFO: Epoch 21/30
2018-03-14 19:35:55,494:INFO: - Train metrics: accuracy: 0.984 ; loss: 0.324
2018-03-14 19:35:56,351:INFO: - Eval metrics : accuracy: 0.768 ; loss: 0.000
2018-03-14 19:35:56,377:INFO: Epoch 22/30
2018-03-14 19:36:04,110:INFO: - Train metrics: accuracy: 0.990 ; loss: 0.301
2018-03-14 19:36:04,980:INFO: - Eval metrics : accuracy: 0.775 ; loss: 0.000
2018-03-14 19:36:04,997:INFO: Epoch 23/30
2018-03-14 19:36:12,708:INFO: - Train metrics: accuracy: 0.998 ; loss: 0.275
2018-03-14 19:36:13,579:INFO: - Eval metrics : accuracy: 0.784 ; loss: 0.000
2018-03-14 19:36:13,622:INFO: - Found new best accuracy
2018-03-14 19:36:13,623:INFO: Epoch 24/30
2018-03-14 19:36:21,342:INFO: - Train metrics: accuracy: 1.000 ; loss: 0.262
2018-03-14 19:36:22,197:INFO: - Eval metrics : accuracy: 0.784 ; loss: 0.000
2018-03-14 19:36:22,225:INFO: Epoch 25/30
2018-03-14 19:36:30,001:INFO: - Train metrics: accuracy: 1.000 ; loss: 0.245
2018-03-14 19:36:30,882:INFO: - Eval metrics : accuracy: 0.787 ; loss: 0.000
2018-03-14 19:36:30,918:INFO: - Found new best accuracy
2018-03-14 19:36:30,919:INFO: Epoch 26/30
2018-03-14 19:36:38,746:INFO: - Train metrics: accuracy: 1.000 ; loss: 0.244
2018-03-14 19:36:39,622:INFO: - Eval metrics : accuracy: 0.782 ; loss: 0.000
2018-03-14 19:36:39,649:INFO: Epoch 27/30
2018-03-14 19:36:47,370:INFO: - Train metrics: accuracy: 1.000 ; loss: 0.235
2018-03-14 19:36:48,239:INFO: - Eval metrics : accuracy: 0.782 ; loss: 0.000
2018-03-14 19:36:48,257:INFO: Epoch 28/30
2018-03-14 19:36:56,009:INFO: - Train metrics: accuracy: 1.000 ; loss: 0.237
2018-03-14 19:36:56,902:INFO: - Eval metrics : accuracy: 0.783 ; loss: 0.000
2018-03-14 19:36:56,929:INFO: Epoch 29/30
2018-03-14 19:37:04,741:INFO: - Train metrics: accuracy: 0.998 ; loss: 0.239
2018-03-14 19:37:05,631:INFO: - Eval metrics : accuracy: 0.709 ; loss: 0.000
2018-03-14 19:37:05,657:INFO: Epoch 30/30
2018-03-14 19:37:13,411:INFO: - Train metrics: accuracy: 0.953 ; loss: 0.389
2018-03-14 19:37:14,268:INFO: - Eval metrics : accuracy: 0.774 ; loss: 0.000
2018-03-14 20:37:16,271:INFO: Loading the datasets...
2018-03-14 20:37:19,906:INFO: - done.
2018-03-14 20:37:22,476:INFO: Experiment - model version: cnn_distill
2018-03-14 20:37:22,477:INFO: Starting training for 30 epoch(s)
2018-03-14 20:37:22,477:INFO: First, loading the teacher model and computing its outputs...
2018-03-14 20:38:12,035:INFO: - Finished computing teacher outputs after 50 secs..
2018-03-14 20:38:12,036:INFO: Epoch 1/30
2018-03-14 20:38:19,792:INFO: - Train metrics: accuracy: 0.498 ; loss: 1.418
2018-03-14 20:38:20,625:INFO: - Eval metrics : accuracy: 0.681 ; loss: 0.000
2018-03-14 20:38:20,657:INFO: - Found new best accuracy
2018-03-14 20:38:20,658:INFO: Epoch 2/30
2018-03-14 20:38:28,359:INFO: - Train metrics: accuracy: 0.711 ; loss: 0.953
2018-03-14 20:38:29,201:INFO: - Eval metrics : accuracy: 0.743 ; loss: 0.000
2018-03-14 20:38:29,232:INFO: - Found new best accuracy
2018-03-14 20:38:29,233:INFO: Epoch 3/30
2018-03-14 20:38:36,917:INFO: - Train metrics: accuracy: 0.775 ; loss: 0.782
2018-03-14 20:38:37,758:INFO: - Eval metrics : accuracy: 0.760 ; loss: 0.000
2018-03-14 20:38:37,783:INFO: - Found new best accuracy
2018-03-14 20:38:37,784:INFO: Epoch 4/30
2018-03-14 20:38:45,492:INFO: - Train metrics: accuracy: 0.822 ; loss: 0.632
2018-03-14 20:38:46,333:INFO: - Eval metrics : accuracy: 0.761 ; loss: 0.000
2018-03-14 20:38:46,364:INFO: - Found new best accuracy
2018-03-14 20:38:46,365:INFO: Epoch 5/30
2018-03-14 20:38:54,076:INFO: - Train metrics: accuracy: 0.873 ; loss: 0.556
2018-03-14 20:38:54,924:INFO: - Eval metrics : accuracy: 0.769 ; loss: 0.000
2018-03-14 20:38:54,953:INFO: - Found new best accuracy
2018-03-14 20:38:54,953:INFO: Epoch 6/30
2018-03-14 20:39:02,670:INFO: - Train metrics: accuracy: 0.895 ; loss: 0.511
2018-03-14 20:39:03,529:INFO: - Eval metrics : accuracy: 0.775 ; loss: 0.000
2018-03-14 20:39:03,557:INFO: - Found new best accuracy
2018-03-14 20:39:03,557:INFO: Epoch 7/30
2018-03-14 20:39:11,266:INFO: - Train metrics: accuracy: 0.941 ; loss: 0.434
2018-03-14 20:39:12,119:INFO: - Eval metrics : accuracy: 0.779 ; loss: 0.000
2018-03-14 20:39:12,157:INFO: - Found new best accuracy
2018-03-14 20:39:12,158:INFO: Epoch 8/30
2018-03-14 20:39:19,876:INFO: - Train metrics: accuracy: 0.938 ; loss: 0.436
2018-03-14 20:39:20,739:INFO: - Eval metrics : accuracy: 0.777 ; loss: 0.000
2018-03-14 20:39:20,761:INFO: Epoch 9/30
2018-03-14 20:39:28,500:INFO: - Train metrics: accuracy: 0.965 ; loss: 0.391
2018-03-14 20:39:29,348:INFO: - Eval metrics : accuracy: 0.779 ; loss: 0.000
2018-03-14 20:39:29,378:INFO: - Found new best accuracy
2018-03-14 20:39:29,379:INFO: Epoch 10/30
2018-03-14 20:39:37,110:INFO: - Train metrics: accuracy: 0.965 ; loss: 0.372
2018-03-14 20:39:37,954:INFO: - Eval metrics : accuracy: 0.776 ; loss: 0.000
2018-03-14 20:39:37,970:INFO: Epoch 11/30
2018-03-14 20:39:45,681:INFO: - Train metrics: accuracy: 0.988 ; loss: 0.324
2018-03-14 20:39:46,536:INFO: - Eval metrics : accuracy: 0.767 ; loss: 0.000
2018-03-14 20:39:46,551:INFO: Epoch 12/30
2018-03-14 20:39:54,283:INFO: - Train metrics: accuracy: 0.990 ; loss: 0.321
2018-03-14 20:39:55,130:INFO: - Eval metrics : accuracy: 0.771 ; loss: 0.000
2018-03-14 20:39:55,157:INFO: Epoch 13/30
2018-03-14 20:40:02,883:INFO: - Train metrics: accuracy: 0.996 ; loss: 0.307
2018-03-14 20:40:03,742:INFO: - Eval metrics : accuracy: 0.768 ; loss: 0.000
2018-03-14 20:40:03,761:INFO: Epoch 14/30
2018-03-14 20:40:11,482:INFO: - Train metrics: accuracy: 0.990 ; loss: 0.322
2018-03-14 20:40:12,333:INFO: - Eval metrics : accuracy: 0.766 ; loss: 0.000
2018-03-14 20:40:12,353:INFO: Epoch 15/30
2018-03-14 20:40:20,079:INFO: - Train metrics: accuracy: 0.990 ; loss: 0.309
2018-03-14 20:40:20,934:INFO: - Eval metrics : accuracy: 0.757 ; loss: 0.000
2018-03-14 20:40:20,965:INFO: Epoch 16/30
2018-03-14 20:40:28,693:INFO: - Train metrics: accuracy: 0.990 ; loss: 0.309
2018-03-14 20:40:29,551:INFO: - Eval metrics : accuracy: 0.777 ; loss: 0.000
2018-03-14 20:40:29,566:INFO: Epoch 17/30
2018-03-14 20:40:37,276:INFO: - Train metrics: accuracy: 0.996 ; loss: 0.284
2018-03-14 20:40:38,129:INFO: - Eval metrics : accuracy: 0.776 ; loss: 0.000
2018-03-14 20:40:38,144:INFO: Epoch 18/30
2018-03-14 20:40:45,852:INFO: - Train metrics: accuracy: 0.998 ; loss: 0.270
2018-03-14 20:40:46,662:INFO: - Eval metrics : accuracy: 0.777 ; loss: 0.000
2018-03-14 20:40:46,681:INFO: Epoch 19/30
2018-03-14 20:40:54,396:INFO: - Train metrics: accuracy: 1.000 ; loss: 0.263
2018-03-14 20:40:55,232:INFO: - Eval metrics : accuracy: 0.768 ; loss: 0.000
2018-03-14 20:40:55,247:INFO: Epoch 20/30
2018-03-14 20:41:02,970:INFO: - Train metrics: accuracy: 0.994 ; loss: 0.283
2018-03-14 20:41:03,817:INFO: - Eval metrics : accuracy: 0.760 ; loss: 0.000
2018-03-14 20:41:03,832:INFO: Epoch 21/30
2018-03-14 20:41:11,544:INFO: - Train metrics: accuracy: 0.984 ; loss: 0.330
2018-03-14 20:41:12,393:INFO: - Eval metrics : accuracy: 0.766 ; loss: 0.000
2018-03-14 20:41:12,421:INFO: Epoch 22/30
2018-03-14 20:41:20,157:INFO: - Train metrics: accuracy: 0.992 ; loss: 0.299
2018-03-14 20:41:21,007:INFO: - Eval metrics : accuracy: 0.776 ; loss: 0.000
2018-03-14 20:41:21,029:INFO: Epoch 23/30
2018-03-14 20:41:28,750:INFO: - Train metrics: accuracy: 0.996 ; loss: 0.273
2018-03-14 20:41:29,573:INFO: - Eval metrics : accuracy: 0.781 ; loss: 0.000
2018-03-14 20:41:29,603:INFO: - Found new best accuracy
2018-03-14 20:41:29,604:INFO: Epoch 24/30
2018-03-14 20:41:37,315:INFO: - Train metrics: accuracy: 1.000 ; loss: 0.254
2018-03-14 20:41:38,135:INFO: - Eval metrics : accuracy: 0.777 ; loss: 0.000
2018-03-14 20:41:38,151:INFO: Epoch 25/30
2018-03-14 20:41:45,859:INFO: - Train metrics: accuracy: 1.000 ; loss: 0.244
2018-03-14 20:41:46,698:INFO: - Eval metrics : accuracy: 0.779 ; loss: 0.000
2018-03-14 20:41:46,712:INFO: Epoch 26/30
2018-03-14 20:41:54,423:INFO: - Train metrics: accuracy: 1.000 ; loss: 0.242
2018-03-14 20:41:55,278:INFO: - Eval metrics : accuracy: 0.779 ; loss: 0.000
2018-03-14 20:41:55,293:INFO: Epoch 27/30
2018-03-14 20:42:03,017:INFO: - Train metrics: accuracy: 1.000 ; loss: 0.233
2018-03-14 20:42:03,853:INFO: - Eval metrics : accuracy: 0.773 ; loss: 0.000
2018-03-14 20:42:03,870:INFO: Epoch 28/30
2018-03-14 20:42:11,580:INFO: - Train metrics: accuracy: 1.000 ; loss: 0.237
2018-03-14 20:42:12,417:INFO: - Eval metrics : accuracy: 0.761 ; loss: 0.000
2018-03-14 20:42:12,437:INFO: Epoch 29/30
2018-03-14 20:42:20,150:INFO: - Train metrics: accuracy: 0.955 ; loss: 0.373
2018-03-14 20:42:20,987:INFO: - Eval metrics : accuracy: 0.771 ; loss: 0.000
2018-03-14 20:42:21,002:INFO: Epoch 30/30
2018-03-14 20:42:28,720:INFO: - Train metrics: accuracy: 0.998 ; loss: 0.276
2018-03-14 20:42:29,567:INFO: - Eval metrics : accuracy: 0.782 ; loss: 0.000
2018-03-14 20:42:29,599:INFO: - Found new best accuracy
