2018-03-10 12:28:18,356:INFO: Loading the datasets...
2018-03-10 12:28:21,941:INFO: - done.
2018-03-10 12:28:24,420:INFO: Starting training for 30 epoch(s)
2018-03-10 12:28:24,420:INFO: Epoch 1/30
2018-03-10 12:29:22,872:INFO: - Train metrics: accuracy: 0.412 ; loss: 1.120
2018-03-10 12:29:23,730:INFO: - Eval metrics : accuracy: 0.615 ; loss: 0.000
2018-03-10 12:29:23,747:INFO: - Found new best accuracy
2018-03-10 12:29:23,748:INFO: Epoch 2/30
2018-03-10 12:30:21,507:INFO: - Train metrics: accuracy: 0.588 ; loss: 0.830
2018-03-10 12:30:22,342:INFO: - Eval metrics : accuracy: 0.669 ; loss: 0.000
2018-03-10 12:30:22,369:INFO: - Found new best accuracy
2018-03-10 12:30:22,370:INFO: Epoch 3/30
2018-03-10 12:31:20,162:INFO: - Train metrics: accuracy: 0.615 ; loss: 0.743
2018-03-10 12:31:20,993:INFO: - Eval metrics : accuracy: 0.721 ; loss: 0.000
2018-03-10 12:31:21,020:INFO: - Found new best accuracy
2018-03-10 12:31:21,021:INFO: Epoch 4/30
2018-03-10 12:32:18,832:INFO: - Train metrics: accuracy: 0.662 ; loss: 0.692
2018-03-10 12:32:19,667:INFO: - Eval metrics : accuracy: 0.746 ; loss: 0.000
2018-03-10 12:32:19,697:INFO: - Found new best accuracy
2018-03-10 12:32:19,697:INFO: Epoch 5/30
2018-03-10 12:33:17,565:INFO: - Train metrics: accuracy: 0.717 ; loss: 0.622
2018-03-10 12:33:18,405:INFO: - Eval metrics : accuracy: 0.760 ; loss: 0.000
2018-03-10 12:33:18,432:INFO: - Found new best accuracy
2018-03-10 12:33:18,433:INFO: Epoch 6/30
2018-03-10 12:34:16,222:INFO: - Train metrics: accuracy: 0.707 ; loss: 0.622
2018-03-10 12:34:17,047:INFO: - Eval metrics : accuracy: 0.764 ; loss: 0.000
2018-03-10 12:34:17,073:INFO: - Found new best accuracy
2018-03-10 12:34:17,074:INFO: Epoch 7/30
2018-03-10 12:35:14,914:INFO: - Train metrics: accuracy: 0.732 ; loss: 0.581
2018-03-10 12:35:15,750:INFO: - Eval metrics : accuracy: 0.778 ; loss: 0.000
2018-03-10 12:35:15,777:INFO: - Found new best accuracy
2018-03-10 12:35:15,778:INFO: Epoch 8/30
2018-03-10 12:36:13,552:INFO: - Train metrics: accuracy: 0.754 ; loss: 0.564
2018-03-10 12:36:14,376:INFO: - Eval metrics : accuracy: 0.786 ; loss: 0.000
2018-03-10 12:36:14,410:INFO: - Found new best accuracy
2018-03-10 12:36:14,410:INFO: Epoch 9/30
2018-03-10 12:37:12,215:INFO: - Train metrics: accuracy: 0.770 ; loss: 0.544
2018-03-10 12:37:13,025:INFO: - Eval metrics : accuracy: 0.791 ; loss: 0.000
2018-03-10 12:37:13,056:INFO: - Found new best accuracy
2018-03-10 12:37:13,057:INFO: Epoch 10/30
2018-03-10 12:38:10,930:INFO: - Train metrics: accuracy: 0.768 ; loss: 0.541
2018-03-10 12:38:11,765:INFO: - Eval metrics : accuracy: 0.799 ; loss: 0.000
2018-03-10 12:38:11,792:INFO: - Found new best accuracy
2018-03-10 12:38:11,793:INFO: Epoch 11/30
2018-03-10 12:39:09,593:INFO: - Train metrics: accuracy: 0.789 ; loss: 0.501
2018-03-10 12:39:10,430:INFO: - Eval metrics : accuracy: 0.806 ; loss: 0.000
2018-03-10 12:39:10,464:INFO: - Found new best accuracy
2018-03-10 12:39:10,465:INFO: Epoch 12/30
2018-03-10 12:40:08,252:INFO: - Train metrics: accuracy: 0.809 ; loss: 0.498
2018-03-10 12:40:09,088:INFO: - Eval metrics : accuracy: 0.804 ; loss: 0.000
2018-03-10 12:40:09,114:INFO: Epoch 13/30
2018-03-10 12:41:07,038:INFO: - Train metrics: accuracy: 0.785 ; loss: 0.489
2018-03-10 12:41:07,867:INFO: - Eval metrics : accuracy: 0.807 ; loss: 0.000
2018-03-10 12:41:07,901:INFO: - Found new best accuracy
2018-03-10 12:41:07,901:INFO: Epoch 14/30
2018-03-10 12:42:05,766:INFO: - Train metrics: accuracy: 0.791 ; loss: 0.482
2018-03-10 12:42:06,576:INFO: - Eval metrics : accuracy: 0.811 ; loss: 0.000
2018-03-10 12:42:06,606:INFO: - Found new best accuracy
2018-03-10 12:42:06,606:INFO: Epoch 15/30
2018-03-10 12:43:04,401:INFO: - Train metrics: accuracy: 0.838 ; loss: 0.446
2018-03-10 12:43:05,220:INFO: - Eval metrics : accuracy: 0.814 ; loss: 0.000
2018-03-10 12:43:05,252:INFO: - Found new best accuracy
2018-03-10 12:43:05,252:INFO: Epoch 16/30
2018-03-10 12:44:03,059:INFO: - Train metrics: accuracy: 0.807 ; loss: 0.455
2018-03-10 12:44:03,894:INFO: - Eval metrics : accuracy: 0.817 ; loss: 0.000
2018-03-10 12:44:03,921:INFO: - Found new best accuracy
2018-03-10 12:44:03,922:INFO: Epoch 17/30
2018-03-10 12:45:01,772:INFO: - Train metrics: accuracy: 0.838 ; loss: 0.451
2018-03-10 12:45:02,628:INFO: - Eval metrics : accuracy: 0.822 ; loss: 0.000
2018-03-10 12:45:02,655:INFO: - Found new best accuracy
2018-03-10 12:45:02,656:INFO: Epoch 18/30
2018-03-10 12:46:00,504:INFO: - Train metrics: accuracy: 0.818 ; loss: 0.461
2018-03-10 12:46:01,358:INFO: - Eval metrics : accuracy: 0.821 ; loss: 0.000
2018-03-10 12:46:01,373:INFO: Epoch 19/30
2018-03-10 12:46:59,210:INFO: - Train metrics: accuracy: 0.826 ; loss: 0.434
2018-03-10 12:47:00,040:INFO: - Eval metrics : accuracy: 0.817 ; loss: 0.000
2018-03-10 12:47:00,055:INFO: Epoch 20/30
2018-03-10 12:47:57,923:INFO: - Train metrics: accuracy: 0.818 ; loss: 0.469
2018-03-10 12:47:58,751:INFO: - Eval metrics : accuracy: 0.831 ; loss: 0.000
2018-03-10 12:47:58,779:INFO: - Found new best accuracy
2018-03-10 12:47:58,780:INFO: Epoch 21/30
2018-03-10 12:48:56,501:INFO: - Train metrics: accuracy: 0.807 ; loss: 0.435
2018-03-10 12:48:57,325:INFO: - Eval metrics : accuracy: 0.831 ; loss: 0.000
2018-03-10 12:48:57,351:INFO: - Found new best accuracy
2018-03-10 12:48:57,352:INFO: Epoch 22/30
2018-03-10 12:49:55,086:INFO: - Train metrics: accuracy: 0.816 ; loss: 0.442
2018-03-10 12:49:55,905:INFO: - Eval metrics : accuracy: 0.833 ; loss: 0.000
2018-03-10 12:49:55,930:INFO: - Found new best accuracy
2018-03-10 12:49:55,932:INFO: Epoch 23/30
2018-03-10 12:50:53,720:INFO: - Train metrics: accuracy: 0.814 ; loss: 0.441
2018-03-10 12:50:54,553:INFO: - Eval metrics : accuracy: 0.826 ; loss: 0.000
2018-03-10 12:50:54,571:INFO: Epoch 24/30
2018-03-10 12:51:52,450:INFO: - Train metrics: accuracy: 0.809 ; loss: 0.432
2018-03-10 12:51:53,291:INFO: - Eval metrics : accuracy: 0.831 ; loss: 0.000
2018-03-10 12:51:53,306:INFO: Epoch 25/30
2018-03-10 12:52:51,236:INFO: - Train metrics: accuracy: 0.814 ; loss: 0.423
2018-03-10 12:52:52,091:INFO: - Eval metrics : accuracy: 0.829 ; loss: 0.000
2018-03-10 12:52:52,106:INFO: Epoch 26/30
2018-03-10 12:53:49,836:INFO: - Train metrics: accuracy: 0.824 ; loss: 0.434
2018-03-10 12:53:50,660:INFO: - Eval metrics : accuracy: 0.832 ; loss: 0.000
2018-03-10 12:53:50,683:INFO: Epoch 27/30
2018-03-10 12:54:48,544:INFO: - Train metrics: accuracy: 0.844 ; loss: 0.395
2018-03-10 12:54:49,384:INFO: - Eval metrics : accuracy: 0.833 ; loss: 0.000
2018-03-10 12:54:49,410:INFO: - Found new best accuracy
2018-03-10 12:54:49,412:INFO: Epoch 28/30
2018-03-10 12:55:47,410:INFO: - Train metrics: accuracy: 0.824 ; loss: 0.421
2018-03-10 12:55:48,237:INFO: - Eval metrics : accuracy: 0.839 ; loss: 0.000
2018-03-10 12:55:48,268:INFO: - Found new best accuracy
2018-03-10 12:55:48,269:INFO: Epoch 29/30
2018-03-10 12:56:46,002:INFO: - Train metrics: accuracy: 0.842 ; loss: 0.392
2018-03-10 12:56:46,828:INFO: - Eval metrics : accuracy: 0.833 ; loss: 0.000
2018-03-10 12:56:46,853:INFO: Epoch 30/30
2018-03-10 12:57:44,580:INFO: - Train metrics: accuracy: 0.855 ; loss: 0.387
2018-03-10 12:57:45,415:INFO: - Eval metrics : accuracy: 0.828 ; loss: 0.000
