2018-03-14 17:21:55,223:INFO: Loading the datasets...
2018-03-14 17:21:58,846:INFO: - done.
2018-03-14 17:22:01,380:INFO: Experiment - model version: cnn_distill
2018-03-14 17:22:01,380:INFO: Starting training for 30 epoch(s)
2018-03-14 17:22:01,380:INFO: First, loading the teacher model and computing its outputs...
2018-03-14 17:22:51,253:INFO: - Finished computing teacher outputs after 50 secs..
2018-03-14 17:22:51,253:INFO: Epoch 1/30
2018-03-14 17:22:59,024:INFO: - Train metrics: accuracy: 0.490 ; loss: 1.578
2018-03-14 17:22:59,860:INFO: - Eval metrics : accuracy: 0.673 ; loss: 0.000
2018-03-14 17:22:59,878:INFO: - Found new best accuracy
2018-03-14 17:22:59,879:INFO: Epoch 2/30
2018-03-14 17:23:07,593:INFO: - Train metrics: accuracy: 0.684 ; loss: 1.580
2018-03-14 17:23:08,423:INFO: - Eval metrics : accuracy: 0.704 ; loss: 0.000
2018-03-14 17:23:08,450:INFO: - Found new best accuracy
2018-03-14 17:23:08,451:INFO: Epoch 3/30
2018-03-14 17:23:16,193:INFO: - Train metrics: accuracy: 0.730 ; loss: 1.578
2018-03-14 17:23:17,019:INFO: - Eval metrics : accuracy: 0.746 ; loss: 0.000
2018-03-14 17:23:17,047:INFO: - Found new best accuracy
2018-03-14 17:23:17,049:INFO: Epoch 4/30
2018-03-14 17:23:24,754:INFO: - Train metrics: accuracy: 0.787 ; loss: 1.595
2018-03-14 17:23:25,587:INFO: - Eval metrics : accuracy: 0.753 ; loss: 0.000
2018-03-14 17:23:25,616:INFO: - Found new best accuracy
2018-03-14 17:23:25,617:INFO: Epoch 5/30
2018-03-14 17:23:33,347:INFO: - Train metrics: accuracy: 0.809 ; loss: 1.589
2018-03-14 17:23:34,197:INFO: - Eval metrics : accuracy: 0.754 ; loss: 0.000
2018-03-14 17:23:34,224:INFO: - Found new best accuracy
2018-03-14 17:23:34,225:INFO: Epoch 6/30
2018-03-14 17:23:41,989:INFO: - Train metrics: accuracy: 0.852 ; loss: 1.630
2018-03-14 17:23:42,817:INFO: - Eval metrics : accuracy: 0.768 ; loss: 0.000
2018-03-14 17:23:42,851:INFO: - Found new best accuracy
2018-03-14 17:23:42,852:INFO: Epoch 7/30
2018-03-14 17:23:50,624:INFO: - Train metrics: accuracy: 0.865 ; loss: 1.599
2018-03-14 17:23:51,444:INFO: - Eval metrics : accuracy: 0.756 ; loss: 0.000
2018-03-14 17:23:51,460:INFO: Epoch 8/30
2018-03-14 17:23:59,165:INFO: - Train metrics: accuracy: 0.887 ; loss: 1.599
2018-03-14 17:24:00,007:INFO: - Eval metrics : accuracy: 0.773 ; loss: 0.000
2018-03-14 17:24:00,036:INFO: - Found new best accuracy
2018-03-14 17:24:00,036:INFO: Epoch 9/30
2018-03-14 17:24:07,808:INFO: - Train metrics: accuracy: 0.891 ; loss: 1.603
2018-03-14 17:24:08,617:INFO: - Eval metrics : accuracy: 0.772 ; loss: 0.000
2018-03-14 17:24:08,633:INFO: Epoch 10/30
2018-03-14 17:24:16,358:INFO: - Train metrics: accuracy: 0.914 ; loss: 1.614
2018-03-14 17:24:17,147:INFO: - Eval metrics : accuracy: 0.772 ; loss: 0.000
2018-03-14 17:24:17,165:INFO: Epoch 11/30
2018-03-14 17:24:24,897:INFO: - Train metrics: accuracy: 0.924 ; loss: 1.650
2018-03-14 17:24:25,714:INFO: - Eval metrics : accuracy: 0.786 ; loss: 0.000
2018-03-14 17:24:25,742:INFO: - Found new best accuracy
2018-03-14 17:24:25,743:INFO: Epoch 12/30
2018-03-14 17:24:33,467:INFO: - Train metrics: accuracy: 0.914 ; loss: 1.606
2018-03-14 17:24:34,295:INFO: - Eval metrics : accuracy: 0.786 ; loss: 0.000
2018-03-14 17:24:34,320:INFO: - Found new best accuracy
2018-03-14 17:24:34,321:INFO: Epoch 13/30
2018-03-14 17:24:42,052:INFO: - Train metrics: accuracy: 0.928 ; loss: 1.612
2018-03-14 17:24:42,875:INFO: - Eval metrics : accuracy: 0.778 ; loss: 0.000
2018-03-14 17:24:42,908:INFO: Epoch 14/30
2018-03-14 17:24:50,660:INFO: - Train metrics: accuracy: 0.941 ; loss: 1.609
2018-03-14 17:24:51,493:INFO: - Eval metrics : accuracy: 0.770 ; loss: 0.000
2018-03-14 17:24:51,514:INFO: Epoch 15/30
2018-03-14 17:24:59,302:INFO: - Train metrics: accuracy: 0.939 ; loss: 1.605
2018-03-14 17:25:00,143:INFO: - Eval metrics : accuracy: 0.780 ; loss: 0.000
2018-03-14 17:25:00,162:INFO: Epoch 16/30
2018-03-14 17:25:07,898:INFO: - Train metrics: accuracy: 0.986 ; loss: 1.626
2018-03-14 17:25:08,732:INFO: - Eval metrics : accuracy: 0.782 ; loss: 0.000
2018-03-14 17:25:08,749:INFO: Epoch 17/30
2018-03-14 17:25:16,540:INFO: - Train metrics: accuracy: 0.961 ; loss: 1.604
2018-03-14 17:25:17,363:INFO: - Eval metrics : accuracy: 0.781 ; loss: 0.000
2018-03-14 17:25:17,381:INFO: Epoch 18/30
2018-03-14 17:25:25,106:INFO: - Train metrics: accuracy: 0.957 ; loss: 1.600
2018-03-14 17:25:25,907:INFO: - Eval metrics : accuracy: 0.781 ; loss: 0.000
2018-03-14 17:25:25,925:INFO: Epoch 19/30
2018-03-14 17:25:33,661:INFO: - Train metrics: accuracy: 0.967 ; loss: 1.590
2018-03-14 17:25:34,483:INFO: - Eval metrics : accuracy: 0.788 ; loss: 0.000
2018-03-14 17:25:34,512:INFO: - Found new best accuracy
2018-03-14 17:25:34,513:INFO: Epoch 20/30
2018-03-14 17:25:42,254:INFO: - Train metrics: accuracy: 0.984 ; loss: 1.632
2018-03-14 17:25:43,058:INFO: - Eval metrics : accuracy: 0.776 ; loss: 0.000
2018-03-14 17:25:43,070:INFO: Epoch 21/30
2018-03-14 17:25:50,781:INFO: - Train metrics: accuracy: 0.977 ; loss: 1.616
2018-03-14 17:25:51,586:INFO: - Eval metrics : accuracy: 0.780 ; loss: 0.000
2018-03-14 17:25:51,602:INFO: Epoch 22/30
2018-03-14 17:25:59,379:INFO: - Train metrics: accuracy: 0.984 ; loss: 1.622
2018-03-14 17:26:00,204:INFO: - Eval metrics : accuracy: 0.774 ; loss: 0.000
2018-03-14 17:26:00,220:INFO: Epoch 23/30
2018-03-14 17:26:07,990:INFO: - Train metrics: accuracy: 0.982 ; loss: 1.623
2018-03-14 17:26:08,822:INFO: - Eval metrics : accuracy: 0.777 ; loss: 0.000
2018-03-14 17:26:08,844:INFO: Epoch 24/30
2018-03-14 17:26:16,594:INFO: - Train metrics: accuracy: 0.986 ; loss: 1.622
2018-03-14 17:26:17,407:INFO: - Eval metrics : accuracy: 0.783 ; loss: 0.000
2018-03-14 17:26:17,423:INFO: Epoch 25/30
2018-03-14 17:26:25,203:INFO: - Train metrics: accuracy: 0.982 ; loss: 1.609
2018-03-14 17:26:26,057:INFO: - Eval metrics : accuracy: 0.777 ; loss: 0.000
2018-03-14 17:26:26,078:INFO: Epoch 26/30
2018-03-14 17:26:33,814:INFO: - Train metrics: accuracy: 0.984 ; loss: 1.605
2018-03-14 17:26:34,645:INFO: - Eval metrics : accuracy: 0.781 ; loss: 0.000
2018-03-14 17:26:34,661:INFO: Epoch 27/30
2018-03-14 17:26:42,399:INFO: - Train metrics: accuracy: 0.982 ; loss: 1.605
2018-03-14 17:26:43,231:INFO: - Eval metrics : accuracy: 0.774 ; loss: 0.000
2018-03-14 17:26:43,247:INFO: Epoch 28/30
2018-03-14 17:26:50,994:INFO: - Train metrics: accuracy: 0.984 ; loss: 1.609
2018-03-14 17:26:51,807:INFO: - Eval metrics : accuracy: 0.782 ; loss: 0.000
2018-03-14 17:26:51,823:INFO: Epoch 29/30
2018-03-14 17:26:59,542:INFO: - Train metrics: accuracy: 0.998 ; loss: 1.609
2018-03-14 17:27:00,364:INFO: - Eval metrics : accuracy: 0.773 ; loss: 0.000
2018-03-14 17:27:00,380:INFO: Epoch 30/30
2018-03-14 17:27:08,133:INFO: - Train metrics: accuracy: 0.986 ; loss: 1.637
2018-03-14 17:27:08,964:INFO: - Eval metrics : accuracy: 0.777 ; loss: 0.000
