2018-03-14 21:40:22,139:INFO: Loading the datasets...
2018-03-14 21:40:25,748:INFO: - done.
2018-03-14 21:40:28,317:INFO: Experiment - model version: cnn_distill
2018-03-14 21:40:28,318:INFO: Starting training for 30 epoch(s)
2018-03-14 21:40:28,318:INFO: First, loading the teacher model and computing its outputs...
2018-03-14 21:41:18,017:INFO: - Finished computing teacher outputs after 50 secs..
2018-03-14 21:41:18,017:INFO: Epoch 1/30
2018-03-14 21:41:25,785:INFO: - Train metrics: accuracy: 0.492 ; loss: 1.354
2018-03-14 21:41:26,667:INFO: - Eval metrics : accuracy: 0.671 ; loss: 0.000
2018-03-14 21:41:26,704:INFO: - Found new best accuracy
2018-03-14 21:41:26,705:INFO: Epoch 2/30
2018-03-14 21:41:34,447:INFO: - Train metrics: accuracy: 0.719 ; loss: 0.846
2018-03-14 21:41:35,292:INFO: - Eval metrics : accuracy: 0.738 ; loss: 0.000
2018-03-14 21:41:35,321:INFO: - Found new best accuracy
2018-03-14 21:41:35,321:INFO: Epoch 3/30
2018-03-14 21:41:43,044:INFO: - Train metrics: accuracy: 0.783 ; loss: 0.692
2018-03-14 21:41:43,913:INFO: - Eval metrics : accuracy: 0.759 ; loss: 0.000
2018-03-14 21:41:43,947:INFO: - Found new best accuracy
2018-03-14 21:41:43,948:INFO: Epoch 4/30
2018-03-14 21:41:51,694:INFO: - Train metrics: accuracy: 0.830 ; loss: 0.536
2018-03-14 21:41:52,568:INFO: - Eval metrics : accuracy: 0.772 ; loss: 0.000
2018-03-14 21:41:52,599:INFO: - Found new best accuracy
2018-03-14 21:41:52,600:INFO: Epoch 5/30
2018-03-14 21:42:00,462:INFO: - Train metrics: accuracy: 0.875 ; loss: 0.454
2018-03-14 21:42:01,342:INFO: - Eval metrics : accuracy: 0.779 ; loss: 0.000
2018-03-14 21:42:01,379:INFO: - Found new best accuracy
2018-03-14 21:42:01,379:INFO: Epoch 6/30
2018-03-14 21:42:09,171:INFO: - Train metrics: accuracy: 0.900 ; loss: 0.401
2018-03-14 21:42:10,053:INFO: - Eval metrics : accuracy: 0.772 ; loss: 0.000
2018-03-14 21:42:10,085:INFO: Epoch 7/30
2018-03-14 21:42:17,871:INFO: - Train metrics: accuracy: 0.930 ; loss: 0.333
2018-03-14 21:42:18,719:INFO: - Eval metrics : accuracy: 0.769 ; loss: 0.000
2018-03-14 21:42:18,735:INFO: Epoch 8/30
2018-03-14 21:42:26,503:INFO: - Train metrics: accuracy: 0.938 ; loss: 0.297
2018-03-14 21:42:27,700:INFO: - Eval metrics : accuracy: 0.771 ; loss: 0.000
2018-03-14 21:42:27,715:INFO: Epoch 9/30
2018-03-14 21:42:35,458:INFO: - Train metrics: accuracy: 0.951 ; loss: 0.272
2018-03-14 21:42:36,311:INFO: - Eval metrics : accuracy: 0.772 ; loss: 0.000
2018-03-14 21:42:36,329:INFO: Epoch 10/30
2018-03-14 21:42:44,065:INFO: - Train metrics: accuracy: 0.965 ; loss: 0.235
2018-03-14 21:42:44,906:INFO: - Eval metrics : accuracy: 0.772 ; loss: 0.000
2018-03-14 21:42:44,921:INFO: Epoch 11/30
2018-03-14 21:42:52,648:INFO: - Train metrics: accuracy: 0.990 ; loss: 0.176
2018-03-14 21:42:53,498:INFO: - Eval metrics : accuracy: 0.771 ; loss: 0.000
2018-03-14 21:42:53,513:INFO: Epoch 12/30
2018-03-14 21:43:01,258:INFO: - Train metrics: accuracy: 0.990 ; loss: 0.175
2018-03-14 21:43:02,118:INFO: - Eval metrics : accuracy: 0.768 ; loss: 0.000
2018-03-14 21:43:02,145:INFO: Epoch 13/30
2018-03-14 21:43:09,881:INFO: - Train metrics: accuracy: 0.992 ; loss: 0.161
2018-03-14 21:43:10,735:INFO: - Eval metrics : accuracy: 0.771 ; loss: 0.000
2018-03-14 21:43:10,751:INFO: Epoch 14/30
2018-03-14 21:43:18,479:INFO: - Train metrics: accuracy: 0.996 ; loss: 0.147
2018-03-14 21:43:19,337:INFO: - Eval metrics : accuracy: 0.767 ; loss: 0.000
2018-03-14 21:43:19,365:INFO: Epoch 15/30
2018-03-14 21:43:27,108:INFO: - Train metrics: accuracy: 0.992 ; loss: 0.154
2018-03-14 21:43:27,949:INFO: - Eval metrics : accuracy: 0.770 ; loss: 0.000
2018-03-14 21:43:27,964:INFO: Epoch 16/30
2018-03-14 21:43:35,716:INFO: - Train metrics: accuracy: 0.998 ; loss: 0.129
2018-03-14 21:43:36,562:INFO: - Eval metrics : accuracy: 0.774 ; loss: 0.000
2018-03-14 21:43:36,580:INFO: Epoch 17/30
2018-03-14 21:43:44,327:INFO: - Train metrics: accuracy: 1.000 ; loss: 0.129
2018-03-14 21:43:45,184:INFO: - Eval metrics : accuracy: 0.775 ; loss: 0.000
2018-03-14 21:43:45,199:INFO: Epoch 18/30
2018-03-14 21:43:52,954:INFO: - Train metrics: accuracy: 1.000 ; loss: 0.132
2018-03-14 21:43:53,791:INFO: - Eval metrics : accuracy: 0.774 ; loss: 0.000
2018-03-14 21:43:53,808:INFO: Epoch 19/30
2018-03-14 21:44:01,557:INFO: - Train metrics: accuracy: 0.998 ; loss: 0.125
2018-03-14 21:44:02,399:INFO: - Eval metrics : accuracy: 0.770 ; loss: 0.000
2018-03-14 21:44:02,425:INFO: Epoch 20/30
2018-03-14 21:44:10,169:INFO: - Train metrics: accuracy: 0.996 ; loss: 0.126
2018-03-14 21:44:11,026:INFO: - Eval metrics : accuracy: 0.773 ; loss: 0.000
2018-03-14 21:44:11,038:INFO: Epoch 21/30
2018-03-14 21:44:18,784:INFO: - Train metrics: accuracy: 1.000 ; loss: 0.123
2018-03-14 21:44:19,643:INFO: - Eval metrics : accuracy: 0.766 ; loss: 0.000
2018-03-14 21:44:19,659:INFO: Epoch 22/30
2018-03-14 21:44:27,399:INFO: - Train metrics: accuracy: 1.000 ; loss: 0.116
2018-03-14 21:44:28,223:INFO: - Eval metrics : accuracy: 0.769 ; loss: 0.000
2018-03-14 21:44:28,241:INFO: Epoch 23/30
2018-03-14 21:44:35,989:INFO: - Train metrics: accuracy: 1.000 ; loss: 0.115
2018-03-14 21:44:36,837:INFO: - Eval metrics : accuracy: 0.775 ; loss: 0.000
2018-03-14 21:44:36,865:INFO: Epoch 24/30
2018-03-14 21:44:44,615:INFO: - Train metrics: accuracy: 1.000 ; loss: 0.121
2018-03-14 21:44:45,473:INFO: - Eval metrics : accuracy: 0.775 ; loss: 0.000
2018-03-14 21:44:45,488:INFO: Epoch 25/30
2018-03-14 21:44:53,239:INFO: - Train metrics: accuracy: 1.000 ; loss: 0.119
2018-03-14 21:44:54,083:INFO: - Eval metrics : accuracy: 0.778 ; loss: 0.000
2018-03-14 21:44:54,109:INFO: Epoch 26/30
2018-03-14 21:45:01,848:INFO: - Train metrics: accuracy: 0.998 ; loss: 0.117
2018-03-14 21:45:02,716:INFO: - Eval metrics : accuracy: 0.770 ; loss: 0.000
2018-03-14 21:45:02,732:INFO: Epoch 27/30
2018-03-14 21:45:10,500:INFO: - Train metrics: accuracy: 1.000 ; loss: 0.112
2018-03-14 21:45:11,365:INFO: - Eval metrics : accuracy: 0.773 ; loss: 0.000
2018-03-14 21:45:11,389:INFO: Epoch 28/30
2018-03-14 21:45:19,124:INFO: - Train metrics: accuracy: 1.000 ; loss: 0.110
2018-03-14 21:45:19,975:INFO: - Eval metrics : accuracy: 0.775 ; loss: 0.000
2018-03-14 21:45:19,990:INFO: Epoch 29/30
2018-03-14 21:45:27,727:INFO: - Train metrics: accuracy: 1.000 ; loss: 0.111
2018-03-14 21:45:28,570:INFO: - Eval metrics : accuracy: 0.775 ; loss: 0.000
2018-03-14 21:45:28,589:INFO: Epoch 30/30
2018-03-14 21:45:36,336:INFO: - Train metrics: accuracy: 1.000 ; loss: 0.114
2018-03-14 21:45:37,192:INFO: - Eval metrics : accuracy: 0.774 ; loss: 0.000
