2018-03-14 19:00:30,708:INFO: Loading the datasets...
2018-03-14 19:00:34,318:INFO: - done.
2018-03-14 19:00:36,863:INFO: Experiment - model version: cnn_distill
2018-03-14 19:00:36,863:INFO: Starting training for 30 epoch(s)
2018-03-14 19:00:36,863:INFO: First, loading the teacher model and computing its outputs...
2018-03-14 19:01:26,041:INFO: - Finished computing teacher outputs after 50 secs..
2018-03-14 19:01:26,042:INFO: Epoch 1/30
2018-03-14 19:01:33,785:INFO: - Train metrics: accuracy: 0.494 ; loss: 1.415
2018-03-14 19:01:34,626:INFO: - Eval metrics : accuracy: 0.674 ; loss: 0.000
2018-03-14 19:01:34,643:INFO: - Found new best accuracy
2018-03-14 19:01:34,644:INFO: Epoch 2/30
2018-03-14 19:01:42,346:INFO: - Train metrics: accuracy: 0.729 ; loss: 1.191
2018-03-14 19:01:43,179:INFO: - Eval metrics : accuracy: 0.736 ; loss: 0.000
2018-03-14 19:01:43,217:INFO: - Found new best accuracy
2018-03-14 19:01:43,218:INFO: Epoch 3/30
2018-03-14 19:01:50,906:INFO: - Train metrics: accuracy: 0.771 ; loss: 1.130
2018-03-14 19:01:51,730:INFO: - Eval metrics : accuracy: 0.757 ; loss: 0.000
2018-03-14 19:01:51,760:INFO: - Found new best accuracy
2018-03-14 19:01:51,761:INFO: Epoch 4/30
2018-03-14 19:01:59,453:INFO: - Train metrics: accuracy: 0.848 ; loss: 1.055
2018-03-14 19:02:00,310:INFO: - Eval metrics : accuracy: 0.756 ; loss: 0.000
2018-03-14 19:02:00,323:INFO: Epoch 5/30
2018-03-14 19:02:08,041:INFO: - Train metrics: accuracy: 0.859 ; loss: 1.042
2018-03-14 19:02:08,877:INFO: - Eval metrics : accuracy: 0.771 ; loss: 0.000
2018-03-14 19:02:08,905:INFO: - Found new best accuracy
2018-03-14 19:02:08,906:INFO: Epoch 6/30
2018-03-14 19:02:16,600:INFO: - Train metrics: accuracy: 0.918 ; loss: 1.052
2018-03-14 19:02:17,453:INFO: - Eval metrics : accuracy: 0.767 ; loss: 0.000
2018-03-14 19:02:17,473:INFO: Epoch 7/30
2018-03-14 19:02:25,174:INFO: - Train metrics: accuracy: 0.920 ; loss: 0.987
2018-03-14 19:02:26,006:INFO: - Eval metrics : accuracy: 0.779 ; loss: 0.000
2018-03-14 19:02:26,040:INFO: - Found new best accuracy
2018-03-14 19:02:26,040:INFO: Epoch 8/30
2018-03-14 19:02:33,722:INFO: - Train metrics: accuracy: 0.943 ; loss: 0.974
2018-03-14 19:02:34,574:INFO: - Eval metrics : accuracy: 0.779 ; loss: 0.000
2018-03-14 19:02:34,607:INFO: - Found new best accuracy
2018-03-14 19:02:34,608:INFO: Epoch 9/30
2018-03-14 19:02:42,303:INFO: - Train metrics: accuracy: 0.959 ; loss: 0.974
2018-03-14 19:02:43,140:INFO: - Eval metrics : accuracy: 0.773 ; loss: 0.000
2018-03-14 19:02:43,156:INFO: Epoch 10/30
2018-03-14 19:02:50,870:INFO: - Train metrics: accuracy: 0.965 ; loss: 0.978
2018-03-14 19:02:51,718:INFO: - Eval metrics : accuracy: 0.770 ; loss: 0.000
2018-03-14 19:02:51,737:INFO: Epoch 11/30
2018-03-14 19:02:59,422:INFO: - Train metrics: accuracy: 0.992 ; loss: 0.971
2018-03-14 19:03:00,274:INFO: - Eval metrics : accuracy: 0.781 ; loss: 0.000
2018-03-14 19:03:00,308:INFO: - Found new best accuracy
2018-03-14 19:03:00,308:INFO: Epoch 12/30
2018-03-14 19:03:08,004:INFO: - Train metrics: accuracy: 0.994 ; loss: 0.944
2018-03-14 19:03:08,842:INFO: - Eval metrics : accuracy: 0.773 ; loss: 0.000
2018-03-14 19:03:08,860:INFO: Epoch 13/30
2018-03-14 19:03:16,562:INFO: - Train metrics: accuracy: 0.990 ; loss: 0.935
2018-03-14 19:03:17,390:INFO: - Eval metrics : accuracy: 0.766 ; loss: 0.000
2018-03-14 19:03:17,409:INFO: Epoch 14/30
2018-03-14 19:03:25,108:INFO: - Train metrics: accuracy: 0.996 ; loss: 0.928
2018-03-14 19:03:25,919:INFO: - Eval metrics : accuracy: 0.765 ; loss: 0.000
2018-03-14 19:03:25,937:INFO: Epoch 15/30
2018-03-14 19:03:33,638:INFO: - Train metrics: accuracy: 0.998 ; loss: 0.899
2018-03-14 19:03:34,472:INFO: - Eval metrics : accuracy: 0.772 ; loss: 0.000
2018-03-14 19:03:34,488:INFO: Epoch 16/30
2018-03-14 19:03:42,176:INFO: - Train metrics: accuracy: 0.996 ; loss: 0.931
2018-03-14 19:03:43,019:INFO: - Eval metrics : accuracy: 0.770 ; loss: 0.000
2018-03-14 19:03:43,034:INFO: Epoch 17/30
2018-03-14 19:03:50,722:INFO: - Train metrics: accuracy: 0.998 ; loss: 0.889
2018-03-14 19:03:51,564:INFO: - Eval metrics : accuracy: 0.775 ; loss: 0.000
2018-03-14 19:03:51,579:INFO: Epoch 18/30
2018-03-14 19:03:59,297:INFO: - Train metrics: accuracy: 0.996 ; loss: 0.885
2018-03-14 19:04:00,149:INFO: - Eval metrics : accuracy: 0.771 ; loss: 0.000
2018-03-14 19:04:00,164:INFO: Epoch 19/30
2018-03-14 19:04:07,866:INFO: - Train metrics: accuracy: 0.998 ; loss: 0.879
2018-03-14 19:04:08,712:INFO: - Eval metrics : accuracy: 0.768 ; loss: 0.000
2018-03-14 19:04:08,727:INFO: Epoch 20/30
2018-03-14 19:04:16,426:INFO: - Train metrics: accuracy: 0.998 ; loss: 0.912
2018-03-14 19:04:17,255:INFO: - Eval metrics : accuracy: 0.770 ; loss: 0.000
2018-03-14 19:04:17,271:INFO: Epoch 21/30
2018-03-14 19:04:24,975:INFO: - Train metrics: accuracy: 0.998 ; loss: 0.893
2018-03-14 19:04:25,814:INFO: - Eval metrics : accuracy: 0.768 ; loss: 0.000
2018-03-14 19:04:25,841:INFO: Epoch 22/30
2018-03-14 19:04:33,539:INFO: - Train metrics: accuracy: 0.998 ; loss: 0.892
2018-03-14 19:04:34,385:INFO: - Eval metrics : accuracy: 0.767 ; loss: 0.000
2018-03-14 19:04:34,400:INFO: Epoch 23/30
2018-03-14 19:04:42,111:INFO: - Train metrics: accuracy: 1.000 ; loss: 0.891
2018-03-14 19:04:42,975:INFO: - Eval metrics : accuracy: 0.772 ; loss: 0.000
2018-03-14 19:04:43,006:INFO: Epoch 24/30
2018-03-14 19:04:50,693:INFO: - Train metrics: accuracy: 1.000 ; loss: 0.888
2018-03-14 19:04:51,521:INFO: - Eval metrics : accuracy: 0.772 ; loss: 0.000
2018-03-14 19:04:51,537:INFO: Epoch 25/30
2018-03-14 19:04:59,248:INFO: - Train metrics: accuracy: 0.998 ; loss: 0.885
2018-03-14 19:05:00,092:INFO: - Eval metrics : accuracy: 0.773 ; loss: 0.000
2018-03-14 19:05:00,107:INFO: Epoch 26/30
2018-03-14 19:05:07,817:INFO: - Train metrics: accuracy: 0.998 ; loss: 0.881
2018-03-14 19:05:08,655:INFO: - Eval metrics : accuracy: 0.769 ; loss: 0.000
2018-03-14 19:05:08,681:INFO: Epoch 27/30
2018-03-14 19:05:16,382:INFO: - Train metrics: accuracy: 1.000 ; loss: 0.865
2018-03-14 19:05:17,213:INFO: - Eval metrics : accuracy: 0.770 ; loss: 0.000
2018-03-14 19:05:17,233:INFO: Epoch 28/30
2018-03-14 19:05:25,253:INFO: - Train metrics: accuracy: 1.000 ; loss: 0.868
2018-03-14 19:05:26,112:INFO: - Eval metrics : accuracy: 0.775 ; loss: 0.000
2018-03-14 19:05:26,127:INFO: Epoch 29/30
2018-03-14 19:05:33,844:INFO: - Train metrics: accuracy: 1.000 ; loss: 0.871
2018-03-14 19:05:34,684:INFO: - Eval metrics : accuracy: 0.769 ; loss: 0.000
2018-03-14 19:05:34,700:INFO: Epoch 30/30
2018-03-14 19:05:42,398:INFO: - Train metrics: accuracy: 1.000 ; loss: 0.892
2018-03-14 19:05:43,234:INFO: - Eval metrics : accuracy: 0.767 ; loss: 0.000
