2018-03-12 09:45:25,607:INFO: Loading the datasets...
2018-03-12 09:45:29,159:INFO: - done.
2018-03-12 09:45:32,735:INFO: Experiment: model version: cnn_distill
2018-03-12 09:45:32,735:INFO: Starting training for 30 epoch(s)
2018-03-12 09:45:32,735:INFO: First, loading the teacher model and computing its outputs...
2018-03-12 09:47:17,080:INFO: - Finished computing teacher outputs after 105 secs..
2018-03-12 09:47:17,081:INFO: Epoch 1/30
2018-03-12 09:47:40,857:INFO: - Train metrics: accuracy: 0.412 ; loss: 1.303
2018-03-12 09:47:42,400:INFO: - Eval metrics : accuracy: 0.650 ; loss: 0.000
2018-03-12 09:47:42,400:INFO: - Found new best accuracy
2018-03-12 09:47:42,401:INFO: Epoch 2/30
2018-03-12 09:48:06,142:INFO: - Train metrics: accuracy: 0.615 ; loss: 1.335
2018-03-12 09:48:07,702:INFO: - Eval metrics : accuracy: 0.707 ; loss: 0.000
2018-03-12 09:48:07,702:INFO: - Found new best accuracy
2018-03-12 09:48:07,703:INFO: Epoch 3/30
2018-03-12 09:48:30,245:INFO: - Train metrics: accuracy: 0.658 ; loss: 1.345
2018-03-12 09:48:31,718:INFO: - Eval metrics : accuracy: 0.742 ; loss: 0.000
2018-03-12 09:48:31,718:INFO: - Found new best accuracy
2018-03-12 09:48:31,719:INFO: Epoch 4/30
2018-03-12 09:48:53,939:INFO: - Train metrics: accuracy: 0.750 ; loss: 1.363
2018-03-12 09:48:55,449:INFO: - Eval metrics : accuracy: 0.766 ; loss: 0.000
2018-03-12 09:48:55,450:INFO: - Found new best accuracy
2018-03-12 09:48:55,451:INFO: Epoch 5/30
2018-03-12 09:49:19,169:INFO: - Train metrics: accuracy: 0.736 ; loss: 1.353
2018-03-12 09:49:20,661:INFO: - Eval metrics : accuracy: 0.777 ; loss: 0.000
2018-03-12 09:49:20,662:INFO: - Found new best accuracy
2018-03-12 09:49:20,662:INFO: Epoch 6/30
2018-03-12 09:49:44,350:INFO: - Train metrics: accuracy: 0.793 ; loss: 1.401
2018-03-12 09:49:45,881:INFO: - Eval metrics : accuracy: 0.785 ; loss: 0.000
2018-03-12 09:49:45,881:INFO: - Found new best accuracy
2018-03-12 09:49:45,882:INFO: Epoch 7/30
2018-03-12 09:50:09,644:INFO: - Train metrics: accuracy: 0.801 ; loss: 1.368
2018-03-12 09:50:11,138:INFO: - Eval metrics : accuracy: 0.800 ; loss: 0.000
2018-03-12 09:50:11,139:INFO: - Found new best accuracy
2018-03-12 09:50:11,139:INFO: Epoch 8/30
2018-03-12 09:50:34,822:INFO: - Train metrics: accuracy: 0.787 ; loss: 1.389
2018-03-12 09:50:36,331:INFO: - Eval metrics : accuracy: 0.804 ; loss: 0.000
2018-03-12 09:50:36,331:INFO: - Found new best accuracy
2018-03-12 09:50:36,332:INFO: Epoch 9/30
2018-03-12 09:51:00,010:INFO: - Train metrics: accuracy: 0.818 ; loss: 1.381
2018-03-12 09:51:01,508:INFO: - Eval metrics : accuracy: 0.789 ; loss: 0.000
2018-03-12 09:51:01,509:INFO: Epoch 10/30
2018-03-12 09:51:25,208:INFO: - Train metrics: accuracy: 0.809 ; loss: 1.393
2018-03-12 09:51:26,727:INFO: - Eval metrics : accuracy: 0.812 ; loss: 0.000
2018-03-12 09:51:26,728:INFO: - Found new best accuracy
2018-03-12 09:51:26,729:INFO: Epoch 11/30
2018-03-12 09:51:50,506:INFO: - Train metrics: accuracy: 0.875 ; loss: 1.431
2018-03-12 09:51:52,005:INFO: - Eval metrics : accuracy: 0.815 ; loss: 0.000
2018-03-12 09:51:52,006:INFO: - Found new best accuracy
2018-03-12 09:51:52,007:INFO: Epoch 12/30
2018-03-12 09:52:15,606:INFO: - Train metrics: accuracy: 0.848 ; loss: 1.385
2018-03-12 09:52:17,136:INFO: - Eval metrics : accuracy: 0.823 ; loss: 0.000
2018-03-12 09:52:17,136:INFO: - Found new best accuracy
2018-03-12 09:52:17,137:INFO: Epoch 13/30
2018-03-12 09:52:40,905:INFO: - Train metrics: accuracy: 0.816 ; loss: 1.411
2018-03-12 09:52:42,397:INFO: - Eval metrics : accuracy: 0.824 ; loss: 0.000
2018-03-12 09:52:42,397:INFO: - Found new best accuracy
2018-03-12 09:52:42,398:INFO: Epoch 14/30
2018-03-12 09:53:05,969:INFO: - Train metrics: accuracy: 0.854 ; loss: 1.396
2018-03-12 09:53:07,476:INFO: - Eval metrics : accuracy: 0.822 ; loss: 0.000
2018-03-12 09:53:07,477:INFO: Epoch 15/30
2018-03-12 09:53:31,194:INFO: - Train metrics: accuracy: 0.828 ; loss: 1.388
2018-03-12 09:53:32,742:INFO: - Eval metrics : accuracy: 0.825 ; loss: 0.000
2018-03-12 09:53:32,743:INFO: - Found new best accuracy
2018-03-12 09:53:32,743:INFO: Epoch 16/30
2018-03-12 09:53:56,371:INFO: - Train metrics: accuracy: 0.877 ; loss: 1.396
2018-03-12 09:53:57,900:INFO: - Eval metrics : accuracy: 0.829 ; loss: 0.000
2018-03-12 09:53:57,901:INFO: - Found new best accuracy
2018-03-12 09:53:57,901:INFO: Epoch 17/30
2018-03-12 09:54:21,700:INFO: - Train metrics: accuracy: 0.852 ; loss: 1.385
2018-03-12 09:54:23,166:INFO: - Eval metrics : accuracy: 0.832 ; loss: 0.000
2018-03-12 09:54:23,166:INFO: - Found new best accuracy
2018-03-12 09:54:23,168:INFO: Epoch 18/30
2018-03-12 09:54:43,930:INFO: - Train metrics: accuracy: 0.852 ; loss: 1.390
2018-03-12 09:54:45,461:INFO: - Eval metrics : accuracy: 0.821 ; loss: 0.000
2018-03-12 09:54:45,462:INFO: Epoch 19/30
2018-03-12 09:55:09,226:INFO: - Train metrics: accuracy: 0.865 ; loss: 1.360
2018-03-12 09:55:10,747:INFO: - Eval metrics : accuracy: 0.842 ; loss: 0.000
2018-03-12 09:55:10,747:INFO: - Found new best accuracy
2018-03-12 09:55:10,763:INFO: Epoch 20/30
2018-03-12 09:55:34,470:INFO: - Train metrics: accuracy: 0.842 ; loss: 1.414
2018-03-12 09:55:35,995:INFO: - Eval metrics : accuracy: 0.841 ; loss: 0.000
2018-03-12 09:55:35,996:INFO: Epoch 21/30
2018-03-12 09:55:59,658:INFO: - Train metrics: accuracy: 0.846 ; loss: 1.424
2018-03-12 09:56:01,194:INFO: - Eval metrics : accuracy: 0.835 ; loss: 0.000
2018-03-12 09:56:01,195:INFO: Epoch 22/30
2018-03-12 09:56:24,916:INFO: - Train metrics: accuracy: 0.881 ; loss: 1.405
2018-03-12 09:56:26,430:INFO: - Eval metrics : accuracy: 0.845 ; loss: 0.000
2018-03-12 09:56:26,430:INFO: - Found new best accuracy
2018-03-12 09:56:26,443:INFO: Epoch 23/30
2018-03-12 09:56:50,039:INFO: - Train metrics: accuracy: 0.861 ; loss: 1.412
2018-03-12 09:56:51,548:INFO: - Eval metrics : accuracy: 0.842 ; loss: 0.000
2018-03-12 09:56:51,549:INFO: Epoch 24/30
2018-03-12 09:57:15,255:INFO: - Train metrics: accuracy: 0.852 ; loss: 1.411
2018-03-12 09:57:16,800:INFO: - Eval metrics : accuracy: 0.845 ; loss: 0.000
2018-03-12 09:57:16,801:INFO: - Found new best accuracy
2018-03-12 09:57:16,802:INFO: Epoch 25/30
2018-03-12 09:57:40,576:INFO: - Train metrics: accuracy: 0.863 ; loss: 1.391
2018-03-12 09:57:42,087:INFO: - Eval metrics : accuracy: 0.831 ; loss: 0.000
2018-03-12 09:57:42,088:INFO: Epoch 26/30
2018-03-12 09:58:05,766:INFO: - Train metrics: accuracy: 0.895 ; loss: 1.405
2018-03-12 09:58:07,269:INFO: - Eval metrics : accuracy: 0.848 ; loss: 0.000
2018-03-12 09:58:07,270:INFO: - Found new best accuracy
2018-03-12 09:58:07,271:INFO: Epoch 27/30
2018-03-12 09:58:30,937:INFO: - Train metrics: accuracy: 0.883 ; loss: 1.396
2018-03-12 09:58:32,474:INFO: - Eval metrics : accuracy: 0.845 ; loss: 0.000
2018-03-12 09:58:32,476:INFO: Epoch 28/30
2018-03-12 09:58:56,060:INFO: - Train metrics: accuracy: 0.871 ; loss: 1.389
2018-03-12 09:58:57,596:INFO: - Eval metrics : accuracy: 0.844 ; loss: 0.000
2018-03-12 09:58:57,597:INFO: Epoch 29/30
2018-03-12 09:59:21,254:INFO: - Train metrics: accuracy: 0.877 ; loss: 1.397
2018-03-12 09:59:22,804:INFO: - Eval metrics : accuracy: 0.852 ; loss: 0.000
2018-03-12 09:59:22,804:INFO: - Found new best accuracy
2018-03-12 09:59:22,805:INFO: Epoch 30/30
2018-03-12 09:59:46,506:INFO: - Train metrics: accuracy: 0.887 ; loss: 1.456
2018-03-12 09:59:48,039:INFO: - Eval metrics : accuracy: 0.852 ; loss: 0.000
